[0.013s] Invoking command in '/home/robogait/catkin_ws/build/pkg_navigation': CMAKE_PREFIX_PATH=${CMAKE_PREFIX_PATH}:/home/robogait/ros2_ws/install/nav2_project:/home/robogait/nav2_ws/install/nav2_gazebo_spawner:/home/robogait/ros2_serial/install/ourbotmanager:/opt/ros/foxy /usr/bin/cmake --build /home/robogait/catkin_ws/build/pkg_navigation -- -j8 -l8
[0.057s] [35m[1mScanning dependencies of target robot_controller[0m
[0.078s] [ 10%] [32mBuilding CXX object CMakeFiles/robot_controller.dir/src/robot_controller.cpp.o[0m
[0.080s] [ 30%] Built target publisher_initial_pose
[0.080s] [ 50%] Built target tf2_broadcaster
[0.080s] [ 70%] Built target publisher_subscriber
[0.081s] [ 90%] Built target robot_odom_tf2_listener
[0.930s] [01m[K/home/robogait/catkin_ws/src/pkg_navigation/src/robot_controller.cpp:[m[K In member function â€˜[01m[Kvoid generic::loop()[m[Kâ€™:
[0.930s] [01m[K/home/robogait/catkin_ws/src/pkg_navigation/src/robot_controller.cpp:110:9:[m[K [01;31m[Kerror: [m[Kâ€˜[01m[Km1[m[Kâ€™ was not declared in this scope; did you mean â€˜[01m[Ky1[m[Kâ€™?
[0.930s]   110 |         [01;31m[Km1[m[K.getRPY(roll1, pitch1, yaw1);
[0.930s]       |         [01;31m[K^~[m[K
[0.930s]       |         [32m[Ky1[m[K
[2.249s] make[2]: *** [CMakeFiles/robot_controller.dir/build.make:63: CMakeFiles/robot_controller.dir/src/robot_controller.cpp.o] Error 1
[2.249s] make[1]: *** [CMakeFiles/Makefile2:221: CMakeFiles/robot_controller.dir/all] Error 2
[2.249s] make: *** [Makefile:141: all] Error 2
[2.251s] Invoked command in '/home/robogait/catkin_ws/build/pkg_navigation' returned '2': CMAKE_PREFIX_PATH=${CMAKE_PREFIX_PATH}:/home/robogait/ros2_ws/install/nav2_project:/home/robogait/nav2_ws/install/nav2_gazebo_spawner:/home/robogait/ros2_serial/install/ourbotmanager:/opt/ros/foxy /usr/bin/cmake --build /home/robogait/catkin_ws/build/pkg_navigation -- -j8 -l8
