[0.013s] Invoking command in '/home/robogait/azure_kinect_ws/build/body_tracking': CMAKE_PREFIX_PATH=${CMAKE_PREFIX_PATH}:/home/robogait/ros2_serial/install/ourbotmanager:/opt/ros/foxy /usr/bin/cmake --build /home/robogait/azure_kinect_ws/build/body_tracking -- -j8 -l8
[0.041s] [35m[1mScanning dependencies of target body_tracking_recording_node[0m
[0.057s] [ 50%] Built target body_tracking_node
[0.063s] [ 75%] [32mBuilding CXX object CMakeFiles/body_tracking_recording_node.dir/src/kinectAzure_body_tracker_node_plus_recording.cpp.o[0m
[0.805s] [01m[K/home/robogait/azure_kinect_ws/src/body_tracking/src/kinectAzure_body_tracker_node_plus_recording.cpp:356:2:[m[K [01;31m[Kerror: [m[Kâ€˜[01m[KTime[m[Kâ€™ does not name a type; did you mean â€˜[01m[Ktime[m[Kâ€™?
[0.805s]   356 |  [01;31m[KTime[m[K t_inicial, t_muestra;
[0.805s]       |  [01;31m[K^~~~[m[K
[0.805s]       |  [32m[Ktime[m[K
[0.809s] [01m[K/home/robogait/azure_kinect_ws/src/body_tracking/src/kinectAzure_body_tracker_node_plus_recording.cpp:[m[K In member function â€˜[01m[Kvoid MinimalPublisher::body_tracking()[m[Kâ€™:
[0.809s] [01m[K/home/robogait/azure_kinect_ws/src/body_tracking/src/kinectAzure_body_tracker_node_plus_recording.cpp:83:11:[m[K [01;31m[Kerror: [m[Kâ€˜[01m[Kt_muestra[m[Kâ€™ was not declared in this scope
[0.809s]    83 |           [01;31m[Kt_muestra[m[K = clock.now();
[0.809s]       |           [01;31m[K^~~~~~~~~[m[K
[0.817s] [01m[K/home/robogait/azure_kinect_ws/src/body_tracking/src/kinectAzure_body_tracker_node_plus_recording.cpp:[m[K In member function â€˜[01m[Kvoid MinimalPublisher::Init()[m[Kâ€™:
[0.817s] [01m[K/home/robogait/azure_kinect_ws/src/body_tracking/src/kinectAzure_body_tracker_node_plus_recording.cpp:303:3:[m[K [01;31m[Kerror: [m[Kâ€˜[01m[Kt_inicial[m[Kâ€™ was not declared in this scope
[0.817s]   303 |   [01;31m[Kt_inicial[m[K = clock.now();
[0.817s]       |   [01;31m[K^~~~~~~~~[m[K
[1.328s] At global scope:
[1.329s] [01m[Kcc1plus:[m[K [01;35m[Kwarning: [m[Kunrecognized command line option â€˜[01m[K-Wno-dev[m[Kâ€™
[1.335s] make[2]: *** [CMakeFiles/body_tracking_recording_node.dir/build.make:63: CMakeFiles/body_tracking_recording_node.dir/src/kinectAzure_body_tracker_node_plus_recording.cpp.o] Error 1
[1.335s] make[1]: *** [CMakeFiles/Makefile2:80: CMakeFiles/body_tracking_recording_node.dir/all] Error 2
[1.336s] make: *** [Makefile:141: all] Error 2
[1.339s] Invoked command in '/home/robogait/azure_kinect_ws/build/body_tracking' returned '2': CMAKE_PREFIX_PATH=${CMAKE_PREFIX_PATH}:/home/robogait/ros2_serial/install/ourbotmanager:/opt/ros/foxy /usr/bin/cmake --build /home/robogait/azure_kinect_ws/build/body_tracking -- -j8 -l8
