[35m[1mScanning dependencies of target robot_controller[0m
[ 20%] Built target tf2_broadcaster
[ 40%] Built target publisher_initial_pose
[ 60%] Built target publisher_subscriber
[ 80%] Built target robot_odom_tf2_listener
[ 90%] [32mBuilding CXX object CMakeFiles/robot_controller.dir/src/robot_controller.cpp.o[0m
[01m[K/home/robogait/catkin_ws/src/pkg_navigation/src/robot_controller.cpp:[m[K In member function â€˜[01m[Kvoid generic::callback_keyboard(geometry_msgs::msg::Twist_<std::allocator<void> >::SharedPtr) const[m[Kâ€™:
[01m[K/home/robogait/catkin_ws/src/pkg_navigation/src/robot_controller.cpp:63:33:[m[K [01;31m[Kerror: [m[Kassignment of member â€˜[01m[Kgeometry_msgs::msg::Vector3_<std::allocator<void> >::x[m[Kâ€™ in read-only object
   63 |        [01;31m[Kcmd_keyboard_msg.linear.x=msg->linear.x[m[K;
      |        [01;31m[K~~~~~~~~~~~~~~~~~~~~~~~~~^~~~~~~~~~~~~~[m[K
[01m[K/home/robogait/catkin_ws/src/pkg_navigation/src/robot_controller.cpp:64:34:[m[K [01;31m[Kerror: [m[Kassignment of member â€˜[01m[Kgeometry_msgs::msg::Vector3_<std::allocator<void> >::z[m[Kâ€™ in read-only object
   64 |        [01;31m[Kcmd_keyboard_msg.angular.z=msg->angular.z[m[K;
      |        [01;31m[K~~~~~~~~~~~~~~~~~~~~~~~~~~^~~~~~~~~~~~~~~[m[K
make[2]: *** [CMakeFiles/robot_controller.dir/build.make:63: CMakeFiles/robot_controller.dir/src/robot_controller.cpp.o] Error 1
make[1]: *** [CMakeFiles/Makefile2:221: CMakeFiles/robot_controller.dir/all] Error 2
make: *** [Makefile:141: all] Error 2
