[0.013s] Invoking command in '/home/robogait/catkin_ws/build/pkg_navigation': CMAKE_PREFIX_PATH=${CMAKE_PREFIX_PATH}:/home/robogait/nav2_ws/install/nav2_gazebo_spawner:/home/robogait/ros2_serial/install/ourbotmanager:/home/robogait/ros2_ws/install/nav2_project:/opt/ros/foxy /bin/cmake --build /home/robogait/catkin_ws/build/pkg_navigation -- -j8 -l8
[0.087s] [ 20%] Built target tf2_broadcaster_person
[0.087s] [ 20%] Built target publisher_initial_pose
[0.088s] [ 30%] Built target robot_controller
[0.088s] [ 40%] Built target tf2_broadcaster
[0.088s] [ 50%] Built target robot_controller_position
[0.089s] [ 60%] Built target publisher_subscriber
[0.091s] [ 70%] Built target robot_odom_tf2_listener
[0.097s] [ 80%] Built target robot_controller_straight
[0.100s] [35m[1mScanning dependencies of target robot_controller_center_person[0m
[0.117s] [ 90%] Built target person_odom_tf2_listener
[0.121s] [ 95%] [32mBuilding CXX object CMakeFiles/robot_controller_center_person.dir/src/robot_controller_center_person.cpp.o[0m
[0.942s] [01m[K/home/robogait/catkin_ws/src/pkg_navigation/src/robot_controller_center_person.cpp:[m[K In member function â€˜[01m[Kvoid generic::topic_callback_spine_bottom(body_tracker_msgs::msg::SpineBottom_<std::allocator<void> >::SharedPtr)[m[Kâ€™:
[0.942s] [01m[K/home/robogait/catkin_ws/src/pkg_navigation/src/robot_controller_center_person.cpp:138:23:[m[K [01;31m[Kerror: [m[Kâ€˜[01m[Ksp[m[Kâ€™ was not declared in this scope; did you mean â€˜[01m[KKp[m[Kâ€™?
[0.942s]   138 |         errorh_actual=[01;31m[Ksp[m[K-pos_horiz;
[0.942s]       |                       [01;31m[K^~[m[K
[0.942s]       |                       [32m[KKp[m[K
[0.947s] [01m[K/home/robogait/catkin_ws/src/pkg_navigation/src/robot_controller_center_person.cpp:137:15:[m[K [01;35m[Kwarning: [m[Kunused variable â€˜[01m[Ksp_h[m[Kâ€™ [[01;35m[K-Wunused-variable[m[K]
[0.947s]   137 |         float [01;35m[Ksp_h[m[K=0.0;
[0.947s]       |               [01;35m[K^~~~[m[K
[2.211s] make[2]: *** [CMakeFiles/robot_controller_center_person.dir/build.make:63: CMakeFiles/robot_controller_center_person.dir/src/robot_controller_center_person.cpp.o] Error 1
[2.212s] make[1]: *** [CMakeFiles/Makefile2:393: CMakeFiles/robot_controller_center_person.dir/all] Error 2
[2.212s] make: *** [Makefile:141: all] Error 2
[2.213s] Invoked command in '/home/robogait/catkin_ws/build/pkg_navigation' returned '2': CMAKE_PREFIX_PATH=${CMAKE_PREFIX_PATH}:/home/robogait/nav2_ws/install/nav2_gazebo_spawner:/home/robogait/ros2_serial/install/ourbotmanager:/home/robogait/ros2_ws/install/nav2_project:/opt/ros/foxy /bin/cmake --build /home/robogait/catkin_ws/build/pkg_navigation -- -j8 -l8
