[35m[1mScanning dependencies of target robot_controller[0m
[ 20%] Built target tf2_broadcaster
[ 40%] Built target publisher_subscriber
[ 60%] Built target publisher_initial_pose
[ 80%] Built target robot_odom_tf2_listener
[ 90%] [32mBuilding CXX object CMakeFiles/robot_controller.dir/src/robot_controller.cpp.o[0m
[01m[K/home/robogait/catkin_ws/src/pkg_navigation/src/robot_controller.cpp:[m[K In member function â€˜[01m[Kvoid generic::callback_local_plan(nav_msgs::msg::Path_<std::allocator<void> >::SharedPtr)[m[Kâ€™:
[01m[K/home/robogait/catkin_ws/src/pkg_navigation/src/robot_controller.cpp:68:16:[m[K [01;31m[Kerror: [m[Kâ€˜[01m[Ksize[m[Kâ€™ was not declared in this scope; did you mean â€˜[01m[Kdysize[m[Kâ€™?
   68 |        cout << [01;31m[Ksize[m[K(path_local.poses) << endl;
      |                [01;31m[K^~~~[m[K
      |                [32m[Kdysize[m[K
make[2]: *** [CMakeFiles/robot_controller.dir/build.make:63: CMakeFiles/robot_controller.dir/src/robot_controller.cpp.o] Error 1
make[1]: *** [CMakeFiles/Makefile2:221: CMakeFiles/robot_controller.dir/all] Error 2
make: *** [Makefile:141: all] Error 2
