[35m[1mScanning dependencies of target publisher_cpp[0m
[ 50%] [32mBuilding CXX object CMakeFiles/publisher_cpp.dir/src/publisher_cpp.cpp.o[0m
[01m[K/home/robogait/catkin_ws/src/test/src/publisher_cpp.cpp:[m[K In function â€˜[01m[Kint main(int, char**)[m[Kâ€™:
[01m[K/home/robogait/catkin_ws/src/test/src/publisher_cpp.cpp:78:3:[m[K [01;31m[Kerror: [m[Kâ€˜[01m[Kcout[m[Kâ€™ was not declared in this scope; did you mean â€˜[01m[Kstd::cout[m[Kâ€™?
   78 |   [01;31m[Kcout[m[K << "Hola" << endl;
      |   [01;31m[K^~~~[m[K
      |   [32m[Kstd::cout[m[K
In file included from [01m[K/home/robogait/catkin_ws/src/test/src/publisher_cpp.cpp:5[m[K:
[01m[K/usr/include/c++/9/iostream:61:18:[m[K [01;36m[Knote: [m[Kâ€˜[01m[Kstd::cout[m[Kâ€™ declared here
   61 |   extern ostream [01;36m[Kcout[m[K;  /// Linked to standard output
      |                  [01;36m[K^~~~[m[K
[01m[K/home/robogait/catkin_ws/src/test/src/publisher_cpp.cpp:78:21:[m[K [01;31m[Kerror: [m[Kâ€˜[01m[Kendl[m[Kâ€™ was not declared in this scope; did you mean â€˜[01m[Kstd::endl[m[Kâ€™?
   78 |   cout << "Hola" << [01;31m[Kendl[m[K;
      |                     [01;31m[K^~~~[m[K
      |                     [32m[Kstd::endl[m[K
In file included from [01m[K/usr/include/c++/9/iostream:39[m[K,
                 from [01m[K/home/robogait/catkin_ws/src/test/src/publisher_cpp.cpp:5[m[K:
[01m[K/usr/include/c++/9/ostream:599:5:[m[K [01;36m[Knote: [m[Kâ€˜[01m[Kstd::endl[m[Kâ€™ declared here
  599 |     [01;36m[Kendl[m[K(basic_ostream<_CharT, _Traits>& __os)
      |     [01;36m[K^~~~[m[K
make[2]: *** [CMakeFiles/publisher_cpp.dir/build.make:63: CMakeFiles/publisher_cpp.dir/src/publisher_cpp.cpp.o] Error 1
make[1]: *** [CMakeFiles/Makefile2:78: CMakeFiles/publisher_cpp.dir/all] Error 2
make: *** [Makefile:141: all] Error 2
