[0.012s] Invoking command in '/home/robogait/azure_kinect_ws/build/body_tracking': CMAKE_PREFIX_PATH=${CMAKE_PREFIX_PATH}:/home/robogait/ros2_serial/install/ourbotmanager:/opt/ros/foxy /usr/bin/cmake --build /home/robogait/azure_kinect_ws/build/body_tracking -- -j8 -l8
[0.029s] -- Found ament_cmake: 0.9.9 (/opt/ros/foxy/share/ament_cmake/cmake)
[0.043s] -- Using PYTHON_EXECUTABLE: /usr/bin/python3
[0.149s] -- Override CMake install command with custom implementation using symlinks instead of copying resources
[0.153s] -- Found rclcpp: 2.4.1 (/opt/ros/foxy/share/rclcpp/cmake)
[0.175s] -- Using all available rosidl_typesupport_c: rosidl_typesupport_fastrtps_c;rosidl_typesupport_introspection_c
[0.176s] -- Found rosidl_adapter: 1.2.1 (/opt/ros/foxy/share/rosidl_adapter/cmake)
[0.250s] -- Using all available rosidl_typesupport_cpp: rosidl_typesupport_fastrtps_cpp;rosidl_typesupport_introspection_cpp
[0.278s] -- Found rmw_implementation_cmake: 1.0.3 (/opt/ros/foxy/share/rmw_implementation_cmake/cmake)
[0.279s] -- Using RMW implementation 'rmw_fastrtps_cpp' as default
[0.361s] -- Found geometry_msgs: 2.0.5 (/opt/ros/foxy/share/geometry_msgs/cmake)
[0.380s] -- Found body_tracker_msgs: 0.0.0 (/home/robogait/azure_kinect_ws/install/body_tracker_msgs/share/body_tracker_msgs/cmake)
[0.413s] -- Found rosidl_default_generators: 1.0.1 (/opt/ros/foxy/share/rosidl_default_generators/cmake)
[0.422s] -- Found ament_lint_auto: 0.9.6 (/opt/ros/foxy/share/ament_lint_auto/cmake)
[0.460s] -- Added test 'copyright' to check source files copyright and LICENSE
[0.460s] -- Added test 'cppcheck' to perform static code analysis on C / C++ code
[0.460s] -- Configured cppcheck include dirs: 
[0.460s] -- Configured cppcheck exclude dirs and/or files: 
[0.461s] -- Added test 'cpplint' to check C / C++ code against the Google style
[0.461s] -- Configured cpplint exclude dirs and/or files: 
[0.462s] -- Added test 'lint_cmake' to check CMake code style
[0.462s] -- Added test 'uncrustify' to check C / C++ code style
[0.462s] -- Configured uncrustify additional arguments: 
[0.462s] -- Added test 'xmllint' to check XML markup files
[0.464s] -- Configuring done
[0.471s] -- Generating done
[0.472s] -- Build files have been written to: /home/robogait/azure_kinect_ws/build/body_tracking
[0.489s] [35m[1mScanning dependencies of target body_tracking_recording_node[0m
[0.496s] [ 25%] [32mBuilding CXX object CMakeFiles/body_tracking_recording_node.dir/src/kinectAzure_body_tracker_node_plus_recording.cpp.o[0m
[0.501s] [ 50%] [32m[1mLinking CXX executable body_tracking_node[0m
[0.600s] [ 75%] Built target body_tracking_node
[1.225s] [01m[K/home/robogait/azure_kinect_ws/src/body_tracking/src/kinectAzure_body_tracker_node_plus_recording.cpp:356:2:[m[K [01;31m[Kerror: [m[Kâ€˜[01m[Kk4a_record_t[m[Kâ€™ does not name a type; did you mean â€˜[01m[Kk4a_result_t[m[Kâ€™?
[1.225s]   356 |  [01;31m[Kk4a_record_t[m[K recording_handle;
[1.225s]       |  [01;31m[K^~~~~~~~~~~~[m[K
[1.225s]       |  [32m[Kk4a_result_t[m[K
[1.236s] [01m[K/home/robogait/azure_kinect_ws/src/body_tracking/src/kinectAzure_body_tracker_node_plus_recording.cpp:[m[K In member function â€˜[01m[Kvoid MinimalPublisher::Init()[m[Kâ€™:
[1.236s] [01m[K/home/robogait/azure_kinect_ws/src/body_tracking/src/kinectAzure_body_tracker_node_plus_recording.cpp:326:68:[m[K [01;31m[Kerror: [m[Kâ€˜[01m[Krecording_handle[m[Kâ€™ was not declared in this scope
[1.236s]   326 | 4a_record_create("~/output_test.mkv", device, device_config, [01;31m[Krecording_handle[m[K)){
[1.236s]       |                                                              [01;31m[K^~~~~~~~~~~~~~~~[m[K
[1.236s] 
[1.238s] [01m[K/home/robogait/azure_kinect_ws/src/body_tracking/src/kinectAzure_body_tracker_node_plus_recording.cpp:326:6:[m[K [01;31m[Kerror: [m[Kâ€˜[01m[Kk4a_record_create[m[Kâ€™ was not declared in this scope
[1.238s]   326 |   if([01;31m[Kk4a_record_create[m[K("~/output_test.mkv", device, device_config, recording_handle)){
[1.238s]       |      [01;31m[K^~~~~~~~~~~~~~~~~[m[K
[1.241s] [01m[K/home/robogait/azure_kinect_ws/src/body_tracking/src/kinectAzure_body_tracker_node_plus_recording.cpp:[m[K In member function â€˜[01m[Kvoid MinimalPublisher::close()[m[Kâ€™:
[1.241s] [01m[K/home/robogait/azure_kinect_ws/src/body_tracking/src/kinectAzure_body_tracker_node_plus_recording.cpp:338:20:[m[K [01;31m[Kerror: [m[Kâ€˜[01m[Krecording_handle[m[Kâ€™ was not declared in this scope
[1.241s]   338 |   k4a_record_close([01;31m[Krecording_handle[m[K);
[1.241s]       |                    [01;31m[K^~~~~~~~~~~~~~~~[m[K
[1.242s] [01m[K/home/robogait/azure_kinect_ws/src/body_tracking/src/kinectAzure_body_tracker_node_plus_recording.cpp:338:3:[m[K [01;31m[Kerror: [m[Kâ€˜[01m[Kk4a_record_close[m[Kâ€™ was not declared in this scope; did you mean â€˜[01m[Kk4a_device_close[m[Kâ€™?
[1.242s]   338 |   [01;31m[Kk4a_record_close[m[K(recording_handle);
[1.242s]       |   [01;31m[K^~~~~~~~~~~~~~~~[m[K
[1.242s]       |   [32m[Kk4a_device_close[m[K
[1.756s] At global scope:
[1.756s] [01m[Kcc1plus:[m[K [01;35m[Kwarning: [m[Kunrecognized command line option â€˜[01m[K-Wno-dev[m[Kâ€™
[1.764s] make[2]: *** [CMakeFiles/body_tracking_recording_node.dir/build.make:63: CMakeFiles/body_tracking_recording_node.dir/src/kinectAzure_body_tracker_node_plus_recording.cpp.o] Error 1
[1.764s] make[1]: *** [CMakeFiles/Makefile2:80: CMakeFiles/body_tracking_recording_node.dir/all] Error 2
[1.764s] make: *** [Makefile:141: all] Error 2
[1.767s] Invoked command in '/home/robogait/azure_kinect_ws/build/body_tracking' returned '2': CMAKE_PREFIX_PATH=${CMAKE_PREFIX_PATH}:/home/robogait/ros2_serial/install/ourbotmanager:/opt/ros/foxy /usr/bin/cmake --build /home/robogait/azure_kinect_ws/build/body_tracking -- -j8 -l8
