[35m[1mScanning dependencies of target robot_controller_position[0m
[ 12%] Built target tf2_broadcaster_person
[ 25%] Built target publisher_initial_pose
[ 37%] Built target publisher_subscriber
[ 50%] Built target robot_controller
[ 62%] Built target tf2_broadcaster
[ 75%] Built target person_odom_tf2_listener
[ 81%] [32mBuilding CXX object CMakeFiles/robot_controller_position.dir/src/robot_controller_position.cpp.o[0m
[ 93%] Built target robot_odom_tf2_listener
[01m[K/home/robogait/catkin_ws/src/pkg_navigation/src/robot_controller_position.cpp:[m[K In member function â€˜[01m[Kvoid generic::controller()[m[Kâ€™:
[01m[K/home/robogait/catkin_ws/src/pkg_navigation/src/robot_controller_position.cpp:98:52:[m[K [01;31m[Kerror: [m[Kâ€˜[01m[Ktime_spent[m[Kâ€™ was not declared in this scope; did you mean â€˜[01m[Ktimespec[m[Kâ€™?
   98 |         error_p=(2.50-distance_person)+(vel_person*[01;31m[Ktime_spent[m[K);
      |                                                    [01;31m[K^~~~~~~~~~[m[K
      |                                                    [32m[Ktimespec[m[K
make[2]: *** [CMakeFiles/robot_controller_position.dir/build.make:63: CMakeFiles/robot_controller_position.dir/src/robot_controller_position.cpp.o] Error 1
make[1]: *** [CMakeFiles/Makefile2:308: CMakeFiles/robot_controller_position.dir/all] Error 2
make: *** [Makefile:141: all] Error 2
