[0.013s] Invoking command in '/home/robogait/catkin_ws/build/pkg_navigation': CMAKE_PREFIX_PATH=${CMAKE_PREFIX_PATH}:/home/robogait/nav2_ws/install/nav2_gazebo_spawner:/home/robogait/ros2_serial/install/ourbotmanager:/home/robogait/ros2_ws/install/nav2_project:/opt/ros/foxy /usr/bin/cmake --build /home/robogait/catkin_ws/build/pkg_navigation -- -j8 -l8
[0.061s] [35m[1mScanning dependencies of target robot_controller_position[0m
[0.084s] [ 12%] Built target tf2_broadcaster_person
[0.085s] [ 25%] Built target publisher_initial_pose
[0.085s] [ 37%] Built target publisher_subscriber
[0.086s] [ 50%] Built target robot_controller
[0.086s] [ 62%] Built target tf2_broadcaster
[0.092s] [ 75%] Built target person_odom_tf2_listener
[0.093s] [ 81%] [32mBuilding CXX object CMakeFiles/robot_controller_position.dir/src/robot_controller_position.cpp.o[0m
[0.093s] [ 93%] Built target robot_odom_tf2_listener
[0.912s] [01m[K/home/robogait/catkin_ws/src/pkg_navigation/src/robot_controller_position.cpp:[m[K In member function â€˜[01m[Kvoid generic::controller()[m[Kâ€™:
[0.912s] [01m[K/home/robogait/catkin_ws/src/pkg_navigation/src/robot_controller_position.cpp:98:52:[m[K [01;31m[Kerror: [m[Kâ€˜[01m[Ktime_spent[m[Kâ€™ was not declared in this scope; did you mean â€˜[01m[Ktimespec[m[Kâ€™?
[0.912s]    98 |         error_p=(2.50-distance_person)+(vel_person*[01;31m[Ktime_spent[m[K);
[0.912s]       |                                                    [01;31m[K^~~~~~~~~~[m[K
[0.912s]       |                                                    [32m[Ktimespec[m[K
[2.276s] make[2]: *** [CMakeFiles/robot_controller_position.dir/build.make:63: CMakeFiles/robot_controller_position.dir/src/robot_controller_position.cpp.o] Error 1
[2.276s] make[1]: *** [CMakeFiles/Makefile2:308: CMakeFiles/robot_controller_position.dir/all] Error 2
[2.276s] make: *** [Makefile:141: all] Error 2
[2.277s] Invoked command in '/home/robogait/catkin_ws/build/pkg_navigation' returned '2': CMAKE_PREFIX_PATH=${CMAKE_PREFIX_PATH}:/home/robogait/nav2_ws/install/nav2_gazebo_spawner:/home/robogait/ros2_serial/install/ourbotmanager:/home/robogait/ros2_ws/install/nav2_project:/opt/ros/foxy /usr/bin/cmake --build /home/robogait/catkin_ws/build/pkg_navigation -- -j8 -l8
