[0.010s] Invoking command in '/home/robogait/azure_kinect_ws/build/body_tracking': CMAKE_PREFIX_PATH=${CMAKE_PREFIX_PATH}:/home/robogait/ros2_serial/install/ourbotmanager:/opt/ros/foxy /usr/bin/cmake --build /home/robogait/azure_kinect_ws/build/body_tracking -- -j8 -l8
[0.042s] [35m[1mScanning dependencies of target prueba_talker[0m
[0.048s] [  5%] Built target body_tracking_node
[0.048s] [  7%] Built target body_tracking__cpp
[0.049s] [ 15%] Built target body_tracking__rosidl_generator_c
[0.051s] [ 20%] Built target talker
[0.054s] [ 25%] Built target listener
[0.063s] [ 28%] [32mBuilding CXX object CMakeFiles/prueba_talker.dir/src/main.cpp.o[0m
[0.065s] [ 43%] Built target body_tracking__rosidl_typesupport_introspection_c
[0.066s] [ 43%] Built target body_tracking__rosidl_typesupport_cpp
[0.066s] [ 51%] Built target body_tracking__rosidl_typesupport_introspection_cpp
[0.066s] [ 58%] Built target body_tracking__rosidl_typesupport_c
[0.070s] [ 66%] Built target body_tracking__rosidl_typesupport_fastrtps_cpp
[0.086s] [ 74%] Built target body_tracking__rosidl_typesupport_fastrtps_c
[0.099s] [ 74%] Built target body_tracking
[0.112s] [ 76%] Built target body_tracking__py
[0.130s] [ 82%] Built target body_tracking__python
[0.149s] [ 97%] Built target body_tracking__rosidl_typesupport_introspection_c__pyext
[0.149s] [ 97%] Built target body_tracking__rosidl_typesupport_c__pyext
[0.149s] [ 97%] Built target body_tracking__rosidl_typesupport_fastrtps_c__pyext
[0.856s] [01m[K/home/robogait/azure_kinect_ws/src/body_tracking/src/main.cpp:214:2:[m[K [01;31m[Kerror: [m[Knon-static data member declared with placeholder â€˜[01m[Kauto[m[Kâ€™
[0.856s]   214 |  [01;31m[Kauto[m[K message = body_tracking::msg::HipCoordinates();
[0.856s]       |  [01;31m[K^~~~[m[K
[0.864s] [01m[K/home/robogait/azure_kinect_ws/src/body_tracking/src/main.cpp:[m[K In member function â€˜[01m[Kvoid MinimalPublisher::timer_callback()[m[Kâ€™:
[0.864s] [01m[K/home/robogait/azure_kinect_ws/src/body_tracking/src/main.cpp:55:11:[m[K [01;31m[Kerror: [m[Kbreak statement not within loop or switch
[0.865s]    55 |           [01;31m[Kbreak[m[K;
[0.865s]       |           [01;31m[K^~~~~[m[K
[0.865s] [01m[K/home/robogait/azure_kinect_ws/src/body_tracking/src/main.cpp:60:11:[m[K [01;31m[Kerror: [m[Kbreak statement not within loop or switch
[0.865s]    60 |           [01;31m[Kbreak[m[K;
[0.865s]       |           [01;31m[K^~~~~[m[K
[0.870s] [01m[K/home/robogait/azure_kinect_ws/src/body_tracking/src/main.cpp:69:11:[m[K [01;31m[Kerror: [m[Kâ€˜[01m[Ktotal_success_tracker_time[m[Kâ€™ was not declared in this scope
[0.870s]    69 |           [01;31m[Ktotal_success_tracker_time[m[K += time_spent;
[0.870s]       |           [01;31m[K^~~~~~~~~~~~~~~~~~~~~~~~~~[m[K
[0.873s] [01m[K/home/robogait/azure_kinect_ws/src/body_tracking/src/main.cpp:70:11:[m[K [01;31m[Kerror: [m[Kâ€˜[01m[Ksuccess_frame_count[m[Kâ€™ was not declared in this scope
[0.873s]    70 |           [01;31m[Ksuccess_frame_count[m[K++;
[0.873s]       |           [01;31m[K^~~~~~~~~~~~~~~~~~~[m[K
[0.878s] [01m[K/home/robogait/azure_kinect_ws/src/body_tracking/src/main.cpp:76:11:[m[K [01;31m[Kerror: [m[Kâ€˜[01m[Ktotal_success_body_count[m[Kâ€™ was not declared in this scope
[0.878s]    76 |           [01;31m[Ktotal_success_body_count[m[K += num_bodies;
[0.878s]       |           [01;31m[K^~~~~~~~~~~~~~~~~~~~~~~~[m[K
[0.878s] [01m[K/home/robogait/azure_kinect_ws/src/body_tracking/src/main.cpp:107:11:[m[K [01;31m[Kerror: [m[Kbreak statement not within loop or switch
[0.878s]   107 |           [01;31m[Kbreak[m[K;
[0.878s]       |           [01;31m[K^~~~~[m[K
[0.878s] [01m[K/home/robogait/azure_kinect_ws/src/body_tracking/src/main.cpp:112:11:[m[K [01;31m[Kerror: [m[Kbreak statement not within loop or switch
[0.878s]   112 |           [01;31m[Kbreak[m[K;
[0.878s]       |           [01;31m[K^~~~~[m[K
[0.879s] [01m[K/home/robogait/azure_kinect_ws/src/body_tracking/src/main.cpp:119:7:[m[K [01;31m[Kerror: [m[Kbreak statement not within loop or switch
[0.879s]   119 |       [01;31m[Kbreak[m[K;
[0.879s]       |       [01;31m[K^~~~~[m[K
[0.879s] [01m[K/home/robogait/azure_kinect_ws/src/body_tracking/src/main.cpp:124:7:[m[K [01;31m[Kerror: [m[Kbreak statement not within loop or switch
[0.879s]   124 |       [01;31m[Kbreak[m[K;
[0.879s]       |       [01;31m[K^~~~~[m[K
[0.879s] [01m[K/home/robogait/azure_kinect_ws/src/body_tracking/src/main.cpp:129:27:[m[K [01;31m[Kerror: [m[Kâ€˜[01m[Kbody[m[Kâ€™ was not declared in this scope
[0.879s]   129 |   k4a_float3_t position = [01;31m[Kbody[m[K.skeleton.joints[coordenadaCadera].position;
[0.879s]       |                           [01;31m[K^~~~[m[K
[1.455s] make[2]: *** [CMakeFiles/prueba_talker.dir/build.make:63: CMakeFiles/prueba_talker.dir/src/main.cpp.o] Error 1
[1.455s] make[1]: *** [CMakeFiles/Makefile2:325: CMakeFiles/prueba_talker.dir/all] Error 2
[1.455s] make: *** [Makefile:141: all] Error 2
[1.457s] Invoked command in '/home/robogait/azure_kinect_ws/build/body_tracking' returned '2': CMAKE_PREFIX_PATH=${CMAKE_PREFIX_PATH}:/home/robogait/ros2_serial/install/ourbotmanager:/opt/ros/foxy /usr/bin/cmake --build /home/robogait/azure_kinect_ws/build/body_tracking -- -j8 -l8
