[35m[1mScanning dependencies of target robot_controller[0m
[ 20%] Built target publisher_initial_pose
[ 40%] Built target robot_odom_tf2_listener
[ 60%] Built target tf2_broadcaster
[ 70%] [32mBuilding CXX object CMakeFiles/robot_controller.dir/src/robot_controller.cpp.o[0m
[ 90%] Built target publisher_subscriber
[01m[K/home/robogait/catkin_ws/src/pkg_navigation/src/robot_controller.cpp:[m[K In member function â€˜[01m[Kvoid generic::lane_controller()[m[Kâ€™:
[01m[K/home/robogait/catkin_ws/src/pkg_navigation/src/robot_controller.cpp:76:20:[m[K [01;31m[Kerror: [m[Kinvalid operands of types â€˜[01m[Kconst char [3][m[Kâ€™ and â€˜[01m[Kgeometry_msgs::msg::Quaternion_<std::allocator<void> >::_x_type[m[Kâ€™ {aka â€˜[01m[Kdouble[m[Kâ€™} to binary â€˜[01m[Koperator+[m[Kâ€™
   76 |        cout << [32m[K"x:"[m[K[01;31m[K+[m[Kpath_local.poses[use_pose].pose.orientation.x<< endl;
      |                [32m[K~~~~[m[K[01;31m[K^[m[K
      |                [32m[K|[m[K
      |                [32m[Kconst char [3][m[K
make[2]: *** [CMakeFiles/robot_controller.dir/build.make:63: CMakeFiles/robot_controller.dir/src/robot_controller.cpp.o] Error 1
make[1]: *** [CMakeFiles/Makefile2:221: CMakeFiles/robot_controller.dir/all] Error 2
make: *** [Makefile:141: all] Error 2
