[0.013s] Invoking command in '/home/robogait/catkin_ws/build/pkg_navigation': CMAKE_PREFIX_PATH=${CMAKE_PREFIX_PATH}:/home/robogait/nav2_ws/install/nav2_gazebo_spawner:/home/robogait/ros2_serial/install/ourbotmanager:/home/robogait/ros2_ws/install/nav2_project:/opt/ros/foxy /usr/bin/cmake --build /home/robogait/catkin_ws/build/pkg_navigation -- -j8 -l8
[0.086s] [ 33%] Built target tf2_broadcaster_person
[0.087s] [ 33%] Built target publisher_subscriber
[0.087s] [ 33%] Built target robot_controller
[0.087s] [ 55%] Built target publisher_initial_pose
[0.087s] [ 55%] Built target person_odom_tf2_listener
[0.087s] [ 66%] Built target tf2_broadcaster
[0.087s] [ 77%] Built target robot_odom_tf2_listener
[0.087s] [ 88%] Built target robot_controller_position
[0.099s] [35m[1mScanning dependencies of target robot_controller_straight[0m
[0.120s] [ 94%] [32mBuilding CXX object CMakeFiles/robot_controller_straight.dir/src/robot_controller_straight.cpp.o[0m
[0.932s] [01m[K/home/robogait/catkin_ws/src/pkg_navigation/src/robot_controller_straight.cpp:[m[K In member function â€˜[01m[Kvoid generic::controller()[m[Kâ€™:
[0.932s] [01m[K/home/robogait/catkin_ws/src/pkg_navigation/src/robot_controller_straight.cpp:148:44:[m[K [01;31m[Kerror: [m[Kâ€˜[01m[Kyaw[m[Kâ€™ was not declared in this scope
[0.932s]   148 |         cmd_velrobot_msg.angular.z=-kp_yaw*[01;31m[Kyaw[m[K;
[0.933s]       |                                            [01;31m[K^~~[m[K
[2.189s] make[2]: *** [CMakeFiles/robot_controller_straight.dir/build.make:63: CMakeFiles/robot_controller_straight.dir/src/robot_controller_straight.cpp.o] Error 1
[2.189s] make[1]: *** [CMakeFiles/Makefile2:364: CMakeFiles/robot_controller_straight.dir/all] Error 2
[2.189s] make: *** [Makefile:141: all] Error 2
[2.192s] Invoked command in '/home/robogait/catkin_ws/build/pkg_navigation' returned '2': CMAKE_PREFIX_PATH=${CMAKE_PREFIX_PATH}:/home/robogait/nav2_ws/install/nav2_gazebo_spawner:/home/robogait/ros2_serial/install/ourbotmanager:/home/robogait/ros2_ws/install/nav2_project:/opt/ros/foxy /usr/bin/cmake --build /home/robogait/catkin_ws/build/pkg_navigation -- -j8 -l8
