[0.022s] Invoking command in '/home/robogait/azure_kinect_ws/build/kinect_azure_body_tracker': CMAKE_PREFIX_PATH=${CMAKE_PREFIX_PATH}:/home/robogait/nav2_ws/install/nav2_gazebo_spawner:/home/robogait/ros2_serial/install/ourbotmanager:/home/robogait/ros2_ws/install/nav2_project:/opt/ros/foxy /usr/bin/cmake --build /home/robogait/azure_kinect_ws/build/kinect_azure_body_tracker -- -j8 -l8
[0.045s] -- Found ament_cmake: 0.9.9 (/opt/ros/foxy/share/ament_cmake/cmake)
[0.081s] -- Using PYTHON_EXECUTABLE: /usr/bin/python3
[0.213s] -- Found rclcpp: 2.4.1 (/opt/ros/foxy/share/rclcpp/cmake)
[0.240s] -- Using all available rosidl_typesupport_c: rosidl_typesupport_fastrtps_c;rosidl_typesupport_introspection_c
[0.242s] -- Found rosidl_adapter: 1.2.1 (/opt/ros/foxy/share/rosidl_adapter/cmake)
[0.340s] -- Using all available rosidl_typesupport_cpp: rosidl_typesupport_fastrtps_cpp;rosidl_typesupport_introspection_cpp
[0.371s] -- Found rmw_implementation_cmake: 1.0.3 (/opt/ros/foxy/share/rmw_implementation_cmake/cmake)
[0.374s] -- Using RMW implementation 'rmw_fastrtps_cpp' as default
[0.459s] -- Found geometry_msgs: 2.0.5 (/opt/ros/foxy/share/geometry_msgs/cmake)
[0.479s] -- Found body_tracker_msgs: 0.0.0 (/home/robogait/azure_kinect_ws/install/body_tracker_msgs/share/body_tracker_msgs/cmake)
[0.521s] -- Found rosidl_default_generators: 1.0.1 (/opt/ros/foxy/share/rosidl_default_generators/cmake)
[0.546s] -- Found ament_lint_auto: 0.9.6 (/opt/ros/foxy/share/ament_lint_auto/cmake)
[0.591s] -- Added test 'copyright' to check source files copyright and LICENSE
[0.592s] -- Added test 'cppcheck' to perform static code analysis on C / C++ code
[0.592s] -- Configured cppcheck include dirs: 
[0.592s] -- Configured cppcheck exclude dirs and/or files: 
[0.593s] -- Added test 'cpplint' to check C / C++ code against the Google style
[0.593s] -- Configured cpplint exclude dirs and/or files: 
[0.593s] -- Added test 'lint_cmake' to check CMake code style
[0.594s] -- Added test 'uncrustify' to check C / C++ code style
[0.594s] -- Configured uncrustify additional arguments: 
[0.594s] -- Added test 'xmllint' to check XML markup files
[0.596s] -- Configuring done
[0.613s] -- Generating done
[0.613s] -- Build files have been written to: /home/robogait/azure_kinect_ws/build/kinect_azure_body_tracker
[0.639s] [35m[1mScanning dependencies of target kinect_azure_body_tracker_node_finite[0m
[0.657s] [ 16%] Built target kinect_azure_body_tracker_node_full_processing
[0.663s] [ 33%] Built target kinect_azure_body_tracker_recording_node
[0.665s] [ 50%] Built target kinect_azure_body_tracker_node
[0.665s] [ 66%] Built target kinect_azure_body_tracker_node_simplified
[0.666s] [ 75%] [32mBuilding CXX object CMakeFiles/kinect_azure_body_tracker_node_finite.dir/src/kinectAzure_body_tracker_node_finite.cpp.o[0m
[0.666s] [ 91%] Built target kinect_azure_body_tracker_recording_node_simplified
[1.423s] [01m[K/home/robogait/azure_kinect_ws/src/kinect_azure_body_tracker/src/kinectAzure_body_tracker_node_finite.cpp:[m[K In member function â€˜[01m[Kint MinimalPublisher::getch()[m[Kâ€™:
[1.423s] [01m[K/home/robogait/azure_kinect_ws/src/kinect_azure_body_tracker/src/kinectAzure_body_tracker_node_finite.cpp:222:25:[m[K [01;31m[Kerror: [m[Kaggregate â€˜[01m[KMinimalPublisher::getch()::termios oldt[m[Kâ€™ has incomplete type and cannot be defined
[1.423s]   222 |   static struct termios [01;31m[Koldt[m[K, newt;
[1.423s]       |                         [01;31m[K^~~~[m[K
[1.423s] [01m[K/home/robogait/azure_kinect_ws/src/kinect_azure_body_tracker/src/kinectAzure_body_tracker_node_finite.cpp:222:31:[m[K [01;31m[Kerror: [m[Kaggregate â€˜[01m[KMinimalPublisher::getch()::termios newt[m[Kâ€™ has incomplete type and cannot be defined
[1.423s]   222 |   static struct termios oldt, [01;31m[Knewt[m[K;
[1.423s]       |                               [01;31m[K^~~~[m[K
[1.426s] [01m[K/home/robogait/azure_kinect_ws/src/kinect_azure_body_tracker/src/kinectAzure_body_tracker_node_finite.cpp:223:14:[m[K [01;31m[Kerror: [m[Kâ€˜[01m[KSTDIN_FILENO[m[Kâ€™ was not declared in this scope
[1.426s]   223 |   tcgetattr( [01;31m[KSTDIN_FILENO[m[K, &oldt);           // save old settings
[1.426s]       |              [01;31m[K^~~~~~~~~~~~[m[K
[1.427s] [01m[K/home/robogait/azure_kinect_ws/src/kinect_azure_body_tracker/src/kinectAzure_body_tracker_node_finite.cpp:223:3:[m[K [01;31m[Kerror: [m[Kâ€˜[01m[Ktcgetattr[m[Kâ€™ was not declared in this scope
[1.427s]   223 |   [01;31m[Ktcgetattr[m[K( STDIN_FILENO, &oldt);           // save old settings
[1.427s]       |   [01;31m[K^~~~~~~~~[m[K
[1.428s] [01m[K/home/robogait/azure_kinect_ws/src/kinect_azure_body_tracker/src/kinectAzure_body_tracker_node_finite.cpp:225:21:[m[K [01;31m[Kerror: [m[Kâ€˜[01m[KICANON[m[Kâ€™ was not declared in this scope
[1.428s]   225 |   newt.c_lflag &= ~([01;31m[KICANON[m[K);                 // disable buffering
[1.428s]       |                     [01;31m[K^~~~~~[m[K
[1.429s] [01m[K/home/robogait/azure_kinect_ws/src/kinect_azure_body_tracker/src/kinectAzure_body_tracker_node_finite.cpp:226:28:[m[K [01;31m[Kerror: [m[Kâ€˜[01m[KTCSANOW[m[Kâ€™ was not declared in this scope
[1.429s]   226 |   tcsetattr( STDIN_FILENO, [01;31m[KTCSANOW[m[K, &newt);  // apply new settings
[1.429s]       |                            [01;31m[K^~~~~~~[m[K
[1.430s] [01m[K/home/robogait/azure_kinect_ws/src/kinect_azure_body_tracker/src/kinectAzure_body_tracker_node_finite.cpp:226:3:[m[K [01;31m[Kerror: [m[Kâ€˜[01m[Ktcsetattr[m[Kâ€™ was not declared in this scope
[1.430s]   226 |   [01;31m[Ktcsetattr[m[K( STDIN_FILENO, TCSANOW, &newt);  // apply new settings
[1.430s]       |   [01;31m[K^~~~~~~~~[m[K
[1.970s] At global scope:
[1.971s] [01m[Kcc1plus:[m[K [01;35m[Kwarning: [m[Kunrecognized command line option â€˜[01m[K-Wno-dev[m[Kâ€™
[1.982s] make[2]: *** [CMakeFiles/kinect_azure_body_tracker_node_finite.dir/build.make:63: CMakeFiles/kinect_azure_body_tracker_node_finite.dir/src/kinectAzure_body_tracker_node_finite.cpp.o] Error 1
[1.982s] make[1]: *** [CMakeFiles/Makefile2:223: CMakeFiles/kinect_azure_body_tracker_node_finite.dir/all] Error 2
[1.982s] make: *** [Makefile:141: all] Error 2
[1.983s] Invoked command in '/home/robogait/azure_kinect_ws/build/kinect_azure_body_tracker' returned '2': CMAKE_PREFIX_PATH=${CMAKE_PREFIX_PATH}:/home/robogait/nav2_ws/install/nav2_gazebo_spawner:/home/robogait/ros2_serial/install/ourbotmanager:/home/robogait/ros2_ws/install/nav2_project:/opt/ros/foxy /usr/bin/cmake --build /home/robogait/azure_kinect_ws/build/kinect_azure_body_tracker -- -j8 -l8
