[0.014s] Invoking command in '/home/robogait/catkin_ws/build/pkg_navigation': CMAKE_PREFIX_PATH=${CMAKE_PREFIX_PATH}:/home/robogait/nav2_ws/install/nav2_gazebo_spawner:/home/robogait/ros2_serial/install/ourbotmanager:/home/robogait/ros2_ws/install/nav2_project:/opt/ros/foxy /usr/bin/cmake --build /home/robogait/catkin_ws/build/pkg_navigation -- -j8 -l8
[0.067s] [35m[1mScanning dependencies of target robot_controller[0m
[0.099s] [ 10%] Built target publisher_subscriber
[0.099s] [ 20%] Built target publisher_initial_pose
[0.099s] [ 30%] Built target tf2_broadcaster
[0.105s] [ 40%] Built target robot_controller_straight
[0.107s] [ 50%] Built target robot_odom_tf2_listener
[0.108s] [ 55%] [32mBuilding CXX object CMakeFiles/robot_controller.dir/src/robot_controller.cpp.o[0m
[0.108s] [ 65%] Built target tf2_broadcaster_person
[0.109s] [ 75%] Built target robot_controller_position
[0.121s] [35m[1mScanning dependencies of target robot_controller_center_person[0m
[0.125s] make[2]: *** No rule to make target '/home/robogait/catkin_ws/src/pkg_navigation/src/robot_controller_center_person.cpp', needed by 'CMakeFiles/robot_controller_center_person.dir/src/robot_controller_center_person.cpp.o'.  Stop.
[0.125s] make[1]: *** [CMakeFiles/Makefile2:393: CMakeFiles/robot_controller_center_person.dir/all] Error 2
[0.125s] make[1]: *** Waiting for unfinished jobs....
[0.141s] [ 85%] Built target person_odom_tf2_listener
[1.127s] [01m[K/home/robogait/catkin_ws/src/pkg_navigation/src/robot_controller.cpp:[m[K In member function â€˜[01m[Kvoid generic::lane_controller()[m[Kâ€™:
[1.127s] [01m[K/home/robogait/catkin_ws/src/pkg_navigation/src/robot_controller.cpp:83:12:[m[K [01;31m[Kerror: [m[Kexpected â€˜[01m[K;[m[Kâ€™ before â€˜[01m[Kint[m[Kâ€™
[1.127s]    83 |        cout
[1.127s]       |            [01;31m[K^[m[K
[1.127s]       |            [32m[K;[m[K
[1.128s]    84 |        [32m[Kint[m[K use_pose=path_local.poses.size()-1;
[1.128s]       |        [32m[K~~~[m[K  
[1.128s] [01m[K/home/robogait/catkin_ws/src/pkg_navigation/src/robot_controller.cpp:83:8:[m[K [01;35m[Kwarning: [m[Kstatement has no effect [[01;35m[K-Wunused-value[m[K]
[1.128s]    83 |        [01;35m[Kcout[m[K
[1.128s]       |        [01;35m[K^~~~[m[K
[1.129s] [01m[K/home/robogait/catkin_ws/src/pkg_navigation/src/robot_controller.cpp:86:27:[m[K [01;31m[Kerror: [m[Kâ€˜[01m[Kuse_pose[m[Kâ€™ was not declared in this scope
[1.129s]    86 |          path_local.poses[[01;31m[Kuse_pose[m[K].pose.orientation.x,
[1.129s]       |                           [01;31m[K^~~~~~~~[m[K
[1.130s] [01m[K/home/robogait/catkin_ws/src/pkg_navigation/src/robot_controller.cpp:96:14:[m[K [01;35m[Kwarning: [m[Kunused variable â€˜[01m[Kyaw_error[m[Kâ€™ [[01;35m[K-Wunused-variable[m[K]
[1.130s]    96 |        float [01;35m[Kyaw_error[m[K= (float)calculate_yaw_error(q_goal,q_robot);
[1.130s]       |              [01;35m[K^~~~~~~~~[m[K
[3.083s] make[2]: *** [CMakeFiles/robot_controller.dir/build.make:63: CMakeFiles/robot_controller.dir/src/robot_controller.cpp.o] Error 1
[3.083s] make[1]: *** [CMakeFiles/Makefile2:258: CMakeFiles/robot_controller.dir/all] Error 2
[3.083s] make: *** [Makefile:141: all] Error 2
[3.085s] Invoked command in '/home/robogait/catkin_ws/build/pkg_navigation' returned '2': CMAKE_PREFIX_PATH=${CMAKE_PREFIX_PATH}:/home/robogait/nav2_ws/install/nav2_gazebo_spawner:/home/robogait/ros2_serial/install/ourbotmanager:/home/robogait/ros2_ws/install/nav2_project:/opt/ros/foxy /usr/bin/cmake --build /home/robogait/catkin_ws/build/pkg_navigation -- -j8 -l8
