[35m[1mScanning dependencies of target body_tracking_recording_node[0m
[ 50%] Built target body_tracking_node
[ 75%] [32mBuilding CXX object CMakeFiles/body_tracking_recording_node.dir/src/kinectAzure_body_tracker_node_plus_recording.cpp.o[0m
[01m[K/home/robogait/azure_kinect_ws/src/body_tracking/src/kinectAzure_body_tracker_node_plus_recording.cpp:[m[K In member function â€˜[01m[Kvoid MinimalPublisher::Init()[m[Kâ€™:
[01m[K/home/robogait/azure_kinect_ws/src/body_tracking/src/kinectAzure_body_tracker_node_plus_recording.cpp:303:3:[m[K [01;31m[Kerror: [m[Kâ€˜[01m[Ktime_point[m[Kâ€™ was not declared in this scope; did you mean â€˜[01m[Kstd::chrono::time_point[m[Kâ€™?
  303 |   [01;31m[Ktime_point[m[K(t_start(clock.now().nanoseconds()));
      |   [01;31m[K^~~~~~~~~~[m[K
      |   [32m[Kstd::chrono::time_point[m[K
In file included from [01m[K/home/robogait/azure_kinect_ws/src/body_tracking/src/kinectAzure_body_tracker_node_plus_recording.cpp:14[m[K:
[01m[K/usr/include/c++/9/chrono:65:14:[m[K [01;36m[Knote: [m[Kâ€˜[01m[Kstd::chrono::time_point[m[Kâ€™ declared here
   65 |       struct [01;36m[Ktime_point[m[K;
      |              [01;36m[K^~~~~~~~~~[m[K
At global scope:
[01m[Kcc1plus:[m[K [01;35m[Kwarning: [m[Kunrecognized command line option â€˜[01m[K-Wno-dev[m[Kâ€™
make[2]: *** [CMakeFiles/body_tracking_recording_node.dir/build.make:63: CMakeFiles/body_tracking_recording_node.dir/src/kinectAzure_body_tracker_node_plus_recording.cpp.o] Error 1
make[1]: *** [CMakeFiles/Makefile2:80: CMakeFiles/body_tracking_recording_node.dir/all] Error 2
make: *** [Makefile:141: all] Error 2
