[01m[K/home/robogait/azure_kinect_ws/src/kinect_azure_body_tracker/src/kinectAzure_body_tracker_node_finite.cpp:[m[K In member function â€˜[01m[Kvoid MinimalPublisher::close()[m[Kâ€™:
[01m[K/home/robogait/azure_kinect_ws/src/kinect_azure_body_tracker/src/kinectAzure_body_tracker_node_finite.cpp:279:21:[m[K [01;31m[Kerror: [m[Kâ€˜[01m[Kbody_index_map[m[Kâ€™ was not declared in this scope
  279 |   k4a_image_release([01;31m[Kbody_index_map[m[K);
      |                     [01;31m[K^~~~~~~~~~~~~~[m[K
[01m[K/home/robogait/azure_kinect_ws/src/kinect_azure_body_tracker/src/kinectAzure_body_tracker_node_finite.cpp:280:23:[m[K [01;31m[Kerror: [m[Kâ€˜[01m[Kbody_frame[m[Kâ€™ was not declared in this scope
  280 |   k4abt_frame_release([01;31m[Kbody_frame[m[K);
      |                       [01;31m[K^~~~~~~~~~[m[K
At global scope:
[01m[Kcc1plus:[m[K [01;35m[Kwarning: [m[Kunrecognized command line option â€˜[01m[K-Wno-dev[m[Kâ€™
make[2]: *** [CMakeFiles/kinect_azure_body_tracker_node_finite.dir/build.make:63: CMakeFiles/kinect_azure_body_tracker_node_finite.dir/src/kinectAzure_body_tracker_node_finite.cpp.o] Error 1
make[1]: *** [CMakeFiles/Makefile2:223: CMakeFiles/kinect_azure_body_tracker_node_finite.dir/all] Error 2
make: *** [Makefile:141: all] Error 2
