[35m[1mScanning dependencies of target prueba_talker[0m
[  5%] Built target body_tracking_node
[  7%] Built target body_tracking__cpp
[ 15%] Built target body_tracking__rosidl_generator_c
[ 20%] Built target listener
[ 25%] Built target talker
[ 28%] [32mBuilding CXX object CMakeFiles/prueba_talker.dir/src/main.cpp.o[0m
[ 35%] Built target body_tracking__rosidl_typesupport_cpp
[ 43%] Built target body_tracking__rosidl_typesupport_introspection_c
[ 51%] Built target body_tracking__rosidl_typesupport_c
[ 58%] Built target body_tracking__rosidl_typesupport_introspection_cpp
[ 66%] Built target body_tracking__rosidl_typesupport_fastrtps_cpp
[ 74%] Built target body_tracking__rosidl_typesupport_fastrtps_c
[ 74%] Built target body_tracking
[ 76%] Built target body_tracking__py
[ 82%] Built target body_tracking__python
[ 97%] Built target body_tracking__rosidl_typesupport_fastrtps_c__pyext
[ 97%] Built target body_tracking__rosidl_typesupport_introspection_c__pyext
[ 97%] Built target body_tracking__rosidl_typesupport_c__pyext
[100%] [32m[1mLinking CXX executable prueba_talker[0m
/usr/bin/ld: CMakeFiles/prueba_talker.dir/src/main.cpp.o: in function `MinimalPublisher::timer_callback()':
main.cpp:(.text._ZN16MinimalPublisher14timer_callbackEv[_ZN16MinimalPublisher14timer_callbackEv]+0x50): undefined reference to `k4a_device_get_capture'
/usr/bin/ld: main.cpp:(.text._ZN16MinimalPublisher14timer_callbackEv[_ZN16MinimalPublisher14timer_callbackEv]+0xaa): undefined reference to `k4abt_tracker_enqueue_capture'
/usr/bin/ld: main.cpp:(.text._ZN16MinimalPublisher14timer_callbackEv[_ZN16MinimalPublisher14timer_callbackEv]+0xc6): undefined reference to `k4a_capture_release'
/usr/bin/ld: main.cpp:(.text._ZN16MinimalPublisher14timer_callbackEv[_ZN16MinimalPublisher14timer_callbackEv]+0x12a): undefined reference to `k4abt_tracker_pop_result'
/usr/bin/ld: main.cpp:(.text._ZN16MinimalPublisher14timer_callbackEv[_ZN16MinimalPublisher14timer_callbackEv]+0x19c): undefined reference to `k4abt_frame_get_num_bodies'
/usr/bin/ld: main.cpp:(.text._ZN16MinimalPublisher14timer_callbackEv[_ZN16MinimalPublisher14timer_callbackEv]+0x1e3): undefined reference to `k4abt_frame_get_body_skeleton'
/usr/bin/ld: main.cpp:(.text._ZN16MinimalPublisher14timer_callbackEv[_ZN16MinimalPublisher14timer_callbackEv]+0x219): undefined reference to `k4abt_frame_get_body_id'
/usr/bin/ld: main.cpp:(.text._ZN16MinimalPublisher14timer_callbackEv[_ZN16MinimalPublisher14timer_callbackEv]+0x28a): undefined reference to `k4abt_frame_get_body_index_map'
/usr/bin/ld: main.cpp:(.text._ZN16MinimalPublisher14timer_callbackEv[_ZN16MinimalPublisher14timer_callbackEv]+0x2c3): undefined reference to `k4a_image_release'
/usr/bin/ld: main.cpp:(.text._ZN16MinimalPublisher14timer_callbackEv[_ZN16MinimalPublisher14timer_callbackEv]+0x2e0): undefined reference to `k4abt_frame_release'
/usr/bin/ld: CMakeFiles/prueba_talker.dir/src/main.cpp.o: in function `MinimalPublisher::print_body_index_map_middle_line(_k4a_image_t*)':
main.cpp:(.text._ZN16MinimalPublisher32print_body_index_map_middle_lineEP12_k4a_image_t[_ZN16MinimalPublisher32print_body_index_map_middle_lineEP12_k4a_image_t]+0x1d): undefined reference to `k4a_image_get_buffer'
/usr/bin/ld: main.cpp:(.text._ZN16MinimalPublisher32print_body_index_map_middle_lineEP12_k4a_image_t[_ZN16MinimalPublisher32print_body_index_map_middle_lineEP12_k4a_image_t]+0x2d): undefined reference to `k4a_image_get_stride_bytes'
/usr/bin/ld: main.cpp:(.text._ZN16MinimalPublisher32print_body_index_map_middle_lineEP12_k4a_image_t[_ZN16MinimalPublisher32print_body_index_map_middle_lineEP12_k4a_image_t]+0x3b): undefined reference to `k4a_image_get_width_pixels'
/usr/bin/ld: main.cpp:(.text._ZN16MinimalPublisher32print_body_index_map_middle_lineEP12_k4a_image_t[_ZN16MinimalPublisher32print_body_index_map_middle_lineEP12_k4a_image_t]+0x6a): undefined reference to `k4a_image_get_height_pixels'
/usr/bin/ld: main.cpp:(.text._ZN16MinimalPublisher32print_body_index_map_middle_lineEP12_k4a_image_t[_ZN16MinimalPublisher32print_body_index_map_middle_lineEP12_k4a_image_t]+0x82): undefined reference to `k4a_image_get_width_pixels'
/usr/bin/ld: main.cpp:(.text._ZN16MinimalPublisher32print_body_index_map_middle_lineEP12_k4a_image_t[_ZN16MinimalPublisher32print_body_index_map_middle_lineEP12_k4a_image_t]+0xb5): undefined reference to `k4a_image_get_width_pixels'
/usr/bin/ld: CMakeFiles/prueba_talker.dir/src/main.cpp.o: in function `MinimalPublisher::Init()':
main.cpp:(.text._ZN16MinimalPublisher4InitEv[_ZN16MinimalPublisher4InitEv]+0x79): undefined reference to `k4a_device_open'
/usr/bin/ld: main.cpp:(.text._ZN16MinimalPublisher4InitEv[_ZN16MinimalPublisher4InitEv]+0xb9): undefined reference to `k4a_device_start_cameras'
/usr/bin/ld: main.cpp:(.text._ZN16MinimalPublisher4InitEv[_ZN16MinimalPublisher4InitEv]+0x108): undefined reference to `k4a_device_get_calibration'
/usr/bin/ld: main.cpp:(.text._ZN16MinimalPublisher4InitEv[_ZN16MinimalPublisher4InitEv]+0x1c4): undefined reference to `k4abt_tracker_create'
collect2: error: ld returned 1 exit status
make[2]: *** [CMakeFiles/prueba_talker.dir/build.make:136: prueba_talker] Error 1
make[1]: *** [CMakeFiles/Makefile2:325: CMakeFiles/prueba_talker.dir/all] Error 2
make: *** [Makefile:141: all] Error 2
