[0.021s] Invoking command in '/home/robogait/azure_kinect_ws/build/kinect_azure_body_tracker': CMAKE_PREFIX_PATH=${CMAKE_PREFIX_PATH}:/home/robogait/ros2_ws/install/nav2_project:/home/robogait/nav2_ws/install/nav2_gazebo_spawner:/home/robogait/ros2_serial/install/ourbotmanager:/opt/ros/foxy /usr/bin/cmake --build /home/robogait/azure_kinect_ws/build/kinect_azure_body_tracker -- -j8 -l8
[0.067s] [35m[1mScanning dependencies of target kinect_azure_body_tracker_node_simplified[0m
[0.094s] [ 33%] Built target kinect_azure_body_tracker_recording_node
[0.094s] [ 66%] Built target kinect_azure_body_tracker_node
[0.102s] [ 83%] [32mBuilding CXX object CMakeFiles/kinect_azure_body_tracker_node_simplified.dir/src/kinectAzure_body_tracker_node_simplified.cpp.o[0m
[0.918s] [01m[K/home/robogait/azure_kinect_ws/src/kinect_azure_body_tracker/src/kinectAzure_body_tracker_node_simplified.cpp:200:52:[m[K [01;31m[Kerror: [m[Kconflicting specifiers in declaration of â€˜[01m[Kt0[m[Kâ€™
[0.918s]   200 |  static typedef std::chrono::high_resolution_clock [01;31m[Kt0[m[K;
[0.918s]       |                                                    [01;31m[K^~[m[K
[0.922s] [01m[K/home/robogait/azure_kinect_ws/src/kinect_azure_body_tracker/src/kinectAzure_body_tracker_node_simplified.cpp:[m[K In member function â€˜[01m[Kvoid MinimalPublisher::body_tracking()[m[Kâ€™:
[0.922s] [01m[K/home/robogait/azure_kinect_ws/src/kinect_azure_body_tracker/src/kinectAzure_body_tracker_node_simplified.cpp:136:13:[m[K [01;31m[Kerror: [m[Kâ€˜[01m[Kt0[m[Kâ€™ was not declared in this scope; did you mean â€˜[01m[Ktm[m[Kâ€™?
[0.922s]   136 |   fs = t1 - [01;31m[Kt0[m[K;
[0.922s]       |             [01;31m[K^~[m[K
[0.922s]       |             [32m[Ktm[m[K
[0.922s] [01m[K/home/robogait/azure_kinect_ws/src/kinect_azure_body_tracker/src/kinectAzure_body_tracker_node_simplified.cpp:137:23:[m[K [01;31m[Kerror: [m[Kcannot convert â€˜[01m[KMinimalPublisher::fsec[m[Kâ€™ {aka â€˜[01m[Kstd::chrono::duration<float>[m[Kâ€™} to â€˜[01m[Kbody_tracker_msgs::msg::SpineBottom_<std::allocator<void> >::_tiempo_type[m[Kâ€™ {aka â€˜[01m[Kdouble[m[Kâ€™} in assignment
[0.922s]   137 |   pelvis_data.tiempo= [01;31m[Kfs[m[K;
[0.922s]       |                       [01;31m[K^~[m[K
[0.922s]       |                       [01;31m[K|[m[K
[0.922s]       |                       [01;31m[KMinimalPublisher::fsec {aka std::chrono::duration<float>}[m[K
[0.928s] [01m[K/home/robogait/azure_kinect_ws/src/kinect_azure_body_tracker/src/kinectAzure_body_tracker_node_simplified.cpp:[m[K In member function â€˜[01m[Kvoid MinimalPublisher::Init()[m[Kâ€™:
[0.928s] [01m[K/home/robogait/azure_kinect_ws/src/kinect_azure_body_tracker/src/kinectAzure_body_tracker_node_simplified.cpp:153:3:[m[K [01;31m[Kerror: [m[Kâ€˜[01m[Kt0[m[Kâ€™ was not declared in this scope; did you mean â€˜[01m[Ktm[m[Kâ€™?
[0.928s]   153 |   [01;31m[Kt0[m[K = Time::now();
[0.928s]       |   [01;31m[K^~[m[K
[0.928s]       |   [32m[Ktm[m[K
[1.476s] At global scope:
[1.476s] [01m[Kcc1plus:[m[K [01;35m[Kwarning: [m[Kunrecognized command line option â€˜[01m[K-Wno-dev[m[Kâ€™
[1.485s] make[2]: *** [CMakeFiles/kinect_azure_body_tracker_node_simplified.dir/build.make:63: CMakeFiles/kinect_azure_body_tracker_node_simplified.dir/src/kinectAzure_body_tracker_node_simplified.cpp.o] Error 1
[1.485s] make[1]: *** [CMakeFiles/Makefile2:82: CMakeFiles/kinect_azure_body_tracker_node_simplified.dir/all] Error 2
[1.485s] make: *** [Makefile:141: all] Error 2
[1.488s] Invoked command in '/home/robogait/azure_kinect_ws/build/kinect_azure_body_tracker' returned '2': CMAKE_PREFIX_PATH=${CMAKE_PREFIX_PATH}:/home/robogait/ros2_ws/install/nav2_project:/home/robogait/nav2_ws/install/nav2_gazebo_spawner:/home/robogait/ros2_serial/install/ourbotmanager:/opt/ros/foxy /usr/bin/cmake --build /home/robogait/azure_kinect_ws/build/kinect_azure_body_tracker -- -j8 -l8
