[0.010s] Invoking command in '/home/robogait/azure_kinect_ws/build/body_tracking': CMAKE_PREFIX_PATH=${CMAKE_PREFIX_PATH}:/home/robogait/ros2_serial/install/ourbotmanager:/opt/ros/foxy /usr/bin/cmake --build /home/robogait/azure_kinect_ws/build/body_tracking -- -j8 -l8
[0.040s] [35m[1mScanning dependencies of target body_tracking_node[0m
[0.047s] [  2%] Built target body_tracking__cpp
[0.047s] [ 12%] Built target body_tracking__rosidl_generator_c
[0.059s] [ 14%] [32mBuilding CXX object CMakeFiles/body_tracking_node.dir/src/kinectAzure_body_tracker_node.cpp.o[0m
[0.064s] [ 24%] Built target body_tracking__rosidl_typesupport_introspection_cpp
[0.066s] [ 34%] Built target body_tracking__rosidl_typesupport_cpp
[0.066s] [ 43%] Built target body_tracking__rosidl_typesupport_fastrtps_cpp
[0.067s] [ 53%] Built target body_tracking__rosidl_typesupport_introspection_c
[0.068s] [ 63%] Built target body_tracking__rosidl_typesupport_c
[0.084s] [ 73%] Built target body_tracking__rosidl_typesupport_fastrtps_c
[0.097s] [ 73%] Built target body_tracking
[0.111s] [ 75%] Built target body_tracking__py
[0.130s] [ 82%] Built target body_tracking__python
[0.148s] [ 97%] Built target body_tracking__rosidl_typesupport_c__pyext
[0.148s] [ 97%] Built target body_tracking__rosidl_typesupport_fastrtps_c__pyext
[0.148s] [ 97%] Built target body_tracking__rosidl_typesupport_introspection_c__pyext
[0.828s] [01m[K/home/robogait/azure_kinect_ws/src/body_tracking/src/kinectAzure_body_tracker_node.cpp:341:10:[m[K [01;31m[Kerror: [m[Kâ€˜[01m[KWallTime[m[Kâ€™ in namespace â€˜[01m[Krclcpp[m[Kâ€™ does not name a type; did you mean â€˜[01m[KWallTimer[m[Kâ€™?
[0.828s]   341 |  rclcpp::[01;31m[KWallTime[m[K t_inicial;
[0.828s]       |          [01;31m[K^~~~~~~~[m[K
[0.828s]       |          [32m[KWallTimer[m[K
[0.828s] [01m[K/home/robogait/azure_kinect_ws/src/body_tracking/src/kinectAzure_body_tracker_node.cpp:342:10:[m[K [01;31m[Kerror: [m[Kâ€˜[01m[KWallTime[m[Kâ€™ in namespace â€˜[01m[Krclcpp[m[Kâ€™ does not name a type; did you mean â€˜[01m[KWallTimer[m[Kâ€™?
[0.828s]   342 |  rclcpp::[01;31m[KWallTime[m[K t_muestra;
[0.828s]       |          [01;31m[K^~~~~~~~[m[K
[0.828s]       |          [32m[KWallTimer[m[K
[0.832s] [01m[K/home/robogait/azure_kinect_ws/src/body_tracking/src/kinectAzure_body_tracker_node.cpp:[m[K In member function â€˜[01m[Kvoid MinimalPublisher::body_tracking()[m[Kâ€™:
[0.832s] [01m[K/home/robogait/azure_kinect_ws/src/body_tracking/src/kinectAzure_body_tracker_node.cpp:81:11:[m[K [01;31m[Kerror: [m[Kâ€˜[01m[Kt_muestra[m[Kâ€™ was not declared in this scope
[0.832s]    81 |           [01;31m[Kt_muestra[m[K = rclcpp::Node::now();
[0.832s]       |           [01;31m[K^~~~~~~~~[m[K
[0.834s] [01m[K/home/robogait/azure_kinect_ws/src/body_tracking/src/kinectAzure_body_tracker_node.cpp:140:26:[m[K [01;31m[Kerror: [m[Kâ€˜[01m[Knum_bodies[m[Kâ€™ was not declared in this scope
[0.834s]   140 |   skeleton_data.body_id= [01;31m[Knum_bodies[m[K;
[0.834s]       |                          [01;31m[K^~~~~~~~~~[m[K
[0.835s] [01m[K/home/robogait/azure_kinect_ws/src/body_tracking/src/kinectAzure_body_tracker_node.cpp:143:26:[m[K [01;31m[Kerror: [m[Kâ€˜[01m[Kt_muestra[m[Kâ€™ was not declared in this scope
[0.835s]   143 |   skeleton_data.tiempo = [01;31m[Kt_muestra[m[K.toSec() - t_inicial.toSec();
[0.835s]       |                          [01;31m[K^~~~~~~~~[m[K
[0.836s] [01m[K/home/robogait/azure_kinect_ws/src/body_tracking/src/kinectAzure_body_tracker_node.cpp:143:46:[m[K [01;31m[Kerror: [m[Kâ€˜[01m[Kt_inicial[m[Kâ€™ was not declared in this scope
[0.836s]   143 |   skeleton_data.tiempo = t_muestra.toSec() - [01;31m[Kt_inicial[m[K.toSec();
[0.836s]       |                                              [01;31m[K^~~~~~~~~[m[K
[0.844s] [01m[K/home/robogait/azure_kinect_ws/src/body_tracking/src/kinectAzure_body_tracker_node.cpp:[m[K In member function â€˜[01m[Kvoid MinimalPublisher::Init()[m[Kâ€™:
[0.844s] [01m[K/home/robogait/azure_kinect_ws/src/body_tracking/src/kinectAzure_body_tracker_node.cpp:299:3:[m[K [01;31m[Kerror: [m[Kâ€˜[01m[Kt_inicial[m[Kâ€™ was not declared in this scope
[0.844s]   299 |   [01;31m[Kt_inicial[m[K = rclcpp::Node::now();
[0.844s]       |   [01;31m[K^~~~~~~~~[m[K
[1.392s] At global scope:
[1.392s] [01m[Kcc1plus:[m[K [01;35m[Kwarning: [m[Kunrecognized command line option â€˜[01m[K-Wno-dev[m[Kâ€™
[1.406s] make[2]: *** [CMakeFiles/body_tracking_node.dir/build.make:63: CMakeFiles/body_tracking_node.dir/src/kinectAzure_body_tracker_node.cpp.o] Error 1
[1.406s] make[1]: *** [CMakeFiles/Makefile2:208: CMakeFiles/body_tracking_node.dir/all] Error 2
[1.407s] make: *** [Makefile:141: all] Error 2
[1.410s] Invoked command in '/home/robogait/azure_kinect_ws/build/body_tracking' returned '2': CMAKE_PREFIX_PATH=${CMAKE_PREFIX_PATH}:/home/robogait/ros2_serial/install/ourbotmanager:/opt/ros/foxy /usr/bin/cmake --build /home/robogait/azure_kinect_ws/build/body_tracking -- -j8 -l8
