[0.021s] Invoking command in '/home/robogait/azure_kinect_ws/build/kinect_azure_body_tracker': CMAKE_PREFIX_PATH=${CMAKE_PREFIX_PATH}:/home/robogait/nav2_ws/install/nav2_gazebo_spawner:/home/robogait/ros2_serial/install/ourbotmanager:/home/robogait/ros2_ws/install/nav2_project:/opt/ros/foxy /usr/bin/cmake --build /home/robogait/azure_kinect_ws/build/kinect_azure_body_tracker -- -j8 -l8
[0.070s] [35m[1mScanning dependencies of target kinect_azure_body_tracker_recording_node_simplified[0m
[0.114s] [ 14%] Built target kinect_azure_body_tracker_node
[0.121s] [ 21%] [32mBuilding CXX object CMakeFiles/kinect_azure_body_tracker_recording_node_simplified.dir/src/kinectAzure_body_tracker_node_plus_recording_simplified.cpp.o[0m
[0.126s] [ 35%] Built target kinect_azure_body_tracker_node_full_processing
[0.127s] [ 50%] Built target kinect_azure_body_tracker_node_plus_recording_test
[0.129s] [ 64%] Built target kinect_azure_body_tracker_node_finite
[0.132s] [ 78%] Built target kinect_azure_body_tracker_node_simplified
[0.135s] [ 92%] Built target kinect_azure_body_tracker_recording_node
[0.924s] [01m[K/home/robogait/azure_kinect_ws/src/kinect_azure_body_tracker/src/kinectAzure_body_tracker_node_plus_recording_simplified.cpp:[m[K In member function â€˜[01m[Kvoid MinimalPublisher::Init()[m[Kâ€™:
[0.924s] [01m[K/home/robogait/azure_kinect_ws/src/kinect_azure_body_tracker/src/kinectAzure_body_tracker_node_plus_recording_simplified.cpp:190:11:[m[K [01;31m[Kerror: [m[Kâ€˜[01m[KcsvFullPath[m[Kâ€™ was not declared in this scope
[0.924s]   190 |   sprintf([01;31m[KcsvFullPath[m[K, "%s%s.csv", output_path, ss.str().c_str());
[0.924s]       |           [01;31m[K^~~~~~~~~~~[m[K
[0.926s] [01m[K/home/robogait/azure_kinect_ws/src/kinect_azure_body_tracker/src/kinectAzure_body_tracker_node_plus_recording_simplified.cpp:190:36:[m[K [01;31m[Kerror: [m[Kâ€˜[01m[Koutput_path[m[Kâ€™ was not declared in this scope
[0.926s]   190 |   sprintf(csvFullPath, "%s%s.csv", [01;31m[Koutput_path[m[K, ss.str().c_str());
[0.926s]       |                                    [01;31m[K^~~~~~~~~~~[m[K
[1.435s] At global scope:
[1.435s] [01m[Kcc1plus:[m[K [01;35m[Kwarning: [m[Kunrecognized command line option â€˜[01m[K-Wno-dev[m[Kâ€™
[1.443s] make[2]: *** [CMakeFiles/kinect_azure_body_tracker_recording_node_simplified.dir/build.make:63: CMakeFiles/kinect_azure_body_tracker_recording_node_simplified.dir/src/kinectAzure_body_tracker_node_plus_recording_simplified.cpp.o] Error 1
[1.443s] make[1]: *** [CMakeFiles/Makefile2:225: CMakeFiles/kinect_azure_body_tracker_recording_node_simplified.dir/all] Error 2
[1.443s] make: *** [Makefile:141: all] Error 2
[1.445s] Invoked command in '/home/robogait/azure_kinect_ws/build/kinect_azure_body_tracker' returned '2': CMAKE_PREFIX_PATH=${CMAKE_PREFIX_PATH}:/home/robogait/nav2_ws/install/nav2_gazebo_spawner:/home/robogait/ros2_serial/install/ourbotmanager:/home/robogait/ros2_ws/install/nav2_project:/opt/ros/foxy /usr/bin/cmake --build /home/robogait/azure_kinect_ws/build/kinect_azure_body_tracker -- -j8 -l8
