[0.010s] Invoking command in '/home/robogait/azure_kinect_ws/build/body_tracking': CMAKE_PREFIX_PATH=${CMAKE_PREFIX_PATH}:/home/robogait/ros2_serial/install/ourbotmanager:/opt/ros/foxy /usr/bin/cmake --build /home/robogait/azure_kinect_ws/build/body_tracking -- -j8 -l8
[0.043s] [35m[1mScanning dependencies of target prueba_talker[0m
[0.051s] [  7%] Built target body_tracking__cpp
[0.051s] [  7%] Built target body_tracking_node
[0.051s] [ 15%] Built target body_tracking__rosidl_generator_c
[0.053s] [ 20%] Built target listener
[0.053s] [ 25%] Built target talker
[0.061s] [ 28%] [32mBuilding CXX object CMakeFiles/prueba_talker.dir/src/main.cpp.o[0m
[0.068s] [ 35%] Built target body_tracking__rosidl_typesupport_introspection_c
[0.068s] [ 48%] Built target body_tracking__rosidl_typesupport_introspection_cpp
[0.068s] [ 51%] Built target body_tracking__rosidl_typesupport_cpp
[0.069s] [ 58%] Built target body_tracking__rosidl_typesupport_c
[0.071s] [ 66%] Built target body_tracking__rosidl_typesupport_fastrtps_cpp
[0.087s] [ 74%] Built target body_tracking__rosidl_typesupport_fastrtps_c
[0.101s] [ 74%] Built target body_tracking
[0.115s] [ 76%] Built target body_tracking__py
[0.135s] [ 82%] Built target body_tracking__python
[0.152s] [ 97%] Built target body_tracking__rosidl_typesupport_fastrtps_c__pyext
[0.152s] [ 97%] Built target body_tracking__rosidl_typesupport_c__pyext
[0.152s] [ 97%] Built target body_tracking__rosidl_typesupport_introspection_c__pyext
[0.815s] [01m[K/home/robogait/azure_kinect_ws/src/body_tracking/src/main.cpp:62:6:[m[K [01;31m[Kerror: [m[Kâ€˜[01m[Kdevice_config[m[Kâ€™ does not name a type
[0.815s]    62 |      [01;31m[Kdevice_config[m[K.depth_mode = K4A_DEPTH_MODE_NFOV_UNBINNED;
[0.815s]       |      [01;31m[K^~~~~~~~~~~~~[m[K
[0.826s] [01m[K/home/robogait/azure_kinect_ws/src/body_tracking/src/main.cpp:[m[K In member function â€˜[01m[Kvoid MinimalPublisher::timer_callback()[m[Kâ€™:
[0.826s] [01m[K/home/robogait/azure_kinect_ws/src/body_tracking/src/main.cpp:75:7:[m[K [01;31m[Kerror: [m[Kâ€˜[01m[Kframe_count[m[Kâ€™ was not declared in this scope
[0.826s]    75 |       [01;31m[Kframe_count[m[K++;
[0.826s]       |       [01;31m[K^~~~~~~~~~~[m[K
[0.827s] [01m[K/home/robogait/azure_kinect_ws/src/body_tracking/src/main.cpp:81:78:[m[K [01;31m[Kerror: [m[Kâ€˜[01m[Ktracker[m[Kâ€™ was not declared in this scope
[0.827s]    81 |       k4a_wait_result_t queue_capture_result = k4abt_tracker_enqueue_capture([01;31m[Ktracker[m[K, sensor_capture, K4A_WAIT_INFINITE);
[0.827s]       |                                                                              [01;31m[K^~~~~~~[m[K
[0.827s] [01m[K/home/robogait/azure_kinect_ws/src/body_tracking/src/main.cpp:88:11:[m[K [01;31m[Kerror: [m[Kbreak statement not within loop or switch
[0.827s]    88 |           [01;31m[Kbreak[m[K;
[0.827s]       |           [01;31m[K^~~~~[m[K
[0.827s] [01m[K/home/robogait/azure_kinect_ws/src/body_tracking/src/main.cpp:93:11:[m[K [01;31m[Kerror: [m[Kbreak statement not within loop or switch
[0.827s]    93 |           [01;31m[Kbreak[m[K;
[0.827s]       |           [01;31m[K^~~~~[m[K
[0.832s] [01m[K/home/robogait/azure_kinect_ws/src/body_tracking/src/main.cpp:102:11:[m[K [01;31m[Kerror: [m[Kâ€˜[01m[Ktotal_success_tracker_time[m[Kâ€™ was not declared in this scope
[0.832s]   102 |           [01;31m[Ktotal_success_tracker_time[m[K += time_spent;
[0.832s]       |           [01;31m[K^~~~~~~~~~~~~~~~~~~~~~~~~~[m[K
[0.835s] [01m[K/home/robogait/azure_kinect_ws/src/body_tracking/src/main.cpp:103:11:[m[K [01;31m[Kerror: [m[Kâ€˜[01m[Ksuccess_frame_count[m[Kâ€™ was not declared in this scope
[0.835s]   103 |           [01;31m[Ksuccess_frame_count[m[K++;
[0.835s]       |           [01;31m[K^~~~~~~~~~~~~~~~~~~[m[K
[0.839s] [01m[K/home/robogait/azure_kinect_ws/src/body_tracking/src/main.cpp:109:11:[m[K [01;31m[Kerror: [m[Kâ€˜[01m[Ktotal_success_body_count[m[Kâ€™ was not declared in this scope
[0.839s]   109 |           [01;31m[Ktotal_success_body_count[m[K += num_bodies;
[0.839s]       |           [01;31m[K^~~~~~~~~~~~~~~~~~~~~~~~[m[K
[0.839s] [01m[K/home/robogait/azure_kinect_ws/src/body_tracking/src/main.cpp:140:11:[m[K [01;31m[Kerror: [m[Kbreak statement not within loop or switch
[0.839s]   140 |           [01;31m[Kbreak[m[K;
[0.839s]       |           [01;31m[K^~~~~[m[K
[0.840s] [01m[K/home/robogait/azure_kinect_ws/src/body_tracking/src/main.cpp:145:11:[m[K [01;31m[Kerror: [m[Kbreak statement not within loop or switch
[0.840s]   145 |           [01;31m[Kbreak[m[K;
[0.840s]       |           [01;31m[K^~~~~[m[K
[0.840s] [01m[K/home/robogait/azure_kinect_ws/src/body_tracking/src/main.cpp:152:7:[m[K [01;31m[Kerror: [m[Kbreak statement not within loop or switch
[0.840s]   152 |       [01;31m[Kbreak[m[K;
[0.840s]       |       [01;31m[K^~~~~[m[K
[0.840s] [01m[K/home/robogait/azure_kinect_ws/src/body_tracking/src/main.cpp:157:7:[m[K [01;31m[Kerror: [m[Kbreak statement not within loop or switch
[0.840s]   157 |       [01;31m[Kbreak[m[K;
[0.840s]       |       [01;31m[K^~~~~[m[K
[0.840s] [01m[K/home/robogait/azure_kinect_ws/src/body_tracking/src/main.cpp:162:27:[m[K [01;31m[Kerror: [m[Kâ€˜[01m[Kbody[m[Kâ€™ was not declared in this scope
[0.840s]   162 |   k4a_float3_t position = [01;31m[Kbody[m[K.skeleton.joints[coordenadaCadera].position;
[0.840s]       |                           [01;31m[K^~~~[m[K
[0.849s] [01m[K/home/robogait/azure_kinect_ws/src/body_tracking/src/main.cpp:[m[K In function â€˜[01m[Kint main(int, char**)[m[Kâ€™:
[0.849s] [01m[K/home/robogait/azure_kinect_ws/src/body_tracking/src/main.cpp:220:25:[m[K [01;31m[Kerror: [m[Kâ€˜[01m[Ktracker[m[Kâ€™ was not declared in this scope
[0.849s]   220 |  k4abt_tracker_shutdown([01;31m[Ktracker[m[K);
[0.849s]       |                         [01;31m[K^~~~~~~[m[K
[0.850s] [01m[K/home/robogait/azure_kinect_ws/src/body_tracking/src/main.cpp:222:26:[m[K [01;31m[Kerror: [m[Kâ€˜[01m[Kdevice[m[Kâ€™ was not declared in this scope
[0.850s]   222 |  k4a_device_stop_cameras([01;31m[Kdevice[m[K);
[0.850s]       |                          [01;31m[K^~~~~~[m[K
[1.397s] make[2]: *** [CMakeFiles/prueba_talker.dir/build.make:63: CMakeFiles/prueba_talker.dir/src/main.cpp.o] Error 1
[1.397s] make[1]: *** [CMakeFiles/Makefile2:325: CMakeFiles/prueba_talker.dir/all] Error 2
[1.398s] make: *** [Makefile:141: all] Error 2
[1.399s] Invoked command in '/home/robogait/azure_kinect_ws/build/body_tracking' returned '2': CMAKE_PREFIX_PATH=${CMAKE_PREFIX_PATH}:/home/robogait/ros2_serial/install/ourbotmanager:/opt/ros/foxy /usr/bin/cmake --build /home/robogait/azure_kinect_ws/build/body_tracking -- -j8 -l8
