[0.013s] Invoking command in '/home/robogait/catkin_ws/build/pkg_navigation': CMAKE_PREFIX_PATH=${CMAKE_PREFIX_PATH}:/home/robogait/ros2_ws/install/nav2_project:/home/robogait/nav2_ws/install/nav2_gazebo_spawner:/home/robogait/ros2_serial/install/ourbotmanager:/opt/ros/foxy /usr/bin/cmake --build /home/robogait/catkin_ws/build/pkg_navigation -- -j8 -l8
[0.058s] [35m[1mScanning dependencies of target robot_controller[0m
[0.075s] [ 20%] Built target publisher_initial_pose
[0.078s] [ 40%] Built target tf2_broadcaster
[0.079s] [ 60%] Built target publisher_subscriber
[0.079s] [ 80%] Built target robot_odom_tf2_listener
[0.080s] [ 90%] [32mBuilding CXX object CMakeFiles/robot_controller.dir/src/robot_controller.cpp.o[0m
[0.147s] [01m[K/home/robogait/catkin_ws/src/pkg_navigation/src/robot_controller.cpp:17:10:[m[K [01;31m[Kfatal error: [m[KMatrix3x3.h: No such file or directory
[0.147s]    17 | #include [01;31m[K<Matrix3x3.h>[m[K
[0.147s]       |          [01;31m[K^~~~~~~~~~~~~[m[K
[0.147s] compilation terminated.
[0.151s] make[2]: *** [CMakeFiles/robot_controller.dir/build.make:63: CMakeFiles/robot_controller.dir/src/robot_controller.cpp.o] Error 1
[0.151s] make[1]: *** [CMakeFiles/Makefile2:221: CMakeFiles/robot_controller.dir/all] Error 2
[0.151s] make: *** [Makefile:141: all] Error 2
[0.153s] Invoked command in '/home/robogait/catkin_ws/build/pkg_navigation' returned '2': CMAKE_PREFIX_PATH=${CMAKE_PREFIX_PATH}:/home/robogait/ros2_ws/install/nav2_project:/home/robogait/nav2_ws/install/nav2_gazebo_spawner:/home/robogait/ros2_serial/install/ourbotmanager:/opt/ros/foxy /usr/bin/cmake --build /home/robogait/catkin_ws/build/pkg_navigation -- -j8 -l8
