[0.010s] Invoking command in '/home/robogait/azure_kinect_ws/build/body_tracking': CMAKE_PREFIX_PATH=${CMAKE_PREFIX_PATH}:/home/robogait/ros2_serial/install/ourbotmanager:/opt/ros/foxy /usr/bin/cmake --build /home/robogait/azure_kinect_ws/build/body_tracking -- -j8 -l8
[0.028s] -- Found ament_cmake: 0.9.9 (/opt/ros/foxy/share/ament_cmake/cmake)
[0.042s] -- Found PythonInterp: /usr/bin/python3 (found suitable version "3.8.10", minimum required is "3") 
[0.042s] -- Using PYTHON_EXECUTABLE: /usr/bin/python3
[0.143s] -- Found rclcpp: 2.4.1 (/opt/ros/foxy/share/rclcpp/cmake)
[0.163s] -- Using all available rosidl_typesupport_c: rosidl_typesupport_fastrtps_c;rosidl_typesupport_introspection_c
[0.165s] -- Found rosidl_adapter: 1.2.1 (/opt/ros/foxy/share/rosidl_adapter/cmake)
[0.235s] -- Using all available rosidl_typesupport_cpp: rosidl_typesupport_fastrtps_cpp;rosidl_typesupport_introspection_cpp
[0.263s] -- Found rmw_implementation_cmake: 1.0.3 (/opt/ros/foxy/share/rmw_implementation_cmake/cmake)
[0.264s] -- Using RMW implementation 'rmw_fastrtps_cpp' as default
[0.346s] -- Found body_tracking: 0.0.0 (/home/robogait/azure_kinect_ws/install/body_tracking/share/body_tracking/cmake)
[0.349s] -- Found rosidl_default_generators: 1.0.1 (/opt/ros/foxy/share/rosidl_default_generators/cmake)
[0.370s] -- Found PythonInterp: /usr/bin/python3 (found version "3.8.10") 
[0.481s] CMake Error at /opt/ros/foxy/share/rosidl_adapter/cmake/rosidl_adapt_interfaces.cmake:60 (message):
[0.481s]   execute_process(/usr/bin/python3 -m rosidl_adapter --package-name
[0.481s]   body_tracking --arguments-file
[0.481s]   /home/robogait/azure_kinect_ws/build/body_tracking/rosidl_adapter__arguments__body_tracking.json
[0.481s]   --output-dir
[0.481s]   /home/robogait/azure_kinect_ws/build/body_tracking/rosidl_adapter/body_tracking
[0.481s]   --output-file
[0.481s]   /home/robogait/azure_kinect_ws/build/body_tracking/rosidl_adapter/body_tracking.idls)
[0.482s]   returned error code 1:
[0.482s] 
[0.482s]   Traceback (most recent call last):
[0.482s] 
[0.482s]     File "/usr/lib/python3.8/runpy.py", line 194, in _run_module_as_main
[0.482s]       return _run_code(code, main_globals, None,
[0.482s]     File "/usr/lib/python3.8/runpy.py", line 87, in _run_code
[0.482s]       exec(code, run_globals)
[0.482s]     File "/opt/ros/foxy/lib/python3.8/site-packages/rosidl_adapter/__main__.py", line 19, in <module>
[0.482s]       sys.exit(main())
[0.482s]     File "/opt/ros/foxy/lib/python3.8/site-packages/rosidl_adapter/main.py", line 53, in main
[0.482s]       abs_idl_file = convert_to_idl(
[0.482s]     File "/opt/ros/foxy/lib/python3.8/site-packages/rosidl_adapter/__init__.py", line 19, in convert_to_idl
[0.482s]       return convert_msg_to_idl(
[0.482s]     File "/opt/ros/foxy/lib/python3.8/site-packages/rosidl_adapter/msg/__init__.py", line 28, in convert_msg_to_idl
[0.482s]       msg = parse_message_string(package_name, input_file.stem, content)
[0.482s]     File "/opt/ros/foxy/lib/python3.8/site-packages/rosidl_adapter/parser.py", line 540, in parse_message_string
[0.482s]       msg = MessageSpecification(pkg_name, msg_name, fields, constants)
[0.482s]     File "/opt/ros/foxy/lib/python3.8/site-packages/rosidl_adapter/parser.py", line 387, in __init__
[0.482s]       self.base_type = BaseType(
[0.482s]     File "/opt/ros/foxy/lib/python3.8/site-packages/rosidl_adapter/parser.py", line 204, in __init__
[0.482s]       raise InvalidResourceName(
[0.482s] 
[0.482s]   rosidl_adapter.parser.InvalidResourceName: 'hip_coordinates' is an invalid
[0.482s]   message name.  It should have the pattern '^[A-Z][A-Za-z0-9]*$'
[0.482s] 
[0.483s] Call Stack (most recent call first):
[0.483s]   /opt/ros/foxy/share/rosidl_cmake/cmake/rosidl_generate_interfaces.cmake:130 (rosidl_adapt_interfaces)
[0.483s]   CMakeLists.txt:55 (rosidl_generate_interfaces)
[0.483s] 
[0.483s] 
[0.483s] -- Configuring incomplete, errors occurred!
[0.483s] See also "/home/robogait/azure_kinect_ws/build/body_tracking/CMakeFiles/CMakeOutput.log".
[0.483s] See also "/home/robogait/azure_kinect_ws/build/body_tracking/CMakeFiles/CMakeError.log".
[0.487s] make: *** [Makefile:880: cmake_check_build_system] Error 1
[0.490s] Invoked command in '/home/robogait/azure_kinect_ws/build/body_tracking' returned '2': CMAKE_PREFIX_PATH=${CMAKE_PREFIX_PATH}:/home/robogait/ros2_serial/install/ourbotmanager:/opt/ros/foxy /usr/bin/cmake --build /home/robogait/azure_kinect_ws/build/body_tracking -- -j8 -l8
