[01m[K/home/robogait/catkin_ws/src/pkg_navigation/src/robot_controller.cpp:176:24:[m[K [01;31m[Kerror: [m[Kexpected â€˜[01m[K;[m[Kâ€™ at end of member declaration
  176 |      float linear_vel, [01;31m[Kangular[m[K vel;
      |                        [01;31m[K^~~~~~~[m[K
      |                               [32m[K;[m[K
[01m[K/home/robogait/catkin_ws/src/pkg_navigation/src/robot_controller.cpp:176:32:[m[K [01;31m[Kerror: [m[Kâ€˜[01m[Kvel[m[Kâ€™ does not name a type
  176 |      float linear_vel, angular [01;31m[Kvel[m[K;
      |                                [01;31m[K^~~[m[K
[01m[K/home/robogait/catkin_ws/src/pkg_navigation/src/robot_controller.cpp:[m[K In member function â€˜[01m[Kvoid generic::callback_control_nav(geometry_msgs::msg::Twist_<std::allocator<void> >::SharedPtr)[m[Kâ€™:
[01m[K/home/robogait/catkin_ws/src/pkg_navigation/src/robot_controller.cpp:84:75:[m[K [01;35m[Kwarning: [m[Kunused parameter â€˜[01m[Kmsg[m[Kâ€™ [[01;35m[K-Wunused-parameter[m[K]
   84 |      void callback_control_nav([01;35m[Kconst geometry_msgs::msg::Twist::SharedPtr msg[m[K)
      |                                [01;35m[K~~~~~~~~~~~~~~~~~~~~~~~~~~~~~~~~~~~~~~~~~~~^~~[m[K
[01m[K/home/robogait/catkin_ws/src/pkg_navigation/src/robot_controller.cpp:[m[K In member function â€˜[01m[Kvoid generic::lane_controller()[m[Kâ€™:
[01m[K/home/robogait/catkin_ws/src/pkg_navigation/src/robot_controller.cpp:126:8:[m[K [01;31m[Kerror: [m[Kâ€˜[01m[Kangular_vel[m[Kâ€™ was not declared in this scope; did you mean â€˜[01m[Kangular[m[Kâ€™?
  126 |        [01;31m[Kangular_vel[m[K=control_yaw;
      |        [01;31m[K^~~~~~~~~~~[m[K
      |        [32m[Kangular[m[K
make[2]: *** [CMakeFiles/robot_controller.dir/build.make:63: CMakeFiles/robot_controller.dir/src/robot_controller.cpp.o] Error 1
make[1]: *** [CMakeFiles/Makefile2:314: CMakeFiles/robot_controller.dir/all] Error 2
make: *** [Makefile:141: all] Error 2
