[0.015s] Invoking command in '/home/robogait/catkin_ws/build/pkg_navigation': CMAKE_PREFIX_PATH=${CMAKE_PREFIX_PATH}:/home/robogait/nav2_ws/install/nav2_gazebo_spawner:/home/robogait/ros2_serial/install/ourbotmanager:/home/robogait/ros2_ws/install/nav2_project:/opt/ros/foxy /usr/bin/cmake --build /home/robogait/catkin_ws/build/pkg_navigation -- -j8 -l8
[0.060s] [35m[1mScanning dependencies of target robot_controller[0m
[0.084s] [  9%] Built target robot_odom_tf2_listener
[0.084s] [ 18%] Built target publisher_initial_pose
[0.084s] [ 27%] Built target tf2_broadcaster
[0.084s] [ 36%] Built target tf2_broadcaster_camera
[0.086s] [ 45%] Built target publisher_subscriber
[0.086s] [ 54%] Built target tf2_broadcaster_person
[0.093s] [ 63%] Built target robot_controller_position
[0.093s] [ 68%] [32mBuilding CXX object CMakeFiles/robot_controller.dir/src/robot_controller.cpp.o[0m
[0.116s] [ 95%] Built target robot_controller_straight
[0.116s] [ 95%] Built target camera_controller
[0.116s] [ 95%] Built target person_odom_tf2_listener
[0.880s] [01m[K/home/robogait/catkin_ws/src/pkg_navigation/src/robot_controller.cpp:176:24:[m[K [01;31m[Kerror: [m[Kexpected â€˜[01m[K;[m[Kâ€™ at end of member declaration
[0.880s]   176 |      float linear_vel, [01;31m[Kangular[m[K vel;
[0.880s]       |                        [01;31m[K^~~~~~~[m[K
[0.880s]       |                               [32m[K;[m[K
[0.881s] [01m[K/home/robogait/catkin_ws/src/pkg_navigation/src/robot_controller.cpp:176:32:[m[K [01;31m[Kerror: [m[Kâ€˜[01m[Kvel[m[Kâ€™ does not name a type
[0.881s]   176 |      float linear_vel, angular [01;31m[Kvel[m[K;
[0.881s]       |                                [01;31m[K^~~[m[K
[0.900s] [01m[K/home/robogait/catkin_ws/src/pkg_navigation/src/robot_controller.cpp:[m[K In member function â€˜[01m[Kvoid generic::callback_control_nav(geometry_msgs::msg::Twist_<std::allocator<void> >::SharedPtr)[m[Kâ€™:
[0.900s] [01m[K/home/robogait/catkin_ws/src/pkg_navigation/src/robot_controller.cpp:84:75:[m[K [01;35m[Kwarning: [m[Kunused parameter â€˜[01m[Kmsg[m[Kâ€™ [[01;35m[K-Wunused-parameter[m[K]
[0.900s]    84 |      void callback_control_nav([01;35m[Kconst geometry_msgs::msg::Twist::SharedPtr msg[m[K)
[0.900s]       |                                [01;35m[K~~~~~~~~~~~~~~~~~~~~~~~~~~~~~~~~~~~~~~~~~~~^~~[m[K
[0.905s] [01m[K/home/robogait/catkin_ws/src/pkg_navigation/src/robot_controller.cpp:[m[K In member function â€˜[01m[Kvoid generic::lane_controller()[m[Kâ€™:
[0.905s] [01m[K/home/robogait/catkin_ws/src/pkg_navigation/src/robot_controller.cpp:126:8:[m[K [01;31m[Kerror: [m[Kâ€˜[01m[Kangular_vel[m[Kâ€™ was not declared in this scope; did you mean â€˜[01m[Kangular[m[Kâ€™?
[0.905s]   126 |        [01;31m[Kangular_vel[m[K=control_yaw;
[0.905s]       |        [01;31m[K^~~~~~~~~~~[m[K
[0.905s]       |        [32m[Kangular[m[K
[2.664s] make[2]: *** [CMakeFiles/robot_controller.dir/build.make:63: CMakeFiles/robot_controller.dir/src/robot_controller.cpp.o] Error 1
[2.664s] make[1]: *** [CMakeFiles/Makefile2:314: CMakeFiles/robot_controller.dir/all] Error 2
[2.664s] make: *** [Makefile:141: all] Error 2
[2.667s] Invoked command in '/home/robogait/catkin_ws/build/pkg_navigation' returned '2': CMAKE_PREFIX_PATH=${CMAKE_PREFIX_PATH}:/home/robogait/nav2_ws/install/nav2_gazebo_spawner:/home/robogait/ros2_serial/install/ourbotmanager:/home/robogait/ros2_ws/install/nav2_project:/opt/ros/foxy /usr/bin/cmake --build /home/robogait/catkin_ws/build/pkg_navigation -- -j8 -l8
