[0.014s] Invoking command in '/home/robogait/catkin_ws/build/test': CMAKE_PREFIX_PATH=${CMAKE_PREFIX_PATH}:/home/robogait/nav2_ws/install/nav2_gazebo_spawner:/home/robogait/ros2_serial/install/ourbotmanager:/opt/ros/foxy /usr/bin/cmake --build /home/robogait/catkin_ws/build/test -- -j8 -l8
[0.053s] [35m[1mScanning dependencies of target publisher_cpp[0m
[0.071s] [ 50%] [32mBuilding CXX object CMakeFiles/publisher_cpp.dir/src/publisher_cpp.cpp.o[0m
[0.807s] [01m[K/home/robogait/catkin_ws/src/test/src/publisher_cpp.cpp:[m[K In constructor â€˜[01m[Kgeneric::generic()[m[Kâ€™:
[0.807s] [01m[K/home/robogait/catkin_ws/src/test/src/publisher_cpp.cpp:34:134:[m[K [01;31m[Kerror: [m[Kâ€˜[01m[K_1[m[Kâ€™ was not declared in this scope; did you mean â€˜[01m[Kstd::placeholders::_1[m[Kâ€™?
[0.807s]    34 | t>("/cmd_vel", 10, std::bind(&generic::topic_callback, this, [01;31m[K_1[m[K));
[0.807s]       |                                                              [01;31m[K^~[m[K
[0.807s]       |                                                              [32m[Kstd::placeholders::_1[m[K
[0.807s] In file included from [01m[K/home/robogait/catkin_ws/src/test/src/publisher_cpp.cpp:2[m[K:
[0.807s] [01m[K/usr/include/c++/9/functional:211:34:[m[K [01;36m[Knote: [m[Kâ€˜[01m[Kstd::placeholders::_1[m[Kâ€™ declared here
[0.807s]   211 |     extern const _Placeholder<1> [01;36m[K_1[m[K;
[0.807s]       |                                  [01;36m[K^~[m[K
[1.435s] make[2]: *** [CMakeFiles/publisher_cpp.dir/build.make:63: CMakeFiles/publisher_cpp.dir/src/publisher_cpp.cpp.o] Error 1
[1.435s] make[1]: *** [CMakeFiles/Makefile2:78: CMakeFiles/publisher_cpp.dir/all] Error 2
[1.435s] make: *** [Makefile:141: all] Error 2
[1.438s] Invoked command in '/home/robogait/catkin_ws/build/test' returned '2': CMAKE_PREFIX_PATH=${CMAKE_PREFIX_PATH}:/home/robogait/nav2_ws/install/nav2_gazebo_spawner:/home/robogait/ros2_serial/install/ourbotmanager:/opt/ros/foxy /usr/bin/cmake --build /home/robogait/catkin_ws/build/test -- -j8 -l8
