[0.012s] Invoking command in '/home/robogait/catkin_ws/build/test': CMAKE_PREFIX_PATH=${CMAKE_PREFIX_PATH}:/home/robogait/nav2_ws/install/nav2_gazebo_spawner:/home/robogait/ros2_serial/install/ourbotmanager:/opt/ros/foxy /usr/bin/cmake --build /home/robogait/catkin_ws/build/test -- -j8 -l8
[0.052s] [35m[1mScanning dependencies of target publisher_cpp[0m
[0.070s] [ 50%] [32mBuilding CXX object CMakeFiles/publisher_cpp.dir/src/publisher_cpp.cpp.o[0m
[0.810s] [01m[K/home/robogait/catkin_ws/src/test/src/publisher_cpp.cpp:40:23:[m[K [01;31m[Kerror: [m[KISO C++ forbids declaration of â€˜[01m[KMinimalSubscriber[m[Kâ€™ with no type [[01;31m[K-fpermissive[m[K]
[0.810s]    40 |     MinimalSubscriber([01;31m[K)[m[K
[0.810s]       |                       [01;31m[K^[m[K
[0.818s] [01m[K/home/robogait/catkin_ws/src/test/src/publisher_cpp.cpp:[m[K In member function â€˜[01m[Kint MinimalPublisher::MinimalSubscriber()[m[Kâ€™:
[0.818s] [01m[K/home/robogait/catkin_ws/src/test/src/publisher_cpp.cpp:41:7:[m[K [01;31m[Kerror: [m[Konly constructors take member initializers
[0.818s]    41 |     : [01;31m[KNode[m[K("minimal_subscriber")
[0.818s]       |       [01;31m[K^~~~[m[K
[0.818s] [01m[K/home/robogait/catkin_ws/src/test/src/publisher_cpp.cpp:44:34:[m[K [01;31m[Kerror: [m[Kâ€˜[01m[KMinimalSubscriber[m[Kâ€™ is not a class, namespace, or enumeration
[0.818s]    44 |       "/cmd_vel", 10, std::bind(&[01;31m[KMinimalSubscriber[m[K::topic_callback, this, _1));
[0.818s]       |                                  [01;31m[K^~~~~~~~~~~~~~~~~[m[K
[0.819s] [01m[K/home/robogait/catkin_ws/src/test/src/publisher_cpp.cpp:44:75:[m[K [01;31m[Kerror: [m[Kâ€˜[01m[K_1[m[Kâ€™ was not declared in this scope; did you mean â€˜[01m[Kstd::placeholders::_1[m[Kâ€™?
[0.819s]    44 | el", 10, std::bind(&MinimalSubscriber::topic_callback, this, [01;31m[K_1[m[K));
[0.819s]       |                                                              [01;31m[K^~[m[K
[0.819s]       |                                                              [32m[Kstd::placeholders::_1[m[K
[0.819s] In file included from [01m[K/home/robogait/catkin_ws/src/test/src/publisher_cpp.cpp:2[m[K:
[0.819s] [01m[K/usr/include/c++/9/functional:211:34:[m[K [01;36m[Knote: [m[Kâ€˜[01m[Kstd::placeholders::_1[m[Kâ€™ declared here
[0.819s]   211 |     extern const _Placeholder<1> [01;36m[K_1[m[K;
[0.819s]       |                                  [01;36m[K^~[m[K
[0.819s] [01m[K/home/robogait/catkin_ws/src/test/src/publisher_cpp.cpp:45:5:[m[K [01;35m[Kwarning: [m[Kno return statement in function returning non-void [[01;35m[K-Wreturn-type[m[K]
[0.819s]    45 |     [01;35m[K}[m[K
[0.819s]       |     [01;35m[K^[m[K
[1.469s] make[2]: *** [CMakeFiles/publisher_cpp.dir/build.make:63: CMakeFiles/publisher_cpp.dir/src/publisher_cpp.cpp.o] Error 1
[1.469s] make[1]: *** [CMakeFiles/Makefile2:78: CMakeFiles/publisher_cpp.dir/all] Error 2
[1.469s] make: *** [Makefile:141: all] Error 2
[1.471s] Invoked command in '/home/robogait/catkin_ws/build/test' returned '2': CMAKE_PREFIX_PATH=${CMAKE_PREFIX_PATH}:/home/robogait/nav2_ws/install/nav2_gazebo_spawner:/home/robogait/ros2_serial/install/ourbotmanager:/opt/ros/foxy /usr/bin/cmake --build /home/robogait/catkin_ws/build/test -- -j8 -l8
