[35m[1mScanning dependencies of target publisher_initial_pose[0m
[ 66%] Built target tf2_broadcaster
[ 66%] Built target publisher_subscriber
[ 83%] [32mBuilding CXX object CMakeFiles/publisher_initial_pose.dir/src/publisher_initial_pose.cpp.o[0m
[01m[K/home/robogait/catkin_ws/src/pkg_navigation/src/publisher_initial_pose.cpp:18:31:[m[K [01;31m[Kerror: [m[Kâ€˜[01m[KPoseWithCovarianceStamped[m[Kâ€™ is not a member of â€˜[01m[Kgeometry_msgs::msg[m[Kâ€™
   18 | Publisher<geometry_msgs::msg::[01;31m[KPoseWithCovarianceStamped[m[K>::SharedPtr publisher1;
      |                               [01;31m[K^~~~~~~~~~~~~~~~~~~~~~~~~[m[K
[01m[K/home/robogait/catkin_ws/src/pkg_navigation/src/publisher_initial_pose.cpp:18:31:[m[K [01;31m[Kerror: [m[Kâ€˜[01m[KPoseWithCovarianceStamped[m[Kâ€™ is not a member of â€˜[01m[Kgeometry_msgs::msg[m[Kâ€™
[01m[K/home/robogait/catkin_ws/src/pkg_navigation/src/publisher_initial_pose.cpp:18:56:[m[K [01;31m[Kerror: [m[Ktemplate argument 1 is invalid
   18 | Publisher<geometry_msgs::msg::PoseWithCovarianceStamped[01;31m[K>[m[K::SharedPtr publisher1;
      |                                                        [01;31m[K^[m[K
[01m[K/home/robogait/catkin_ws/src/pkg_navigation/src/publisher_initial_pose.cpp:18:59:[m[K [01;31m[Kerror: [m[Kexpected â€˜[01m[K;[m[Kâ€™ at end of member declaration
   18 | Publisher<geometry_msgs::msg::PoseWithCovarianceStamped>::[01;31m[KSharedPtr[m[K publisher1;
      |                                                           [01;31m[K^~~~~~~~~[m[K
      |                                                                    [32m[K;[m[K
[01m[K/home/robogait/catkin_ws/src/pkg_navigation/src/publisher_initial_pose.cpp:18:69:[m[K [01;31m[Kerror: [m[Kâ€˜[01m[Kpublisher1[m[Kâ€™ does not name a type
   18 | Publisher<geometry_msgs::msg::PoseWithCovarianceStamped>::SharedPtr [01;31m[Kpublisher1[m[K;
      |                                                                     [01;31m[K^~~~~~~~~~[m[K
[01m[K/home/robogait/catkin_ws/src/pkg_navigation/src/publisher_initial_pose.cpp:[m[K In constructor â€˜[01m[Kgeneric::generic()[m[Kâ€™:
[01m[K/home/robogait/catkin_ws/src/pkg_navigation/src/publisher_initial_pose.cpp:26:3:[m[K [01;31m[Kerror: [m[Kâ€˜[01m[Kpublisher1[m[Kâ€™ was not declared in this scope
   26 |   [01;31m[Kpublisher1[m[K = this->create_publisher<geometry_msgs::msg::PoseWithCovarianceStamped>("initialpose", 10);
      |   [01;31m[K^~~~~~~~~~[m[K
[01m[K/home/robogait/catkin_ws/src/pkg_navigation/src/publisher_initial_pose.cpp:26:59:[m[K [01;31m[Kerror: [m[Kâ€˜[01m[KPoseWithCovarianceStamped[m[Kâ€™ is not a member of â€˜[01m[Kgeometry_msgs::msg[m[Kâ€™
   26 |   publisher1 = this->create_publisher<geometry_msgs::msg::[01;31m[KPoseWithCovarianceStamped[m[K>("initialpose", 10);
      |                                                           [01;31m[K^~~~~~~~~~~~~~~~~~~~~~~~~[m[K
[01m[K/home/robogait/catkin_ws/src/pkg_navigation/src/publisher_initial_pose.cpp:26:59:[m[K [01;31m[Kerror: [m[Kâ€˜[01m[KPoseWithCovarianceStamped[m[Kâ€™ is not a member of â€˜[01m[Kgeometry_msgs::msg[m[Kâ€™
[01m[K/home/robogait/catkin_ws/src/pkg_navigation/src/publisher_initial_pose.cpp:26:103:[m[K [01;31m[Kerror: [m[Kno matching function for call to â€˜[01m[Kgeneric::create_publisher<<expression error> >(const char [12], int)[m[Kâ€™
   26 | metry_msgs::msg::PoseWithCovarianceStamped>("initialpose", 10[01;31m[K)[m[K;
      |                                                              [01;31m[K^[m[K

In file included from [01m[K/opt/ros/foxy/include/rclcpp/executors/single_threaded_executor.hpp:28[m[K,
                 from [01m[K/opt/ros/foxy/include/rclcpp/executors.hpp:22[m[K,
                 from [01m[K/opt/ros/foxy/include/rclcpp/rclcpp.hpp:146[m[K,
                 from [01m[K/home/robogait/catkin_ws/src/pkg_navigation/src/publisher_initial_pose.cpp:7[m[K:
[01m[K/opt/ros/foxy/include/rclcpp/node.hpp:184:3:[m[K [01;36m[Knote: [m[Kcandidate: â€˜[01m[Ktemplate<class MessageT, class AllocatorT, class PublisherT> std::shared_ptr<PublisherT> rclcpp::Node::create_publisher(const string&, const rclcpp::QoS&, const rclcpp::PublisherOptionsWithAllocator<AllocatorT>&)[m[Kâ€™
  184 |   [01;36m[Kcreate_publisher[m[K(
      |   [01;36m[K^~~~~~~~~~~~~~~~[m[K
[01m[K/opt/ros/foxy/include/rclcpp/node.hpp:184:3:[m[K [01;36m[Knote: [m[K  template argument deduction/substitution failed:
[01m[K/home/robogait/catkin_ws/src/pkg_navigation/src/publisher_initial_pose.cpp:26:103:[m[K [01;31m[Kerror: [m[Ktemplate argument 1 is invalid
   26 | metry_msgs::msg::PoseWithCovarianceStamped>("initialpose", 10[01;31m[K)[m[K;
      |                                                              [01;31m[K^[m[K

[01m[K/home/robogait/catkin_ws/src/pkg_navigation/src/publisher_initial_pose.cpp:27:23:[m[K [01;31m[Kerror: [m[Kâ€˜[01m[KPoseWithCovarianceStamped[m[Kâ€™ is not a member of â€˜[01m[Kgeometry_msgs::msg[m[Kâ€™
   27 |   geometry_msgs::msg::[01;31m[KPoseWithCovarianceStamped[m[K initialpose;
      |                       [01;31m[K^~~~~~~~~~~~~~~~~~~~~~~~~[m[K
[01m[K/home/robogait/catkin_ws/src/pkg_navigation/src/publisher_initial_pose.cpp:28:3:[m[K [01;31m[Kerror: [m[Kâ€˜[01m[Kinitialpose[m[Kâ€™ was not declared in this scope
   28 |   [01;31m[Kinitialpose[m[K.header.frame_id="map";
      |   [01;31m[K^~~~~~~~~~~[m[K
make[2]: *** [CMakeFiles/publisher_initial_pose.dir/build.make:63: CMakeFiles/publisher_initial_pose.dir/src/publisher_initial_pose.cpp.o] Error 1
make[1]: *** [CMakeFiles/Makefile2:82: CMakeFiles/publisher_initial_pose.dir/all] Error 2
make: *** [Makefile:141: all] Error 2
