[0.011s] Invoking command in '/home/robogait/azure_kinect_ws/build/body_tracking': CMAKE_PREFIX_PATH=${CMAKE_PREFIX_PATH}:/home/robogait/ros2_serial/install/ourbotmanager:/opt/ros/foxy /usr/bin/cmake --build /home/robogait/azure_kinect_ws/build/body_tracking -- -j8 -l8
[0.044s] [35m[1mScanning dependencies of target prueba_talker[0m
[0.047s] [  5%] Built target body_tracking_node
[0.048s] [  7%] Built target body_tracking__cpp
[0.051s] [ 15%] Built target body_tracking__rosidl_generator_c
[0.053s] [ 20%] Built target listener
[0.054s] [ 25%] Built target talker
[0.064s] [ 28%] [32mBuilding CXX object CMakeFiles/prueba_talker.dir/src/main.cpp.o[0m
[0.064s] [ 38%] Built target body_tracking__rosidl_typesupport_cpp
[0.064s] [ 43%] Built target body_tracking__rosidl_typesupport_introspection_cpp
[0.067s] [ 51%] Built target body_tracking__rosidl_typesupport_fastrtps_cpp
[0.069s] [ 64%] Built target body_tracking__rosidl_typesupport_c
[0.069s] [ 66%] Built target body_tracking__rosidl_typesupport_introspection_c
[0.085s] [ 74%] Built target body_tracking__rosidl_typesupport_fastrtps_c
[0.098s] [ 74%] Built target body_tracking
[0.112s] [ 76%] Built target body_tracking__py
[0.131s] [ 82%] Built target body_tracking__python
[0.149s] [ 97%] Built target body_tracking__rosidl_typesupport_c__pyext
[0.149s] [ 97%] Built target body_tracking__rosidl_typesupport_introspection_c__pyext
[0.149s] [ 97%] Built target body_tracking__rosidl_typesupport_fastrtps_c__pyext
[0.819s] [01m[K/home/robogait/azure_kinect_ws/src/body_tracking/src/main.cpp:204:6:[m[K [01;31m[Kerror: [m[Kâ€˜[01m[Kdevice_config[m[Kâ€™ does not name a type
[0.819s]   204 |      [01;31m[Kdevice_config[m[K.depth_mode = K4A_DEPTH_MODE_NFOV_UNBINNED;
[0.819s]       |      [01;31m[K^~~~~~~~~~~~~[m[K
[0.830s] [01m[K/home/robogait/azure_kinect_ws/src/body_tracking/src/main.cpp:[m[K In member function â€˜[01m[Kvoid MinimalPublisher::timer_callback()[m[Kâ€™:
[0.830s] [01m[K/home/robogait/azure_kinect_ws/src/body_tracking/src/main.cpp:70:7:[m[K [01;31m[Kerror: [m[Kâ€˜[01m[Kframe_count[m[Kâ€™ was not declared in this scope
[0.830s]    70 |       [01;31m[Kframe_count[m[K++;
[0.830s]       |       [01;31m[K^~~~~~~~~~~[m[K
[0.831s] [01m[K/home/robogait/azure_kinect_ws/src/body_tracking/src/main.cpp:76:78:[m[K [01;31m[Kerror: [m[Kâ€˜[01m[Ktracker[m[Kâ€™ was not declared in this scope
[0.831s]    76 |       k4a_wait_result_t queue_capture_result = k4abt_tracker_enqueue_capture([01;31m[Ktracker[m[K, sensor_capture, K4A_WAIT_INFINITE);
[0.831s]       |                                                                              [01;31m[K^~~~~~~[m[K
[0.831s] [01m[K/home/robogait/azure_kinect_ws/src/body_tracking/src/main.cpp:83:11:[m[K [01;31m[Kerror: [m[Kbreak statement not within loop or switch
[0.832s]    83 |           [01;31m[Kbreak[m[K;
[0.832s]       |           [01;31m[K^~~~~[m[K
[0.832s] [01m[K/home/robogait/azure_kinect_ws/src/body_tracking/src/main.cpp:88:11:[m[K [01;31m[Kerror: [m[Kbreak statement not within loop or switch
[0.832s]    88 |           [01;31m[Kbreak[m[K;
[0.832s]       |           [01;31m[K^~~~~[m[K
[0.836s] [01m[K/home/robogait/azure_kinect_ws/src/body_tracking/src/main.cpp:97:11:[m[K [01;31m[Kerror: [m[Kâ€˜[01m[Ktotal_success_tracker_time[m[Kâ€™ was not declared in this scope
[0.836s]    97 |           [01;31m[Ktotal_success_tracker_time[m[K += time_spent;
[0.836s]       |           [01;31m[K^~~~~~~~~~~~~~~~~~~~~~~~~~[m[K
[0.839s] [01m[K/home/robogait/azure_kinect_ws/src/body_tracking/src/main.cpp:98:11:[m[K [01;31m[Kerror: [m[Kâ€˜[01m[Ksuccess_frame_count[m[Kâ€™ was not declared in this scope
[0.839s]    98 |           [01;31m[Ksuccess_frame_count[m[K++;
[0.839s]       |           [01;31m[K^~~~~~~~~~~~~~~~~~~[m[K
[0.843s] [01m[K/home/robogait/azure_kinect_ws/src/body_tracking/src/main.cpp:104:11:[m[K [01;31m[Kerror: [m[Kâ€˜[01m[Ktotal_success_body_count[m[Kâ€™ was not declared in this scope
[0.844s]   104 |           [01;31m[Ktotal_success_body_count[m[K += num_bodies;
[0.844s]       |           [01;31m[K^~~~~~~~~~~~~~~~~~~~~~~~[m[K
[0.844s] [01m[K/home/robogait/azure_kinect_ws/src/body_tracking/src/main.cpp:135:11:[m[K [01;31m[Kerror: [m[Kbreak statement not within loop or switch
[0.844s]   135 |           [01;31m[Kbreak[m[K;
[0.844s]       |           [01;31m[K^~~~~[m[K
[0.844s] [01m[K/home/robogait/azure_kinect_ws/src/body_tracking/src/main.cpp:140:11:[m[K [01;31m[Kerror: [m[Kbreak statement not within loop or switch
[0.844s]   140 |           [01;31m[Kbreak[m[K;
[0.844s]       |           [01;31m[K^~~~~[m[K
[0.844s] [01m[K/home/robogait/azure_kinect_ws/src/body_tracking/src/main.cpp:147:7:[m[K [01;31m[Kerror: [m[Kbreak statement not within loop or switch
[0.844s]   147 |       [01;31m[Kbreak[m[K;
[0.844s]       |       [01;31m[K^~~~~[m[K
[0.844s] [01m[K/home/robogait/azure_kinect_ws/src/body_tracking/src/main.cpp:152:7:[m[K [01;31m[Kerror: [m[Kbreak statement not within loop or switch
[0.844s]   152 |       [01;31m[Kbreak[m[K;
[0.844s]       |       [01;31m[K^~~~~[m[K
[0.844s] [01m[K/home/robogait/azure_kinect_ws/src/body_tracking/src/main.cpp:157:27:[m[K [01;31m[Kerror: [m[Kâ€˜[01m[Kbody[m[Kâ€™ was not declared in this scope
[0.844s]   157 |   k4a_float3_t position = [01;31m[Kbody[m[K.skeleton.joints[coordenadaCadera].position;
[0.844s]       |                           [01;31m[K^~~~[m[K
[0.854s] [01m[K/home/robogait/azure_kinect_ws/src/body_tracking/src/main.cpp:[m[K In function â€˜[01m[Kint main(int, char**)[m[Kâ€™:
[0.854s] [01m[K/home/robogait/azure_kinect_ws/src/body_tracking/src/main.cpp:220:25:[m[K [01;31m[Kerror: [m[Kâ€˜[01m[Ktracker[m[Kâ€™ was not declared in this scope
[0.854s]   220 |  k4abt_tracker_shutdown([01;31m[Ktracker[m[K);
[0.854s]       |                         [01;31m[K^~~~~~~[m[K
[0.854s] [01m[K/home/robogait/azure_kinect_ws/src/body_tracking/src/main.cpp:222:26:[m[K [01;31m[Kerror: [m[Kâ€˜[01m[Kdevice[m[Kâ€™ was not declared in this scope
[0.854s]   222 |  k4a_device_stop_cameras([01;31m[Kdevice[m[K);
[0.854s]       |                          [01;31m[K^~~~~~[m[K
[1.424s] make[2]: *** [CMakeFiles/prueba_talker.dir/build.make:63: CMakeFiles/prueba_talker.dir/src/main.cpp.o] Error 1
[1.424s] make[1]: *** [CMakeFiles/Makefile2:325: CMakeFiles/prueba_talker.dir/all] Error 2
[1.424s] make: *** [Makefile:141: all] Error 2
[1.427s] Invoked command in '/home/robogait/azure_kinect_ws/build/body_tracking' returned '2': CMAKE_PREFIX_PATH=${CMAKE_PREFIX_PATH}:/home/robogait/ros2_serial/install/ourbotmanager:/opt/ros/foxy /usr/bin/cmake --build /home/robogait/azure_kinect_ws/build/body_tracking -- -j8 -l8
