[35m[1mScanning dependencies of target body_tracking_node[0m
[  2%] Built target body_tracking__cpp
[ 12%] Built target body_tracking__rosidl_generator_c
[ 14%] [32mBuilding CXX object CMakeFiles/body_tracking_node.dir/src/kinectAzure_body_tracker_node.cpp.o[0m
[ 24%] Built target body_tracking__rosidl_typesupport_cpp
[ 34%] Built target body_tracking__rosidl_typesupport_introspection_c
[ 43%] Built target body_tracking__rosidl_typesupport_c
[ 53%] Built target body_tracking__rosidl_typesupport_introspection_cpp
[ 63%] Built target body_tracking__rosidl_typesupport_fastrtps_cpp
[ 73%] Built target body_tracking__rosidl_typesupport_fastrtps_c
[ 73%] Built target body_tracking
[ 75%] Built target body_tracking__py
[ 82%] Built target body_tracking__python
[ 97%] Built target body_tracking__rosidl_typesupport_fastrtps_c__pyext
[ 97%] Built target body_tracking__rosidl_typesupport_c__pyext
[ 97%] Built target body_tracking__rosidl_typesupport_introspection_c__pyext
[01m[K/home/robogait/azure_kinect_ws/src/body_tracking/src/kinectAzure_body_tracker_node.cpp:[m[K In member function â€˜[01m[Kvoid MinimalPublisher::body_tracking()[m[Kâ€™:
[01m[K/home/robogait/azure_kinect_ws/src/body_tracking/src/kinectAzure_body_tracker_node.cpp:81:42:[m[K [01;31m[Kerror: [m[Kcannot call member function â€˜[01m[Krclcpp::Time rclcpp::Clock::now()[m[Kâ€™ without object
   81 |           t_muestra = rclcpp::Clock::now([01;31m[K)[m[K;;
      |                                          [01;31m[K^[m[K
[01m[K/home/robogait/azure_kinect_ws/src/body_tracking/src/kinectAzure_body_tracker_node.cpp:143:36:[m[K [01;31m[Kerror: [m[Kno match for â€˜[01m[Koperator-[m[Kâ€™ (operand types are â€˜[01m[Krclcpp::Clock[m[Kâ€™ and â€˜[01m[Krclcpp::Clock[m[Kâ€™)
  143 |   skeleton_data.tiempo = [32m[Kt_muestra[m[K [01;31m[K-[m[K [34m[Kt_inicial[m[K;
      |                          [32m[K~~~~~~~~~[m[K [01;31m[K^[m[K [34m[K~~~~~~~~~[m[K
      |                          [32m[K|[m[K           [34m[K|[m[K
      |                          [32m[K|[m[K           [34m[Krclcpp::Clock[m[K
      |                          [32m[Krclcpp::Clock[m[K
[01m[K/home/robogait/azure_kinect_ws/src/body_tracking/src/kinectAzure_body_tracker_node.cpp:[m[K In member function â€˜[01m[Kvoid MinimalPublisher::Init()[m[Kâ€™:
[01m[K/home/robogait/azure_kinect_ws/src/body_tracking/src/kinectAzure_body_tracker_node.cpp:299:34:[m[K [01;31m[Kerror: [m[Kcannot call member function â€˜[01m[Krclcpp::Time rclcpp::Clock::now()[m[Kâ€™ without object
  299 |   t_inicial = rclcpp::Clock::now([01;31m[K)[m[K;
      |                                  [01;31m[K^[m[K
At global scope:
[01m[Kcc1plus:[m[K [01;35m[Kwarning: [m[Kunrecognized command line option â€˜[01m[K-Wno-dev[m[Kâ€™
make[2]: *** [CMakeFiles/body_tracking_node.dir/build.make:63: CMakeFiles/body_tracking_node.dir/src/kinectAzure_body_tracker_node.cpp.o] Error 1
make[1]: *** [CMakeFiles/Makefile2:208: CMakeFiles/body_tracking_node.dir/all] Error 2
make: *** [Makefile:141: all] Error 2
