[0.011s] Invoking command in '/home/robogait/azure_kinect_ws/build/body_tracking': CMAKE_PREFIX_PATH=${CMAKE_PREFIX_PATH}:/home/robogait/ros2_serial/install/ourbotmanager:/opt/ros/foxy /usr/bin/cmake --build /home/robogait/azure_kinect_ws/build/body_tracking -- -j8 -l8
[0.041s] [35m[1mScanning dependencies of target body_tracking_node[0m
[0.048s] [  2%] Built target body_tracking__cpp
[0.048s] [ 12%] Built target body_tracking__rosidl_generator_c
[0.060s] [ 14%] [32mBuilding CXX object CMakeFiles/body_tracking_node.dir/src/kinectAzure_body_tracker_node.cpp.o[0m
[0.064s] [ 24%] Built target body_tracking__rosidl_typesupport_cpp
[0.065s] [ 34%] Built target body_tracking__rosidl_typesupport_introspection_c
[0.065s] [ 43%] Built target body_tracking__rosidl_typesupport_c
[0.066s] [ 53%] Built target body_tracking__rosidl_typesupport_introspection_cpp
[0.069s] [ 63%] Built target body_tracking__rosidl_typesupport_fastrtps_cpp
[0.087s] [ 73%] Built target body_tracking__rosidl_typesupport_fastrtps_c
[0.100s] [ 73%] Built target body_tracking
[0.116s] [ 75%] Built target body_tracking__py
[0.134s] [ 82%] Built target body_tracking__python
[0.152s] [ 97%] Built target body_tracking__rosidl_typesupport_fastrtps_c__pyext
[0.152s] [ 97%] Built target body_tracking__rosidl_typesupport_c__pyext
[0.152s] [ 97%] Built target body_tracking__rosidl_typesupport_introspection_c__pyext
[0.845s] [01m[K/home/robogait/azure_kinect_ws/src/body_tracking/src/kinectAzure_body_tracker_node.cpp:[m[K In member function â€˜[01m[Kvoid MinimalPublisher::body_tracking()[m[Kâ€™:
[0.845s] [01m[K/home/robogait/azure_kinect_ws/src/body_tracking/src/kinectAzure_body_tracker_node.cpp:81:42:[m[K [01;31m[Kerror: [m[Kcannot call member function â€˜[01m[Krclcpp::Time rclcpp::Clock::now()[m[Kâ€™ without object
[0.846s]    81 |           t_muestra = rclcpp::Clock::now([01;31m[K)[m[K;;
[0.846s]       |                                          [01;31m[K^[m[K
[0.846s] [01m[K/home/robogait/azure_kinect_ws/src/body_tracking/src/kinectAzure_body_tracker_node.cpp:143:36:[m[K [01;31m[Kerror: [m[Kno match for â€˜[01m[Koperator-[m[Kâ€™ (operand types are â€˜[01m[Krclcpp::Clock[m[Kâ€™ and â€˜[01m[Krclcpp::Clock[m[Kâ€™)
[0.846s]   143 |   skeleton_data.tiempo = [32m[Kt_muestra[m[K [01;31m[K-[m[K [34m[Kt_inicial[m[K;
[0.846s]       |                          [32m[K~~~~~~~~~[m[K [01;31m[K^[m[K [34m[K~~~~~~~~~[m[K
[0.846s]       |                          [32m[K|[m[K           [34m[K|[m[K
[0.846s]       |                          [32m[K|[m[K           [34m[Krclcpp::Clock[m[K
[0.846s]       |                          [32m[Krclcpp::Clock[m[K
[0.851s] [01m[K/home/robogait/azure_kinect_ws/src/body_tracking/src/kinectAzure_body_tracker_node.cpp:[m[K In member function â€˜[01m[Kvoid MinimalPublisher::Init()[m[Kâ€™:
[0.851s] [01m[K/home/robogait/azure_kinect_ws/src/body_tracking/src/kinectAzure_body_tracker_node.cpp:299:34:[m[K [01;31m[Kerror: [m[Kcannot call member function â€˜[01m[Krclcpp::Time rclcpp::Clock::now()[m[Kâ€™ without object
[0.851s]   299 |   t_inicial = rclcpp::Clock::now([01;31m[K)[m[K;
[0.851s]       |                                  [01;31m[K^[m[K
[1.377s] At global scope:
[1.377s] [01m[Kcc1plus:[m[K [01;35m[Kwarning: [m[Kunrecognized command line option â€˜[01m[K-Wno-dev[m[Kâ€™
[1.387s] make[2]: *** [CMakeFiles/body_tracking_node.dir/build.make:63: CMakeFiles/body_tracking_node.dir/src/kinectAzure_body_tracker_node.cpp.o] Error 1
[1.387s] make[1]: *** [CMakeFiles/Makefile2:208: CMakeFiles/body_tracking_node.dir/all] Error 2
[1.387s] make: *** [Makefile:141: all] Error 2
[1.389s] Invoked command in '/home/robogait/azure_kinect_ws/build/body_tracking' returned '2': CMAKE_PREFIX_PATH=${CMAKE_PREFIX_PATH}:/home/robogait/ros2_serial/install/ourbotmanager:/opt/ros/foxy /usr/bin/cmake --build /home/robogait/azure_kinect_ws/build/body_tracking -- -j8 -l8
