[0.013s] Invoking command in '/home/robogait/ros2_serial_cpp/build/ros2_serial_cpp': CMAKE_PREFIX_PATH=${CMAKE_PREFIX_PATH}:/home/robogait/nav2_ws/install/nav2_gazebo_spawner:/home/robogait/ros2_serial/install/ourbotmanager:/home/robogait/ros2_ws/install/nav2_project:/opt/ros/foxy /usr/bin/cmake --build /home/robogait/ros2_serial_cpp/build/ros2_serial_cpp -- -j8 -l8
[0.055s] [35m[1mScanning dependencies of target modelado[0m
[0.071s] [ 50%] Built target driver_controller
[0.074s] [ 75%] [32mBuilding CXX object CMakeFiles/modelado.dir/src/modelado.cpp.o[0m
[0.844s] [01m[K/home/robogait/ros2_serial_cpp/src/modelado.cpp:[m[K In member function â€˜[01m[Kvoid MinimalSubscriber::topic_callback_odom(nav_msgs::msg::Odometry_<std::allocator<void> >::SharedPtr)[m[Kâ€™:
[0.844s] [01m[K/home/robogait/ros2_serial_cpp/src/modelado.cpp:34:3:[m[K [01;31m[Kerror: [m[Kâ€˜[01m[Krobot_vel_x[m[Kâ€™ was not declared in this scope; did you mean â€˜[01m[Krobot_pos_x[m[Kâ€™?
[0.844s]    34 |   [01;31m[Krobot_vel_x[m[K= msg->twist.twist.linear.x;
[0.844s]       |   [01;31m[K^~~~~~~~~~~[m[K
[0.844s]       |   [32m[Krobot_pos_x[m[K
[2.050s] make[2]: *** [CMakeFiles/modelado.dir/build.make:63: CMakeFiles/modelado.dir/src/modelado.cpp.o] Error 1
[2.050s] make[1]: *** [CMakeFiles/Makefile2:80: CMakeFiles/modelado.dir/all] Error 2
[2.051s] make: *** [Makefile:141: all] Error 2
[2.052s] Invoked command in '/home/robogait/ros2_serial_cpp/build/ros2_serial_cpp' returned '2': CMAKE_PREFIX_PATH=${CMAKE_PREFIX_PATH}:/home/robogait/nav2_ws/install/nav2_gazebo_spawner:/home/robogait/ros2_serial/install/ourbotmanager:/home/robogait/ros2_ws/install/nav2_project:/opt/ros/foxy /usr/bin/cmake --build /home/robogait/ros2_serial_cpp/build/ros2_serial_cpp -- -j8 -l8
