[0.015s] Invoking command in '/home/robogait/catkin_ws/build/pkg_navigation': CMAKE_PREFIX_PATH=${CMAKE_PREFIX_PATH}:/home/robogait/ros2_ws/install/nav2_project:/home/robogait/nav2_ws/install/nav2_gazebo_spawner:/home/robogait/ros2_serial/install/ourbotmanager:/opt/ros/foxy /usr/bin/cmake --build /home/robogait/catkin_ws/build/pkg_navigation -- -j8 -l8
[0.058s] [35m[1mScanning dependencies of target robot_controller[0m
[0.071s] [ 40%] Built target tf2_broadcaster
[0.071s] [ 40%] Built target publisher_initial_pose
[0.076s] [ 60%] Built target publisher_subscriber
[0.078s] [ 80%] Built target robot_odom_tf2_listener
[0.079s] [ 90%] [32mBuilding CXX object CMakeFiles/robot_controller.dir/src/robot_controller.cpp.o[0m
[0.853s] [01m[K/home/robogait/catkin_ws/src/pkg_navigation/src/robot_controller.cpp:[m[K In member function â€˜[01m[Kvoid generic::callback_keyboard(geometry_msgs::msg::Twist_<std::allocator<void> >::SharedPtr) const[m[Kâ€™:
[0.853s] [01m[K/home/robogait/catkin_ws/src/pkg_navigation/src/robot_controller.cpp:64:33:[m[K [01;31m[Kerror: [m[Kassignment of member â€˜[01m[Kgeometry_msgs::msg::Vector3_<std::allocator<void> >::x[m[Kâ€™ in read-only object
[0.853s]    64 |        [01;31m[Kcmd_keyboard_msg.linear.x=10[m[K;
[0.853s]       |        [01;31m[K~~~~~~~~~~~~~~~~~~~~~~~~~^~~[m[K
[1.853s] make[2]: *** [CMakeFiles/robot_controller.dir/build.make:63: CMakeFiles/robot_controller.dir/src/robot_controller.cpp.o] Error 1
[1.853s] make[1]: *** [CMakeFiles/Makefile2:221: CMakeFiles/robot_controller.dir/all] Error 2
[1.853s] make: *** [Makefile:141: all] Error 2
[1.856s] Invoked command in '/home/robogait/catkin_ws/build/pkg_navigation' returned '2': CMAKE_PREFIX_PATH=${CMAKE_PREFIX_PATH}:/home/robogait/ros2_ws/install/nav2_project:/home/robogait/nav2_ws/install/nav2_gazebo_spawner:/home/robogait/ros2_serial/install/ourbotmanager:/opt/ros/foxy /usr/bin/cmake --build /home/robogait/catkin_ws/build/pkg_navigation -- -j8 -l8
