[0.009s] Invoking command in '/home/robogait/azure_kinect_ws/build/body_tracking': CMAKE_PREFIX_PATH=${CMAKE_PREFIX_PATH}:/home/robogait/ros2_serial/install/ourbotmanager:/opt/ros/foxy /usr/bin/cmake --build /home/robogait/azure_kinect_ws/build/body_tracking -- -j8 -l8
[0.038s] [35m[1mScanning dependencies of target prueba_talker[0m
[0.046s] [  2%] Built target body_tracking__cpp
[0.046s] [ 10%] Built target body_tracking__rosidl_generator_c
[0.046s] [ 15%] Built target body_tracking_node
[0.048s] [ 20%] Built target listener
[0.049s] [ 25%] Built target talker
[0.059s] [ 28%] [32mBuilding CXX object CMakeFiles/prueba_talker.dir/src/main.cpp.o[0m
[0.062s] [ 35%] Built target body_tracking__rosidl_typesupport_introspection_c
[0.062s] [ 43%] Built target body_tracking__rosidl_typesupport_c
[0.063s] [ 51%] Built target body_tracking__rosidl_typesupport_cpp
[0.063s] [ 58%] Built target body_tracking__rosidl_typesupport_fastrtps_cpp
[0.063s] [ 66%] Built target body_tracking__rosidl_typesupport_introspection_cpp
[0.079s] [ 74%] Built target body_tracking__rosidl_typesupport_fastrtps_c
[0.091s] [ 74%] Built target body_tracking
[0.104s] [ 76%] Built target body_tracking__py
[0.120s] [ 82%] Built target body_tracking__python
[0.137s] [ 97%] Built target body_tracking__rosidl_typesupport_fastrtps_c__pyext
[0.137s] [ 97%] Built target body_tracking__rosidl_typesupport_c__pyext
[0.137s] [ 97%] Built target body_tracking__rosidl_typesupport_introspection_c__pyext
[0.781s] [01m[K/home/robogait/azure_kinect_ws/src/body_tracking/src/main.cpp:31:6:[m[K [01;31m[Kerror: [m[Kâ€˜[01m[Kdevice_config[m[Kâ€™ does not name a type
[0.781s]    31 |      [01;31m[Kdevice_config[m[K.depth_mode = K4A_DEPTH_MODE_NFOV_UNBINNED;
[0.781s]       |      [01;31m[K^~~~~~~~~~~~~[m[K
[0.792s] [01m[K/home/robogait/azure_kinect_ws/src/body_tracking/src/main.cpp:[m[K In member function â€˜[01m[Kvoid MinimalPublisher::timer_callback()[m[Kâ€™:
[0.792s] [01m[K/home/robogait/azure_kinect_ws/src/body_tracking/src/main.cpp:76:7:[m[K [01;31m[Kerror: [m[Kâ€˜[01m[Kframe_count[m[Kâ€™ was not declared in this scope
[0.792s]    76 |       [01;31m[Kframe_count[m[K++;
[0.792s]       |       [01;31m[K^~~~~~~~~~~[m[K
[0.793s] [01m[K/home/robogait/azure_kinect_ws/src/body_tracking/src/main.cpp:82:78:[m[K [01;31m[Kerror: [m[Kâ€˜[01m[Ktracker[m[Kâ€™ was not declared in this scope
[0.793s]    82 |       k4a_wait_result_t queue_capture_result = k4abt_tracker_enqueue_capture([01;31m[Ktracker[m[K, sensor_capture, K4A_WAIT_INFINITE);
[0.793s]       |                                                                              [01;31m[K^~~~~~~[m[K
[0.793s] [01m[K/home/robogait/azure_kinect_ws/src/body_tracking/src/main.cpp:89:11:[m[K [01;31m[Kerror: [m[Kbreak statement not within loop or switch
[0.793s]    89 |           [01;31m[Kbreak[m[K;
[0.793s]       |           [01;31m[K^~~~~[m[K
[0.793s] [01m[K/home/robogait/azure_kinect_ws/src/body_tracking/src/main.cpp:94:11:[m[K [01;31m[Kerror: [m[Kbreak statement not within loop or switch
[0.793s]    94 |           [01;31m[Kbreak[m[K;
[0.793s]       |           [01;31m[K^~~~~[m[K
[0.798s] [01m[K/home/robogait/azure_kinect_ws/src/body_tracking/src/main.cpp:103:11:[m[K [01;31m[Kerror: [m[Kâ€˜[01m[Ktotal_success_tracker_time[m[Kâ€™ was not declared in this scope
[0.798s]   103 |           [01;31m[Ktotal_success_tracker_time[m[K += time_spent;
[0.798s]       |           [01;31m[K^~~~~~~~~~~~~~~~~~~~~~~~~~[m[K
[0.800s] [01m[K/home/robogait/azure_kinect_ws/src/body_tracking/src/main.cpp:104:11:[m[K [01;31m[Kerror: [m[Kâ€˜[01m[Ksuccess_frame_count[m[Kâ€™ was not declared in this scope
[0.800s]   104 |           [01;31m[Ksuccess_frame_count[m[K++;
[0.800s]       |           [01;31m[K^~~~~~~~~~~~~~~~~~~[m[K
[0.804s] [01m[K/home/robogait/azure_kinect_ws/src/body_tracking/src/main.cpp:110:11:[m[K [01;31m[Kerror: [m[Kâ€˜[01m[Ktotal_success_body_count[m[Kâ€™ was not declared in this scope
[0.804s]   110 |           [01;31m[Ktotal_success_body_count[m[K += num_bodies;
[0.805s]       |           [01;31m[K^~~~~~~~~~~~~~~~~~~~~~~~[m[K
[0.805s] [01m[K/home/robogait/azure_kinect_ws/src/body_tracking/src/main.cpp:141:11:[m[K [01;31m[Kerror: [m[Kbreak statement not within loop or switch
[0.805s]   141 |           [01;31m[Kbreak[m[K;
[0.805s]       |           [01;31m[K^~~~~[m[K
[0.805s] [01m[K/home/robogait/azure_kinect_ws/src/body_tracking/src/main.cpp:146:11:[m[K [01;31m[Kerror: [m[Kbreak statement not within loop or switch
[0.805s]   146 |           [01;31m[Kbreak[m[K;
[0.805s]       |           [01;31m[K^~~~~[m[K
[0.805s] [01m[K/home/robogait/azure_kinect_ws/src/body_tracking/src/main.cpp:153:7:[m[K [01;31m[Kerror: [m[Kbreak statement not within loop or switch
[0.805s]   153 |       [01;31m[Kbreak[m[K;
[0.805s]       |       [01;31m[K^~~~~[m[K
[0.805s] [01m[K/home/robogait/azure_kinect_ws/src/body_tracking/src/main.cpp:158:7:[m[K [01;31m[Kerror: [m[Kbreak statement not within loop or switch
[0.805s]   158 |       [01;31m[Kbreak[m[K;
[0.805s]       |       [01;31m[K^~~~~[m[K
[0.805s] [01m[K/home/robogait/azure_kinect_ws/src/body_tracking/src/main.cpp:163:27:[m[K [01;31m[Kerror: [m[Kâ€˜[01m[Kbody[m[Kâ€™ was not declared in this scope
[0.805s]   163 |   k4a_float3_t position = [01;31m[Kbody[m[K.skeleton.joints[coordenadaCadera].position;
[0.805s]       |                           [01;31m[K^~~~[m[K
[0.814s] [01m[K/home/robogait/azure_kinect_ws/src/body_tracking/src/main.cpp:[m[K In function â€˜[01m[Kint main(int, char**)[m[Kâ€™:
[0.814s] [01m[K/home/robogait/azure_kinect_ws/src/body_tracking/src/main.cpp:221:25:[m[K [01;31m[Kerror: [m[Kâ€˜[01m[Ktracker[m[Kâ€™ was not declared in this scope
[0.814s]   221 |  k4abt_tracker_shutdown([01;31m[Ktracker[m[K);
[0.814s]       |                         [01;31m[K^~~~~~~[m[K
[0.814s] [01m[K/home/robogait/azure_kinect_ws/src/body_tracking/src/main.cpp:223:26:[m[K [01;31m[Kerror: [m[Kâ€˜[01m[Kdevice[m[Kâ€™ was not declared in this scope
[0.814s]   223 |  k4a_device_stop_cameras([01;31m[Kdevice[m[K);
[0.814s]       |                          [01;31m[K^~~~~~[m[K
[1.346s] make[2]: *** [CMakeFiles/prueba_talker.dir/build.make:63: CMakeFiles/prueba_talker.dir/src/main.cpp.o] Error 1
[1.346s] make[1]: *** [CMakeFiles/Makefile2:325: CMakeFiles/prueba_talker.dir/all] Error 2
[1.346s] make: *** [Makefile:141: all] Error 2
[1.348s] Invoked command in '/home/robogait/azure_kinect_ws/build/body_tracking' returned '2': CMAKE_PREFIX_PATH=${CMAKE_PREFIX_PATH}:/home/robogait/ros2_serial/install/ourbotmanager:/opt/ros/foxy /usr/bin/cmake --build /home/robogait/azure_kinect_ws/build/body_tracking -- -j8 -l8
