[0.013s] Invoking command in '/home/robogait/catkin_ws/build/pkg_navigation': CMAKE_PREFIX_PATH=${CMAKE_PREFIX_PATH}:/home/robogait/ros2_ws/install/nav2_project:/home/robogait/nav2_ws/install/nav2_gazebo_spawner:/home/robogait/ros2_serial/install/ourbotmanager:/opt/ros/foxy /usr/bin/cmake --build /home/robogait/catkin_ws/build/pkg_navigation -- -j8 -l8
[0.054s] [35m[1mScanning dependencies of target robot_odom_tf2_listener[0m
[0.069s] [ 50%] Built target publisher_initial_pose
[0.069s] [ 50%] Built target publisher_subscriber
[0.070s] [ 75%] Built target tf2_broadcaster
[0.074s] [ 87%] [32mBuilding CXX object CMakeFiles/robot_odom_tf2_listener.dir/src/robot_odom_tf2_listener.cpp.o[0m
[0.867s] [01m[K/home/robogait/catkin_ws/src/pkg_navigation/src/robot_odom_tf2_listener.cpp:93:3:[m[K [01;31m[Kerror: [m[Kâ€˜[01m[KTimerBase[m[Kâ€™ does not name a type
[0.867s]    93 |   [01;31m[KTimerBase[m[K::SharedPtr timer_;
[0.867s]       |   [01;31m[K^~~~~~~~~[m[K
[1.480s] make[2]: *** [CMakeFiles/robot_odom_tf2_listener.dir/build.make:63: CMakeFiles/robot_odom_tf2_listener.dir/src/robot_odom_tf2_listener.cpp.o] Error 1
[1.480s] make[1]: *** [CMakeFiles/Makefile2:138: CMakeFiles/robot_odom_tf2_listener.dir/all] Error 2
[1.480s] make: *** [Makefile:141: all] Error 2
[1.482s] Invoked command in '/home/robogait/catkin_ws/build/pkg_navigation' returned '2': CMAKE_PREFIX_PATH=${CMAKE_PREFIX_PATH}:/home/robogait/ros2_ws/install/nav2_project:/home/robogait/nav2_ws/install/nav2_gazebo_spawner:/home/robogait/ros2_serial/install/ourbotmanager:/opt/ros/foxy /usr/bin/cmake --build /home/robogait/catkin_ws/build/pkg_navigation -- -j8 -l8
