[35m[1mScanning dependencies of target robot_controller[0m
[ 30%] Built target robot_odom_tf2_listener
[ 40%] Built target publisher_subscriber
[ 60%] Built target publisher_initial_pose
[ 80%] Built target tf2_broadcaster
[ 90%] [32mBuilding CXX object CMakeFiles/robot_controller.dir/src/robot_controller.cpp.o[0m
[01m[K/home/robogait/catkin_ws/src/pkg_navigation/src/robot_controller.cpp:[m[K In member function â€˜[01m[Kvoid generic::loop()[m[Kâ€™:
[01m[K/home/robogait/catkin_ws/src/pkg_navigation/src/robot_controller.cpp:111:20:[m[K [01;31m[Kerror: [m[Kassignment of read-only location â€˜[01m[Kq_robot.tf2::Quaternion::<anonymous>.tf2::QuadWord::w()[m[Kâ€™
  111 |         [01;31m[Kq_robot.w()=-q_robot.w()[m[K;
      |         [01;31m[K~~~~~~~~~~~^~~~~~~~~~~~~[m[K
make[2]: *** [CMakeFiles/robot_controller.dir/build.make:63: CMakeFiles/robot_controller.dir/src/robot_controller.cpp.o] Error 1
make[1]: *** [CMakeFiles/Makefile2:221: CMakeFiles/robot_controller.dir/all] Error 2
make: *** [Makefile:141: all] Error 2
