[01m[K/home/robogait/catkin_ws/src/pkg_navigation/src/robot_controller_position.cpp:[m[K In member function â€˜[01m[Kvoid generic::controller()[m[Kâ€™:
[01m[K/home/robogait/catkin_ws/src/pkg_navigation/src/robot_controller_position.cpp:121:21:[m[K [01;31m[Kerror: [m[Kexpected â€˜[01m[K;[m[Kâ€™ before numeric constant
  121 |          control=-1.
      |                     [01;31m[K^[m[K
      |                     [32m[K;[m[K
  122 |          [32m[K5386[m[K;
      |          [32m[K~~~~[m[K        
make[2]: *** [CMakeFiles/robot_controller_position.dir/build.make:63: CMakeFiles/robot_controller_position.dir/src/robot_controller_position.cpp.o] Error 1
make[1]: *** [CMakeFiles/Makefile2:277: CMakeFiles/robot_controller_position.dir/all] Error 2
make: *** [Makefile:141: all] Error 2
