[0.013s] Invoking command in '/home/robogait/catkin_ws/build/pkg_navigation': CMAKE_PREFIX_PATH=${CMAKE_PREFIX_PATH}:/home/robogait/nav2_ws/install/nav2_gazebo_spawner:/home/robogait/ros2_serial/install/ourbotmanager:/home/robogait/ros2_ws/install/nav2_project:/opt/ros/foxy /usr/bin/cmake --build /home/robogait/catkin_ws/build/pkg_navigation -- -j8 -l8
[0.060s] [35m[1mScanning dependencies of target robot_controller_position[0m
[0.076s] [ 16%] Built target publisher_subscriber
[0.077s] [ 33%] Built target publisher_initial_pose
[0.078s] [ 50%] Built target robot_controller
[0.080s] [ 66%] Built target robot_odom_tf2_listener
[0.080s] [ 83%] Built target tf2_broadcaster
[0.084s] [ 91%] [32mBuilding CXX object CMakeFiles/robot_controller_position.dir/src/robot_controller_position.cpp.o[0m
[0.894s] [01m[K/home/robogait/catkin_ws/src/pkg_navigation/src/robot_controller_position.cpp:[m[K In member function â€˜[01m[Kvoid generic::topic_callback_spine_bottom(body_tracker_msgs::msg::SpineBottom_<std::allocator<void> >::SharedPtr)[m[Kâ€™:
[0.894s] [01m[K/home/robogait/catkin_ws/src/pkg_navigation/src/robot_controller_position.cpp:95:15:[m[K [01;35m[Kwarning: [m[Kvariable â€˜[01m[Kavg_filtered[m[Kâ€™ set but not used [[01;35m[K-Wunused-but-set-variable[m[K]
[0.895s]    95 |         float [01;35m[Kavg_filtered[m[K=mean_filter(person_vel);
[0.895s]       |               [01;35m[K^~~~~~~~~~~~[m[K
[0.902s] [01m[K/home/robogait/catkin_ws/src/pkg_navigation/src/robot_controller_position.cpp:[m[K In member function â€˜[01m[Kvoid generic::callback_keyboard(geometry_msgs::msg::Twist_<std::allocator<void> >::SharedPtr)[m[Kâ€™:
[0.903s] [01m[K/home/robogait/catkin_ws/src/pkg_navigation/src/robot_controller_position.cpp:134:65:[m[K [01;31m[Kerror: [m[Kâ€˜[01m[Kant_time[m[Kâ€™ was not declared in this scope
[0.903s]   134 |        std::chrono::duration<double> elapsed_seconds = time_now-[01;31m[Kant_time[m[K;
[0.903s]       |                                                                 [01;31m[K^~~~~~~~[m[K
[0.903s] [01m[K/home/robogait/catkin_ws/src/pkg_navigation/src/robot_controller_position.cpp:126:74:[m[K [01;35m[Kwarning: [m[Kunused parameter â€˜[01m[Kmsg[m[Kâ€™ [[01;35m[K-Wunused-parameter[m[K]
[0.903s]   126 |        void callback_keyboard([01;35m[Kconst geometry_msgs::msg::Twist::SharedPtr msg[m[K)
[0.903s]       |                               [01;35m[K~~~~~~~~~~~~~~~~~~~~~~~~~~~~~~~~~~~~~~~~~~~^~~[m[K
[2.104s] make[2]: *** [CMakeFiles/robot_controller_position.dir/build.make:63: CMakeFiles/robot_controller_position.dir/src/robot_controller_position.cpp.o] Error 1
[2.104s] make[1]: *** [CMakeFiles/Makefile2:277: CMakeFiles/robot_controller_position.dir/all] Error 2
[2.104s] make: *** [Makefile:141: all] Error 2
[2.107s] Invoked command in '/home/robogait/catkin_ws/build/pkg_navigation' returned '2': CMAKE_PREFIX_PATH=${CMAKE_PREFIX_PATH}:/home/robogait/nav2_ws/install/nav2_gazebo_spawner:/home/robogait/ros2_serial/install/ourbotmanager:/home/robogait/ros2_ws/install/nav2_project:/opt/ros/foxy /usr/bin/cmake --build /home/robogait/catkin_ws/build/pkg_navigation -- -j8 -l8
