[0.021s] Invoking command in '/home/robogait/azure_kinect_ws/build/kinect_azure_body_tracker': CMAKE_PREFIX_PATH=${CMAKE_PREFIX_PATH}:/home/robogait/nav2_ws/install/nav2_gazebo_spawner:/home/robogait/ros2_serial/install/ourbotmanager:/home/robogait/ros2_ws/install/nav2_project:/opt/ros/foxy /usr/bin/cmake --build /home/robogait/azure_kinect_ws/build/kinect_azure_body_tracker -- -j8 -l8
[0.042s] -- Found ament_cmake: 0.9.9 (/opt/ros/foxy/share/ament_cmake/cmake)
[0.064s] -- Using PYTHON_EXECUTABLE: /usr/bin/python3
[0.205s] -- Found rclcpp: 2.4.1 (/opt/ros/foxy/share/rclcpp/cmake)
[0.232s] -- Using all available rosidl_typesupport_c: rosidl_typesupport_fastrtps_c;rosidl_typesupport_introspection_c
[0.234s] -- Found rosidl_adapter: 1.2.1 (/opt/ros/foxy/share/rosidl_adapter/cmake)
[0.343s] -- Using all available rosidl_typesupport_cpp: rosidl_typesupport_fastrtps_cpp;rosidl_typesupport_introspection_cpp
[0.376s] -- Found rmw_implementation_cmake: 1.0.3 (/opt/ros/foxy/share/rmw_implementation_cmake/cmake)
[0.378s] -- Using RMW implementation 'rmw_fastrtps_cpp' as default
[0.470s] -- Found geometry_msgs: 2.0.5 (/opt/ros/foxy/share/geometry_msgs/cmake)
[0.490s] -- Found body_tracker_msgs: 0.0.0 (/home/robogait/azure_kinect_ws/install/body_tracker_msgs/share/body_tracker_msgs/cmake)
[0.531s] -- Found rosidl_default_generators: 1.0.1 (/opt/ros/foxy/share/rosidl_default_generators/cmake)
[0.548s] -- Found ament_lint_auto: 0.9.6 (/opt/ros/foxy/share/ament_lint_auto/cmake)
[0.593s] -- Added test 'copyright' to check source files copyright and LICENSE
[0.594s] -- Added test 'cppcheck' to perform static code analysis on C / C++ code
[0.594s] -- Configured cppcheck include dirs: 
[0.594s] -- Configured cppcheck exclude dirs and/or files: 
[0.594s] -- Added test 'cpplint' to check C / C++ code against the Google style
[0.594s] -- Configured cpplint exclude dirs and/or files: 
[0.595s] -- Added test 'lint_cmake' to check CMake code style
[0.595s] -- Added test 'uncrustify' to check C / C++ code style
[0.595s] -- Configured uncrustify additional arguments: 
[0.596s] -- Added test 'xmllint' to check XML markup files
[0.597s] -- Configuring done
[0.607s] -- Generating done
[0.608s] -- Build files have been written to: /home/robogait/azure_kinect_ws/build/kinect_azure_body_tracker
[0.634s] [35m[1mScanning dependencies of target kinect_azure_body_tracker_recording_node[0m
[0.650s] [ 66%] Built target kinect_azure_body_tracker_node_simplified
[0.651s] [ 66%] Built target kinect_azure_body_tracker_node
[0.657s] [ 83%] [32mBuilding CXX object CMakeFiles/kinect_azure_body_tracker_recording_node.dir/src/kinectAzure_body_tracker_node_plus_recording_simplified.cpp.o[0m
[1.442s] [01m[K/home/robogait/azure_kinect_ws/src/kinect_azure_body_tracker/src/kinectAzure_body_tracker_node_plus_recording_simplified.cpp:[m[K In member function â€˜[01m[Kvoid MinimalPublisher::body_tracking()[m[Kâ€™:
[1.442s] [01m[K/home/robogait/azure_kinect_ws/src/kinect_azure_body_tracker/src/kinectAzure_body_tracker_node_plus_recording_simplified.cpp:135:46:[m[K [01;31m[Kerror: [m[Kâ€˜[01m[KSpineBottom[m[Kâ€™ is not a member of â€˜[01m[Kbody_tracker_msgs::msg[m[Kâ€™
[1.442s]   135 |   auto pelvis_data = body_tracker_msgs::msg::[01;31m[KSpineBottom[m[K();
[1.442s]       |                                              [01;31m[K^~~~~~~~~~~[m[K
[1.444s] [01m[K/home/robogait/azure_kinect_ws/src/kinect_azure_body_tracker/src/kinectAzure_body_tracker_node_plus_recording_simplified.cpp:141:3:[m[K [01;31m[Kerror: [m[Kâ€˜[01m[Kt_final[m[Kâ€™ was not declared in this scope
[1.444s]   141 |   [01;31m[Kt_final[m[K = rclcpp::Clock().now().nanoseconds();
[1.444s]       |   [01;31m[K^~~~~~~[m[K
[1.447s] In file included from [01m[K/opt/ros/foxy/include/rclcpp/client.hpp:40[m[K,
[1.447s]                  from [01m[K/opt/ros/foxy/include/rclcpp/callback_group.hpp:23[m[K,
[1.447s]                  from [01m[K/opt/ros/foxy/include/rclcpp/any_executable.hpp:20[m[K,
[1.447s]                  from [01m[K/opt/ros/foxy/include/rclcpp/memory_strategy.hpp:24[m[K,
[1.447s]                  from [01m[K/opt/ros/foxy/include/rclcpp/memory_strategies.hpp:18[m[K,
[1.447s]                  from [01m[K/opt/ros/foxy/include/rclcpp/executor_options.hpp:20[m[K,
[1.447s]                  from [01m[K/opt/ros/foxy/include/rclcpp/executor.hpp:33[m[K,
[1.447s]                  from [01m[K/opt/ros/foxy/include/rclcpp/executors/multi_threaded_executor.hpp:26[m[K,
[1.447s]                  from [01m[K/opt/ros/foxy/include/rclcpp/executors.hpp:21[m[K,
[1.447s]                  from [01m[K/opt/ros/foxy/include/rclcpp/rclcpp.hpp:146[m[K,
[1.447s]                  from [01m[K/home/robogait/azure_kinect_ws/src/kinect_azure_body_tracker/src/kinectAzure_body_tracker_node_plus_recording_simplified.cpp:17[m[K:
[1.447s] [01m[K/home/robogait/azure_kinect_ws/src/kinect_azure_body_tracker/src/kinectAzure_body_tracker_node_plus_recording_simplified.cpp:154:140:[m[K [01;31m[Kerror: [m[Kâ€˜[01m[Kskeleton_data[m[Kâ€™ was not declared in this scope
[1.447s]   154 |   RCLCPP_INFO(this->get_logger(), "Publishing skeleton coordinates. Pelvis coodinates are: tiempo -> '%f' || x->'%f' ; y->'%f' ; z->'%f'", [01;31m[Kskeleton_data[m[K.tiempo,  skeleton_data.joint_position_spine_bottom.x, skeleton_data.joint_position_spine_bottom.y, skeleton_data.joint_position_spine_bottom.x);
[1.448s]       |                                                                                                                                            [01;31m[K^~~~~~~~~~~~~[m[K
[1.449s] [01m[K/home/robogait/azure_kinect_ws/src/kinect_azure_body_tracker/src/kinectAzure_body_tracker_node_plus_recording_simplified.cpp:155:23:[m[K [01;31m[Kerror: [m[Kâ€˜[01m[Kskeleton_data[m[Kâ€™ was not declared in this scope
[1.449s]   155 |   publisher_->publish([01;31m[Kskeleton_data[m[K);
[1.449s]       |                       [01;31m[K^~~~~~~~~~~~~[m[K
[2.001s] At global scope:
[2.001s] [01m[Kcc1plus:[m[K [01;35m[Kwarning: [m[Kunrecognized command line option â€˜[01m[K-Wno-dev[m[Kâ€™
[2.008s] make[2]: *** [CMakeFiles/kinect_azure_body_tracker_recording_node.dir/build.make:63: CMakeFiles/kinect_azure_body_tracker_recording_node.dir/src/kinectAzure_body_tracker_node_plus_recording_simplified.cpp.o] Error 1
[2.008s] make[1]: *** [CMakeFiles/Makefile2:109: CMakeFiles/kinect_azure_body_tracker_recording_node.dir/all] Error 2
[2.008s] make: *** [Makefile:141: all] Error 2
[2.010s] Invoked command in '/home/robogait/azure_kinect_ws/build/kinect_azure_body_tracker' returned '2': CMAKE_PREFIX_PATH=${CMAKE_PREFIX_PATH}:/home/robogait/nav2_ws/install/nav2_gazebo_spawner:/home/robogait/ros2_serial/install/ourbotmanager:/home/robogait/ros2_ws/install/nav2_project:/opt/ros/foxy /usr/bin/cmake --build /home/robogait/azure_kinect_ws/build/kinect_azure_body_tracker -- -j8 -l8
