[01m[K/home/robogait/azure_kinect_ws/src/body_tracking/src/main.cpp:209:2:[m[K [01;31m[Kerror: [m[Knon-static data member declared with placeholder â€˜[01m[Kauto[m[Kâ€™
  209 |  [01;31m[Kauto[m[K message = body_tracking::msg::HipCoordinates();
      |  [01;31m[K^~~~[m[K
make[2]: *** [CMakeFiles/prueba_talker.dir/build.make:63: CMakeFiles/prueba_talker.dir/src/main.cpp.o] Error 1
make[1]: *** [CMakeFiles/Makefile2:325: CMakeFiles/prueba_talker.dir/all] Error 2
make: *** [Makefile:141: all] Error 2
