[0.015s] Invoking command in '/home/robogait/ros2_serial_cpp/build/ros2_serial_cpp': CMAKE_PREFIX_PATH=${CMAKE_PREFIX_PATH}:/home/robogait/nav2_ws/install/nav2_gazebo_spawner:/home/robogait/ros2_serial/install/ourbotmanager:/home/robogait/ros2_ws/install/nav2_project:/opt/ros/foxy /usr/bin/cmake --build /home/robogait/ros2_serial_cpp/build/ros2_serial_cpp -- -j8 -l8
[0.056s] [35m[1mScanning dependencies of target driver_controller[0m
[0.076s] [ 50%] [32mBuilding CXX object CMakeFiles/driver_controller.dir/src/driver_controller.cpp.o[0m
[0.860s] [01m[K/home/robogait/ros2_serial_cpp/src/driver_controller.cpp:[m[K In member function â€˜[01m[Kvoid driver_controller::loop()[m[Kâ€™:
[0.860s] [01m[K/home/robogait/ros2_serial_cpp/src/driver_controller.cpp:131:39:[m[K [01;31m[Kerror: [m[Kexpected primary-expression before â€˜[01m[K;[m[Kâ€™ token
[0.861s]   131 |    odom_msg.header.stamp=rclcpp::Clock[01;31m[K;[m[K
[0.861s]       |                                       [01;31m[K^[m[K
[1.936s] make[2]: *** [CMakeFiles/driver_controller.dir/build.make:63: CMakeFiles/driver_controller.dir/src/driver_controller.cpp.o] Error 1
[1.937s] make[1]: *** [CMakeFiles/Makefile2:78: CMakeFiles/driver_controller.dir/all] Error 2
[1.937s] make: *** [Makefile:141: all] Error 2
[1.938s] Invoked command in '/home/robogait/ros2_serial_cpp/build/ros2_serial_cpp' returned '2': CMAKE_PREFIX_PATH=${CMAKE_PREFIX_PATH}:/home/robogait/nav2_ws/install/nav2_gazebo_spawner:/home/robogait/ros2_serial/install/ourbotmanager:/home/robogait/ros2_ws/install/nav2_project:/opt/ros/foxy /usr/bin/cmake --build /home/robogait/ros2_serial_cpp/build/ros2_serial_cpp -- -j8 -l8
