[35m[1mScanning dependencies of target robot_controller_position[0m
[ 16%] Built target tf2_broadcaster
[ 25%] [32mBuilding CXX object CMakeFiles/robot_controller_position.dir/src/robot_controller_position.cpp.o[0m
[ 41%] Built target robot_odom_tf2_listener
[ 58%] Built target publisher_initial_pose
[ 75%] Built target publisher_subscriber
[ 91%] Built target robot_controller
[01m[K/home/robogait/catkin_ws/src/pkg_navigation/src/robot_controller_position.cpp:[m[K In member function â€˜[01m[Kvoid generic::controller()[m[Kâ€™:
[01m[K/home/robogait/catkin_ws/src/pkg_navigation/src/robot_controller_position.cpp:115:34:[m[K [01;31m[Kerror: [m[Kâ€˜[01m[KKd[m[Kâ€™ was not declared in this scope; did you mean â€˜[01m[KKp[m[Kâ€™?
  115 |         float control=Kp*error_p+[01;31m[KKd[m[K*error_d+Ki*error_i;
      |                                  [01;31m[K^~[m[K
      |                                  [32m[KKp[m[K
[01m[K/home/robogait/catkin_ws/src/pkg_navigation/src/robot_controller_position.cpp:115:45:[m[K [01;31m[Kerror: [m[Kâ€˜[01m[KKi[m[Kâ€™ was not declared in this scope; did you mean â€˜[01m[KKp[m[Kâ€™?
  115 |         float control=Kp*error_p+Kd*error_d+[01;31m[KKi[m[K*error_i;
      |                                             [01;31m[K^~[m[K
      |                                             [32m[KKp[m[K
make[2]: *** [CMakeFiles/robot_controller_position.dir/build.make:63: CMakeFiles/robot_controller_position.dir/src/robot_controller_position.cpp.o] Error 1
make[1]: *** [CMakeFiles/Makefile2:277: CMakeFiles/robot_controller_position.dir/all] Error 2
make: *** [Makefile:141: all] Error 2
