[0.013s] Invoking command in '/home/robogait/catkin_ws/build/pkg_navigation': CMAKE_PREFIX_PATH=${CMAKE_PREFIX_PATH}:/home/robogait/nav2_ws/install/nav2_gazebo_spawner:/home/robogait/ros2_serial/install/ourbotmanager:/home/robogait/ros2_ws/install/nav2_project:/opt/ros/foxy /usr/bin/cmake --build /home/robogait/catkin_ws/build/pkg_navigation -- -j8 -l8
[0.056s] [35m[1mScanning dependencies of target robot_controller_position[0m
[0.074s] [ 16%] Built target tf2_broadcaster
[0.078s] [ 25%] [32mBuilding CXX object CMakeFiles/robot_controller_position.dir/src/robot_controller_position.cpp.o[0m
[0.079s] [ 41%] Built target robot_odom_tf2_listener
[0.079s] [ 58%] Built target publisher_initial_pose
[0.081s] [ 75%] Built target publisher_subscriber
[0.083s] [ 91%] Built target robot_controller
[0.881s] [01m[K/home/robogait/catkin_ws/src/pkg_navigation/src/robot_controller_position.cpp:[m[K In member function â€˜[01m[Kvoid generic::controller()[m[Kâ€™:
[0.881s] [01m[K/home/robogait/catkin_ws/src/pkg_navigation/src/robot_controller_position.cpp:115:34:[m[K [01;31m[Kerror: [m[Kâ€˜[01m[KKd[m[Kâ€™ was not declared in this scope; did you mean â€˜[01m[KKp[m[Kâ€™?
[0.881s]   115 |         float control=Kp*error_p+[01;31m[KKd[m[K*error_d+Ki*error_i;
[0.881s]       |                                  [01;31m[K^~[m[K
[0.881s]       |                                  [32m[KKp[m[K
[0.881s] [01m[K/home/robogait/catkin_ws/src/pkg_navigation/src/robot_controller_position.cpp:115:45:[m[K [01;31m[Kerror: [m[Kâ€˜[01m[KKi[m[Kâ€™ was not declared in this scope; did you mean â€˜[01m[KKp[m[Kâ€™?
[0.881s]   115 |         float control=Kp*error_p+Kd*error_d+[01;31m[KKi[m[K*error_i;
[0.881s]       |                                             [01;31m[K^~[m[K
[0.881s]       |                                             [32m[KKp[m[K
[2.196s] make[2]: *** [CMakeFiles/robot_controller_position.dir/build.make:63: CMakeFiles/robot_controller_position.dir/src/robot_controller_position.cpp.o] Error 1
[2.196s] make[1]: *** [CMakeFiles/Makefile2:277: CMakeFiles/robot_controller_position.dir/all] Error 2
[2.197s] make: *** [Makefile:141: all] Error 2
[2.199s] Invoked command in '/home/robogait/catkin_ws/build/pkg_navigation' returned '2': CMAKE_PREFIX_PATH=${CMAKE_PREFIX_PATH}:/home/robogait/nav2_ws/install/nav2_gazebo_spawner:/home/robogait/ros2_serial/install/ourbotmanager:/home/robogait/ros2_ws/install/nav2_project:/opt/ros/foxy /usr/bin/cmake --build /home/robogait/catkin_ws/build/pkg_navigation -- -j8 -l8
