-- Found ament_cmake: 0.9.9 (/opt/ros/foxy/share/ament_cmake/cmake)
-- Found PythonInterp: /usr/bin/python3 (found suitable version "3.8.10", minimum required is "3") 
-- Using PYTHON_EXECUTABLE: /usr/bin/python3
-- Found rclcpp: 2.4.1 (/opt/ros/foxy/share/rclcpp/cmake)
-- Using all available rosidl_typesupport_c: rosidl_typesupport_fastrtps_c;rosidl_typesupport_introspection_c
-- Found rosidl_adapter: 1.2.1 (/opt/ros/foxy/share/rosidl_adapter/cmake)
-- Using all available rosidl_typesupport_cpp: rosidl_typesupport_fastrtps_cpp;rosidl_typesupport_introspection_cpp
-- Found rmw_implementation_cmake: 1.0.3 (/opt/ros/foxy/share/rmw_implementation_cmake/cmake)
-- Using RMW implementation 'rmw_fastrtps_cpp' as default
-- Found body_tracking: 0.0.0 (/home/robogait/azure_kinect_ws/install/body_tracking/share/body_tracking/cmake)
-- Found rosidl_default_generators: 1.0.1 (/opt/ros/foxy/share/rosidl_default_generators/cmake)
-- Found PythonInterp: /usr/bin/python3 (found version "3.8.10") 
-- Found ament_cmake_ros: 0.9.2 (/opt/ros/foxy/share/ament_cmake_ros/cmake)
-- Using all available rosidl_typesupport_c: rosidl_typesupport_fastrtps_c;rosidl_typesupport_introspection_c
-- Using all available rosidl_typesupport_cpp: rosidl_typesupport_fastrtps_cpp;rosidl_typesupport_introspection_cpp
-- Found PythonInterp: /usr/bin/python3 (found suitable version "3.8.10", minimum required is "3.5") 
-- Found python_cmake_module: 0.8.1 (/opt/ros/foxy/share/python_cmake_module/cmake)
-- Using PYTHON_EXECUTABLE: /usr/bin/python3
-- Using PYTHON_INCLUDE_DIRS: /usr/include/python3.8
-- Using PYTHON_LIBRARIES: /usr/lib/x86_64-linux-gnu/libpython3.8.so
-- Found ament_lint_auto: 0.9.6 (/opt/ros/foxy/share/ament_lint_auto/cmake)
-- Added test 'copyright' to check source files copyright and LICENSE
-- Added test 'cppcheck' to perform static code analysis on C / C++ code
-- Configured cppcheck include dirs: $<BUILD_INTERFACE:/home/robogait/azure_kinect_ws/src/body_tracking/include>
-- Configured cppcheck exclude dirs and/or files: 
-- Added test 'cpplint' to check C / C++ code against the Google style
-- Configured cpplint exclude dirs and/or files: 
-- Added test 'lint_cmake' to check CMake code style
-- Added test 'uncrustify' to check C / C++ code style
-- Configured uncrustify additional arguments: 
-- Added test 'xmllint' to check XML markup files
-- Configuring done
-- Generating done
-- Build files have been written to: /home/robogait/azure_kinect_ws/build/body_tracking
[35m[1mScanning dependencies of target listener[0m
[35m[1mScanning dependencies of target body_tracking__cpp[0m
[35m[1mScanning dependencies of target body_tracking__rosidl_generator_c[0m
[35m[1mScanning dependencies of target talker[0m
[35m[1mScanning dependencies of target prueba_talker[0m
[  7%] Built target body_tracking__cpp
[ 10%] [32mBuilding CXX object CMakeFiles/listener.dir/src/subscriber_member_function.cpp.o[0m
[ 10%] Built target body_tracking_node
[ 12%] [32m[1mLinking C shared library libbody_tracking__rosidl_generator_c.so[0m
[ 15%] [32mBuilding CXX object CMakeFiles/talker.dir/src/publisher_member_function.cpp.o[0m
[35m[1mScanning dependencies of target body_tracking__rosidl_typesupport_cpp[0m
[35m[1mScanning dependencies of target body_tracking__rosidl_typesupport_introspection_cpp[0m
[35m[1mScanning dependencies of target body_tracking__rosidl_typesupport_fastrtps_cpp[0m
[ 17%] [32mBuilding CXX object CMakeFiles/prueba_talker.dir/src/main.cpp.o[0m
[ 20%] [32m[1mLinking CXX shared library libbody_tracking__rosidl_typesupport_cpp.so[0m
[ 23%] [32m[1mLinking CXX shared library libbody_tracking__rosidl_typesupport_introspection_cpp.so[0m
[ 25%] [32m[1mLinking CXX shared library libbody_tracking__rosidl_typesupport_fastrtps_cpp.so[0m
[ 30%] Built target body_tracking__rosidl_generator_c
[35m[1mScanning dependencies of target body_tracking__rosidl_typesupport_c[0m
[35m[1mScanning dependencies of target body_tracking__rosidl_typesupport_introspection_c[0m
[ 35%] [32m[1mLinking C shared library libbody_tracking__rosidl_typesupport_introspection_c.so[0m
[ 35%] [32m[1mLinking CXX shared library libbody_tracking__rosidl_typesupport_c.so[0m
[ 41%] Built target body_tracking__rosidl_typesupport_introspection_cpp
[ 46%] Built target body_tracking__rosidl_typesupport_cpp
[ 51%] Built target body_tracking__rosidl_typesupport_introspection_c
[ 56%] Built target body_tracking__rosidl_typesupport_c
[ 61%] Built target body_tracking__rosidl_typesupport_fastrtps_cpp
[35m[1mScanning dependencies of target body_tracking__rosidl_typesupport_fastrtps_c[0m
[ 64%] [32m[1mLinking CXX shared library libbody_tracking__rosidl_typesupport_fastrtps_c.so[0m
[ 69%] Built target body_tracking__rosidl_typesupport_fastrtps_c
[ 69%] Built target body_tracking
[35m[1mScanning dependencies of target body_tracking__py[0m
[ 71%] Built target body_tracking__py
[35m[1mScanning dependencies of target body_tracking__python[0m
[ 74%] [32m[1mLinking C shared library rosidl_generator_py/body_tracking/libbody_tracking__python.so[0m
[ 76%] Built target body_tracking__python
[ 79%] [32m[1mLinking CXX shared library rosidl_generator_py/body_tracking/body_tracking_s__rosidl_typesupport_fastrtps_c.cpython-38-x86_64-linux-gnu.so[0m
[ 82%] [32m[1mLinking C shared library rosidl_generator_py/body_tracking/body_tracking_s__rosidl_typesupport_c.cpython-38-x86_64-linux-gnu.so[0m
[ 84%] [32m[1mLinking C shared library rosidl_generator_py/body_tracking/body_tracking_s__rosidl_typesupport_introspection_c.cpython-38-x86_64-linux-gnu.so[0m
[ 87%] Built target body_tracking__rosidl_typesupport_c__pyext
[ 89%] Built target body_tracking__rosidl_typesupport_introspection_c__pyext
[ 92%] Built target body_tracking__rosidl_typesupport_fastrtps_c__pyext
[01m[K/home/robogait/azure_kinect_ws/src/body_tracking/src/main.cpp:29:40:[m[K [01;31m[Kerror: [m[Kâ€˜[01m[KCoordinates[m[Kâ€™ is not a member of â€˜[01m[Kbody_tracking::msg[m[Kâ€™; did you mean â€˜[01m[KHipCoordinates[m[Kâ€™?
   29 |  rclcpp::Publisher<body_tracking::msg::[01;31m[KCoordinates[m[K>::SharedPtr publisher_;
      |                                        [01;31m[K^~~~~~~~~~~[m[K
      |                                        [32m[KHipCoordinates[m[K
[01m[K/home/robogait/azure_kinect_ws/src/body_tracking/src/main.cpp:29:40:[m[K [01;31m[Kerror: [m[Kâ€˜[01m[KCoordinates[m[Kâ€™ is not a member of â€˜[01m[Kbody_tracking::msg[m[Kâ€™; did you mean â€˜[01m[KHipCoordinates[m[Kâ€™?
   29 |  rclcpp::Publisher<body_tracking::msg::[01;31m[KCoordinates[m[K>::SharedPtr publisher_;
      |                                        [01;31m[K^~~~~~~~~~~[m[K
      |                                        [32m[KHipCoordinates[m[K
[01m[K/home/robogait/azure_kinect_ws/src/body_tracking/src/main.cpp:29:51:[m[K [01;31m[Kerror: [m[Ktemplate argument 1 is invalid
   29 |  rclcpp::Publisher<body_tracking::msg::Coordinates[01;31m[K>[m[K::SharedPtr publisher_;
      |                                                   [01;31m[K^[m[K
[01m[K/home/robogait/azure_kinect_ws/src/body_tracking/src/main.cpp:29:54:[m[K [01;31m[Kerror: [m[Kexpected â€˜[01m[K;[m[Kâ€™ at end of member declaration
   29 |  rclcpp::Publisher<body_tracking::msg::Coordinates>::[01;31m[KSharedPtr[m[K publisher_;
      |                                                      [01;31m[K^~~~~~~~~[m[K
      |                                                               [32m[K;[m[K
[01m[K/home/robogait/azure_kinect_ws/src/body_tracking/src/main.cpp:29:64:[m[K [01;31m[Kerror: [m[Kâ€˜[01m[Kpublisher_[m[Kâ€™ does not name a type; did you mean â€˜[01m[Krcl_publisher_t[m[Kâ€™?
   29 |  rclcpp::Publisher<body_tracking::msg::Coordinates>::SharedPtr [01;31m[Kpublisher_[m[K;
      |                                                                [01;31m[K^~~~~~~~~~[m[K
      |                                                                [32m[Krcl_publisher_t[m[K
[01m[K/home/robogait/azure_kinect_ws/src/body_tracking/src/main.cpp:[m[K In constructor â€˜[01m[KMinimalPublisher::MinimalPublisher()[m[Kâ€™:
[01m[K/home/robogait/azure_kinect_ws/src/body_tracking/src/main.cpp:36:3:[m[K [01;31m[Kerror: [m[Kâ€˜[01m[Kpublisher_[m[Kâ€™ was not declared in this scope; did you mean â€˜[01m[Krcl_publisher_t[m[Kâ€™?
   36 |   [01;31m[Kpublisher_[m[K = this->create_publisher<body_tracking::msg::Coordinates>("topic", 10);
      |   [01;31m[K^~~~~~~~~~[m[K
      |   [32m[Krcl_publisher_t[m[K
[01m[K/home/robogait/azure_kinect_ws/src/body_tracking/src/main.cpp:36:59:[m[K [01;31m[Kerror: [m[Kâ€˜[01m[KCoordinates[m[Kâ€™ is not a member of â€˜[01m[Kbody_tracking::msg[m[Kâ€™; did you mean â€˜[01m[KHipCoordinates[m[Kâ€™?
   36 |   publisher_ = this->create_publisher<body_tracking::msg::[01;31m[KCoordinates[m[K>("topic", 10);
      |                                                           [01;31m[K^~~~~~~~~~~[m[K
      |                                                           [32m[KHipCoordinates[m[K
[01m[K/home/robogait/azure_kinect_ws/src/body_tracking/src/main.cpp:36:59:[m[K [01;31m[Kerror: [m[Kâ€˜[01m[KCoordinates[m[Kâ€™ is not a member of â€˜[01m[Kbody_tracking::msg[m[Kâ€™; did you mean â€˜[01m[KHipCoordinates[m[Kâ€™?
   36 |   publisher_ = this->create_publisher<body_tracking::msg::[01;31m[KCoordinates[m[K>("topic", 10);
      |                                                           [01;31m[K^~~~~~~~~~~[m[K
      |                                                           [32m[KHipCoordinates[m[K
[01m[K/home/robogait/azure_kinect_ws/src/body_tracking/src/main.cpp:36:83:[m[K [01;31m[Kerror: [m[Kno matching function for call to â€˜[01m[KMinimalPublisher::create_publisher<<expression error> >(const char [6], int)[m[Kâ€™
   36 |   publisher_ = this->create_publisher<body_tracking::msg::Coordinates>("topic", 10[01;31m[K)[m[K;
      |                                                                                   [01;31m[K^[m[K
In file included from [01m[K/opt/ros/foxy/include/rclcpp/executors/single_threaded_executor.hpp:28[m[K,
                 from [01m[K/opt/ros/foxy/include/rclcpp/executors.hpp:22[m[K,
                 from [01m[K/opt/ros/foxy/include/rclcpp/rclcpp.hpp:146[m[K,
                 from [01m[K/home/robogait/azure_kinect_ws/src/body_tracking/src/main.cpp:16[m[K:
[01m[K/opt/ros/foxy/include/rclcpp/node.hpp:184:3:[m[K [01;36m[Knote: [m[Kcandidate: â€˜[01m[Ktemplate<class MessageT, class AllocatorT, class PublisherT> std::shared_ptr<PublisherT> rclcpp::Node::create_publisher(const string&, const rclcpp::QoS&, const rclcpp::PublisherOptionsWithAllocator<AllocatorT>&)[m[Kâ€™
  184 |   [01;36m[Kcreate_publisher[m[K(
      |   [01;36m[K^~~~~~~~~~~~~~~~[m[K
[01m[K/opt/ros/foxy/include/rclcpp/node.hpp:184:3:[m[K [01;36m[Knote: [m[K  template argument deduction/substitution failed:
[01m[K/home/robogait/azure_kinect_ws/src/body_tracking/src/main.cpp:36:83:[m[K [01;31m[Kerror: [m[Ktemplate argument 1 is invalid
   36 |   publisher_ = this->create_publisher<body_tracking::msg::Coordinates>("topic", 10[01;31m[K)[m[K;
      |                                                                                   [01;31m[K^[m[K
[01m[K/home/robogait/azure_kinect_ws/src/body_tracking/src/main.cpp:[m[K In member function â€˜[01m[Kvoid MinimalPublisher::timer_callback()[m[Kâ€™:
[01m[K/home/robogait/azure_kinect_ws/src/body_tracking/src/main.cpp:131:3:[m[K [01;31m[Kerror: [m[Kâ€˜[01m[Kpublisher_[m[Kâ€™ was not declared in this scope; did you mean â€˜[01m[Krcl_publisher_t[m[Kâ€™?
  131 |   [01;31m[Kpublisher_[m[K->publish(message);
      |   [01;31m[K^~~~~~~~~~[m[K
      |   [32m[Krcl_publisher_t[m[K
make[2]: *** [CMakeFiles/prueba_talker.dir/build.make:63: CMakeFiles/prueba_talker.dir/src/main.cpp.o] Error 1
make[1]: *** [CMakeFiles/Makefile2:325: CMakeFiles/prueba_talker.dir/all] Error 2
make[1]: *** Waiting for unfinished jobs....
[ 94%] [32m[1mLinking CXX executable talker[0m
[ 94%] Built target talker
[ 97%] [32m[1mLinking CXX executable listener[0m
[ 97%] Built target listener
make: *** [Makefile:141: all] Error 2
