[0.000000] (-) TimerEvent: {}
[0.000666] (pkg_navigation) JobQueued: {'identifier': 'pkg_navigation', 'dependencies': OrderedDict()}
[0.000700] (pkg_navigation) JobStarted: {'identifier': 'pkg_navigation'}
[0.011570] (pkg_navigation) JobProgress: {'identifier': 'pkg_navigation', 'progress': 'cmake'}
[0.012024] (pkg_navigation) JobProgress: {'identifier': 'pkg_navigation', 'progress': 'build'}
[0.012697] (pkg_navigation) Command: {'cmd': ['/usr/bin/cmake', '--build', '/home/robogait/catkin_ws/build/pkg_navigation', '--', '-j8', '-l8'], 'cwd': '/home/robogait/catkin_ws/build/pkg_navigation', 'env': OrderedDict([('GJS_DEBUG_TOPICS', 'JS ERROR;JS LOG'), ('LESSOPEN', '| /usr/bin/lesspipe %s'), ('USER', 'robogait'), ('LC_TIME', 'es_ES.UTF-8'), ('SSH_AGENT_PID', '1234'), ('XDG_SESSION_TYPE', 'x11'), ('SHLVL', '1'), ('LD_LIBRARY_PATH', '/home/robogait/tutorials_ros2/install/turtlesim/lib:/home/robogait/nav2_ws/install/smac_planner/lib:/home/robogait/nav2_ws/install/nav2_controller/lib:/home/robogait/nav2_ws/install/dwb_plugins/lib:/home/robogait/nav2_ws/install/dwb_critics/lib:/home/robogait/nav2_ws/install/dwb_core/lib:/home/robogait/nav2_ws/install/nav_2d_utils/lib:/home/robogait/nav2_ws/install/dwb_msgs/lib:/home/robogait/nav2_ws/install/nav_2d_msgs/lib:/home/robogait/nav2_ws/install/nav2_waypoint_follower/lib:/home/robogait/nav2_ws/install/nav2_regulated_pure_pursuit_controller/lib:/home/robogait/nav2_ws/install/nav2_recoveries/lib:/home/robogait/nav2_ws/install/nav2_planner/lib:/home/robogait/nav2_ws/install/nav2_navfn_planner/lib:/home/robogait/nav2_ws/install/costmap_queue/lib:/home/robogait/nav2_ws/install/nav2_costmap_2d/lib:/home/robogait/nav2_ws/install/nav2_voxel_grid/lib:/home/robogait/nav2_ws/install/nav2_rviz_plugins/lib:/home/robogait/nav2_ws/install/nav2_map_server/lib:/home/robogait/nav2_ws/install/nav2_lifecycle_manager/lib:/home/robogait/nav2_ws/install/nav2_bt_navigator/lib:/home/robogait/nav2_ws/install/nav2_behavior_tree/lib:/home/robogait/nav2_ws/install/nav2_amcl/lib:/home/robogait/nav2_ws/install/nav2_util/lib:/home/robogait/nav2_ws/install/nav2_msgs/lib:/usr/lib/x86_64-linux-gnu/gazebo-11/plugins:/opt/ros/foxy/opt/yaml_cpp_vendor/lib:/opt/ros/foxy/opt/rviz_ogre_vendor/lib:/opt/ros/foxy/lib/x86_64-linux-gnu:/opt/ros/foxy/lib:/usr/lib/x86_64-linux-gnu/gazebo-11/plugins:'), ('HOME', '/home/robogait'), ('OLDPWD', '/home/robogait'), ('DESKTOP_SESSION', 'ubuntu'), ('GAZEBO_MASTER_URI', 'http://localhost:11345'), ('ROS_PYTHON_VERSION', '3'), ('GNOME_SHELL_SESSION_MODE', 'ubuntu'), ('GTK_MODULES', 'gail:atk-bridge'), ('LC_MONETARY', 'es_ES.UTF-8'), ('MANAGERPID', '979'), ('DBUS_SESSION_BUS_ADDRESS', 'unix:path=/run/user/1000/bus'), ('COLORTERM', 'truecolor'), ('IM_CONFIG_PHASE', '1'), ('COLCON_PREFIX_PATH', '/home/robogait/nav2_ws/install:/home/robogait/ros2_serial_cpp/install:/home/robogait/serial_cpp/install:/home/robogait/ros2_serial/install:/home/robogait/rplidar/install:/home/robogait/catkin_ws/install:/home/robogait/tutorials_ros2/install:/home/robogait/ros2_ws/install'), ('ROS_DISTRO', 'foxy'), ('LOGNAME', 'robogait'), ('JOURNAL_STREAM', '8:39462'), ('_', '/usr/bin/colcon'), ('ROS_VERSION', '2'), ('XDG_SESSION_CLASS', 'user'), ('USERNAME', 'robogait'), ('TERM', 'xterm-256color'), ('GAZEBO_MODEL_PATH', '/usr/share/gazebo-11/models::/opt/ros/foxy/share/turtlebot3_gazebo/models'), ('GNOME_DESKTOP_SESSION_ID', 'this-is-deprecated'), ('ROS_LOCALHOST_ONLY', '0'), ('WINDOWPATH', '2'), ('OGRE_RESOURCE_PATH', '/usr/lib/x86_64-linux-gnu/OGRE-1.9.0'), ('PATH', '/opt/ros/foxy/bin:/home/robogait/.local/bin:/usr/local/sbin:/usr/local/bin:/usr/sbin:/usr/bin:/sbin:/bin:/usr/games:/usr/local/games:/snap/bin'), ('SESSION_MANAGER', 'local/robogait-NUC11TNKv7:@/tmp/.ICE-unix/1272,unix/robogait-NUC11TNKv7:/tmp/.ICE-unix/1272'), ('INVOCATION_ID', '2516ef0901a349e991b565610eced24e'), ('XDG_MENU_PREFIX', 'gnome-'), ('LC_ADDRESS', 'es_ES.UTF-8'), ('GNOME_TERMINAL_SCREEN', '/org/gnome/Terminal/screen/e27b5dbe_c69c_4d9d_94a6_aa7874fc3fcb'), ('XDG_RUNTIME_DIR', '/run/user/1000'), ('DISPLAY', ':0'), ('LANG', 'en_US.UTF-8'), ('XDG_CURRENT_DESKTOP', 'ubuntu:GNOME'), ('LC_TELEPHONE', 'es_ES.UTF-8'), ('XMODIFIERS', '@im=ibus'), ('XDG_SESSION_DESKTOP', 'ubuntu'), ('XAUTHORITY', '/run/user/1000/gdm/Xauthority'), ('LS_COLORS', 'rs=0:di=01;34:ln=01;36:mh=00:pi=40;33:so=01;35:do=01;35:bd=40;33;01:cd=40;33;01:or=40;31;01:mi=00:su=37;41:sg=30;43:ca=30;41:tw=30;42:ow=34;42:st=37;44:ex=01;32:*.tar=01;31:*.tgz=01;31:*.arc=01;31:*.arj=01;31:*.taz=01;31:*.lha=01;31:*.lz4=01;31:*.lzh=01;31:*.lzma=01;31:*.tlz=01;31:*.txz=01;31:*.tzo=01;31:*.t7z=01;31:*.zip=01;31:*.z=01;31:*.dz=01;31:*.gz=01;31:*.lrz=01;31:*.lz=01;31:*.lzo=01;31:*.xz=01;31:*.zst=01;31:*.tzst=01;31:*.bz2=01;31:*.bz=01;31:*.tbz=01;31:*.tbz2=01;31:*.tz=01;31:*.deb=01;31:*.rpm=01;31:*.jar=01;31:*.war=01;31:*.ear=01;31:*.sar=01;31:*.rar=01;31:*.alz=01;31:*.ace=01;31:*.zoo=01;31:*.cpio=01;31:*.7z=01;31:*.rz=01;31:*.cab=01;31:*.wim=01;31:*.swm=01;31:*.dwm=01;31:*.esd=01;31:*.jpg=01;35:*.jpeg=01;35:*.mjpg=01;35:*.mjpeg=01;35:*.gif=01;35:*.bmp=01;35:*.pbm=01;35:*.pgm=01;35:*.ppm=01;35:*.tga=01;35:*.xbm=01;35:*.xpm=01;35:*.tif=01;35:*.tiff=01;35:*.png=01;35:*.svg=01;35:*.svgz=01;35:*.mng=01;35:*.pcx=01;35:*.mov=01;35:*.mpg=01;35:*.mpeg=01;35:*.m2v=01;35:*.mkv=01;35:*.webm=01;35:*.ogm=01;35:*.mp4=01;35:*.m4v=01;35:*.mp4v=01;35:*.vob=01;35:*.qt=01;35:*.nuv=01;35:*.wmv=01;35:*.asf=01;35:*.rm=01;35:*.rmvb=01;35:*.flc=01;35:*.avi=01;35:*.fli=01;35:*.flv=01;35:*.gl=01;35:*.dl=01;35:*.xcf=01;35:*.xwd=01;35:*.yuv=01;35:*.cgm=01;35:*.emf=01;35:*.ogv=01;35:*.ogx=01;35:*.aac=00;36:*.au=00;36:*.flac=00;36:*.m4a=00;36:*.mid=00;36:*.midi=00;36:*.mka=00;36:*.mp3=00;36:*.mpc=00;36:*.ogg=00;36:*.ra=00;36:*.wav=00;36:*.oga=00;36:*.opus=00;36:*.spx=00;36:*.xspf=00;36:'), ('GNOME_TERMINAL_SERVICE', ':1.393'), ('SSH_AUTH_SOCK', '/run/user/1000/keyring/ssh'), ('AMENT_PREFIX_PATH', '/home/robogait/ros2_ws/install/nav2_project:/home/robogait/ros2_ws/install/nav2_course:/home/robogait/tutorials_ros2/install/turtlesim:/home/robogait/nav2_ws/install/nav2_system_tests:/home/robogait/nav2_ws/install/nav2_bringup:/home/robogait/nav2_ws/install/navigation2:/home/robogait/nav2_ws/install/smac_planner:/home/robogait/nav2_ws/install/nav2_dwb_controller:/home/robogait/nav2_ws/install/nav2_controller:/home/robogait/nav2_ws/install/dwb_plugins:/home/robogait/nav2_ws/install/dwb_critics:/home/robogait/nav2_ws/install/dwb_core:/home/robogait/nav2_ws/install/nav_2d_utils:/home/robogait/nav2_ws/install/dwb_msgs:/home/robogait/nav2_ws/install/nav_2d_msgs:/home/robogait/nav2_ws/install/nav2_waypoint_follower:/home/robogait/nav2_ws/install/nav2_regulated_pure_pursuit_controller:/home/robogait/nav2_ws/install/nav2_recoveries:/home/robogait/nav2_ws/install/nav2_planner:/home/robogait/nav2_ws/install/nav2_navfn_planner:/home/robogait/nav2_ws/install/nav2_core:/home/robogait/nav2_ws/install/costmap_queue:/home/robogait/nav2_ws/install/nav2_costmap_2d:/home/robogait/nav2_ws/install/nav2_voxel_grid:/home/robogait/nav2_ws/install/nav2_rviz_plugins:/home/robogait/nav2_ws/install/nav2_map_server:/home/robogait/nav2_ws/install/nav2_lifecycle_manager:/home/robogait/nav2_ws/install/nav2_bt_navigator:/home/robogait/nav2_ws/install/nav2_behavior_tree:/home/robogait/nav2_ws/install/nav2_amcl:/home/robogait/nav2_ws/install/nav2_util:/home/robogait/nav2_ws/install/nav2_msgs:/home/robogait/nav2_ws/install/nav2_gazebo_spawner:/home/robogait/nav2_ws/install/nav2_common:/home/robogait/ros2_serial_cpp/install/ros2_serial_cpp:/home/robogait/serial_cpp/install/serial_pubsub:/home/robogait/ros2_serial/install/ourbotmanager:/home/robogait/rplidar/install/sllidar_ros2:/home/robogait/rplidar/install/rplidar_ros2:/home/robogait/catkin_ws/install/test:/home/robogait/catkin_ws/install/pkg_navigation:/opt/ros/foxy'), ('SHELL', '/bin/bash'), ('LC_NAME', 'es_ES.UTF-8'), ('QT_ACCESSIBILITY', '1'), ('GDMSESSION', 'ubuntu'), ('LESSCLOSE', '/usr/bin/lesspipe %s %s'), ('LC_MEASUREMENT', 'es_ES.UTF-8'), ('GPG_AGENT_INFO', '/run/user/1000/gnupg/S.gpg-agent:0:1'), ('GAZEBO_RESOURCE_PATH', '/usr/share/gazebo-11:'), ('GJS_DEBUG_OUTPUT', 'stderr'), ('LC_IDENTIFICATION', 'es_ES.UTF-8'), ('GAZEBO_MODEL_DATABASE_URI', 'http://models.gazebosim.org'), ('QT_IM_MODULE', 'ibus'), ('PWD', '/home/robogait/catkin_ws/build/pkg_navigation'), ('TURTLEBOT3_MODEL', 'waffle'), ('LC_ALL', 'en_US.UTF-8'), ('XDG_CONFIG_DIRS', '/etc/xdg/xdg-ubuntu:/etc/xdg'), ('GAZEBO_PLUGIN_PATH', '/usr/lib/x86_64-linux-gnu/gazebo-11/plugins:'), ('XDG_DATA_DIRS', '/usr/share/ubuntu:/usr/local/share/:/usr/share/:/var/lib/snapd/desktop'), ('PYTHONPATH', '/home/robogait/ros2_ws/build/nav2_project:/home/robogait/ros2_ws/install/nav2_project/lib/python3.8/site-packages:/home/robogait/tutorials_ros2/install/turtlesim/lib/python3.8/site-packages:/home/robogait/nav2_ws/install/dwb_msgs/lib/python3.8/site-packages:/home/robogait/nav2_ws/install/nav_2d_msgs/lib/python3.8/site-packages:/home/robogait/nav2_ws/install/nav2_msgs/lib/python3.8/site-packages:/home/robogait/nav2_ws/install/nav2_gazebo_spawner/lib/python3.8/site-packages:/home/robogait/nav2_ws/install/nav2_common/lib/python3.8/site-packages:/home/robogait/ros2_serial/install/ourbotmanager/lib/python3.8/site-packages:/opt/ros/foxy/lib/python3.8/site-packages'), ('LC_NUMERIC', 'es_ES.UTF-8'), ('LC_PAPER', 'es_ES.UTF-8'), ('COLCON', '1'), ('VTE_VERSION', '6003'), ('CMAKE_PREFIX_PATH', '/home/robogait/ros2_ws/install/nav2_course:/home/robogait/tutorials_ros2/install/turtlesim:/home/robogait/nav2_ws/install/nav2_system_tests:/home/robogait/nav2_ws/install/nav2_bringup:/home/robogait/nav2_ws/install/navigation2:/home/robogait/nav2_ws/install/smac_planner:/home/robogait/nav2_ws/install/nav2_dwb_controller:/home/robogait/nav2_ws/install/nav2_controller:/home/robogait/nav2_ws/install/dwb_plugins:/home/robogait/nav2_ws/install/dwb_critics:/home/robogait/nav2_ws/install/dwb_core:/home/robogait/nav2_ws/install/nav_2d_utils:/home/robogait/nav2_ws/install/dwb_msgs:/home/robogait/nav2_ws/install/nav_2d_msgs:/home/robogait/nav2_ws/install/nav2_waypoint_follower:/home/robogait/nav2_ws/install/nav2_regulated_pure_pursuit_controller:/home/robogait/nav2_ws/install/nav2_recoveries:/home/robogait/nav2_ws/install/nav2_planner:/home/robogait/nav2_ws/install/nav2_navfn_planner:/home/robogait/nav2_ws/install/nav2_core:/home/robogait/nav2_ws/install/costmap_queue:/home/robogait/nav2_ws/install/nav2_costmap_2d:/home/robogait/nav2_ws/install/nav2_voxel_grid:/home/robogait/nav2_ws/install/nav2_rviz_plugins:/home/robogait/nav2_ws/install/nav2_map_server:/home/robogait/nav2_ws/install/nav2_lifecycle_manager:/home/robogait/nav2_ws/install/nav2_bt_navigator:/home/robogait/nav2_ws/install/nav2_behavior_tree:/home/robogait/nav2_ws/install/nav2_amcl:/home/robogait/nav2_ws/install/nav2_util:/home/robogait/nav2_ws/install/nav2_msgs:/home/robogait/nav2_ws/install/nav2_common:/home/robogait/ros2_serial_cpp/install/ros2_serial_cpp:/home/robogait/serial_cpp/install/serial_pubsub:/home/robogait/rplidar/install/sllidar_ros2:/home/robogait/rplidar/install/rplidar_ros2:/home/robogait/catkin_ws/install/test:/home/robogait/catkin_ws/install/pkg_navigation:/home/robogait/ros2_ws/install/nav2_project:/home/robogait/nav2_ws/install/nav2_gazebo_spawner:/home/robogait/ros2_serial/install/ourbotmanager:/opt/ros/foxy')]), 'shell': False}
[0.053249] (pkg_navigation) StdoutLine: {'line': b'\x1b[35m\x1b[1mScanning dependencies of target publisher_initial_pose\x1b[0m\n'}
[0.069213] (pkg_navigation) StdoutLine: {'line': b'[ 33%] Built target publisher_subscriber\n'}
[0.069567] (pkg_navigation) StdoutLine: {'line': b'[ 66%] Built target tf2_broadcaster\n'}
[0.071887] (pkg_navigation) StdoutLine: {'line': b'[ 83%] \x1b[32mBuilding CXX object CMakeFiles/publisher_initial_pose.dir/src/publisher_initial_pose.cpp.o\x1b[0m\n'}
[0.099777] (-) TimerEvent: {}
[0.200157] (-) TimerEvent: {}
[0.300446] (-) TimerEvent: {}
[0.400789] (-) TimerEvent: {}
[0.501138] (-) TimerEvent: {}
[0.601483] (-) TimerEvent: {}
[0.701836] (-) TimerEvent: {}
[0.802185] (-) TimerEvent: {}
[0.806998] (pkg_navigation) StderrLine: {'line': b'\x1b[01m\x1b[K/home/robogait/catkin_ws/src/pkg_navigation/src/publisher_initial_pose.cpp:18:31:\x1b[m\x1b[K \x1b[01;31m\x1b[Kerror: \x1b[m\x1b[K\xe2\x80\x98\x1b[01m\x1b[KPoseWithCovarianceStamped\x1b[m\x1b[K\xe2\x80\x99 is not a member of \xe2\x80\x98\x1b[01m\x1b[Kgeometry_msgs::msg\x1b[m\x1b[K\xe2\x80\x99\n'}
[0.807209] (pkg_navigation) StderrLine: {'line': b'   18 | Publisher<geometry_msgs::msg::\x1b[01;31m\x1b[KPoseWithCovarianceStamped\x1b[m\x1b[K>::SharedPtr publisher1;\n'}
[0.807263] (pkg_navigation) StderrLine: {'line': b'      |                               \x1b[01;31m\x1b[K^~~~~~~~~~~~~~~~~~~~~~~~~\x1b[m\x1b[K\n'}
[0.807306] (pkg_navigation) StderrLine: {'line': b'\x1b[01m\x1b[K/home/robogait/catkin_ws/src/pkg_navigation/src/publisher_initial_pose.cpp:18:31:\x1b[m\x1b[K \x1b[01;31m\x1b[Kerror: \x1b[m\x1b[K\xe2\x80\x98\x1b[01m\x1b[KPoseWithCovarianceStamped\x1b[m\x1b[K\xe2\x80\x99 is not a member of \xe2\x80\x98\x1b[01m\x1b[Kgeometry_msgs::msg\x1b[m\x1b[K\xe2\x80\x99\n'}
[0.807350] (pkg_navigation) StderrLine: {'line': b'\x1b[01m\x1b[K/home/robogait/catkin_ws/src/pkg_navigation/src/publisher_initial_pose.cpp:18:56:\x1b[m\x1b[K \x1b[01;31m\x1b[Kerror: \x1b[m\x1b[Ktemplate argument 1 is invalid\n'}
[0.807393] (pkg_navigation) StderrLine: {'line': b'   18 | Publisher<geometry_msgs::msg::PoseWithCovarianceStamped\x1b[01;31m\x1b[K>\x1b[m\x1b[K::SharedPtr publisher1;\n'}
[0.807435] (pkg_navigation) StderrLine: {'line': b'      |                                                        \x1b[01;31m\x1b[K^\x1b[m\x1b[K\n'}
[0.807471] (pkg_navigation) StderrLine: {'line': b'\x1b[01m\x1b[K/home/robogait/catkin_ws/src/pkg_navigation/src/publisher_initial_pose.cpp:18:59:\x1b[m\x1b[K \x1b[01;31m\x1b[Kerror: \x1b[m\x1b[Kexpected \xe2\x80\x98\x1b[01m\x1b[K;\x1b[m\x1b[K\xe2\x80\x99 at end of member declaration\n'}
[0.807509] (pkg_navigation) StderrLine: {'line': b'   18 | Publisher<geometry_msgs::msg::PoseWithCovarianceStamped>::\x1b[01;31m\x1b[KSharedPtr\x1b[m\x1b[K publisher1;\n'}
[0.807546] (pkg_navigation) StderrLine: {'line': b'      |                                                           \x1b[01;31m\x1b[K^~~~~~~~~\x1b[m\x1b[K\n'}
[0.807584] (pkg_navigation) StderrLine: {'line': b'      |                                                                    \x1b[32m\x1b[K;\x1b[m\x1b[K\n'}
[0.809003] (pkg_navigation) StderrLine: {'line': b'\x1b[01m\x1b[K/home/robogait/catkin_ws/src/pkg_navigation/src/publisher_initial_pose.cpp:18:69:\x1b[m\x1b[K \x1b[01;31m\x1b[Kerror: \x1b[m\x1b[K\xe2\x80\x98\x1b[01m\x1b[Kpublisher1\x1b[m\x1b[K\xe2\x80\x99 does not name a type\n'}
[0.809077] (pkg_navigation) StderrLine: {'line': b'   18 | Publisher<geometry_msgs::msg::PoseWithCovarianceStamped>::SharedPtr \x1b[01;31m\x1b[Kpublisher1\x1b[m\x1b[K;\n'}
[0.809119] (pkg_navigation) StderrLine: {'line': b'      |                                                                     \x1b[01;31m\x1b[K^~~~~~~~~~\x1b[m\x1b[K\n'}
[0.810922] (pkg_navigation) StderrLine: {'line': b'\x1b[01m\x1b[K/home/robogait/catkin_ws/src/pkg_navigation/src/publisher_initial_pose.cpp:\x1b[m\x1b[K In constructor \xe2\x80\x98\x1b[01m\x1b[Kgeneric::generic()\x1b[m\x1b[K\xe2\x80\x99:\n'}
[0.811071] (pkg_navigation) StderrLine: {'line': b'\x1b[01m\x1b[K/home/robogait/catkin_ws/src/pkg_navigation/src/publisher_initial_pose.cpp:26:3:\x1b[m\x1b[K \x1b[01;31m\x1b[Kerror: \x1b[m\x1b[K\xe2\x80\x98\x1b[01m\x1b[Kpublisher1\x1b[m\x1b[K\xe2\x80\x99 was not declared in this scope\n'}
[0.811113] (pkg_navigation) StderrLine: {'line': b'   26 |   \x1b[01;31m\x1b[Kpublisher1\x1b[m\x1b[K = this->create_publisher<geometry_msgs::msg::PoseWithCovarianceStamped>("initialpose", 10);\n'}
[0.811161] (pkg_navigation) StderrLine: {'line': b'      |   \x1b[01;31m\x1b[K^~~~~~~~~~\x1b[m\x1b[K\n'}
[0.811197] (pkg_navigation) StderrLine: {'line': b'\x1b[01m\x1b[K/home/robogait/catkin_ws/src/pkg_navigation/src/publisher_initial_pose.cpp:26:59:\x1b[m\x1b[K \x1b[01;31m\x1b[Kerror: \x1b[m\x1b[K\xe2\x80\x98\x1b[01m\x1b[KPoseWithCovarianceStamped\x1b[m\x1b[K\xe2\x80\x99 is not a member of \xe2\x80\x98\x1b[01m\x1b[Kgeometry_msgs::msg\x1b[m\x1b[K\xe2\x80\x99\n'}
[0.811234] (pkg_navigation) StderrLine: {'line': b'   26 |   publisher1 = this->create_publisher<geometry_msgs::msg::\x1b[01;31m\x1b[KPoseWithCovarianceStamped\x1b[m\x1b[K>("initialpose", 10);\n'}
[0.811287] (pkg_navigation) StderrLine: {'line': b'      |                                                           \x1b[01;31m\x1b[K^~~~~~~~~~~~~~~~~~~~~~~~~\x1b[m\x1b[K\n'}
[0.811326] (pkg_navigation) StderrLine: {'line': b'\x1b[01m\x1b[K/home/robogait/catkin_ws/src/pkg_navigation/src/publisher_initial_pose.cpp:26:59:\x1b[m\x1b[K \x1b[01;31m\x1b[Kerror: \x1b[m\x1b[K\xe2\x80\x98\x1b[01m\x1b[KPoseWithCovarianceStamped\x1b[m\x1b[K\xe2\x80\x99 is not a member of \xe2\x80\x98\x1b[01m\x1b[Kgeometry_msgs::msg\x1b[m\x1b[K\xe2\x80\x99\n'}
[0.811360] (pkg_navigation) StderrLine: {'line': b'\x1b[01m\x1b[K/home/robogait/catkin_ws/src/pkg_navigation/src/publisher_initial_pose.cpp:26:103:\x1b[m\x1b[K \x1b[01;31m\x1b[Kerror: \x1b[m\x1b[Kno matching function for call to \xe2\x80\x98\x1b[01m\x1b[Kgeneric::create_publisher<<expression error> >(const char [12], int)\x1b[m\x1b[K\xe2\x80\x99\n'}
[0.811395] (pkg_navigation) StderrLine: {'line': b'   26 | metry_msgs::msg::PoseWithCovarianceStamped>("initialpose", 10\x1b[01;31m\x1b[K)\x1b[m\x1b[K;\n'}
[0.811433] (pkg_navigation) StderrLine: {'line': b'      |                                                              \x1b[01;31m\x1b[K^\x1b[m\x1b[K\n'}
[0.811468] (pkg_navigation) StderrLine: {'line': b'\n'}
[0.811503] (pkg_navigation) StderrLine: {'line': b'In file included from \x1b[01m\x1b[K/opt/ros/foxy/include/rclcpp/executors/single_threaded_executor.hpp:28\x1b[m\x1b[K,\n'}
[0.811537] (pkg_navigation) StderrLine: {'line': b'                 from \x1b[01m\x1b[K/opt/ros/foxy/include/rclcpp/executors.hpp:22\x1b[m\x1b[K,\n'}
[0.811572] (pkg_navigation) StderrLine: {'line': b'                 from \x1b[01m\x1b[K/opt/ros/foxy/include/rclcpp/rclcpp.hpp:146\x1b[m\x1b[K,\n'}
[0.811607] (pkg_navigation) StderrLine: {'line': b'                 from \x1b[01m\x1b[K/home/robogait/catkin_ws/src/pkg_navigation/src/publisher_initial_pose.cpp:7\x1b[m\x1b[K:\n'}
[0.811650] (pkg_navigation) StderrLine: {'line': b'\x1b[01m\x1b[K/opt/ros/foxy/include/rclcpp/node.hpp:184:3:\x1b[m\x1b[K \x1b[01;36m\x1b[Knote: \x1b[m\x1b[Kcandidate: \xe2\x80\x98\x1b[01m\x1b[Ktemplate<class MessageT, class AllocatorT, class PublisherT> std::shared_ptr<PublisherT> rclcpp::Node::create_publisher(const string&, const rclcpp::QoS&, const rclcpp::PublisherOptionsWithAllocator<AllocatorT>&)\x1b[m\x1b[K\xe2\x80\x99\n'}
[0.811692] (pkg_navigation) StderrLine: {'line': b'  184 |   \x1b[01;36m\x1b[Kcreate_publisher\x1b[m\x1b[K(\n'}
[0.811727] (pkg_navigation) StderrLine: {'line': b'      |   \x1b[01;36m\x1b[K^~~~~~~~~~~~~~~~\x1b[m\x1b[K\n'}
[0.811761] (pkg_navigation) StderrLine: {'line': b'\x1b[01m\x1b[K/opt/ros/foxy/include/rclcpp/node.hpp:184:3:\x1b[m\x1b[K \x1b[01;36m\x1b[Knote: \x1b[m\x1b[K  template argument deduction/substitution failed:\n'}
[0.811795] (pkg_navigation) StderrLine: {'line': b'\x1b[01m\x1b[K/home/robogait/catkin_ws/src/pkg_navigation/src/publisher_initial_pose.cpp:26:103:\x1b[m\x1b[K \x1b[01;31m\x1b[Kerror: \x1b[m\x1b[Ktemplate argument 1 is invalid\n'}
[0.811829] (pkg_navigation) StderrLine: {'line': b'   26 | metry_msgs::msg::PoseWithCovarianceStamped>("initialpose", 10\x1b[01;31m\x1b[K)\x1b[m\x1b[K;\n'}
[0.811864] (pkg_navigation) StderrLine: {'line': b'      |                                                              \x1b[01;31m\x1b[K^\x1b[m\x1b[K\n'}
[0.811898] (pkg_navigation) StderrLine: {'line': b'\n'}
[0.811932] (pkg_navigation) StderrLine: {'line': b'\x1b[01m\x1b[K/home/robogait/catkin_ws/src/pkg_navigation/src/publisher_initial_pose.cpp:27:23:\x1b[m\x1b[K \x1b[01;31m\x1b[Kerror: \x1b[m\x1b[K\xe2\x80\x98\x1b[01m\x1b[KPoseWithCovarianceStamped\x1b[m\x1b[K\xe2\x80\x99 is not a member of \xe2\x80\x98\x1b[01m\x1b[Kgeometry_msgs::msg\x1b[m\x1b[K\xe2\x80\x99\n'}
[0.811966] (pkg_navigation) StderrLine: {'line': b'   27 |   geometry_msgs::msg::\x1b[01;31m\x1b[KPoseWithCovarianceStamped\x1b[m\x1b[K initialpose;\n'}
[0.812001] (pkg_navigation) StderrLine: {'line': b'      |                       \x1b[01;31m\x1b[K^~~~~~~~~~~~~~~~~~~~~~~~~\x1b[m\x1b[K\n'}
[0.812786] (pkg_navigation) StderrLine: {'line': b'\x1b[01m\x1b[K/home/robogait/catkin_ws/src/pkg_navigation/src/publisher_initial_pose.cpp:28:3:\x1b[m\x1b[K \x1b[01;31m\x1b[Kerror: \x1b[m\x1b[K\xe2\x80\x98\x1b[01m\x1b[Kinitialpose\x1b[m\x1b[K\xe2\x80\x99 was not declared in this scope\n'}
[0.812824] (pkg_navigation) StderrLine: {'line': b'   28 |   \x1b[01;31m\x1b[Kinitialpose\x1b[m\x1b[K.header.frame_id="map";\n'}
[0.812859] (pkg_navigation) StderrLine: {'line': b'      |   \x1b[01;31m\x1b[K^~~~~~~~~~~\x1b[m\x1b[K\n'}
[0.902318] (-) TimerEvent: {}
[1.002653] (-) TimerEvent: {}
[1.044364] (pkg_navigation) StderrLine: {'line': b'make[2]: *** [CMakeFiles/publisher_initial_pose.dir/build.make:63: CMakeFiles/publisher_initial_pose.dir/src/publisher_initial_pose.cpp.o] Error 1\n'}
[1.044663] (pkg_navigation) StderrLine: {'line': b'make[1]: *** [CMakeFiles/Makefile2:82: CMakeFiles/publisher_initial_pose.dir/all] Error 2\n'}
[1.044943] (pkg_navigation) StderrLine: {'line': b'make: *** [Makefile:141: all] Error 2\n'}
[1.046458] (pkg_navigation) CommandEnded: {'returncode': 2}
[1.086616] (pkg_navigation) JobEnded: {'identifier': 'pkg_navigation', 'rc': 2}
[1.097220] (-) EventReactorShutdown: {}
