[01m[K/home/robogait/catkin_ws/src/pkg_navigation/src/robot_controller.cpp:22:29:[m[K [01;31m[Kerror: [m[Kâ€˜[01m[KPath[m[Kâ€™ is not a member of â€˜[01m[Knav_msgs::msg[m[Kâ€™
   22 | Subscription<nav_msgs::msg::[01;31m[KPath[m[K>::SharedPtr subscription_local_plan;
      |                             [01;31m[K^~~~[m[K
[01m[K/home/robogait/catkin_ws/src/pkg_navigation/src/robot_controller.cpp:22:29:[m[K [01;31m[Kerror: [m[Kâ€˜[01m[KPath[m[Kâ€™ is not a member of â€˜[01m[Knav_msgs::msg[m[Kâ€™
[01m[K/home/robogait/catkin_ws/src/pkg_navigation/src/robot_controller.cpp:22:33:[m[K [01;31m[Kerror: [m[Ktemplate argument 1 is invalid
   22 | Subscription<nav_msgs::msg::Path[01;31m[K>[m[K::SharedPtr subscription_local_plan;
      |                                 [01;31m[K^[m[K
[01m[K/home/robogait/catkin_ws/src/pkg_navigation/src/robot_controller.cpp:22:33:[m[K [01;31m[Kerror: [m[Ktemplate argument 3 is invalid
[01m[K/home/robogait/catkin_ws/src/pkg_navigation/src/robot_controller.cpp:22:36:[m[K [01;31m[Kerror: [m[Kexpected â€˜[01m[K;[m[Kâ€™ at end of member declaration
   22 | Subscription<nav_msgs::msg::Path>::[01;31m[KSharedPtr[m[K subscription_local_plan;
      |                                    [01;31m[K^~~~~~~~~[m[K
      |                                             [32m[K;[m[K
[01m[K/home/robogait/catkin_ws/src/pkg_navigation/src/robot_controller.cpp:22:46:[m[K [01;31m[Kerror: [m[Kâ€˜[01m[Ksubscription_local_plan[m[Kâ€™ does not name a type
   22 | Subscription<nav_msgs::msg::Path>::SharedPtr [01;31m[Ksubscription_local_plan[m[K;
      |                                              [01;31m[K^~~~~~~~~~~~~~~~~~~~~~~[m[K
[01m[K/home/robogait/catkin_ws/src/pkg_navigation/src/robot_controller.cpp:23:29:[m[K [01;31m[Kerror: [m[Kâ€˜[01m[KPath[m[Kâ€™ is not a member of â€˜[01m[Knav_msgs::msg[m[Kâ€™
   23 | Subscription<nav_msgs::msg::[01;31m[KPath[m[K>::SharedPtr subscription_global_plan;
      |                             [01;31m[K^~~~[m[K
[01m[K/home/robogait/catkin_ws/src/pkg_navigation/src/robot_controller.cpp:23:29:[m[K [01;31m[Kerror: [m[Kâ€˜[01m[KPath[m[Kâ€™ is not a member of â€˜[01m[Knav_msgs::msg[m[Kâ€™
[01m[K/home/robogait/catkin_ws/src/pkg_navigation/src/robot_controller.cpp:23:33:[m[K [01;31m[Kerror: [m[Ktemplate argument 1 is invalid
   23 | Subscription<nav_msgs::msg::Path[01;31m[K>[m[K::SharedPtr subscription_global_plan;
      |                                 [01;31m[K^[m[K
[01m[K/home/robogait/catkin_ws/src/pkg_navigation/src/robot_controller.cpp:23:33:[m[K [01;31m[Kerror: [m[Ktemplate argument 3 is invalid
[01m[K/home/robogait/catkin_ws/src/pkg_navigation/src/robot_controller.cpp:23:36:[m[K [01;31m[Kerror: [m[Kexpected â€˜[01m[K;[m[Kâ€™ at end of member declaration
   23 | Subscription<nav_msgs::msg::Path>::[01;31m[KSharedPtr[m[K subscription_global_plan;
      |                                    [01;31m[K^~~~~~~~~[m[K
      |                                             [32m[K;[m[K
[01m[K/home/robogait/catkin_ws/src/pkg_navigation/src/robot_controller.cpp:23:36:[m[K [01;31m[Kerror: [m[Kredeclaration of â€˜[01m[Kint generic::SharedPtr[m[Kâ€™
[01m[K/home/robogait/catkin_ws/src/pkg_navigation/src/robot_controller.cpp:22:36:[m[K [01;36m[Knote: [m[Kprevious declaration â€˜[01m[Kint generic::SharedPtr[m[Kâ€™
   22 | Subscription<nav_msgs::msg::Path>::[01;36m[KSharedPtr[m[K subscription_local_plan;
      |                                    [01;36m[K^~~~~~~~~[m[K
[01m[K/home/robogait/catkin_ws/src/pkg_navigation/src/robot_controller.cpp:23:46:[m[K [01;31m[Kerror: [m[Kâ€˜[01m[Ksubscription_global_plan[m[Kâ€™ does not name a type
   23 | Subscription<nav_msgs::msg::Path>::SharedPtr [01;31m[Ksubscription_global_plan[m[K;
      |                                              [01;31m[K^~~~~~~~~~~~~~~~~~~~~~~~[m[K
[01m[K/home/robogait/catkin_ws/src/pkg_navigation/src/robot_controller.cpp:24:34:[m[K [01;31m[Kerror: [m[Kâ€˜[01m[KPoseStamped[m[Kâ€™ is not a member of â€˜[01m[Kgeometry_msgs::msg[m[Kâ€™
   24 | Subscription<geometry_msgs::msg::[01;31m[KPoseStamped[m[K>::SharedPtr subscription_goal;
      |                                  [01;31m[K^~~~~~~~~~~[m[K
[01m[K/home/robogait/catkin_ws/src/pkg_navigation/src/robot_controller.cpp:24:34:[m[K [01;31m[Kerror: [m[Kâ€˜[01m[KPoseStamped[m[Kâ€™ is not a member of â€˜[01m[Kgeometry_msgs::msg[m[Kâ€™
[01m[K/home/robogait/catkin_ws/src/pkg_navigation/src/robot_controller.cpp:24:45:[m[K [01;31m[Kerror: [m[Ktemplate argument 1 is invalid
   24 | Subscription<geometry_msgs::msg::PoseStamped[01;31m[K>[m[K::SharedPtr subscription_goal;
      |                                             [01;31m[K^[m[K
[01m[K/home/robogait/catkin_ws/src/pkg_navigation/src/robot_controller.cpp:24:45:[m[K [01;31m[Kerror: [m[Ktemplate argument 3 is invalid
[01m[K/home/robogait/catkin_ws/src/pkg_navigation/src/robot_controller.cpp:24:48:[m[K [01;31m[Kerror: [m[Kexpected â€˜[01m[K;[m[Kâ€™ at end of member declaration
   24 | Subscription<geometry_msgs::msg::PoseStamped>::[01;31m[KSharedPtr[m[K subscription_goal;
      |                                                [01;31m[K^~~~~~~~~[m[K
      |                                                         [32m[K;[m[K
[01m[K/home/robogait/catkin_ws/src/pkg_navigation/src/robot_controller.cpp:24:48:[m[K [01;31m[Kerror: [m[Kredeclaration of â€˜[01m[Kint generic::SharedPtr[m[Kâ€™
[01m[K/home/robogait/catkin_ws/src/pkg_navigation/src/robot_controller.cpp:22:36:[m[K [01;36m[Knote: [m[Kprevious declaration â€˜[01m[Kint generic::SharedPtr[m[Kâ€™
   22 | Subscription<nav_msgs::msg::Path>::[01;36m[KSharedPtr[m[K subscription_local_plan;
      |                                    [01;36m[K^~~~~~~~~[m[K
[01m[K/home/robogait/catkin_ws/src/pkg_navigation/src/robot_controller.cpp:24:58:[m[K [01;31m[Kerror: [m[Kâ€˜[01m[Ksubscription_goal[m[Kâ€™ does not name a type
   24 | Subscription<geometry_msgs::msg::PoseStamped>::SharedPtr [01;31m[Ksubscription_goal[m[K;
      |                                                          [01;31m[K^~~~~~~~~~~~~~~~~[m[K
[01m[K/home/robogait/catkin_ws/src/pkg_navigation/src/robot_controller.cpp:[m[K In constructor â€˜[01m[Kgeneric::generic()[m[Kâ€™:
[01m[K/home/robogait/catkin_ws/src/pkg_navigation/src/robot_controller.cpp:42:3:[m[K [01;31m[Kerror: [m[Kâ€˜[01m[Ksubscription_local_plan[m[Kâ€™ was not declared in this scope
   42 |   [01;31m[Ksubscription_local_plan[m[K = this->create_subscription<nav_msgs::msg::Path>("local_plan",10, std::bind(&generic::callback_local_plan, this, _1));
      |   [01;31m[K^~~~~~~~~~~~~~~~~~~~~~~[m[K
[01m[K/home/robogait/catkin_ws/src/pkg_navigation/src/robot_controller.cpp:42:70:[m[K [01;31m[Kerror: [m[Kâ€˜[01m[KPath[m[Kâ€™ is not a member of â€˜[01m[Knav_msgs::msg[m[Kâ€™
   42 |   subscription_local_plan = this->create_subscription<nav_msgs::msg::[01;31m[KPath[m[K>("local_plan",10, std::bind(&generic::callback_local_plan, this, _1));
      |                                                                      [01;31m[K^~~~[m[K
[01m[K/home/robogait/catkin_ws/src/pkg_navigation/src/robot_controller.cpp:42:70:[m[K [01;31m[Kerror: [m[Kâ€˜[01m[KPath[m[Kâ€™ is not a member of â€˜[01m[Knav_msgs::msg[m[Kâ€™
[01m[K/home/robogait/catkin_ws/src/pkg_navigation/src/robot_controller.cpp:42:113:[m[K [01;31m[Kerror: [m[Kâ€˜[01m[Kcallback_local_plan[m[Kâ€™ is not a member of â€˜[01m[Kgeneric[m[Kâ€™
   42 |   subscription_local_plan = this->create_subscription<nav_msgs::msg::Path>("local_plan",10, std::bind(&generic::[01;31m[Kcallback_local_plan[m[K, this, _1));
      |                                                                                                                 [01;31m[K^~~~~~~~~~~~~~~~~~~[m[K
[01m[K/home/robogait/catkin_ws/src/pkg_navigation/src/robot_controller.cpp:43:3:[m[K [01;31m[Kerror: [m[Kâ€˜[01m[Ksubscription_global_plan[m[Kâ€™ was not declared in this scope
   43 |   [01;31m[Ksubscription_global_plan[m[K = this->create_subscription<nav_msgs::msg::Path>("global_plan",10, std::bind(&generic::callback_global_plan, this, _1));
      |   [01;31m[K^~~~~~~~~~~~~~~~~~~~~~~~[m[K
[01m[K/home/robogait/catkin_ws/src/pkg_navigation/src/robot_controller.cpp:43:71:[m[K [01;31m[Kerror: [m[Kâ€˜[01m[KPath[m[Kâ€™ is not a member of â€˜[01m[Knav_msgs::msg[m[Kâ€™
   43 |   subscription_global_plan = this->create_subscription<nav_msgs::msg::[01;31m[KPath[m[K>("global_plan",10, std::bind(&generic::callback_global_plan, this, _1));
      |                                                                       [01;31m[K^~~~[m[K
[01m[K/home/robogait/catkin_ws/src/pkg_navigation/src/robot_controller.cpp:43:71:[m[K [01;31m[Kerror: [m[Kâ€˜[01m[KPath[m[Kâ€™ is not a member of â€˜[01m[Knav_msgs::msg[m[Kâ€™
[01m[K/home/robogait/catkin_ws/src/pkg_navigation/src/robot_controller.cpp:43:115:[m[K [01;31m[Kerror: [m[Kâ€˜[01m[Kcallback_global_plan[m[Kâ€™ is not a member of â€˜[01m[Kgeneric[m[Kâ€™
   43 |   subscription_global_plan = this->create_subscription<nav_msgs::msg::Path>("global_plan",10, std::bind(&generic::[01;31m[Kcallback_global_plan[m[K, this, _1));
      |                                                                                                                   [01;31m[K^~~~~~~~~~~~~~~~~~~~[m[K
[01m[K/home/robogait/catkin_ws/src/pkg_navigation/src/robot_controller.cpp:44:3:[m[K [01;31m[Kerror: [m[Kâ€˜[01m[Ksubscription_goal[m[Kâ€™ was not declared in this scope; did you mean â€˜[01m[Ksubscription_keyboard[m[Kâ€™?
   44 |   [01;31m[Ksubscription_goal[m[K= this->create_subscription<geometry_msgs::msg::PoseStamped>("goal_pose",10, std::bind(&generic::callback_goal_pose, this, _1));
      |   [01;31m[K^~~~~~~~~~~~~~~~~[m[K
      |   [32m[Ksubscription_keyboard[m[K
[01m[K/home/robogait/catkin_ws/src/pkg_navigation/src/robot_controller.cpp:44:68:[m[K [01;31m[Kerror: [m[Kâ€˜[01m[KPoseStamped[m[Kâ€™ is not a member of â€˜[01m[Kgeometry_msgs::msg[m[Kâ€™
   44 |   subscription_goal= this->create_subscription<geometry_msgs::msg::[01;31m[KPoseStamped[m[K>("goal_pose",10, std::bind(&generic::callback_goal_pose, this, _1));
      |                                                                    [01;31m[K^~~~~~~~~~~[m[K
[01m[K/home/robogait/catkin_ws/src/pkg_navigation/src/robot_controller.cpp:44:68:[m[K [01;31m[Kerror: [m[Kâ€˜[01m[KPoseStamped[m[Kâ€™ is not a member of â€˜[01m[Kgeometry_msgs::msg[m[Kâ€™
[01m[K/home/robogait/catkin_ws/src/pkg_navigation/src/robot_controller.cpp:44:117:[m[K [01;31m[Kerror: [m[Kâ€˜[01m[Kcallback_goal_pose[m[Kâ€™ is not a member of â€˜[01m[Kgeneric[m[Kâ€™
   44 |   subscription_goal= this->create_subscription<geometry_msgs::msg::PoseStamped>("goal_pose",10, std::bind(&generic::[01;31m[Kcallback_goal_pose[m[K, this, _1));
      |                                                                                                                     [01;31m[K^~~~~~~~~~~~~~~~~~[m[K
[01m[K/home/robogait/catkin_ws/src/pkg_navigation/src/robot_controller.cpp:45:128:[m[K [01;31m[Kerror: [m[Kâ€˜[01m[Kcallback_odom_filtered[m[Kâ€™ is not a member of â€˜[01m[Kgeneric[m[Kâ€™
   45 |   subscription_robot_odom_filtered= this->create_subscription<nav_msgs::msg::Odometry>("odom_filtered",10, std::bind(&generic::[01;31m[Kcallback_odom_filtered[m[K, this, _1));
      |                                                                                                                                [01;31m[K^~~~~~~~~~~~~~~~~~~~~~[m[K
[01m[K/home/robogait/catkin_ws/src/pkg_navigation/src/robot_controller.cpp:[m[K In member function â€˜[01m[Kvoid generic::topic_callback(geometry_msgs::msg::Twist_<std::allocator<void> >::SharedPtr) const[m[Kâ€™:
[01m[K/home/robogait/catkin_ws/src/pkg_navigation/src/robot_controller.cpp:57:33:[m[K [01;31m[Kerror: [m[Kassignment of member â€˜[01m[Kgeometry_msgs::msg::Vector3_<std::allocator<void> >::x[m[Kâ€™ in read-only object
   57 |        [01;31m[Kcmd_keyboard_msg.linear.x=msg->linear.x[m[K;
      |        [01;31m[K~~~~~~~~~~~~~~~~~~~~~~~~~^~~~~~~~~~~~~~[m[K
[01m[K/home/robogait/catkin_ws/src/pkg_navigation/src/robot_controller.cpp:58:34:[m[K [01;31m[Kerror: [m[Kassignment of member â€˜[01m[Kgeometry_msgs::msg::Vector3_<std::allocator<void> >::z[m[Kâ€™ in read-only object
   58 |        [01;31m[Kcmd_keyboard_msg.angular.z=msg->angular.z[m[K;
      |        [01;31m[K~~~~~~~~~~~~~~~~~~~~~~~~~~^~~~~~~~~~~~~~~[m[K
make[2]: *** [CMakeFiles/robot_controller.dir/build.make:63: CMakeFiles/robot_controller.dir/src/robot_controller.cpp.o] Error 1
make[1]: *** [CMakeFiles/Makefile2:221: CMakeFiles/robot_controller.dir/all] Error 2
make: *** [Makefile:141: all] Error 2
