[35m[1mScanning dependencies of target publisher_cpp[0m
[ 50%] [32mBuilding CXX object CMakeFiles/publisher_cpp.dir/src/publisher_cpp.cpp.o[0m
[01m[K/home/robogait/catkin_ws/src/test/src/publisher_cpp.cpp:[m[K In constructor â€˜[01m[KMinimalPublisher::MinimalPublisher()[m[Kâ€™:
[01m[K/home/robogait/catkin_ws/src/test/src/publisher_cpp.cpp:22:7:[m[K [01;31m[Kerror: [m[Kâ€˜[01m[Kpublisher2[m[Kâ€™ was not declared in this scope; did you mean â€˜[01m[Kpublisher_[m[Kâ€™?
   22 |       [01;31m[Kpublisher2[m[K = this->create_publisher<nav_msgs::msg::Odometry>("myOdom", 10);
      |       [01;31m[K^~~~~~~~~~[m[K
      |       [32m[Kpublisher_[m[K
make[2]: *** [CMakeFiles/publisher_cpp.dir/build.make:63: CMakeFiles/publisher_cpp.dir/src/publisher_cpp.cpp.o] Error 1
make[1]: *** [CMakeFiles/Makefile2:78: CMakeFiles/publisher_cpp.dir/all] Error 2
make: *** [Makefile:141: all] Error 2
