[0.014s] Invoking command in '/home/robogait/catkin_ws/build/test': CMAKE_PREFIX_PATH=${CMAKE_PREFIX_PATH}:/home/robogait/nav2_ws/install/nav2_gazebo_spawner:/home/robogait/ros2_serial/install/ourbotmanager:/opt/ros/foxy /usr/bin/cmake --build /home/robogait/catkin_ws/build/test -- -j8 -l8
[0.054s] [35m[1mScanning dependencies of target publisher_cpp[0m
[0.073s] [ 50%] [32mBuilding CXX object CMakeFiles/publisher_cpp.dir/src/publisher_cpp.cpp.o[0m
[0.802s] [01m[K/home/robogait/catkin_ws/src/test/src/publisher_cpp.cpp:[m[K In constructor â€˜[01m[KMinimalPublisher::MinimalPublisher()[m[Kâ€™:
[0.802s] [01m[K/home/robogait/catkin_ws/src/test/src/publisher_cpp.cpp:22:7:[m[K [01;31m[Kerror: [m[Kâ€˜[01m[Kpublisher2[m[Kâ€™ was not declared in this scope; did you mean â€˜[01m[Kpublisher_[m[Kâ€™?
[0.802s]    22 |       [01;31m[Kpublisher2[m[K = this->create_publisher<nav_msgs::msg::Odometry>("myOdom", 10);
[0.802s]       |       [01;31m[K^~~~~~~~~~[m[K
[0.802s]       |       [32m[Kpublisher_[m[K
[1.451s] make[2]: *** [CMakeFiles/publisher_cpp.dir/build.make:63: CMakeFiles/publisher_cpp.dir/src/publisher_cpp.cpp.o] Error 1
[1.451s] make[1]: *** [CMakeFiles/Makefile2:78: CMakeFiles/publisher_cpp.dir/all] Error 2
[1.451s] make: *** [Makefile:141: all] Error 2
[1.454s] Invoked command in '/home/robogait/catkin_ws/build/test' returned '2': CMAKE_PREFIX_PATH=${CMAKE_PREFIX_PATH}:/home/robogait/nav2_ws/install/nav2_gazebo_spawner:/home/robogait/ros2_serial/install/ourbotmanager:/opt/ros/foxy /usr/bin/cmake --build /home/robogait/catkin_ws/build/test -- -j8 -l8
