[01m[K/home/robogait/catkin_ws/src/pkg_navigation/src/robot_controller.cpp:[m[K In member function â€˜[01m[Kvoid generic::lane_controller()[m[Kâ€™:
[01m[K/home/robogait/catkin_ws/src/pkg_navigation/src/robot_controller.cpp:96:14:[m[K [01;35m[Kwarning: [m[Kunused variable â€˜[01m[Kyaw_error[m[Kâ€™ [[01;35m[K-Wunused-variable[m[K]
   96 |        float [01;35m[Kyaw_error[m[K= calculate_yaw_error(q_goal,q_robot);
      |              [01;35m[K^~~~~~~~~[m[K
[01m[K/home/robogait/catkin_ws/src/pkg_navigation/src/robot_controller.cpp:[m[K In member function â€˜[01m[Kfloat generic::calculate_yaw_error(tf2::Quaternion, tf2::Quaternion)[m[Kâ€™:
[01m[K/home/robogait/catkin_ws/src/pkg_navigation/src/robot_controller.cpp:108:17:[m[K [01;31m[Kerror: [m[Kcannot bind non-const lvalue reference of type â€˜[01m[Ktf2Scalar&[m[Kâ€™ {aka â€˜[01m[Kdouble&[m[Kâ€™} to an rvalue of type â€˜[01m[Ktf2Scalar[m[Kâ€™ {aka â€˜[01m[Kdouble[m[Kâ€™}
  108 |        m.getRPY([01;31m[Kroll[m[K, pitch, yaw);
      |                 [01;31m[K^~~~[m[K
In file included from [01m[K/home/robogait/catkin_ws/src/pkg_navigation/src/robot_controller.cpp:17[m[K:
[01m[K/opt/ros/foxy/include/tf2/LinearMath/Matrix3x3.h:359:25:[m[K [01;36m[Knote: [m[K  initializing argument 1 of â€˜[01m[Kvoid tf2::Matrix3x3::getRPY(tf2Scalar&, tf2Scalar&, tf2Scalar&, unsigned int) const[m[Kâ€™
  359 |  void getRPY([01;36m[Ktf2Scalar& roll[m[K, tf2Scalar& pitch, tf2Scalar& yaw, unsigned int solution_number = 1) const
      |              [01;36m[K~~~~~~~~~~~^~~~[m[K
[01m[K/home/robogait/catkin_ws/src/pkg_navigation/src/robot_controller.cpp:[m[K In member function â€˜[01m[Kvoid generic::loop()[m[Kâ€™:
[01m[K/home/robogait/catkin_ws/src/pkg_navigation/src/robot_controller.cpp:131:9:[m[K [01;31m[Kerror: [m[Kexpected â€˜[01m[K,[m[Kâ€™ or â€˜[01m[K;[m[Kâ€™ before â€˜[01m[Kstd[m[Kâ€™
  131 |         [01;31m[Kstd[m[K::cout << error*(180/M_PI) <<std::endl;
      |         [01;31m[K^~~[m[K
[01m[K/home/robogait/catkin_ws/src/pkg_navigation/src/robot_controller.cpp:129:15:[m[K [01;35m[Kwarning: [m[Kunused variable â€˜[01m[Kerror[m[Kâ€™ [[01;35m[K-Wunused-variable[m[K]
  129 |         float [01;35m[Kerror[m[K= calculate_yaw_error(q_goal,q_robot)
      |               [01;35m[K^~~~~[m[K
make[2]: *** [CMakeFiles/robot_controller.dir/build.make:63: CMakeFiles/robot_controller.dir/src/robot_controller.cpp.o] Error 1
make[1]: *** [CMakeFiles/Makefile2:221: CMakeFiles/robot_controller.dir/all] Error 2
make: *** [Makefile:141: all] Error 2
