[0.014s] Invoking command in '/home/robogait/catkin_ws/build/pkg_navigation': CMAKE_PREFIX_PATH=${CMAKE_PREFIX_PATH}:/home/robogait/ros2_ws/install/nav2_project:/home/robogait/nav2_ws/install/nav2_gazebo_spawner:/home/robogait/ros2_serial/install/ourbotmanager:/opt/ros/foxy /usr/bin/cmake --build /home/robogait/catkin_ws/build/pkg_navigation -- -j8 -l8
[0.064s] [35m[1mScanning dependencies of target robot_controller[0m
[0.078s] [ 20%] Built target tf2_broadcaster
[0.079s] [ 40%] Built target publisher_initial_pose
[0.080s] [ 60%] Built target publisher_subscriber
[0.084s] [ 80%] Built target robot_odom_tf2_listener
[0.088s] [ 90%] [32mBuilding CXX object CMakeFiles/robot_controller.dir/src/robot_controller.cpp.o[0m
[0.956s] [01m[K/home/robogait/catkin_ws/src/pkg_navigation/src/robot_controller.cpp:[m[K In member function â€˜[01m[Kvoid generic::lane_controller()[m[Kâ€™:
[0.956s] [01m[K/home/robogait/catkin_ws/src/pkg_navigation/src/robot_controller.cpp:96:14:[m[K [01;35m[Kwarning: [m[Kunused variable â€˜[01m[Kyaw_error[m[Kâ€™ [[01;35m[K-Wunused-variable[m[K]
[0.956s]    96 |        float [01;35m[Kyaw_error[m[K= calculate_yaw_error(q_goal,q_robot);
[0.957s]       |              [01;35m[K^~~~~~~~~[m[K
[0.957s] [01m[K/home/robogait/catkin_ws/src/pkg_navigation/src/robot_controller.cpp:[m[K In member function â€˜[01m[Kfloat generic::calculate_yaw_error(tf2::Quaternion, tf2::Quaternion)[m[Kâ€™:
[0.957s] [01m[K/home/robogait/catkin_ws/src/pkg_navigation/src/robot_controller.cpp:108:17:[m[K [01;31m[Kerror: [m[Kcannot bind non-const lvalue reference of type â€˜[01m[Ktf2Scalar&[m[Kâ€™ {aka â€˜[01m[Kdouble&[m[Kâ€™} to an rvalue of type â€˜[01m[Ktf2Scalar[m[Kâ€™ {aka â€˜[01m[Kdouble[m[Kâ€™}
[0.957s]   108 |        m.getRPY([01;31m[Kroll[m[K, pitch, yaw);
[0.957s]       |                 [01;31m[K^~~~[m[K
[0.957s] In file included from [01m[K/home/robogait/catkin_ws/src/pkg_navigation/src/robot_controller.cpp:17[m[K:
[0.957s] [01m[K/opt/ros/foxy/include/tf2/LinearMath/Matrix3x3.h:359:25:[m[K [01;36m[Knote: [m[K  initializing argument 1 of â€˜[01m[Kvoid tf2::Matrix3x3::getRPY(tf2Scalar&, tf2Scalar&, tf2Scalar&, unsigned int) const[m[Kâ€™
[0.957s]   359 |  void getRPY([01;36m[Ktf2Scalar& roll[m[K, tf2Scalar& pitch, tf2Scalar& yaw, unsigned int solution_number = 1) const
[0.957s]       |              [01;36m[K~~~~~~~~~~~^~~~[m[K
[0.960s] [01m[K/home/robogait/catkin_ws/src/pkg_navigation/src/robot_controller.cpp:[m[K In member function â€˜[01m[Kvoid generic::loop()[m[Kâ€™:
[0.961s] [01m[K/home/robogait/catkin_ws/src/pkg_navigation/src/robot_controller.cpp:131:9:[m[K [01;31m[Kerror: [m[Kexpected â€˜[01m[K,[m[Kâ€™ or â€˜[01m[K;[m[Kâ€™ before â€˜[01m[Kstd[m[Kâ€™
[0.961s]   131 |         [01;31m[Kstd[m[K::cout << error*(180/M_PI) <<std::endl;
[0.961s]       |         [01;31m[K^~~[m[K
[0.961s] [01m[K/home/robogait/catkin_ws/src/pkg_navigation/src/robot_controller.cpp:129:15:[m[K [01;35m[Kwarning: [m[Kunused variable â€˜[01m[Kerror[m[Kâ€™ [[01;35m[K-Wunused-variable[m[K]
[0.961s]   129 |         float [01;35m[Kerror[m[K= calculate_yaw_error(q_goal,q_robot)
[0.961s]       |               [01;35m[K^~~~~[m[K
[2.821s] make[2]: *** [CMakeFiles/robot_controller.dir/build.make:63: CMakeFiles/robot_controller.dir/src/robot_controller.cpp.o] Error 1
[2.821s] make[1]: *** [CMakeFiles/Makefile2:221: CMakeFiles/robot_controller.dir/all] Error 2
[2.822s] make: *** [Makefile:141: all] Error 2
[2.823s] Invoked command in '/home/robogait/catkin_ws/build/pkg_navigation' returned '2': CMAKE_PREFIX_PATH=${CMAKE_PREFIX_PATH}:/home/robogait/ros2_ws/install/nav2_project:/home/robogait/nav2_ws/install/nav2_gazebo_spawner:/home/robogait/ros2_serial/install/ourbotmanager:/opt/ros/foxy /usr/bin/cmake --build /home/robogait/catkin_ws/build/pkg_navigation -- -j8 -l8
