[01m[K/home/robogait/azure_kinect_ws/src/kinect_azure_body_tracker/src/kinectAzure_body_tracker_node_plus_recording_simplified.cpp:[m[K In member function â€˜[01m[Kvoid MinimalPublisher::body_tracking()[m[Kâ€™:
[01m[K/home/robogait/azure_kinect_ws/src/kinect_azure_body_tracker/src/kinectAzure_body_tracker_node_plus_recording_simplified.cpp:90:88:[m[K [01;31m[Kerror: [m[Kexpected â€˜[01m[K;[m[Kâ€™ before â€˜[01m[Kbody[m[Kâ€™
   90 |    k4abt_frame_get_body_skeleton(body_frame, 0, &body.skeleton) != K4A_RESULT_SUCCEEDED
      |                                                                                        [01;31m[K^[m[K
      |                                                                                        [32m[K;[m[K
   91 |    [32m[Kbody[m[K.id = k4abt_frame_get_body_id(body_frame, 0);
      |    [32m[K~~~~[m[K                                                                                 
[01m[K/home/robogait/azure_kinect_ws/src/kinect_azure_body_tracker/src/kinectAzure_body_tracker_node_plus_recording_simplified.cpp:90:65:[m[K [01;35m[Kwarning: [m[Kvalue computed is not used [[01;35m[K-Wunused-value[m[K]
   90 |    [01;35m[Kk4abt_frame_get_body_skeleton(body_frame, 0, &body.skeleton) != K4A_RESULT_SUCCEEDED[m[K
      |    [01;35m[K~~~~~~~~~~~~~~~~~~~~~~~~~~~~~~~~~~~~~~~~~~~~~~~~~~~~~~~~~~~~~^~~~~~~~~~~~~~~~~~~~~~~[m[K
[01m[K/home/robogait/azure_kinect_ws/src/kinect_azure_body_tracker/src/kinectAzure_body_tracker_node_plus_recording_simplified.cpp:64:25:[m[K [01;35m[Kwarning: [m[Kunused variable â€˜[01m[Kqueue_capture_result[m[Kâ€™ [[01;35m[K-Wunused-variable[m[K]
   64 |       k4a_wait_result_t [01;35m[Kqueue_capture_result[m[K = k4abt_tracker_enqueue_capture(tracker, sensor_capture, K4A_WAIT_INFINITE);
      |                         [01;35m[K^~~~~~~~~~~~~~~~~~~~[m[K
At global scope:
[01m[Kcc1plus:[m[K [01;35m[Kwarning: [m[Kunrecognized command line option â€˜[01m[K-Wno-dev[m[Kâ€™
make[2]: *** [CMakeFiles/kinect_azure_body_tracker_recording_node_simplified.dir/build.make:63: CMakeFiles/kinect_azure_body_tracker_recording_node_simplified.dir/src/kinectAzure_body_tracker_node_plus_recording_simplified.cpp.o] Error 1
make[1]: *** [CMakeFiles/Makefile2:84: CMakeFiles/kinect_azure_body_tracker_recording_node_simplified.dir/all] Error 2
make: *** [Makefile:141: all] Error 2
