[0.019s] Invoking command in '/home/robogait/azure_kinect_ws/build/kinect_azure_body_tracker': CMAKE_PREFIX_PATH=${CMAKE_PREFIX_PATH}:/home/robogait/nav2_ws/install/nav2_gazebo_spawner:/home/robogait/ros2_serial/install/ourbotmanager:/home/robogait/ros2_ws/install/nav2_project:/opt/ros/foxy /usr/bin/cmake --build /home/robogait/azure_kinect_ws/build/kinect_azure_body_tracker -- -j8 -l8
[0.066s] [35m[1mScanning dependencies of target kinect_azure_body_tracker_recording_node_simplified[0m
[0.097s] [ 25%] Built target kinect_azure_body_tracker_node_simplified
[0.098s] [ 50%] Built target kinect_azure_body_tracker_node
[0.104s] [ 87%] Built target kinect_azure_body_tracker_recording_node
[0.105s] [ 87%] [32mBuilding CXX object CMakeFiles/kinect_azure_body_tracker_recording_node_simplified.dir/src/kinectAzure_body_tracker_node_plus_recording_simplified.cpp.o[0m
[0.882s] [01m[K/home/robogait/azure_kinect_ws/src/kinect_azure_body_tracker/src/kinectAzure_body_tracker_node_plus_recording_simplified.cpp:[m[K In member function â€˜[01m[Kvoid MinimalPublisher::body_tracking()[m[Kâ€™:
[0.882s] [01m[K/home/robogait/azure_kinect_ws/src/kinect_azure_body_tracker/src/kinectAzure_body_tracker_node_plus_recording_simplified.cpp:90:88:[m[K [01;31m[Kerror: [m[Kexpected â€˜[01m[K;[m[Kâ€™ before â€˜[01m[Kbody[m[Kâ€™
[0.882s]    90 |    k4abt_frame_get_body_skeleton(body_frame, 0, &body.skeleton) != K4A_RESULT_SUCCEEDED
[0.882s]       |                                                                                        [01;31m[K^[m[K
[0.882s]       |                                                                                        [32m[K;[m[K
[0.882s]    91 |    [32m[Kbody[m[K.id = k4abt_frame_get_body_id(body_frame, 0);
[0.883s]       |    [32m[K~~~~[m[K                                                                                 
[0.883s] [01m[K/home/robogait/azure_kinect_ws/src/kinect_azure_body_tracker/src/kinectAzure_body_tracker_node_plus_recording_simplified.cpp:90:65:[m[K [01;35m[Kwarning: [m[Kvalue computed is not used [[01;35m[K-Wunused-value[m[K]
[0.883s]    90 |    [01;35m[Kk4abt_frame_get_body_skeleton(body_frame, 0, &body.skeleton) != K4A_RESULT_SUCCEEDED[m[K
[0.883s]       |    [01;35m[K~~~~~~~~~~~~~~~~~~~~~~~~~~~~~~~~~~~~~~~~~~~~~~~~~~~~~~~~~~~~~^~~~~~~~~~~~~~~~~~~~~~~[m[K
[0.883s] [01m[K/home/robogait/azure_kinect_ws/src/kinect_azure_body_tracker/src/kinectAzure_body_tracker_node_plus_recording_simplified.cpp:64:25:[m[K [01;35m[Kwarning: [m[Kunused variable â€˜[01m[Kqueue_capture_result[m[Kâ€™ [[01;35m[K-Wunused-variable[m[K]
[0.883s]    64 |       k4a_wait_result_t [01;35m[Kqueue_capture_result[m[K = k4abt_tracker_enqueue_capture(tracker, sensor_capture, K4A_WAIT_INFINITE);
[0.883s]       |                         [01;35m[K^~~~~~~~~~~~~~~~~~~~[m[K
[1.417s] At global scope:
[1.417s] [01m[Kcc1plus:[m[K [01;35m[Kwarning: [m[Kunrecognized command line option â€˜[01m[K-Wno-dev[m[Kâ€™
[1.425s] make[2]: *** [CMakeFiles/kinect_azure_body_tracker_recording_node_simplified.dir/build.make:63: CMakeFiles/kinect_azure_body_tracker_recording_node_simplified.dir/src/kinectAzure_body_tracker_node_plus_recording_simplified.cpp.o] Error 1
[1.426s] make[1]: *** [CMakeFiles/Makefile2:84: CMakeFiles/kinect_azure_body_tracker_recording_node_simplified.dir/all] Error 2
[1.426s] make: *** [Makefile:141: all] Error 2
[1.429s] Invoked command in '/home/robogait/azure_kinect_ws/build/kinect_azure_body_tracker' returned '2': CMAKE_PREFIX_PATH=${CMAKE_PREFIX_PATH}:/home/robogait/nav2_ws/install/nav2_gazebo_spawner:/home/robogait/ros2_serial/install/ourbotmanager:/home/robogait/ros2_ws/install/nav2_project:/opt/ros/foxy /usr/bin/cmake --build /home/robogait/azure_kinect_ws/build/kinect_azure_body_tracker -- -j8 -l8
