[35m[1mScanning dependencies of target prueba_talker[0m
[  2%] Built target body_tracking__cpp
[ 10%] Built target body_tracking__rosidl_generator_c
[ 15%] Built target body_tracking_node
[ 20%] Built target listener
[ 25%] Built target talker
[ 33%] Built target body_tracking__rosidl_typesupport_introspection_c
[ 41%] Built target body_tracking__rosidl_typesupport_cpp
[ 48%] Built target body_tracking__rosidl_typesupport_introspection_cpp
[ 51%] [32mBuilding CXX object CMakeFiles/prueba_talker.dir/src/main.cpp.o[0m
[ 58%] Built target body_tracking__rosidl_typesupport_c
[ 66%] Built target body_tracking__rosidl_typesupport_fastrtps_cpp
[ 74%] Built target body_tracking__rosidl_typesupport_fastrtps_c
[ 74%] Built target body_tracking
[ 76%] Built target body_tracking__py
[ 82%] Built target body_tracking__python
[ 97%] Built target body_tracking__rosidl_typesupport_c__pyext
[ 97%] Built target body_tracking__rosidl_typesupport_fastrtps_c__pyext
[ 97%] Built target body_tracking__rosidl_typesupport_introspection_c__pyext
[01m[K/home/robogait/azure_kinect_ws/src/body_tracking/src/main.cpp:214:2:[m[K [01;31m[Kerror: [m[Knon-static data member declared with placeholder â€˜[01m[Kauto[m[Kâ€™
  214 |  [01;31m[Kauto[m[K message = body_tracking::msg::HipCoordinates();
      |  [01;31m[K^~~~[m[K
[01m[K/home/robogait/azure_kinect_ws/src/body_tracking/src/main.cpp:[m[K In member function â€˜[01m[Kvoid MinimalPublisher::timer_callback()[m[Kâ€™:
[01m[K/home/robogait/azure_kinect_ws/src/body_tracking/src/main.cpp:69:11:[m[K [01;31m[Kerror: [m[Kâ€˜[01m[Ktotal_success_tracker_time[m[Kâ€™ was not declared in this scope
   69 |           [01;31m[Ktotal_success_tracker_time[m[K += time_spent;
      |           [01;31m[K^~~~~~~~~~~~~~~~~~~~~~~~~~[m[K
[01m[K/home/robogait/azure_kinect_ws/src/body_tracking/src/main.cpp:70:11:[m[K [01;31m[Kerror: [m[Kâ€˜[01m[Ksuccess_frame_count[m[Kâ€™ was not declared in this scope
   70 |           [01;31m[Ksuccess_frame_count[m[K++;
      |           [01;31m[K^~~~~~~~~~~~~~~~~~~[m[K
[01m[K/home/robogait/azure_kinect_ws/src/body_tracking/src/main.cpp:76:11:[m[K [01;31m[Kerror: [m[Kâ€˜[01m[Ktotal_success_body_count[m[Kâ€™ was not declared in this scope
   76 |           [01;31m[Ktotal_success_body_count[m[K += num_bodies;
      |           [01;31m[K^~~~~~~~~~~~~~~~~~~~~~~~[m[K
[01m[K/home/robogait/azure_kinect_ws/src/body_tracking/src/main.cpp:129:27:[m[K [01;31m[Kerror: [m[Kâ€˜[01m[Kbody[m[Kâ€™ was not declared in this scope
  129 |   k4a_float3_t position = [01;31m[Kbody[m[K.skeleton.joints[coordenadaCadera].position;
      |                           [01;31m[K^~~~[m[K
make[2]: *** [CMakeFiles/prueba_talker.dir/build.make:63: CMakeFiles/prueba_talker.dir/src/main.cpp.o] Error 1
make[1]: *** [CMakeFiles/Makefile2:325: CMakeFiles/prueba_talker.dir/all] Error 2
make: *** [Makefile:141: all] Error 2
