[0.015s] Invoking command in '/home/robogait/catkin_ws/build/pkg_navigation': CMAKE_PREFIX_PATH=${CMAKE_PREFIX_PATH}:/home/robogait/nav2_ws/install/nav2_gazebo_spawner:/home/robogait/ros2_serial/install/ourbotmanager:/home/robogait/ros2_ws/install/nav2_project:/opt/ros/foxy /usr/bin/cmake --build /home/robogait/catkin_ws/build/pkg_navigation -- -j8 -l8
[0.037s] -- Found ament_cmake: 0.9.9 (/opt/ros/foxy/share/ament_cmake/cmake)
[0.057s] -- Using PYTHON_EXECUTABLE: /usr/bin/python3
[0.161s] -- Override CMake install command with custom implementation using symlinks instead of copying resources
[0.165s] -- Found rclcpp: 2.4.1 (/opt/ros/foxy/share/rclcpp/cmake)
[0.189s] -- Using all available rosidl_typesupport_c: rosidl_typesupport_fastrtps_c;rosidl_typesupport_introspection_c
[0.191s] -- Found rosidl_adapter: 1.2.1 (/opt/ros/foxy/share/rosidl_adapter/cmake)
[0.276s] -- Using all available rosidl_typesupport_cpp: rosidl_typesupport_fastrtps_cpp;rosidl_typesupport_introspection_cpp
[0.305s] -- Found rmw_implementation_cmake: 1.0.3 (/opt/ros/foxy/share/rmw_implementation_cmake/cmake)
[0.307s] -- Using RMW implementation 'rmw_fastrtps_cpp' as default
[0.391s] -- Found geometry_msgs: 2.0.5 (/opt/ros/foxy/share/geometry_msgs/cmake)
[0.410s] -- Found nav_msgs: 2.0.5 (/opt/ros/foxy/share/nav_msgs/cmake)
[0.451s] -- Found sensor_msgs: 2.0.5 (/opt/ros/foxy/share/sensor_msgs/cmake)
[0.491s] -- Found tf2: 0.13.13 (/opt/ros/foxy/share/tf2/cmake)
[0.497s] -- Found tf2_ros: 0.13.13 (/opt/ros/foxy/share/tf2_ros/cmake)
[0.681s] -- Found turtlesim: 1.2.5 (/home/robogait/tutorials_ros2/install/turtlesim/share/turtlesim/cmake)
[0.715s] -- Found body_tracker_msgs: 0.0.0 (/home/robogait/azure_kinect_ws/install/body_tracker_msgs/share/body_tracker_msgs/cmake)
[0.813s] -- Configuring done
[0.838s] -- Generating done
[0.839s] -- Build files have been written to: /home/robogait/catkin_ws/build/pkg_navigation
[0.868s] [35m[1mScanning dependencies of target robot_controller_position[0m
[0.886s] [ 33%] Built target robot_odom_tf2_listener
[0.886s] [ 33%] Built target publisher_subscriber
[0.887s] [ 50%] Built target tf2_broadcaster
[0.887s] [ 66%] Built target publisher_initial_pose
[0.889s] [ 83%] Built target robot_controller
[0.897s] [ 91%] [32mBuilding CXX object CMakeFiles/robot_controller_position.dir/src/robot_controller_position.cpp.o[0m
[1.678s] [01m[K/home/robogait/catkin_ws/src/pkg_navigation/src/robot_controller_position.cpp:[m[K In constructor â€˜[01m[Kgeneric::generic()[m[Kâ€™:
[1.678s] [01m[K/home/robogait/catkin_ws/src/pkg_navigation/src/robot_controller_position.cpp:56:110:[m[K [01;31m[Kerror: [m[Kâ€˜[01m[Kcallback_odom[m[Kâ€™ is not a member of â€˜[01m[Kgeneric[m[Kâ€™
[1.678s]    56 |   subscription_robot_odom= this->create_subscription<nav_msgs::msg::Odometry>("odom",10, std::bind(&generic::[01;31m[Kcallback_odom[m[K, this, _1));
[1.678s]       |                                                                                                              [01;31m[K^~~~~~~~~~~~~[m[K
[1.683s] [01m[K/home/robogait/catkin_ws/src/pkg_navigation/src/robot_controller_position.cpp:58:3:[m[K [01;31m[Kerror: [m[Kâ€˜[01m[Ksubscription_spine_bottom[m[Kâ€™ was not declared in this scope; did you mean â€˜[01m[Ksubscription_robot_odom[m[Kâ€™?
[1.683s]    58 |   [01;31m[Ksubscription_spine_bottom[m[K = this->create_subscription<body_tracker_msgs::msg::SpineBottom>("body_tracker_simplified", 10, bind(&MinimalSubscriber::topic_callback_spine_bottom, this, _1));
[1.683s]       |   [01;31m[K^~~~~~~~~~~~~~~~~~~~~~~~~[m[K
[1.683s]       |   [32m[Ksubscription_robot_odom[m[K
[1.683s] [01m[K/home/robogait/catkin_ws/src/pkg_navigation/src/robot_controller_position.cpp:58:131:[m[K [01;31m[Kerror: [m[Kâ€˜[01m[KMinimalSubscriber[m[Kâ€™ has not been declared
[1.683s]    58 |   subscription_spine_bottom = this->create_subscription<body_tracker_msgs::msg::SpineBottom>("body_tracker_simplified", 10, bind(&[01;31m[KMinimalSubscriber[m[K::topic_callback_spine_bottom, this, _1));
[1.683s]       |                                                                                                                                   [01;31m[K^~~~~~~~~~~~~~~~~[m[K
[1.686s] [01m[K/home/robogait/catkin_ws/src/pkg_navigation/src/robot_controller_position.cpp:[m[K In member function â€˜[01m[Kvoid generic::controller()[m[Kâ€™:
[1.686s] [01m[K/home/robogait/catkin_ws/src/pkg_navigation/src/robot_controller_position.cpp:86:22:[m[K [01;31m[Kerror: [m[Kâ€˜[01m[Kperson_vel[m[Kâ€™ was not declared in this scope
[1.686s]    86 |        float control=[01;31m[Kperson_vel[m[K+(0.5*error);
[1.686s]       |                      [01;31m[K^~~~~~~~~~[m[K
[1.693s] [01m[K/home/robogait/catkin_ws/src/pkg_navigation/src/robot_controller_position.cpp:95:66:[m[K [01;31m[Kerror: [m[Kâ€˜[01m[Krobot_posx[m[Kâ€™ was not declared in this scope
[1.693s]    95 |        cout<< "Control: "<<control<<" Error: "<<error<<" Pos: "<<[01;31m[Krobot_posx[m[K<<" Vel: "<<robot_velx<<endl;
[1.693s]       |                                                                  [01;31m[K^~~~~~~~~~[m[K
[1.694s] [01m[K/home/robogait/catkin_ws/src/pkg_navigation/src/robot_controller_position.cpp:95:88:[m[K [01;31m[Kerror: [m[Kâ€˜[01m[Krobot_velx[m[Kâ€™ was not declared in this scope
[1.694s]    95 |        cout<< "Control: "<<control<<" Error: "<<error<<" Pos: "<<robot_posx<<" Vel: "<<[01;31m[Krobot_velx[m[K<<endl;
[1.694s]       |                                                                                        [01;31m[K^~~~~~~~~~[m[K
[2.232s] make[2]: *** [CMakeFiles/robot_controller_position.dir/build.make:63: CMakeFiles/robot_controller_position.dir/src/robot_controller_position.cpp.o] Error 1
[2.232s] make[1]: *** [CMakeFiles/Makefile2:277: CMakeFiles/robot_controller_position.dir/all] Error 2
[2.232s] make: *** [Makefile:141: all] Error 2
[2.234s] Invoked command in '/home/robogait/catkin_ws/build/pkg_navigation' returned '2': CMAKE_PREFIX_PATH=${CMAKE_PREFIX_PATH}:/home/robogait/nav2_ws/install/nav2_gazebo_spawner:/home/robogait/ros2_serial/install/ourbotmanager:/home/robogait/ros2_ws/install/nav2_project:/opt/ros/foxy /usr/bin/cmake --build /home/robogait/catkin_ws/build/pkg_navigation -- -j8 -l8
