[0.021s] Invoking command in '/home/robogait/azure_kinect_ws/build/kinect_azure_body_tracker': CMAKE_PREFIX_PATH=${CMAKE_PREFIX_PATH}:/home/robogait/nav2_ws/install/nav2_gazebo_spawner:/home/robogait/ros2_serial/install/ourbotmanager:/home/robogait/ros2_ws/install/nav2_project:/opt/ros/foxy /usr/bin/cmake --build /home/robogait/azure_kinect_ws/build/kinect_azure_body_tracker -- -j8 -l8
[0.077s] [35m[1mScanning dependencies of target kinect_azure_body_tracker_recording_node_simplified[0m
[0.102s] [ 14%] Built target kinect_azure_body_tracker_node_full_processing
[0.105s] [ 28%] Built target kinect_azure_body_tracker_node
[0.114s] [ 42%] Built target kinect_azure_body_tracker_node_plus_recording_test
[0.119s] [ 57%] Built target kinect_azure_body_tracker_node_simplified
[0.121s] [ 71%] Built target kinect_azure_body_tracker_node_finite
[0.125s] [ 85%] Built target kinect_azure_body_tracker_recording_node
[0.126s] [ 92%] [32mBuilding CXX object CMakeFiles/kinect_azure_body_tracker_recording_node_simplified.dir/src/kinectAzure_body_tracker_node_plus_recording_simplified.cpp.o[0m
[0.894s] [01m[K/home/robogait/azure_kinect_ws/src/kinect_azure_body_tracker/src/kinectAzure_body_tracker_node_plus_recording_simplified.cpp:[m[K In member function â€˜[01m[Kvoid MinimalPublisher::Init()[m[Kâ€™:
[0.894s] [01m[K/home/robogait/azure_kinect_ws/src/kinect_azure_body_tracker/src/kinectAzure_body_tracker_node_plus_recording_simplified.cpp:185:14:[m[K [01;31m[Kerror: [m[Kâ€˜[01m[Kput_time[m[Kâ€™ is not a member of â€˜[01m[Kstd[m[Kâ€™
[0.894s]   185 |   ss << std::[01;31m[Kput_time[m[K(std::localtime(&in_time_t), "_%Y_%m_%d_%X");
[0.894s]       |              [01;31m[K^~~~~~~~[m[K
[0.896s] [01m[K/home/robogait/azure_kinect_ws/src/kinect_azure_body_tracker/src/kinectAzure_body_tracker_node_plus_recording_simplified.cpp:186:11:[m[K [01;31m[Kerror: [m[Kâ€˜[01m[KcsvFullPath[m[Kâ€™ was not declared in this scope
[0.896s]   186 |   sprintf([01;31m[KcsvFullPath[m[K, "%s%s.csv", output_path, ss.str().c_str());
[0.896s]       |           [01;31m[K^~~~~~~~~~~[m[K
[0.897s] [01m[K/home/robogait/azure_kinect_ws/src/kinect_azure_body_tracker/src/kinectAzure_body_tracker_node_plus_recording_simplified.cpp:186:36:[m[K [01;31m[Kerror: [m[Kâ€˜[01m[Koutput_path[m[Kâ€™ was not declared in this scope
[0.897s]   186 |   sprintf(csvFullPath, "%s%s.csv", [01;31m[Koutput_path[m[K, ss.str().c_str());
[0.897s]       |                                    [01;31m[K^~~~~~~~~~~[m[K
[1.410s] At global scope:
[1.410s] [01m[Kcc1plus:[m[K [01;35m[Kwarning: [m[Kunrecognized command line option â€˜[01m[K-Wno-dev[m[Kâ€™
[1.417s] make[2]: *** [CMakeFiles/kinect_azure_body_tracker_recording_node_simplified.dir/build.make:63: CMakeFiles/kinect_azure_body_tracker_recording_node_simplified.dir/src/kinectAzure_body_tracker_node_plus_recording_simplified.cpp.o] Error 1
[1.418s] make[1]: *** [CMakeFiles/Makefile2:225: CMakeFiles/kinect_azure_body_tracker_recording_node_simplified.dir/all] Error 2
[1.418s] make: *** [Makefile:141: all] Error 2
[1.419s] Invoked command in '/home/robogait/azure_kinect_ws/build/kinect_azure_body_tracker' returned '2': CMAKE_PREFIX_PATH=${CMAKE_PREFIX_PATH}:/home/robogait/nav2_ws/install/nav2_gazebo_spawner:/home/robogait/ros2_serial/install/ourbotmanager:/home/robogait/ros2_ws/install/nav2_project:/opt/ros/foxy /usr/bin/cmake --build /home/robogait/azure_kinect_ws/build/kinect_azure_body_tracker -- -j8 -l8
