[0.013s] Invoking command in '/home/robogait/catkin_ws/build/pkg_navigation': CMAKE_PREFIX_PATH=${CMAKE_PREFIX_PATH}:/home/robogait/nav2_ws/install/nav2_gazebo_spawner:/home/robogait/ros2_serial/install/ourbotmanager:/home/robogait/ros2_ws/install/nav2_project:/opt/ros/foxy /usr/bin/cmake --build /home/robogait/catkin_ws/build/pkg_navigation -- -j8 -l8
[0.060s] [35m[1mScanning dependencies of target robot_controller_position[0m
[0.077s] [ 16%] Built target publisher_subscriber
[0.079s] [ 33%] Built target robot_controller
[0.080s] [ 50%] Built target tf2_broadcaster
[0.082s] [ 66%] Built target publisher_initial_pose
[0.083s] [ 75%] [32mBuilding CXX object CMakeFiles/robot_controller_position.dir/src/robot_controller_position.cpp.o[0m
[0.083s] [ 91%] Built target robot_odom_tf2_listener
[0.873s] [01m[K/home/robogait/catkin_ws/src/pkg_navigation/src/robot_controller_position.cpp:109:23:[m[K [01;35m[Kwarning: [m[Kextra â€˜[01m[K;[m[Kâ€™ [[01;35m[K-Wpedantic[m[K]
[0.873s]   109 |        float array[5];[01;35m[K;[m[K
[0.873s]       |                       [01;35m[K^[m[K
[0.873s]       |                       [31m[K-[m[K
[0.874s] [01m[K/home/robogait/catkin_ws/src/pkg_navigation/src/robot_controller_position.cpp:[m[K In constructor â€˜[01m[Kgeneric::generic()[m[Kâ€™:
[0.874s] [01m[K/home/robogait/catkin_ws/src/pkg_navigation/src/robot_controller_position.cpp:57:110:[m[K [01;31m[Kerror: [m[Kâ€˜[01m[Kcallback_odom[m[Kâ€™ is not a member of â€˜[01m[Kgeneric[m[Kâ€™
[0.874s]    57 |   subscription_robot_odom= this->create_subscription<nav_msgs::msg::Odometry>("odom",10, std::bind(&generic::[01;31m[Kcallback_odom[m[K, this, _1));
[0.874s]       |                                                                                                              [01;31m[K^~~~~~~~~~~~~[m[K
[0.874s] [01m[K/home/robogait/catkin_ws/src/pkg_navigation/src/robot_controller_position.cpp:59:131:[m[K [01;31m[Kerror: [m[Kâ€˜[01m[KMinimalSubscriber[m[Kâ€™ has not been declared
[0.874s]    59 |   subscription_spine_bottom = this->create_subscription<body_tracker_msgs::msg::SpineBottom>("body_tracker_simplified", 10, bind(&[01;31m[KMinimalSubscriber[m[K::topic_callback_spine_bottom, this, _1));
[0.874s]       |                                                                                                                                   [01;31m[K^~~~~~~~~~~~~~~~~[m[K
[1.435s] make[2]: *** [CMakeFiles/robot_controller_position.dir/build.make:63: CMakeFiles/robot_controller_position.dir/src/robot_controller_position.cpp.o] Error 1
[1.435s] make[1]: *** [CMakeFiles/Makefile2:277: CMakeFiles/robot_controller_position.dir/all] Error 2
[1.435s] make: *** [Makefile:141: all] Error 2
[1.438s] Invoked command in '/home/robogait/catkin_ws/build/pkg_navigation' returned '2': CMAKE_PREFIX_PATH=${CMAKE_PREFIX_PATH}:/home/robogait/nav2_ws/install/nav2_gazebo_spawner:/home/robogait/ros2_serial/install/ourbotmanager:/home/robogait/ros2_ws/install/nav2_project:/opt/ros/foxy /usr/bin/cmake --build /home/robogait/catkin_ws/build/pkg_navigation -- -j8 -l8
