[0.012s] Invoking command in '/home/robogait/catkin_ws/build/test': CMAKE_PREFIX_PATH=${CMAKE_PREFIX_PATH}:/home/robogait/nav2_ws/install/nav2_gazebo_spawner:/home/robogait/ros2_serial/install/ourbotmanager:/opt/ros/foxy /usr/bin/cmake --build /home/robogait/catkin_ws/build/test -- -j8 -l8
[0.054s] [35m[1mScanning dependencies of target publisher_cpp[0m
[0.071s] [ 50%] [32mBuilding CXX object CMakeFiles/publisher_cpp.dir/src/publisher_cpp.cpp.o[0m
[0.871s] [01m[K/home/robogait/catkin_ws/src/test/src/publisher_cpp.cpp:[m[K In constructor â€˜[01m[Kgeneric::generic()[m[Kâ€™:
[0.871s] [01m[K/home/robogait/catkin_ws/src/test/src/publisher_cpp.cpp:36:7:[m[K [01;31m[Kerror: [m[Kâ€˜[01m[Kpub[m[Kâ€™ was not declared in this scope
[0.871s]    36 |       [01;31m[Kpub[m[K = thread(&driver_controller::loop, this);
[0.871s]       |       [01;31m[K^~~[m[K
[0.874s] [01m[K/home/robogait/catkin_ws/src/test/src/publisher_cpp.cpp:36:21:[m[K [01;31m[Kerror: [m[Kâ€˜[01m[Kdriver_controller[m[Kâ€™ was not declared in this scope
[0.874s]    36 |       pub = thread(&[01;31m[Kdriver_controller[m[K::loop, this);
[0.874s]       |                     [01;31m[K^~~~~~~~~~~~~~~~~[m[K
[2.018s] make[2]: *** [CMakeFiles/publisher_cpp.dir/build.make:63: CMakeFiles/publisher_cpp.dir/src/publisher_cpp.cpp.o] Error 1
[2.018s] make[1]: *** [CMakeFiles/Makefile2:78: CMakeFiles/publisher_cpp.dir/all] Error 2
[2.018s] make: *** [Makefile:141: all] Error 2
[2.022s] Invoked command in '/home/robogait/catkin_ws/build/test' returned '2': CMAKE_PREFIX_PATH=${CMAKE_PREFIX_PATH}:/home/robogait/nav2_ws/install/nav2_gazebo_spawner:/home/robogait/ros2_serial/install/ourbotmanager:/opt/ros/foxy /usr/bin/cmake --build /home/robogait/catkin_ws/build/test -- -j8 -l8
