[0.015s] Invoking command in '/home/robogait/catkin_ws/build/pkg_navigation': CMAKE_PREFIX_PATH=${CMAKE_PREFIX_PATH}:/home/robogait/nav2_ws/install/nav2_gazebo_spawner:/home/robogait/ros2_serial/install/ourbotmanager:/home/robogait/ros2_ws/install/nav2_project:/opt/ros/foxy /usr/bin/cmake --build /home/robogait/catkin_ws/build/pkg_navigation -- -j8 -l8
[0.066s] -- Found ament_cmake: 0.9.9 (/opt/ros/foxy/share/ament_cmake/cmake)
[0.089s] -- Using PYTHON_EXECUTABLE: /usr/bin/python3
[0.198s] -- Override CMake install command with custom implementation using symlinks instead of copying resources
[0.208s] -- Found rclcpp: 2.4.1 (/opt/ros/foxy/share/rclcpp/cmake)
[0.240s] -- Using all available rosidl_typesupport_c: rosidl_typesupport_fastrtps_c;rosidl_typesupport_introspection_c
[0.243s] -- Found rosidl_adapter: 1.2.1 (/opt/ros/foxy/share/rosidl_adapter/cmake)
[0.338s] -- Using all available rosidl_typesupport_cpp: rosidl_typesupport_fastrtps_cpp;rosidl_typesupport_introspection_cpp
[0.373s] -- Found rmw_implementation_cmake: 1.0.3 (/opt/ros/foxy/share/rmw_implementation_cmake/cmake)
[0.376s] -- Using RMW implementation 'rmw_fastrtps_cpp' as default
[0.466s] -- Found geometry_msgs: 2.0.5 (/opt/ros/foxy/share/geometry_msgs/cmake)
[0.487s] -- Found nav_msgs: 2.0.5 (/opt/ros/foxy/share/nav_msgs/cmake)
[0.529s] -- Found sensor_msgs: 2.0.5 (/opt/ros/foxy/share/sensor_msgs/cmake)
[0.571s] -- Found tf2: 0.13.13 (/opt/ros/foxy/share/tf2/cmake)
[0.578s] -- Found tf2_ros: 0.13.13 (/opt/ros/foxy/share/tf2_ros/cmake)
[0.775s] -- Found turtlesim: 1.2.5 (/home/robogait/tutorials_ros2/install/turtlesim/share/turtlesim/cmake)
[0.807s] -- Found body_tracker_msgs: 0.0.0 (/home/robogait/azure_kinect_ws/install/body_tracker_msgs/share/body_tracker_msgs/cmake)
[0.913s] -- Configuring done
[0.957s] -- Generating done
[0.958s] -- Build files have been written to: /home/robogait/catkin_ws/build/pkg_navigation
[0.997s] [35m[1mScanning dependencies of target robot_controller_position[0m
[1.024s] [ 61%] Built target tf2_broadcaster_person
[1.024s] [ 61%] Built target robot_controller
[1.024s] [ 61%] Built target publisher_subscriber
[1.024s] [ 66%] Built target person_odom_tf2_listener
[1.024s] [ 61%] Built target robot_odom_tf2_listener
[1.024s] [ 61%] Built target publisher_initial_pose
[1.024s] [ 77%] Built target tf2_broadcaster
[1.032s] [ 83%] [32mBuilding CXX object CMakeFiles/robot_controller_position.dir/src/robot_controller_position.cpp.o[0m
[1.034s] [35m[1mScanning dependencies of target robot_controller_straight[0m
[1.094s] [ 88%] [32mBuilding CXX object CMakeFiles/robot_controller_straight.dir/src/robot_controller_straight.cpp.o[0m
[1.946s] [01m[K/home/robogait/catkin_ws/src/pkg_navigation/src/robot_controller_straight.cpp:[m[K In member function â€˜[01m[Kvoid generic::callback_odom(nav_msgs::msg::Odometry_<std::allocator<void> >::SharedPtr)[m[Kâ€™:
[1.946s] [01m[K/home/robogait/catkin_ws/src/pkg_navigation/src/robot_controller_straight.cpp:87:18:[m[K [01;31m[Kerror: [m[Kâ€˜[01m[Kyaw_error[m[Kâ€™ was not declared in this scope
[1.946s]    87 |          cout << [01;31m[Kyaw_error[m[K << endl;
[1.946s]       |                  [01;31m[K^~~~~~~~~[m[K
[3.315s] make[2]: *** [CMakeFiles/robot_controller_straight.dir/build.make:63: CMakeFiles/robot_controller_straight.dir/src/robot_controller_straight.cpp.o] Error 1
[3.315s] make[1]: *** [CMakeFiles/Makefile2:364: CMakeFiles/robot_controller_straight.dir/all] Error 2
[3.315s] make[1]: *** Waiting for unfinished jobs....
[5.340s] [ 94%] [32m[1mLinking CXX executable robot_controller_position[0m
[5.566s] [ 94%] Built target robot_controller_position
[5.567s] make: *** [Makefile:141: all] Error 2
[5.569s] Invoked command in '/home/robogait/catkin_ws/build/pkg_navigation' returned '2': CMAKE_PREFIX_PATH=${CMAKE_PREFIX_PATH}:/home/robogait/nav2_ws/install/nav2_gazebo_spawner:/home/robogait/ros2_serial/install/ourbotmanager:/home/robogait/ros2_ws/install/nav2_project:/opt/ros/foxy /usr/bin/cmake --build /home/robogait/catkin_ws/build/pkg_navigation -- -j8 -l8
