[0.021s] Invoking command in '/home/robogait/azure_kinect_ws/build/kinect_azure_body_tracker': CMAKE_PREFIX_PATH=${CMAKE_PREFIX_PATH}:/home/robogait/nav2_ws/install/nav2_gazebo_spawner:/home/robogait/ros2_serial/install/ourbotmanager:/home/robogait/ros2_ws/install/nav2_project:/opt/ros/foxy /usr/bin/cmake --build /home/robogait/azure_kinect_ws/build/kinect_azure_body_tracker -- -j8 -l8
[0.072s] [35m[1mScanning dependencies of target kinect_azure_body_tracker_node_full_processing[0m
[0.107s] [ 20%] Built target kinect_azure_body_tracker_node_simplified
[0.109s] [ 40%] Built target kinect_azure_body_tracker_recording_node_simplified
[0.111s] [ 50%] [32mBuilding CXX object CMakeFiles/kinect_azure_body_tracker_node_full_processing.dir/src/kinectAzure_body_tracker_node_full_processing.cpp.o[0m
[0.113s] [ 70%] Built target kinect_azure_body_tracker_recording_node
[0.121s] [ 90%] Built target kinect_azure_body_tracker_node
[0.951s] In file included from [01m[K/home/robogait/azure_kinect_ws/src/kinect_azure_body_tracker/src/kinectAzure_body_tracker_node_full_processing.cpp:23[m[K:
[0.951s] [01m[K/home/robogait/azure_kinect_ws/src/kinect_azure_body_tracker/src/csvProcessing.cpp:[m[K In function â€˜[01m[Kbool process_mkv_offline(const char*, const char*, bool, k4abt_tracker_configuration_t)[m[Kâ€™:
[0.951s] [01m[K/home/robogait/azure_kinect_ws/src/kinect_azure_body_tracker/src/csvProcessing.cpp:141:53:[m[K [01;31m[Kerror: [m[Kâ€˜[01m[Kstd::stringstream[m[Kâ€™ {aka â€˜[01m[Kclass std::__cxx11::basic_stringstream<char>[m[Kâ€™} has no member named â€˜[01m[Kc_str[m[Kâ€™; did you mean â€˜[01m[Kstr[m[Kâ€™?
[0.951s]   141 |        sprintf(csvName, "%s%s.csv", output_path, ss.[01;31m[Kc_str[m[K());
[0.951s]       |                                                     [01;31m[K^~~~~[m[K
[0.951s]       |                                                     [32m[Kstr[m[K
[1.496s] At global scope:
[1.496s] [01m[Kcc1plus:[m[K [01;35m[Kwarning: [m[Kunrecognized command line option â€˜[01m[K-Wno-dev[m[Kâ€™
[1.505s] make[2]: *** [CMakeFiles/kinect_azure_body_tracker_node_full_processing.dir/build.make:63: CMakeFiles/kinect_azure_body_tracker_node_full_processing.dir/src/kinectAzure_body_tracker_node_full_processing.cpp.o] Error 1
[1.505s] make[1]: *** [CMakeFiles/Makefile2:86: CMakeFiles/kinect_azure_body_tracker_node_full_processing.dir/all] Error 2
[1.505s] make: *** [Makefile:141: all] Error 2
[1.508s] Invoked command in '/home/robogait/azure_kinect_ws/build/kinect_azure_body_tracker' returned '2': CMAKE_PREFIX_PATH=${CMAKE_PREFIX_PATH}:/home/robogait/nav2_ws/install/nav2_gazebo_spawner:/home/robogait/ros2_serial/install/ourbotmanager:/home/robogait/ros2_ws/install/nav2_project:/opt/ros/foxy /usr/bin/cmake --build /home/robogait/azure_kinect_ws/build/kinect_azure_body_tracker -- -j8 -l8
