[0.021s] Invoking command in '/home/robogait/azure_kinect_ws/build/kinect_azure_body_tracker': CMAKE_PREFIX_PATH=${CMAKE_PREFIX_PATH}:/home/robogait/nav2_ws/install/nav2_gazebo_spawner:/home/robogait/ros2_serial/install/ourbotmanager:/home/robogait/ros2_ws/install/nav2_project:/opt/ros/foxy /usr/bin/cmake --build /home/robogait/azure_kinect_ws/build/kinect_azure_body_tracker -- -j8 -l8
[0.078s] [35m[1mScanning dependencies of target kinect_azure_body_tracker_recording_node_simplified[0m
[0.107s] [ 14%] Built target kinect_azure_body_tracker_node_full_processing
[0.113s] [ 28%] Built target kinect_azure_body_tracker_node
[0.115s] [ 42%] Built target kinect_azure_body_tracker_node_plus_recording_test
[0.115s] [ 50%] [32mBuilding CXX object CMakeFiles/kinect_azure_body_tracker_recording_node_simplified.dir/src/kinectAzure_body_tracker_node_plus_recording_simplified.cpp.o[0m
[0.119s] [ 64%] Built target kinect_azure_body_tracker_node_finite
[0.120s] [ 78%] Built target kinect_azure_body_tracker_node_simplified
[0.121s] [ 92%] Built target kinect_azure_body_tracker_recording_node
[0.195s] [01m[K/home/robogait/azure_kinect_ws/src/kinect_azure_body_tracker/src/kinectAzure_body_tracker_node_plus_recording_simplified.cpp:27:16:[m[K [01;35m[Kwarning: [m[Kmissing terminating " character
[0.195s]    27 | #define path   [01;35m[K"[m[K/home/robogait/kinectRecordings/recordedMKVs/
[0.195s]       |                [01;35m[K^[m[K
[0.195s] [01m[K/home/robogait/azure_kinect_ws/src/kinect_azure_body_tracker/src/kinectAzure_body_tracker_node_plus_recording_simplified.cpp:27:16:[m[K [01;31m[Kerror: [m[Kmissing terminating " character
[0.195s]    27 | #define path   [01;31m[K"/home/robogait/kinectRecordings/recordedMKVs/[m[K
[0.195s]       |                [01;31m[K^~~~~~~~~~~~~~~~~~~~~~~~~~~~~~~~~~~~~~~~~~~~~~[m[K
[0.195s] [01m[K/home/robogait/azure_kinect_ws/src/kinect_azure_body_tracker/src/kinectAzure_body_tracker_node_plus_recording_simplified.cpp:27:16:[m[K [01;36m[Knote: [m[Kin definition of macro â€˜[01m[Kpath[m[Kâ€™
[0.197s]    27 | #define path   [01;36m[K"/home/robogait/kinectRecordings/recordedMKVs/[m[K
[0.197s]       |                [01;36m[K^~~~~~~~~~~~~~~~~~~~~~~~~~~~~~~~~~~~~~~~~~~~~~[m[K
[0.938s] [01m[K/home/robogait/azure_kinect_ws/src/kinect_azure_body_tracker/src/kinectAzure_body_tracker_node_plus_recording_simplified.cpp:[m[K In member function â€˜[01m[Kvoid MinimalPublisher::Init()[m[Kâ€™:
[0.938s] [01m[K/home/robogait/azure_kinect_ws/src/kinect_azure_body_tracker/src/kinectAzure_body_tracker_node_plus_recording_simplified.cpp:190:42:[m[K [01;31m[Kerror: [m[Kexpected primary-expression before â€˜[01m[K.[m[Kâ€™ token
[0.938s]   190 |   sprintf(recordingName, "%s%s.mkv", path[01;31m[K.[m[Kc_str(), ss.str().c_str());
[0.938s]       |                                          [01;31m[K^[m[K
[0.939s] [01m[K/home/robogait/azure_kinect_ws/src/kinect_azure_body_tracker/src/kinectAzure_body_tracker_node_plus_recording_simplified.cpp:198:53:[m[K [01;31m[Kerror: [m[Kâ€˜[01m[Kruta[m[Kâ€™ was not declared in this scope
[0.939s]   198 |    printf("\tEmpezamos a grabar en el archivo %s\n",[01;31m[Kruta[m[K);
[0.939s]       |                                                     [01;31m[K^~~~[m[K
[1.456s] At global scope:
[1.456s] [01m[Kcc1plus:[m[K [01;35m[Kwarning: [m[Kunrecognized command line option â€˜[01m[K-Wno-dev[m[Kâ€™
[1.463s] make[2]: *** [CMakeFiles/kinect_azure_body_tracker_recording_node_simplified.dir/build.make:63: CMakeFiles/kinect_azure_body_tracker_recording_node_simplified.dir/src/kinectAzure_body_tracker_node_plus_recording_simplified.cpp.o] Error 1
[1.463s] make[1]: *** [CMakeFiles/Makefile2:225: CMakeFiles/kinect_azure_body_tracker_recording_node_simplified.dir/all] Error 2
[1.464s] make: *** [Makefile:141: all] Error 2
[1.465s] Invoked command in '/home/robogait/azure_kinect_ws/build/kinect_azure_body_tracker' returned '2': CMAKE_PREFIX_PATH=${CMAKE_PREFIX_PATH}:/home/robogait/nav2_ws/install/nav2_gazebo_spawner:/home/robogait/ros2_serial/install/ourbotmanager:/home/robogait/ros2_ws/install/nav2_project:/opt/ros/foxy /usr/bin/cmake --build /home/robogait/azure_kinect_ws/build/kinect_azure_body_tracker -- -j8 -l8
