[0.014s] Invoking command in '/home/robogait/catkin_ws/build/pkg_navigation': CMAKE_PREFIX_PATH=${CMAKE_PREFIX_PATH}:/home/robogait/ros2_ws/install/nav2_project:/home/robogait/nav2_ws/install/nav2_gazebo_spawner:/home/robogait/ros2_serial/install/ourbotmanager:/opt/ros/foxy /usr/bin/cmake --build /home/robogait/catkin_ws/build/pkg_navigation -- -j8 -l8
[0.057s] [35m[1mScanning dependencies of target robot_controller[0m
[0.070s] [ 40%] Built target publisher_subscriber
[0.070s] [ 40%] Built target tf2_broadcaster
[0.077s] [ 60%] Built target robot_odom_tf2_listener
[0.078s] [ 70%] [32mBuilding CXX object CMakeFiles/robot_controller.dir/src/robot_controller.cpp.o[0m
[0.078s] [ 90%] Built target publisher_initial_pose
[0.837s] [01m[K/home/robogait/catkin_ws/src/pkg_navigation/src/robot_controller.cpp:[m[K In constructor â€˜[01m[Kgeneric::generic()[m[Kâ€™:
[0.837s] [01m[K/home/robogait/catkin_ws/src/pkg_navigation/src/robot_controller.cpp:48:113:[m[K [01;31m[Kerror: [m[Kâ€˜[01m[Kcallback_local_plan[m[Kâ€™ is not a member of â€˜[01m[Kgeneric[m[Kâ€™
[0.837s]    48 |   subscription_local_plan = this->create_subscription<nav_msgs::msg::Path>("local_plan",10, std::bind(&generic::[01;31m[Kcallback_local_plan[m[K, this, _1));
[0.837s]       |                                                                                                                 [01;31m[K^~~~~~~~~~~~~~~~~~~[m[K
[0.837s] [01m[K/home/robogait/catkin_ws/src/pkg_navigation/src/robot_controller.cpp:49:115:[m[K [01;31m[Kerror: [m[Kâ€˜[01m[Kcallback_global_plan[m[Kâ€™ is not a member of â€˜[01m[Kgeneric[m[Kâ€™
[0.837s]    49 |   subscription_global_plan = this->create_subscription<nav_msgs::msg::Path>("global_plan",10, std::bind(&generic::[01;31m[Kcallback_global_plan[m[K, this, _1));
[0.837s]       |                                                                                                                   [01;31m[K^~~~~~~~~~~~~~~~~~~~[m[K
[0.837s] [01m[K/home/robogait/catkin_ws/src/pkg_navigation/src/robot_controller.cpp:50:117:[m[K [01;31m[Kerror: [m[Kâ€˜[01m[Kcallback_goal_pose[m[Kâ€™ is not a member of â€˜[01m[Kgeneric[m[Kâ€™
[0.837s]    50 |   subscription_goal= this->create_subscription<geometry_msgs::msg::PoseStamped>("goal_pose",10, std::bind(&generic::[01;31m[Kcallback_goal_pose[m[K, this, _1));
[0.838s]       |                                                                                                                     [01;31m[K^~~~~~~~~~~~~~~~~~[m[K
[0.838s] [01m[K/home/robogait/catkin_ws/src/pkg_navigation/src/robot_controller.cpp:51:128:[m[K [01;31m[Kerror: [m[Kâ€˜[01m[Kcallback_odom_filtered[m[Kâ€™ is not a member of â€˜[01m[Kgeneric[m[Kâ€™
[0.838s]    51 |   subscription_robot_odom_filtered= this->create_subscription<nav_msgs::msg::Odometry>("odom_filtered",10, std::bind(&generic::[01;31m[Kcallback_odom_filtered[m[K, this, _1));
[0.838s]       |                                                                                                                                [01;31m[K^~~~~~~~~~~~~~~~~~~~~~[m[K
[0.845s] [01m[K/home/robogait/catkin_ws/src/pkg_navigation/src/robot_controller.cpp:[m[K In member function â€˜[01m[Kvoid generic::topic_callback(geometry_msgs::msg::Twist_<std::allocator<void> >::SharedPtr) const[m[Kâ€™:
[0.845s] [01m[K/home/robogait/catkin_ws/src/pkg_navigation/src/robot_controller.cpp:63:33:[m[K [01;31m[Kerror: [m[Kassignment of member â€˜[01m[Kgeometry_msgs::msg::Vector3_<std::allocator<void> >::x[m[Kâ€™ in read-only object
[0.845s]    63 |        [01;31m[Kcmd_keyboard_msg.linear.x=msg->linear.x[m[K;
[0.845s]       |        [01;31m[K~~~~~~~~~~~~~~~~~~~~~~~~~^~~~~~~~~~~~~~[m[K
[0.845s] [01m[K/home/robogait/catkin_ws/src/pkg_navigation/src/robot_controller.cpp:64:34:[m[K [01;31m[Kerror: [m[Kassignment of member â€˜[01m[Kgeometry_msgs::msg::Vector3_<std::allocator<void> >::z[m[Kâ€™ in read-only object
[0.845s]    64 |        [01;31m[Kcmd_keyboard_msg.angular.z=msg->angular.z[m[K;
[0.845s]       |        [01;31m[K~~~~~~~~~~~~~~~~~~~~~~~~~~^~~~~~~~~~~~~~~[m[K
[1.826s] make[2]: *** [CMakeFiles/robot_controller.dir/build.make:63: CMakeFiles/robot_controller.dir/src/robot_controller.cpp.o] Error 1
[1.826s] make[1]: *** [CMakeFiles/Makefile2:221: CMakeFiles/robot_controller.dir/all] Error 2
[1.826s] make: *** [Makefile:141: all] Error 2
[1.828s] Invoked command in '/home/robogait/catkin_ws/build/pkg_navigation' returned '2': CMAKE_PREFIX_PATH=${CMAKE_PREFIX_PATH}:/home/robogait/ros2_ws/install/nav2_project:/home/robogait/nav2_ws/install/nav2_gazebo_spawner:/home/robogait/ros2_serial/install/ourbotmanager:/opt/ros/foxy /usr/bin/cmake --build /home/robogait/catkin_ws/build/pkg_navigation -- -j8 -l8
