[01m[K/home/robogait/ros2_serial_cpp/src/driver_controller.cpp:[m[K In member function â€˜[01m[Kvoid driver_controller::loop()[m[Kâ€™:
[01m[K/home/robogait/ros2_serial_cpp/src/driver_controller.cpp:131:41:[m[K [01;31m[Kerror: [m[Kexpected â€˜[01m[K;[m[Kâ€™ before â€˜[01m[Kodom_msg[m[Kâ€™
  131 |    odom_msg.header.frame_id="odom_frame"
      |                                         [01;31m[K^[m[K
      |                                         [32m[K;[m[K
  132 |    [32m[Kodom_msg[m[K.child_frame_id="map_frame"
      |    [32m[K~~~~~~~~[m[K                              
make[2]: *** [CMakeFiles/driver_controller.dir/build.make:63: CMakeFiles/driver_controller.dir/src/driver_controller.cpp.o] Error 1
make[1]: *** [CMakeFiles/Makefile2:78: CMakeFiles/driver_controller.dir/all] Error 2
make: *** [Makefile:141: all] Error 2
