[01m[K/home/robogait/catkin_ws/src/pkg_navigation/src/robot_controller.cpp:[m[K In member function â€˜[01m[Kvoid generic::loop()[m[Kâ€™:
[01m[K/home/robogait/catkin_ws/src/pkg_navigation/src/robot_controller.cpp:135:36:[m[K [01;31m[Kerror: [m[Kâ€˜[01m[Kcontrol_yaw[m[Kâ€™ was not declared in this scope
  135 |         cmd_velrobot_msg.angular.z=[01;31m[Kcontrol_yaw[m[K;
      |                                    [01;31m[K^~~~~~~~~~~[m[K
[01m[K/home/robogait/catkin_ws/src/pkg_navigation/src/robot_controller.cpp:142:59:[m[K [01;31m[Kerror: [m[Kâ€˜[01m[Kyaw_robot[m[Kâ€™ was not declared in this scope
  142 |         cout<<"Angle goal: "<<angle_goal<<" yaw_robot: "<<[01;31m[Kyaw_robot[m[K*(180/3.14159)<<" yaw_error: "<<yaw_error*(180/3.14159)<<endl;
      |                                                           [01;31m[K^~~~~~~~~[m[K
[01m[K/home/robogait/catkin_ws/src/pkg_navigation/src/robot_controller.cpp:142:100:[m[K [01;31m[Kerror: [m[Kâ€˜[01m[Kyaw_error[m[Kâ€™ was not declared in this scope
  142 |         cout<<"Angle goal: "<<angle_goal<<" yaw_robot: "<<yaw_robot*(180/3.14159)<<" yaw_error: "<<[01;31m[Kyaw_error[m[K*(180/3.14159)<<endl;
      |                                                                                                    [01;31m[K^~~~~~~~~[m[K
make[2]: *** [CMakeFiles/robot_controller.dir/build.make:63: CMakeFiles/robot_controller.dir/src/robot_controller.cpp.o] Error 1
make[1]: *** [CMakeFiles/Makefile2:256: CMakeFiles/robot_controller.dir/all] Error 2
make: *** [Makefile:141: all] Error 2
