[35m[1mScanning dependencies of target body_tracking_recording_node[0m
[ 50%] Built target body_tracking_node
[ 75%] [32mBuilding CXX object CMakeFiles/body_tracking_recording_node.dir/src/kinectAzure_body_tracker_node_plus_recording.cpp.o[0m
[01m[K/home/robogait/azure_kinect_ws/src/body_tracking/src/kinectAzure_body_tracker_node_plus_recording.cpp:[m[K In member function â€˜[01m[Kvoid MinimalPublisher::body_tracking()[m[Kâ€™:
[01m[K/home/robogait/azure_kinect_ws/src/body_tracking/src/kinectAzure_body_tracker_node_plus_recording.cpp:149:26:[m[K [01;31m[Kerror: [m[Kâ€˜[01m[Kt_diff[m[Kâ€™ was not declared in this scope
  149 |   skeleton_data.tiempo = [01;31m[Kt_diff[m[K * 0.000000001;
      |                          [01;31m[K^~~~~~[m[K
[01m[K/home/robogait/azure_kinect_ws/src/body_tracking/src/kinectAzure_body_tracker_node_plus_recording.cpp:[m[K In member function â€˜[01m[Kvoid MinimalPublisher::Init()[m[Kâ€™:
[01m[K/home/robogait/azure_kinect_ws/src/body_tracking/src/kinectAzure_body_tracker_node_plus_recording.cpp:309:3:[m[K [01;31m[Kerror: [m[Kâ€˜[01m[Kt_diff[m[Kâ€™ was not declared in this scope
  309 |   [01;31m[Kt_diff[m[K = 0;
      |   [01;31m[K^~~~~~[m[K
[01m[K/home/robogait/azure_kinect_ws/src/body_tracking/src/kinectAzure_body_tracker_node_plus_recording.cpp:[m[K In member function â€˜[01m[Kvoid MinimalPublisher::close()[m[Kâ€™:
[01m[K/home/robogait/azure_kinect_ws/src/body_tracking/src/kinectAzure_body_tracker_node_plus_recording.cpp:352:36:[m[K [01;35m[Kwarning: [m[Kformat â€˜[01m[K%ld[m[Kâ€™ expects argument of type â€˜[01m[Klong int[m[Kâ€™, but argument 2 has type â€˜[01m[Kdouble[m[Kâ€™ [[01;35m[K-Wformat=[m[K]
  352 |   printf("Recording time spent = [01;35m[K%ld[m[K\n", [32m[Kelapsed_time[m[K);
      |                                  [01;35m[K~~^[m[K     [32m[K~~~~~~~~~~~~[m[K
      |                                    [01;35m[K|[m[K     [32m[K|[m[K
      |                                    [01;35m[K|[m[K     [32m[Kdouble[m[K
      |                                    [01;35m[Klong int[m[K
      |                                  [32m[K%f[m[K
At global scope:
[01m[Kcc1plus:[m[K [01;35m[Kwarning: [m[Kunrecognized command line option â€˜[01m[K-Wno-dev[m[Kâ€™
make[2]: *** [CMakeFiles/body_tracking_recording_node.dir/build.make:63: CMakeFiles/body_tracking_recording_node.dir/src/kinectAzure_body_tracker_node_plus_recording.cpp.o] Error 1
make[1]: *** [CMakeFiles/Makefile2:80: CMakeFiles/body_tracking_recording_node.dir/all] Error 2
make: *** [Makefile:141: all] Error 2
