[0.013s] Invoking command in '/home/robogait/catkin_ws/build/pkg_navigation': CMAKE_PREFIX_PATH=${CMAKE_PREFIX_PATH}:/home/robogait/ros2_ws/install/nav2_project:/home/robogait/nav2_ws/install/nav2_gazebo_spawner:/home/robogait/ros2_serial/install/ourbotmanager:/opt/ros/foxy /usr/bin/cmake --build /home/robogait/catkin_ws/build/pkg_navigation -- -j8 -l8
[0.062s] [35m[1mScanning dependencies of target robot_controller[0m
[0.074s] [ 20%] Built target publisher_initial_pose
[0.075s] [ 40%] Built target publisher_subscriber
[0.080s] [ 60%] Built target robot_odom_tf2_listener
[0.081s] [ 80%] Built target tf2_broadcaster
[0.084s] [ 90%] [32mBuilding CXX object CMakeFiles/robot_controller.dir/src/robot_controller.cpp.o[0m
[0.904s] [01m[K/home/robogait/catkin_ws/src/pkg_navigation/src/robot_controller.cpp:[m[K In member function â€˜[01m[Kvoid generic::lane_controller()[m[Kâ€™:
[0.904s] [01m[K/home/robogait/catkin_ws/src/pkg_navigation/src/robot_controller.cpp:73:8:[m[K [01;31m[Kerror: [m[Kâ€˜[01m[Kuse_pose[m[Kâ€™ was not declared in this scope
[0.904s]    73 |        [01;31m[Kuse_pose[m[K=path_local.poses.size();
[0.904s]       |        [01;31m[K^~~~~~~~[m[K
[0.904s] [01m[K/home/robogait/catkin_ws/src/pkg_navigation/src/robot_controller.cpp:74:8:[m[K [01;31m[Kerror: [m[Kâ€˜[01m[Krot_q[m[Kâ€™ was not declared in this scope
[0.904s]    74 |        [01;31m[Krot_q[m[K=path_local.poses[use_pose].pose.orientation;
[0.904s]       |        [01;31m[K^~~~~[m[K
[0.905s] [01m[K/home/robogait/catkin_ws/src/pkg_navigation/src/robot_controller.cpp:76:10:[m[K [01;31m[Kerror: [m[Kâ€˜[01m[Kclass tf2::Quaternion[m[Kâ€™ has no member named â€˜[01m[KgetRPY[m[Kâ€™; did you mean â€˜[01m[KsetRPY[m[Kâ€™?
[0.905s]    76 |        q.[01;31m[KgetRPY[m[K();
[0.905s]       |          [01;31m[K^~~~~~[m[K
[0.905s]       |          [32m[KsetRPY[m[K
[2.200s] make[2]: *** [CMakeFiles/robot_controller.dir/build.make:63: CMakeFiles/robot_controller.dir/src/robot_controller.cpp.o] Error 1
[2.200s] make[1]: *** [CMakeFiles/Makefile2:221: CMakeFiles/robot_controller.dir/all] Error 2
[2.200s] make: *** [Makefile:141: all] Error 2
[2.203s] Invoked command in '/home/robogait/catkin_ws/build/pkg_navigation' returned '2': CMAKE_PREFIX_PATH=${CMAKE_PREFIX_PATH}:/home/robogait/ros2_ws/install/nav2_project:/home/robogait/nav2_ws/install/nav2_gazebo_spawner:/home/robogait/ros2_serial/install/ourbotmanager:/opt/ros/foxy /usr/bin/cmake --build /home/robogait/catkin_ws/build/pkg_navigation -- -j8 -l8
