[0.011s] Invoking command in '/home/robogait/catkin_ws/build/pkg_navigation': /usr/bin/cmake --build /home/robogait/catkin_ws/build/pkg_navigation -- -j8 -l8
[0.033s] -- Found ament_cmake: 0.9.9 (/opt/ros/foxy/share/ament_cmake/cmake)
[0.051s] -- Using PYTHON_EXECUTABLE: /usr/bin/python3
[0.156s] -- Found rclcpp: 2.4.1 (/opt/ros/foxy/share/rclcpp/cmake)
[0.177s] -- Using all available rosidl_typesupport_c: rosidl_typesupport_fastrtps_c;rosidl_typesupport_introspection_c
[0.179s] -- Found rosidl_adapter: 1.2.1 (/opt/ros/foxy/share/rosidl_adapter/cmake)
[0.261s] -- Using all available rosidl_typesupport_cpp: rosidl_typesupport_fastrtps_cpp;rosidl_typesupport_introspection_cpp
[0.290s] -- Found rmw_implementation_cmake: 1.0.3 (/opt/ros/foxy/share/rmw_implementation_cmake/cmake)
[0.291s] -- Using RMW implementation 'rmw_fastrtps_cpp' as default
[0.374s] -- Found geometry_msgs: 2.0.5 (/opt/ros/foxy/share/geometry_msgs/cmake)
[0.393s] -- Found nav_msgs: 2.0.5 (/opt/ros/foxy/share/nav_msgs/cmake)
[0.434s] -- Found sensor_msgs: 2.0.5 (/opt/ros/foxy/share/sensor_msgs/cmake)
[0.475s] -- Found tf2: 0.13.13 (/opt/ros/foxy/share/tf2/cmake)
[0.480s] -- Found tf2_ros: 0.13.13 (/opt/ros/foxy/share/tf2_ros/cmake)
[0.663s] -- Found turtlesim: 1.2.5 (/home/robogait/tutorials_ros2/install/turtlesim/share/turtlesim/cmake)
[0.728s] Error parsing '/home/robogait/catkin_ws/src/pkg_navigation/package.xml':
[0.796s] Traceback (most recent call last):
[0.796s]   File "/opt/ros/foxy/share/ament_cmake_core/cmake/core/package_xml_2_cmake.py", line 143, in <module>
[0.796s]     main()
[0.796s]   File "/opt/ros/foxy/share/ament_cmake_core/cmake/core/package_xml_2_cmake.py", line 52, in main
[0.796s]     raise e
[0.796s]   File "/opt/ros/foxy/share/ament_cmake_core/cmake/core/package_xml_2_cmake.py", line 48, in main
[0.796s]     package = parse_package_string(
[0.796s]   File "/usr/lib/python3/dist-packages/catkin_pkg/package.py", line 772, in parse_package_string
[0.796s]     raise InvalidPackage('Error(s):%s' % (''.join(['\n- %s' % e for e in errors])), filename)
[0.796s] catkin_pkg.package.InvalidPackage: Error(s) in package '/home/robogait/catkin_ws/src/pkg_navigation/package.xml':
[0.796s] Error(s):
[0.796s] - The manifest of package "pkg_navigation" (with format version 3) must not contain the following tags: pkg_navigation_depend
[0.810s] CMake Error at /opt/ros/foxy/share/ament_cmake_core/cmake/core/ament_package_xml.cmake:94 (message):
[0.810s]   execute_process(/usr/bin/python3
[0.810s]   /opt/ros/foxy/share/ament_cmake_core/cmake/core/package_xml_2_cmake.py
[0.810s]   /home/robogait/catkin_ws/src/pkg_navigation/package.xml
[0.810s]   /home/robogait/catkin_ws/build/pkg_navigation/ament_cmake_core/package.cmake)
[0.810s]   returned error code 1
[0.810s] Call Stack (most recent call first):
[0.810s]   /opt/ros/foxy/share/ament_cmake_core/cmake/core/ament_package_xml.cmake:49 (_ament_package_xml)
[0.810s]   /opt/ros/foxy/share/ament_cmake_core/cmake/core/ament_package.cmake:63 (ament_package_xml)
[0.810s]   CMakeLists.txt:75 (ament_package)
[0.810s] 
[0.810s] 
[0.811s] -- Configuring incomplete, errors occurred!
[0.811s] See also "/home/robogait/catkin_ws/build/pkg_navigation/CMakeFiles/CMakeOutput.log".
[0.811s] See also "/home/robogait/catkin_ws/build/pkg_navigation/CMakeFiles/CMakeError.log".
[0.816s] make: *** [Makefile:222: cmake_check_build_system] Error 1
[0.818s] Invoked command in '/home/robogait/catkin_ws/build/pkg_navigation' returned '2': /usr/bin/cmake --build /home/robogait/catkin_ws/build/pkg_navigation -- -j8 -l8
