[0.021s] Invoking command in '/home/robogait/azure_kinect_ws/build/kinect_azure_body_tracker': CMAKE_PREFIX_PATH=${CMAKE_PREFIX_PATH}:/home/robogait/nav2_ws/install/nav2_gazebo_spawner:/home/robogait/ros2_serial/install/ourbotmanager:/home/robogait/ros2_ws/install/nav2_project:/opt/ros/foxy /usr/bin/cmake --build /home/robogait/azure_kinect_ws/build/kinect_azure_body_tracker -- -j8 -l8
[0.043s] -- Found ament_cmake: 0.9.9 (/opt/ros/foxy/share/ament_cmake/cmake)
[0.070s] -- Using PYTHON_EXECUTABLE: /usr/bin/python3
[0.209s] -- Found rclcpp: 2.4.1 (/opt/ros/foxy/share/rclcpp/cmake)
[0.234s] -- Using all available rosidl_typesupport_c: rosidl_typesupport_fastrtps_c;rosidl_typesupport_introspection_c
[0.236s] -- Found rosidl_adapter: 1.2.1 (/opt/ros/foxy/share/rosidl_adapter/cmake)
[0.333s] -- Using all available rosidl_typesupport_cpp: rosidl_typesupport_fastrtps_cpp;rosidl_typesupport_introspection_cpp
[0.363s] -- Found rmw_implementation_cmake: 1.0.3 (/opt/ros/foxy/share/rmw_implementation_cmake/cmake)
[0.366s] -- Using RMW implementation 'rmw_fastrtps_cpp' as default
[0.451s] -- Found geometry_msgs: 2.0.5 (/opt/ros/foxy/share/geometry_msgs/cmake)
[0.470s] -- Found body_tracker_msgs: 0.0.0 (/home/robogait/azure_kinect_ws/install/body_tracker_msgs/share/body_tracker_msgs/cmake)
[0.508s] -- Found rosidl_default_generators: 1.0.1 (/opt/ros/foxy/share/rosidl_default_generators/cmake)
[0.532s] -- Found ament_lint_auto: 0.9.6 (/opt/ros/foxy/share/ament_lint_auto/cmake)
[0.574s] -- Added test 'copyright' to check source files copyright and LICENSE
[0.575s] -- Added test 'cppcheck' to perform static code analysis on C / C++ code
[0.575s] -- Configured cppcheck include dirs: 
[0.575s] -- Configured cppcheck exclude dirs and/or files: 
[0.576s] -- Added test 'cpplint' to check C / C++ code against the Google style
[0.576s] -- Configured cpplint exclude dirs and/or files: 
[0.576s] -- Added test 'lint_cmake' to check CMake code style
[0.577s] -- Added test 'uncrustify' to check C / C++ code style
[0.577s] -- Configured uncrustify additional arguments: 
[0.577s] -- Added test 'xmllint' to check XML markup files
[0.578s] -- Configuring done
[0.595s] -- Generating done
[0.597s] -- Build files have been written to: /home/robogait/azure_kinect_ws/build/kinect_azure_body_tracker
[0.625s] [35m[1mScanning dependencies of target kinect_azure_body_tracker_recording_node_simplified[0m
[0.627s] [35m[1mScanning dependencies of target kinect_azure_body_tracker_node_full_processing[0m
[0.646s] [ 14%] Built target kinect_azure_body_tracker_recording_node
[0.650s] [ 21%] [32mBuilding CXX object CMakeFiles/kinect_azure_body_tracker_recording_node_simplified.dir/src/kinectAzure_body_tracker_node_plus_recording_simplified.cpp.o[0m
[0.651s] [ 35%] Built target kinect_azure_body_tracker_node_simplified
[0.651s] [ 50%] Built target kinect_azure_body_tracker_node_finite
[0.651s] [ 78%] Built target kinect_azure_body_tracker_node_plus_recording_test
[0.651s] [ 78%] Built target kinect_azure_body_tracker_node
[0.656s] [ 85%] [32mBuilding CXX object CMakeFiles/kinect_azure_body_tracker_node_full_processing.dir/src/kinectAzure_body_tracker_node_full_processing.cpp.o[0m
[1.422s] [01m[K/home/robogait/azure_kinect_ws/src/kinect_azure_body_tracker/src/kinectAzure_body_tracker_node_plus_recording_simplified.cpp:[m[K In member function â€˜[01m[Kvoid MinimalPublisher::Init()[m[Kâ€™:
[1.422s] [01m[K/home/robogait/azure_kinect_ws/src/kinect_azure_body_tracker/src/kinectAzure_body_tracker_node_plus_recording_simplified.cpp:184:3:[m[K [01;31m[Kerror: [m[Kâ€˜[01m[Kstringstream[m[Kâ€™ was not declared in this scope; did you mean â€˜[01m[Kstd::stringstream[m[Kâ€™?
[1.422s]   184 |   [01;31m[Kstringstream[m[K ss;
[1.422s]       |   [01;31m[K^~~~~~~~~~~~[m[K
[1.422s]       |   [32m[Kstd::stringstream[m[K
[1.422s] In file included from [01m[K/usr/include/c++/9/memory:72[m[K,
[1.422s]                  from [01m[K/home/robogait/azure_kinect_ws/src/kinect_azure_body_tracker/src/kinectAzure_body_tracker_node_plus_recording_simplified.cpp:15[m[K:
[1.422s] [01m[K/usr/include/c++/9/iosfwd:156:37:[m[K [01;36m[Knote: [m[Kâ€˜[01m[Kstd::stringstream[m[Kâ€™ declared here
[1.422s]   156 |   typedef basic_stringstream<char>  [01;36m[Kstringstream[m[K;
[1.422s]       |                                     [01;36m[K^~~~~~~~~~~~[m[K
[1.423s] [01m[K/home/robogait/azure_kinect_ws/src/kinect_azure_body_tracker/src/kinectAzure_body_tracker_node_plus_recording_simplified.cpp:185:3:[m[K [01;31m[Kerror: [m[Kâ€˜[01m[Kss[m[Kâ€™ was not declared in this scope
[1.423s]   185 |   [01;31m[Kss[m[K << std::put_time(std::localtime(&in_time_t), "_%Y_%m_%d_%X");
[1.423s]       |   [01;31m[K^~[m[K
[1.423s] [01m[K/home/robogait/azure_kinect_ws/src/kinect_azure_body_tracker/src/kinectAzure_body_tracker_node_plus_recording_simplified.cpp:185:14:[m[K [01;31m[Kerror: [m[Kâ€˜[01m[Kput_time[m[Kâ€™ is not a member of â€˜[01m[Kstd[m[Kâ€™
[1.423s]   185 |   ss << std::[01;31m[Kput_time[m[K(std::localtime(&in_time_t), "_%Y_%m_%d_%X");
[1.424s]       |              [01;31m[K^~~~~~~~[m[K
[1.425s] [01m[K/home/robogait/azure_kinect_ws/src/kinect_azure_body_tracker/src/kinectAzure_body_tracker_node_plus_recording_simplified.cpp:186:11:[m[K [01;31m[Kerror: [m[Kâ€˜[01m[KcsvFullPath[m[Kâ€™ was not declared in this scope
[1.425s]   186 |   sprintf([01;31m[KcsvFullPath[m[K, "%s%s.csv", output_path, ss.str().c_str());
[1.425s]       |           [01;31m[K^~~~~~~~~~~[m[K
[1.427s] [01m[K/home/robogait/azure_kinect_ws/src/kinect_azure_body_tracker/src/kinectAzure_body_tracker_node_plus_recording_simplified.cpp:186:36:[m[K [01;31m[Kerror: [m[Kâ€˜[01m[Koutput_path[m[Kâ€™ was not declared in this scope
[1.427s]   186 |   sprintf(csvFullPath, "%s%s.csv", [01;31m[Koutput_path[m[K, ss.str().c_str());
[1.427s]       |                                    [01;31m[K^~~~~~~~~~~[m[K
[1.976s] At global scope:
[1.976s] [01m[Kcc1plus:[m[K [01;35m[Kwarning: [m[Kunrecognized command line option â€˜[01m[K-Wno-dev[m[Kâ€™
[1.983s] make[2]: *** [CMakeFiles/kinect_azure_body_tracker_recording_node_simplified.dir/build.make:63: CMakeFiles/kinect_azure_body_tracker_recording_node_simplified.dir/src/kinectAzure_body_tracker_node_plus_recording_simplified.cpp.o] Error 1
[1.983s] make[1]: *** [CMakeFiles/Makefile2:225: CMakeFiles/kinect_azure_body_tracker_recording_node_simplified.dir/all] Error 2
[1.983s] make[1]: *** Waiting for unfinished jobs....
[2.477s] [ 92%] [32m[1mLinking CXX executable kinect_azure_body_tracker_node_full_processing[0m
[2.584s] [ 92%] Built target kinect_azure_body_tracker_node_full_processing
[2.585s] make: *** [Makefile:141: all] Error 2
[2.586s] Invoked command in '/home/robogait/azure_kinect_ws/build/kinect_azure_body_tracker' returned '2': CMAKE_PREFIX_PATH=${CMAKE_PREFIX_PATH}:/home/robogait/nav2_ws/install/nav2_gazebo_spawner:/home/robogait/ros2_serial/install/ourbotmanager:/home/robogait/ros2_ws/install/nav2_project:/opt/ros/foxy /usr/bin/cmake --build /home/robogait/azure_kinect_ws/build/kinect_azure_body_tracker -- -j8 -l8
