[35m[1mScanning dependencies of target kinect_azure_body_tracker_recording_node_simplified[0m
[ 25%] Built target kinect_azure_body_tracker_node_simplified
[ 50%] Built target kinect_azure_body_tracker_node
[ 75%] Built target kinect_azure_body_tracker_recording_node
[ 87%] [32mBuilding CXX object CMakeFiles/kinect_azure_body_tracker_recording_node_simplified.dir/src/kinectAzure_body_tracker_node_plus_recording_simplified.cpp.o[0m
[01m[K/home/robogait/azure_kinect_ws/src/kinect_azure_body_tracker/src/kinectAzure_body_tracker_node_plus_recording_simplified.cpp:[m[K In member function â€˜[01m[Kvoid MinimalPublisher::Init()[m[Kâ€™:
[01m[K/home/robogait/azure_kinect_ws/src/kinect_azure_body_tracker/src/kinectAzure_body_tracker_node_plus_recording_simplified.cpp:242:28:[m[K [01;31m[Kerror: [m[Kâ€˜[01m[Krecording[m[Kâ€™ was not declared in this scope
  242 |    k4a_record_write_header([01;31m[Krecording[m[K);
      |                            [01;31m[K^~~~~~~~~[m[K
At global scope:
[01m[Kcc1plus:[m[K [01;35m[Kwarning: [m[Kunrecognized command line option â€˜[01m[K-Wno-dev[m[Kâ€™
make[2]: *** [CMakeFiles/kinect_azure_body_tracker_recording_node_simplified.dir/build.make:63: CMakeFiles/kinect_azure_body_tracker_recording_node_simplified.dir/src/kinectAzure_body_tracker_node_plus_recording_simplified.cpp.o] Error 1
make[1]: *** [CMakeFiles/Makefile2:84: CMakeFiles/kinect_azure_body_tracker_recording_node_simplified.dir/all] Error 2
make: *** [Makefile:141: all] Error 2
