[0.009s] Invoking command in '/home/robogait/azure_kinect_ws/build/body_tracking': CMAKE_PREFIX_PATH=${CMAKE_PREFIX_PATH}:/home/robogait/ros2_serial/install/ourbotmanager:/opt/ros/foxy /usr/bin/cmake --build /home/robogait/azure_kinect_ws/build/body_tracking -- -j8 -l8
[0.041s] [35m[1mScanning dependencies of target body_tracking_node[0m
[0.048s] [  2%] Built target body_tracking__cpp
[0.048s] [ 12%] Built target body_tracking__rosidl_generator_c
[0.062s] [ 14%] [32mBuilding CXX object CMakeFiles/body_tracking_node.dir/src/kinectAzure_body_tracker_node.cpp.o[0m
[0.064s] [ 24%] Built target body_tracking__rosidl_typesupport_introspection_cpp
[0.065s] [ 34%] Built target body_tracking__rosidl_typesupport_cpp
[0.066s] [ 43%] Built target body_tracking__rosidl_typesupport_c
[0.068s] [ 53%] Built target body_tracking__rosidl_typesupport_introspection_c
[0.069s] [ 63%] Built target body_tracking__rosidl_typesupport_fastrtps_cpp
[0.087s] [ 73%] Built target body_tracking__rosidl_typesupport_fastrtps_c
[0.100s] [ 73%] Built target body_tracking
[0.115s] [ 75%] Built target body_tracking__py
[0.133s] [ 82%] Built target body_tracking__python
[0.152s] [ 92%] Built target body_tracking__rosidl_typesupport_c__pyext
[0.152s] [ 92%] Built target body_tracking__rosidl_typesupport_fastrtps_c__pyext
[0.152s] [ 97%] Built target body_tracking__rosidl_typesupport_introspection_c__pyext
[0.809s] [01m[K/home/robogait/azure_kinect_ws/src/body_tracking/src/kinectAzure_body_tracker_node.cpp:[m[K In member function â€˜[01m[Kvoid MinimalPublisher::body_tracking()[m[Kâ€™:
[0.809s] [01m[K/home/robogait/azure_kinect_ws/src/body_tracking/src/kinectAzure_body_tracker_node.cpp:81:42:[m[K [01;31m[Kerror: [m[Kcannot call member function â€˜[01m[Krclcpp::Time rclcpp::Clock::now()[m[Kâ€™ without object
[0.810s]    81 |           t_muestra = rclcpp::Clock::now([01;31m[K)[m[K;;
[0.810s]       |                                          [01;31m[K^[m[K
[0.810s] [01m[K/home/robogait/azure_kinect_ws/src/body_tracking/src/kinectAzure_body_tracker_node.cpp:143:36:[m[K [01;31m[Kerror: [m[Kcannot convert â€˜[01m[Krclcpp::Duration[m[Kâ€™ to â€˜[01m[Kbody_tracking::msg::Skeleton_<std::allocator<void> >::_tiempo_type[m[Kâ€™ {aka â€˜[01m[Kdouble[m[Kâ€™} in assignment
[0.810s]   143 |   skeleton_data.tiempo = [01;31m[Kt_muestra - t_inicial[m[K;
[0.810s]       |                          [01;31m[K~~~~~~~~~~^~~~~~~~~~~[m[K
[0.810s]       |                                    [01;31m[K|[m[K
[0.810s]       |                                    [01;31m[Krclcpp::Duration[m[K
[0.815s] [01m[K/home/robogait/azure_kinect_ws/src/body_tracking/src/kinectAzure_body_tracker_node.cpp:[m[K In member function â€˜[01m[Kvoid MinimalPublisher::Init()[m[Kâ€™:
[0.815s] [01m[K/home/robogait/azure_kinect_ws/src/body_tracking/src/kinectAzure_body_tracker_node.cpp:299:34:[m[K [01;31m[Kerror: [m[Kcannot call member function â€˜[01m[Krclcpp::Time rclcpp::Clock::now()[m[Kâ€™ without object
[0.815s]   299 |   t_inicial = rclcpp::Clock::now([01;31m[K)[m[K;
[0.815s]       |                                  [01;31m[K^[m[K
[1.334s] At global scope:
[1.334s] [01m[Kcc1plus:[m[K [01;35m[Kwarning: [m[Kunrecognized command line option â€˜[01m[K-Wno-dev[m[Kâ€™
[1.345s] make[2]: *** [CMakeFiles/body_tracking_node.dir/build.make:63: CMakeFiles/body_tracking_node.dir/src/kinectAzure_body_tracker_node.cpp.o] Error 1
[1.345s] make[1]: *** [CMakeFiles/Makefile2:208: CMakeFiles/body_tracking_node.dir/all] Error 2
[1.345s] make: *** [Makefile:141: all] Error 2
[1.348s] Invoked command in '/home/robogait/azure_kinect_ws/build/body_tracking' returned '2': CMAKE_PREFIX_PATH=${CMAKE_PREFIX_PATH}:/home/robogait/ros2_serial/install/ourbotmanager:/opt/ros/foxy /usr/bin/cmake --build /home/robogait/azure_kinect_ws/build/body_tracking -- -j8 -l8
