-- Found ament_cmake: 0.9.9 (/opt/ros/foxy/share/ament_cmake/cmake)
-- Found PythonInterp: /usr/bin/python3 (found suitable version "3.8.10", minimum required is "3") 
-- Using PYTHON_EXECUTABLE: /usr/bin/python3
-- Found rclcpp: 2.4.1 (/opt/ros/foxy/share/rclcpp/cmake)
-- Using all available rosidl_typesupport_c: rosidl_typesupport_fastrtps_c;rosidl_typesupport_introspection_c
-- Found rosidl_adapter: 1.2.1 (/opt/ros/foxy/share/rosidl_adapter/cmake)
-- Using all available rosidl_typesupport_cpp: rosidl_typesupport_fastrtps_cpp;rosidl_typesupport_introspection_cpp
-- Found rmw_implementation_cmake: 1.0.3 (/opt/ros/foxy/share/rmw_implementation_cmake/cmake)
-- Using RMW implementation 'rmw_fastrtps_cpp' as default
-- Found body_tracking: 0.0.0 (/home/robogait/azure_kinect_ws/install/body_tracking/share/body_tracking/cmake)
-- Found rosidl_default_generators: 1.0.1 (/opt/ros/foxy/share/rosidl_default_generators/cmake)
-- Found PythonInterp: /usr/bin/python3 (found version "3.8.10") 
-- Found ament_cmake_ros: 0.9.2 (/opt/ros/foxy/share/ament_cmake_ros/cmake)
-- Using all available rosidl_typesupport_c: rosidl_typesupport_fastrtps_c;rosidl_typesupport_introspection_c
-- Using all available rosidl_typesupport_cpp: rosidl_typesupport_fastrtps_cpp;rosidl_typesupport_introspection_cpp
-- Found PythonInterp: /usr/bin/python3 (found suitable version "3.8.10", minimum required is "3.5") 
-- Found python_cmake_module: 0.8.1 (/opt/ros/foxy/share/python_cmake_module/cmake)
-- Using PYTHON_EXECUTABLE: /usr/bin/python3
-- Using PYTHON_INCLUDE_DIRS: /usr/include/python3.8
-- Using PYTHON_LIBRARIES: /usr/lib/x86_64-linux-gnu/libpython3.8.so
-- Found ament_lint_auto: 0.9.6 (/opt/ros/foxy/share/ament_lint_auto/cmake)
-- Added test 'copyright' to check source files copyright and LICENSE
-- Added test 'cppcheck' to perform static code analysis on C / C++ code
-- Configured cppcheck include dirs: 
-- Configured cppcheck exclude dirs and/or files: 
-- Added test 'cpplint' to check C / C++ code against the Google style
-- Configured cpplint exclude dirs and/or files: 
-- Added test 'lint_cmake' to check CMake code style
-- Added test 'uncrustify' to check C / C++ code style
-- Configured uncrustify additional arguments: 
-- Added test 'xmllint' to check XML markup files
-- Configuring done
-- Generating done
-- Build files have been written to: /home/robogait/azure_kinect_ws/build/body_tracking
[  9%] Built target body_tracking__cpp
[ 12%] Built target body_tracking__rosidl_generator_c
[ 15%] [32m[1mLinking CXX executable prueba_talker[0m
[ 24%] Built target body_tracking__rosidl_typesupport_introspection_c
[ 33%] Built target body_tracking__rosidl_typesupport_c
[ 42%] Built target body_tracking__rosidl_typesupport_introspection_cpp
[ 51%] Built target body_tracking__rosidl_typesupport_cpp
[ 60%] Built target body_tracking__rosidl_typesupport_fastrtps_cpp
[ 69%] Built target body_tracking__rosidl_typesupport_fastrtps_c
[ 69%] Built target body_tracking
[ 72%] Built target body_tracking__py
[ 78%] Built target body_tracking__python
/usr/bin/ld: CMakeFiles/prueba_talker.dir/src/kinectAzure_body_tracker_node.cpp.o: in function `MinimalPublisher::timer_callback()':
kinectAzure_body_tracker_node.cpp:(.text._ZN16MinimalPublisher14timer_callbackEv[_ZN16MinimalPublisher14timer_callbackEv]+0x50): undefined reference to `k4a_device_get_capture'
/usr/bin/ld: kinectAzure_body_tracker_node.cpp:(.text._ZN16MinimalPublisher14timer_callbackEv[_ZN16MinimalPublisher14timer_callbackEv]+0xaa): undefined reference to `k4abt_tracker_enqueue_capture'
/usr/bin/ld: kinectAzure_body_tracker_node.cpp:(.text._ZN16MinimalPublisher14timer_callbackEv[_ZN16MinimalPublisher14timer_callbackEv]+0xc6): undefined reference to `k4a_capture_release'
/usr/bin/ld: kinectAzure_body_tracker_node.cpp:(.text._ZN16MinimalPublisher14timer_callbackEv[_ZN16MinimalPublisher14timer_callbackEv]+0x12a): undefined reference to `k4abt_tracker_pop_result'
/usr/bin/ld: kinectAzure_body_tracker_node.cpp:(.text._ZN16MinimalPublisher14timer_callbackEv[_ZN16MinimalPublisher14timer_callbackEv]+0x19c): undefined reference to `k4abt_frame_get_num_bodies'
/usr/bin/ld: kinectAzure_body_tracker_node.cpp:(.text._ZN16MinimalPublisher14timer_callbackEv[_ZN16MinimalPublisher14timer_callbackEv]+0x1e3): undefined reference to `k4abt_frame_get_body_skeleton'
/usr/bin/ld: kinectAzure_body_tracker_node.cpp:(.text._ZN16MinimalPublisher14timer_callbackEv[_ZN16MinimalPublisher14timer_callbackEv]+0x219): undefined reference to `k4abt_frame_get_body_id'
/usr/bin/ld: kinectAzure_body_tracker_node.cpp:(.text._ZN16MinimalPublisher14timer_callbackEv[_ZN16MinimalPublisher14timer_callbackEv]+0x28a): undefined reference to `k4abt_frame_get_body_index_map'
/usr/bin/ld: kinectAzure_body_tracker_node.cpp:(.text._ZN16MinimalPublisher14timer_callbackEv[_ZN16MinimalPublisher14timer_callbackEv]+0x2c3): undefined reference to `k4a_image_release'
/usr/bin/ld: kinectAzure_body_tracker_node.cpp:(.text._ZN16MinimalPublisher14timer_callbackEv[_ZN16MinimalPublisher14timer_callbackEv]+0x2e0): undefined reference to `k4abt_frame_release'
/usr/bin/ld: CMakeFiles/prueba_talker.dir/src/kinectAzure_body_tracker_node.cpp.o: in function `MinimalPublisher::print_body_index_map_middle_line(_k4a_image_t*)':
kinectAzure_body_tracker_node.cpp:(.text._ZN16MinimalPublisher32print_body_index_map_middle_lineEP12_k4a_image_t[_ZN16MinimalPublisher32print_body_index_map_middle_lineEP12_k4a_image_t]+0x1d): undefined reference to `k4a_image_get_buffer'
/usr/bin/ld: kinectAzure_body_tracker_node.cpp:(.text._ZN16MinimalPublisher32print_body_index_map_middle_lineEP12_k4a_image_t[_ZN16MinimalPublisher32print_body_index_map_middle_lineEP12_k4a_image_t]+0x2d): undefined reference to `k4a_image_get_stride_bytes'
/usr/bin/ld: kinectAzure_body_tracker_node.cpp:(.text._ZN16MinimalPublisher32print_body_index_map_middle_lineEP12_k4a_image_t[_ZN16MinimalPublisher32print_body_index_map_middle_lineEP12_k4a_image_t]+0x3b): undefined reference to `k4a_image_get_width_pixels'
/usr/bin/ld: kinectAzure_body_tracker_node.cpp:(.text._ZN16MinimalPublisher32print_body_index_map_middle_lineEP12_k4a_image_t[_ZN16MinimalPublisher32print_body_index_map_middle_lineEP12_k4a_image_t]+0x6a): undefined reference to `k4a_image_get_height_pixels'
/usr/bin/ld: kinectAzure_body_tracker_node.cpp:(.text._ZN16MinimalPublisher32print_body_index_map_middle_lineEP12_k4a_image_t[_ZN16MinimalPublisher32print_body_index_map_middle_lineEP12_k4a_image_t]+0x82): undefined reference to `k4a_image_get_width_pixels'
/usr/bin/ld: kinectAzure_body_tracker_node.cpp:(.text._ZN16MinimalPublisher32print_body_index_map_middle_lineEP12_k4a_image_t[_ZN16MinimalPublisher32print_body_index_map_middle_lineEP12_k4a_image_t]+0xb5): undefined reference to `k4a_image_get_width_pixels'
/usr/bin/ld: CMakeFiles/prueba_talker.dir/src/kinectAzure_body_tracker_node.cpp.o: in function `MinimalPublisher::Init()':
kinectAzure_body_tracker_node.cpp:(.text._ZN16MinimalPublisher4InitEv[_ZN16MinimalPublisher4InitEv]+0x79): undefined reference to `k4a_device_open'
/usr/bin/ld: kinectAzure_body_tracker_node.cpp:(.text._ZN16MinimalPublisher4InitEv[_ZN16MinimalPublisher4InitEv]+0xb9): undefined reference to `k4a_device_start_cameras'
/usr/bin/ld: kinectAzure_body_tracker_node.cpp:(.text._ZN16MinimalPublisher4InitEv[_ZN16MinimalPublisher4InitEv]+0x108): undefined reference to `k4a_device_get_calibration'
/usr/bin/ld: kinectAzure_body_tracker_node.cpp:(.text._ZN16MinimalPublisher4InitEv[_ZN16MinimalPublisher4InitEv]+0x1c4): undefined reference to `k4abt_tracker_create'
[ 96%] Built target body_tracking__rosidl_typesupport_fastrtps_c__pyext
[ 96%] Built target body_tracking__rosidl_typesupport_c__pyext
[ 96%] Built target body_tracking__rosidl_typesupport_introspection_c__pyext
collect2: error: ld returned 1 exit status
make[2]: *** [CMakeFiles/prueba_talker.dir/build.make:136: prueba_talker] Error 1
make[1]: *** [CMakeFiles/Makefile2:208: CMakeFiles/prueba_talker.dir/all] Error 2
make: *** [Makefile:141: all] Error 2
