[35m[1mScanning dependencies of target prueba_talker[0m
[  2%] [32mBuilding CXX object CMakeFiles/prueba_talker.dir/src/main.cpp.o[0m
[ 10%] Built target body_tracking__rosidl_generator_c
[ 15%] Built target body_tracking__cpp
[ 17%] Built target body_tracking_node
[ 23%] Built target listener
[ 28%] Built target talker
[ 35%] Built target body_tracking__rosidl_typesupport_c
[ 43%] Built target body_tracking__rosidl_typesupport_introspection_c
[ 51%] Built target body_tracking__rosidl_typesupport_fastrtps_cpp
[ 58%] Built target body_tracking__rosidl_typesupport_introspection_cpp
[ 66%] Built target body_tracking__rosidl_typesupport_cpp
[01m[K/home/robogait/azure_kinect_ws/src/body_tracking/src/main.cpp:17:10:[m[K [01;31m[Kfatal error: [m[Kbody_tracking/msg/hip_coordinates.hpp: No such file or directory
   17 | #include [01;31m[K"body_tracking/msg/hip_coordinates.hpp"[m[K
      |          [01;31m[K^~~~~~~~~~~~~~~~~~~~~~~~~~~~~~~~~~~~~~~[m[K
compilation terminated.
make[2]: *** [CMakeFiles/prueba_talker.dir/build.make:63: CMakeFiles/prueba_talker.dir/src/main.cpp.o] Error 1
make[1]: *** [CMakeFiles/Makefile2:325: CMakeFiles/prueba_talker.dir/all] Error 2
make[1]: *** Waiting for unfinished jobs....
[ 74%] Built target body_tracking__rosidl_typesupport_fastrtps_c
make: *** [Makefile:141: all] Error 2
