[0.010s] Invoking command in '/home/robogait/azure_kinect_ws/build/body_tracking': CMAKE_PREFIX_PATH=${CMAKE_PREFIX_PATH}:/home/robogait/ros2_serial/install/ourbotmanager:/opt/ros/foxy /usr/bin/cmake --build /home/robogait/azure_kinect_ws/build/body_tracking -- -j8 -l8
[0.042s] [35m[1mScanning dependencies of target prueba_talker[0m
[0.047s] [  5%] Built target body_tracking_node
[0.048s] [ 12%] Built target body_tracking__rosidl_generator_c
[0.048s] [ 15%] Built target body_tracking__cpp
[0.051s] [ 20%] Built target listener
[0.051s] [ 25%] Built target talker
[0.061s] [ 28%] [32mBuilding CXX object CMakeFiles/prueba_talker.dir/src/main.cpp.o[0m
[0.064s] [ 35%] Built target body_tracking__rosidl_typesupport_cpp
[0.064s] [ 43%] Built target body_tracking__rosidl_typesupport_introspection_cpp
[0.065s] [ 51%] Built target body_tracking__rosidl_typesupport_c
[0.065s] [ 58%] Built target body_tracking__rosidl_typesupport_introspection_c
[0.069s] [ 66%] Built target body_tracking__rosidl_typesupport_fastrtps_cpp
[0.085s] [ 74%] Built target body_tracking__rosidl_typesupport_fastrtps_c
[0.098s] [ 74%] Built target body_tracking
[0.111s] [ 76%] Built target body_tracking__py
[0.129s] [ 82%] Built target body_tracking__python
[0.146s] [ 97%] Built target body_tracking__rosidl_typesupport_c__pyext
[0.146s] [ 97%] Built target body_tracking__rosidl_typesupport_introspection_c__pyext
[0.146s] [ 97%] Built target body_tracking__rosidl_typesupport_fastrtps_c__pyext
[0.800s] [01m[K/home/robogait/azure_kinect_ws/src/body_tracking/src/main.cpp:209:2:[m[K [01;31m[Kerror: [m[Knon-static data member declared with placeholder â€˜[01m[Kauto[m[Kâ€™
[0.800s]   209 |  [01;31m[Kauto[m[K message = body_tracking::msg::HipCoordinates();
[0.800s]       |  [01;31m[K^~~~[m[K
[1.366s] make[2]: *** [CMakeFiles/prueba_talker.dir/build.make:63: CMakeFiles/prueba_talker.dir/src/main.cpp.o] Error 1
[1.366s] make[1]: *** [CMakeFiles/Makefile2:325: CMakeFiles/prueba_talker.dir/all] Error 2
[1.366s] make: *** [Makefile:141: all] Error 2
[1.368s] Invoked command in '/home/robogait/azure_kinect_ws/build/body_tracking' returned '2': CMAKE_PREFIX_PATH=${CMAKE_PREFIX_PATH}:/home/robogait/ros2_serial/install/ourbotmanager:/opt/ros/foxy /usr/bin/cmake --build /home/robogait/azure_kinect_ws/build/body_tracking -- -j8 -l8
