[01m[K/home/robogait/catkin_ws/src/pkg_navigation/src/robot_controller_position.cpp:109:23:[m[K [01;35m[Kwarning: [m[Kextra â€˜[01m[K;[m[Kâ€™ [[01;35m[K-Wpedantic[m[K]
  109 |        float array[5];[01;35m[K;[m[K
      |                       [01;35m[K^[m[K
      |                       [31m[K-[m[K
[01m[K/home/robogait/catkin_ws/src/pkg_navigation/src/robot_controller_position.cpp:[m[K In constructor â€˜[01m[Kgeneric::generic()[m[Kâ€™:
[01m[K/home/robogait/catkin_ws/src/pkg_navigation/src/robot_controller_position.cpp:57:110:[m[K [01;31m[Kerror: [m[Kâ€˜[01m[Kcallback_odom[m[Kâ€™ is not a member of â€˜[01m[Kgeneric[m[Kâ€™
   57 |   subscription_robot_odom= this->create_subscription<nav_msgs::msg::Odometry>("odom",10, std::bind(&generic::[01;31m[Kcallback_odom[m[K, this, _1));
      |                                                                                                              [01;31m[K^~~~~~~~~~~~~[m[K
make[2]: *** [CMakeFiles/robot_controller_position.dir/build.make:63: CMakeFiles/robot_controller_position.dir/src/robot_controller_position.cpp.o] Error 1
make[1]: *** [CMakeFiles/Makefile2:277: CMakeFiles/robot_controller_position.dir/all] Error 2
make: *** [Makefile:141: all] Error 2
