[0.020s] Invoking command in '/home/robogait/azure_kinect_ws/build/kinect_azure_body_tracker': CMAKE_PREFIX_PATH=${CMAKE_PREFIX_PATH}:/home/robogait/nav2_ws/install/nav2_gazebo_spawner:/home/robogait/ros2_serial/install/ourbotmanager:/home/robogait/ros2_ws/install/nav2_project:/opt/ros/foxy /usr/bin/cmake --build /home/robogait/azure_kinect_ws/build/kinect_azure_body_tracker -- -j8 -l8
[0.070s] [35m[1mScanning dependencies of target kinect_azure_body_tracker_node_plus_recording_test[0m
[0.117s] [  7%] [32mBuilding CXX object CMakeFiles/kinect_azure_body_tracker_node_plus_recording_test.dir/src/kinectAzure_body_tracker_node_plus_recording_test.cpp.o[0m
[0.121s] [ 35%] Built target kinect_azure_body_tracker_node_full_processing
[0.122s] [ 50%] Built target kinect_azure_body_tracker_node
[0.123s] [ 35%] Built target kinect_azure_body_tracker_node_simplified
[0.127s] [ 64%] Built target kinect_azure_body_tracker_recording_node
[0.131s] [ 78%] Built target kinect_azure_body_tracker_recording_node_simplified
[0.137s] [ 92%] Built target kinect_azure_body_tracker_node_finite
[0.889s] [01m[K/home/robogait/azure_kinect_ws/src/kinect_azure_body_tracker/src/kinectAzure_body_tracker_node_plus_recording_test.cpp:[m[K In member function â€˜[01m[Kvoid MinimalPublisher::Run()[m[Kâ€™:
[0.889s] [01m[K/home/robogait/azure_kinect_ws/src/kinect_azure_body_tracker/src/kinectAzure_body_tracker_node_plus_recording_test.cpp:48:53:[m[K [01;31m[Kerror: [m[Kno matching function for call to â€˜[01m[KMinimalPublisher::body_tracking(_k4a_capture_t*&, k4a_wait_result_t&)[m[Kâ€™
[0.889s]    48 |     body_tracking(sensor_capture, get_capture_result[01;31m[K)[m[K;
[0.890s]       |                                                     [01;31m[K^[m[K
[0.890s] [01m[K/home/robogait/azure_kinect_ws/src/kinect_azure_body_tracker/src/kinectAzure_body_tracker_node_plus_recording_test.cpp:58:7:[m[K [01;36m[Knote: [m[Kcandidate: â€˜[01m[Kvoid MinimalPublisher::body_tracking()[m[Kâ€™
[0.890s]    58 |  void [01;36m[Kbody_tracking[m[K()
[0.890s]       |       [01;36m[K^~~~~~~~~~~~~[m[K
[0.890s] [01m[K/home/robogait/azure_kinect_ws/src/kinect_azure_body_tracker/src/kinectAzure_body_tracker_node_plus_recording_test.cpp:58:7:[m[K [01;36m[Knote: [m[K  candidate expects 0 arguments, 2 provided
[0.890s] [01m[K/home/robogait/azure_kinect_ws/src/kinect_azure_body_tracker/src/kinectAzure_body_tracker_node_plus_recording_test.cpp:53:53:[m[K [01;31m[Kerror: [m[Kno matching function for call to â€˜[01m[KMinimalPublisher::body_tracking(_k4a_capture_t*&, k4a_wait_result_t&)[m[Kâ€™
[0.890s]    53 |     body_tracking(sensor_capture, get_capture_result[01;31m[K)[m[K;
[0.890s]       |                                                     [01;31m[K^[m[K
[0.890s] [01m[K/home/robogait/azure_kinect_ws/src/kinect_azure_body_tracker/src/kinectAzure_body_tracker_node_plus_recording_test.cpp:58:7:[m[K [01;36m[Knote: [m[Kcandidate: â€˜[01m[Kvoid MinimalPublisher::body_tracking()[m[Kâ€™
[0.890s]    58 |  void [01;36m[Kbody_tracking[m[K()
[0.890s]       |       [01;36m[K^~~~~~~~~~~~~[m[K
[0.890s] [01m[K/home/robogait/azure_kinect_ws/src/kinect_azure_body_tracker/src/kinectAzure_body_tracker_node_plus_recording_test.cpp:58:7:[m[K [01;36m[Knote: [m[K  candidate expects 0 arguments, 2 provided
[1.403s] At global scope:
[1.403s] [01m[Kcc1plus:[m[K [01;35m[Kwarning: [m[Kunrecognized command line option â€˜[01m[K-Wno-dev[m[Kâ€™
[1.410s] make[2]: *** [CMakeFiles/kinect_azure_body_tracker_node_plus_recording_test.dir/build.make:63: CMakeFiles/kinect_azure_body_tracker_node_plus_recording_test.dir/src/kinectAzure_body_tracker_node_plus_recording_test.cpp.o] Error 1
[1.410s] make[1]: *** [CMakeFiles/Makefile2:117: CMakeFiles/kinect_azure_body_tracker_node_plus_recording_test.dir/all] Error 2
[1.411s] make: *** [Makefile:141: all] Error 2
[1.412s] Invoked command in '/home/robogait/azure_kinect_ws/build/kinect_azure_body_tracker' returned '2': CMAKE_PREFIX_PATH=${CMAKE_PREFIX_PATH}:/home/robogait/nav2_ws/install/nav2_gazebo_spawner:/home/robogait/ros2_serial/install/ourbotmanager:/home/robogait/ros2_ws/install/nav2_project:/opt/ros/foxy /usr/bin/cmake --build /home/robogait/azure_kinect_ws/build/kinect_azure_body_tracker -- -j8 -l8
