[0.013s] Invoking command in '/home/robogait/catkin_ws/build/test': CMAKE_PREFIX_PATH=${CMAKE_PREFIX_PATH}:/home/robogait/nav2_ws/install/nav2_gazebo_spawner:/home/robogait/ros2_serial/install/ourbotmanager:/opt/ros/foxy /usr/bin/cmake --build /home/robogait/catkin_ws/build/test -- -j8 -l8
[0.050s] [35m[1mScanning dependencies of target publisher_cpp[0m
[0.068s] [ 50%] [32mBuilding CXX object CMakeFiles/publisher_cpp.dir/src/publisher_cpp.cpp.o[0m
[0.840s] [01m[K/home/robogait/catkin_ws/src/test/src/publisher_cpp.cpp:[m[K In constructor â€˜[01m[Kgeneric::generic()[m[Kâ€™:
[0.840s] [01m[K/home/robogait/catkin_ws/src/test/src/publisher_cpp.cpp:39:26:[m[K [01;31m[Kerror: [m[Kâ€˜[01m[Kloop[m[Kâ€™ is not a member of â€˜[01m[Kgeneric[m[Kâ€™
[0.840s]    39 |   pub = thread(&generic::[01;31m[Kloop[m[K, this);
[0.840s]       |                          [01;31m[K^~~~[m[K
[1.948s] make[2]: *** [CMakeFiles/publisher_cpp.dir/build.make:63: CMakeFiles/publisher_cpp.dir/src/publisher_cpp.cpp.o] Error 1
[1.948s] make[1]: *** [CMakeFiles/Makefile2:78: CMakeFiles/publisher_cpp.dir/all] Error 2
[1.948s] make: *** [Makefile:141: all] Error 2
[1.950s] Invoked command in '/home/robogait/catkin_ws/build/test' returned '2': CMAKE_PREFIX_PATH=${CMAKE_PREFIX_PATH}:/home/robogait/nav2_ws/install/nav2_gazebo_spawner:/home/robogait/ros2_serial/install/ourbotmanager:/opt/ros/foxy /usr/bin/cmake --build /home/robogait/catkin_ws/build/test -- -j8 -l8
