[35m[1mScanning dependencies of target robot_controller[0m
[ 10%] Built target tf2_broadcaster_person
[ 20%] Built target publisher_initial_pose
[ 30%] Built target tf2_broadcaster
[ 40%] Built target publisher_subscriber
[ 60%] Built target robot_controller_straight
[ 60%] Built target robot_odom_tf2_listener
[ 75%] Built target robot_controller_position
[ 75%] [32mBuilding CXX object CMakeFiles/robot_controller.dir/src/robot_controller.cpp.o[0m
make[2]: *** No rule to make target '/home/robogait/catkin_ws/src/pkg_navigation/src/robot_controller_center_person.cpp', needed by 'CMakeFiles/robot_controller_center_person.dir/src/robot_controller_center_person.cpp.o'.  Stop.
make[1]: *** [CMakeFiles/Makefile2:393: CMakeFiles/robot_controller_center_person.dir/all] Error 2
make[1]: *** Waiting for unfinished jobs....
[ 85%] Built target person_odom_tf2_listener
[01m[K/home/robogait/catkin_ws/src/pkg_navigation/src/robot_controller.cpp:[m[K In member function â€˜[01m[Kvoid generic::lane_controller()[m[Kâ€™:
[01m[K/home/robogait/catkin_ws/src/pkg_navigation/src/robot_controller.cpp:96:14:[m[K [01;35m[Kwarning: [m[Kunused variable â€˜[01m[Kyaw_error[m[Kâ€™ [[01;35m[K-Wunused-variable[m[K]
   96 |        float [01;35m[Kyaw_error[m[K= (float)calculate_yaw_error(q_goal,q_robot);
      |              [01;35m[K^~~~~~~~~[m[K
[ 90%] [32m[1mLinking CXX executable robot_controller[0m
[ 90%] Built target robot_controller
make: *** [Makefile:141: all] Error 2
