[01m[K/home/robogait/catkin_ws/src/pkg_navigation/src/robot_controller.cpp:[m[K In member function â€˜[01m[Kvoid generic::loop()[m[Kâ€™:
[01m[K/home/robogait/catkin_ws/src/pkg_navigation/src/robot_controller.cpp:110:15:[m[K [01;31m[Kerror: [m[Kâ€˜[01m[KQuaternion[m[Kâ€™ does not name a type
  110 |         const [01;31m[KQuaternion[m[K q2;
      |               [01;31m[K^~~~~~~~~~[m[K
make[2]: *** [CMakeFiles/robot_controller.dir/build.make:63: CMakeFiles/robot_controller.dir/src/robot_controller.cpp.o] Error 1
make[1]: *** [CMakeFiles/Makefile2:221: CMakeFiles/robot_controller.dir/all] Error 2
make: *** [Makefile:141: all] Error 2
