[01m[K/home/robogait/ros2_serial_cpp/src/driver_controller.cpp:[m[K In constructor â€˜[01m[Kdriver_controller::driver_controller()[m[Kâ€™:
[01m[K/home/robogait/ros2_serial_cpp/src/driver_controller.cpp:84:3:[m[K [01;31m[Kerror: [m[Kâ€˜[01m[Kpublisher_imu[m[Kâ€™ was not declared in this scope; did you mean â€˜[01m[Kpublisher_[m[Kâ€™?
   84 |   [01;31m[Kpublisher_imu[m[K = this->create_publisher<sensor_msgs::msg::Imu>("imu", 10);
      |   [01;31m[K^~~~~~~~~~~~~[m[K
      |   [32m[Kpublisher_[m[K
[01m[K/home/robogait/ros2_serial_cpp/src/driver_controller.cpp:[m[K In member function â€˜[01m[Kvoid driver_controller::loop()[m[Kâ€™:
[01m[K/home/robogait/ros2_serial_cpp/src/driver_controller.cpp:148:4:[m[K [01;31m[Kerror: [m[Kâ€˜[01m[Kpublisher_imu[m[Kâ€™ was not declared in this scope; did you mean â€˜[01m[Kpublisher_[m[Kâ€™?
  148 |    [01;31m[Kpublisher_imu[m[K->publish(imu_msg);
      |    [01;31m[K^~~~~~~~~~~~~[m[K
      |    [32m[Kpublisher_[m[K
make[2]: *** [CMakeFiles/driver_controller.dir/build.make:63: CMakeFiles/driver_controller.dir/src/driver_controller.cpp.o] Error 1
make[1]: *** [CMakeFiles/Makefile2:78: CMakeFiles/driver_controller.dir/all] Error 2
make: *** [Makefile:141: all] Error 2
