[0.014s] Invoking command in '/home/robogait/catkin_ws/build/test': CMAKE_PREFIX_PATH=${CMAKE_PREFIX_PATH}:/home/robogait/nav2_ws/install/nav2_gazebo_spawner:/home/robogait/ros2_serial/install/ourbotmanager:/opt/ros/foxy /usr/bin/cmake --build /home/robogait/catkin_ws/build/test -- -j8 -l8
[0.036s] -- Found ament_cmake: 0.9.9 (/opt/ros/foxy/share/ament_cmake/cmake)
[0.053s] -- Using PYTHON_EXECUTABLE: /usr/bin/python3
[0.156s] -- Override CMake install command with custom implementation using symlinks instead of copying resources
[0.160s] -- Found rclcpp: 2.4.1 (/opt/ros/foxy/share/rclcpp/cmake)
[0.182s] -- Using all available rosidl_typesupport_c: rosidl_typesupport_fastrtps_c;rosidl_typesupport_introspection_c
[0.184s] -- Found rosidl_adapter: 1.2.1 (/opt/ros/foxy/share/rosidl_adapter/cmake)
[0.268s] -- Using all available rosidl_typesupport_cpp: rosidl_typesupport_fastrtps_cpp;rosidl_typesupport_introspection_cpp
[0.297s] -- Found rmw_implementation_cmake: 1.0.3 (/opt/ros/foxy/share/rmw_implementation_cmake/cmake)
[0.298s] -- Using RMW implementation 'rmw_fastrtps_cpp' as default
[0.381s] -- Found nav_msgs: 2.0.5 (/opt/ros/foxy/share/nav_msgs/cmake)
[0.447s] -- Found tf2: 0.13.13 (/opt/ros/foxy/share/tf2/cmake)
[0.452s] -- Found tf2_ros: 0.13.13 (/opt/ros/foxy/share/tf2_ros/cmake)
[0.677s] -- Configuring done
[0.684s] -- Generating done
[0.685s] -- Build files have been written to: /home/robogait/catkin_ws/build/test
[0.717s] [ 25%] [32mBuilding CXX object CMakeFiles/tf2_broadcaster.dir/src/tf2_broadcaster.cpp.o[0m
[0.724s] [01m[K/home/robogait/catkin_ws/src/test/src/tf2_broadcaster.cpp:1:10:[m[K [01;31m[Kfatal error: [m[Kgeometry_msgs/msg/transform_stamped.hpp: No such file or directory
[0.724s]     1 | #include [01;31m[K<geometry_msgs/msg/transform_stamped.hpp>[m[K
[0.724s]       |          [01;31m[K^~~~~~~~~~~~~~~~~~~~~~~~~~~~~~~~~~~~~~~~~[m[K
[0.724s] compilation terminated.
[0.724s] [ 75%] Built target publisher_subscriber
[0.724s] make[2]: *** [CMakeFiles/tf2_broadcaster.dir/build.make:63: CMakeFiles/tf2_broadcaster.dir/src/tf2_broadcaster.cpp.o] Error 1
[0.724s] make[1]: *** [CMakeFiles/Makefile2:80: CMakeFiles/tf2_broadcaster.dir/all] Error 2
[0.724s] make[1]: *** Waiting for unfinished jobs....
[0.725s] make: *** [Makefile:141: all] Error 2
[0.727s] Invoked command in '/home/robogait/catkin_ws/build/test' returned '2': CMAKE_PREFIX_PATH=${CMAKE_PREFIX_PATH}:/home/robogait/nav2_ws/install/nav2_gazebo_spawner:/home/robogait/ros2_serial/install/ourbotmanager:/opt/ros/foxy /usr/bin/cmake --build /home/robogait/catkin_ws/build/test -- -j8 -l8
