[01m[K/home/robogait/azure_kinect_ws/src/body_tracking/src/main.c:13:1:[m[K [01;35m[Kwarning: [m[Kmulti-line comment [[01;35m[K-Wcomment[m[K]
   13 | [01;35m[K/[m[K/#define VERIFY(result, error)                                                                            \
      | [01;35m[K^[m[K
[01m[K/home/robogait/azure_kinect_ws/src/body_tracking/src/main.c:[m[K In function â€˜[01m[Kmain[m[Kâ€™:
[01m[K/home/robogait/azure_kinect_ws/src/body_tracking/src/main.c:66:13:[m[K [01;31m[Kerror: [m[Kexpected â€˜[01m[K;[m[Kâ€™ before â€˜[01m[K}[m[Kâ€™ token
   66 |      exit(1)
      |             [01;31m[K^[m[K
      |             [32m[K;[m[K
   67 |     [32m[K}[m[K
      |     [32m[K~[m[K        
[01m[K/home/robogait/azure_kinect_ws/src/body_tracking/src/main.c:70:13:[m[K [01;31m[Kerror: [m[Kexpected â€˜[01m[K;[m[Kâ€™ before â€˜[01m[K}[m[Kâ€™ token
   70 |      exit(1)
      |             [01;31m[K^[m[K
      |             [32m[K;[m[K
   71 |     [32m[K}[m[K
      |     [32m[K~[m[K        
[01m[K/home/robogait/azure_kinect_ws/src/body_tracking/src/main.c:75:13:[m[K [01;31m[Kerror: [m[Kexpected â€˜[01m[K;[m[Kâ€™ before â€˜[01m[K}[m[Kâ€™ token
   75 |      exit(1)
      |             [01;31m[K^[m[K
      |             [32m[K;[m[K
   76 |     [32m[K}[m[K
      |     [32m[K~[m[K        
[01m[K/home/robogait/azure_kinect_ws/src/body_tracking/src/main.c:84:13:[m[K [01;31m[Kerror: [m[Kexpected â€˜[01m[K;[m[Kâ€™ before â€˜[01m[K}[m[Kâ€™ token
   84 |      exit(1)
      |             [01;31m[K^[m[K
      |             [32m[K;[m[K
   85 |     [32m[K}[m[K
      |     [32m[K~[m[K        
[01m[K/home/robogait/azure_kinect_ws/src/body_tracking/src/main.c:139:15:[m[K [01;31m[Kerror: [m[Kexpected â€˜[01m[K;[m[Kâ€™ before â€˜[01m[K}[m[Kâ€™ token
  139 |        exit(1)
      |               [01;31m[K^[m[K
      |               [32m[K;[m[K
  140 |       [32m[K}[m[K
      |       [32m[K~[m[K        
make[2]: *** [CMakeFiles/prueba_talker.dir/build.make:63: CMakeFiles/prueba_talker.dir/src/main.c.o] Error 1
make[1]: *** [CMakeFiles/Makefile2:325: CMakeFiles/prueba_talker.dir/all] Error 2
make[1]: *** Waiting for unfinished jobs....
make: *** [Makefile:141: all] Error 2
