[0.013s] Invoking command in '/home/robogait/catkin_ws/build/test': CMAKE_PREFIX_PATH=${CMAKE_PREFIX_PATH}:/home/robogait/nav2_ws/install/nav2_gazebo_spawner:/home/robogait/ros2_serial/install/ourbotmanager:/opt/ros/foxy /usr/bin/cmake --build /home/robogait/catkin_ws/build/test -- -j8 -l8
[0.053s] [35m[1mScanning dependencies of target publisher_cpp[0m
[0.072s] [ 50%] [32mBuilding CXX object CMakeFiles/publisher_cpp.dir/src/publisher_cpp.cpp.o[0m
[0.816s] [01m[K/home/robogait/catkin_ws/src/test/src/publisher_cpp.cpp:[m[K In constructor â€˜[01m[Kgeneric::generic()[m[Kâ€™:
[0.816s] [01m[K/home/robogait/catkin_ws/src/test/src/publisher_cpp.cpp:30:44:[m[K [01;31m[Kerror: [m[Kclass â€˜[01m[Kgeneric[m[Kâ€™ does not have any field named â€˜[01m[Kcount_[m[Kâ€™
[0.816s]    30 |  generic() : Node("publisher_subscriber"), [01;31m[Kcount_[m[K(0)
[0.816s]       |                                            [01;31m[K^~~~~~[m[K
[0.826s] [01m[K/home/robogait/catkin_ws/src/test/src/publisher_cpp.cpp:[m[K In member function â€˜[01m[Kvoid generic::loop()[m[Kâ€™:
[0.826s] [01m[K/home/robogait/catkin_ws/src/test/src/publisher_cpp.cpp:50:58:[m[K [01;31m[Kerror: [m[Kâ€˜[01m[Kcount_[m[Kâ€™ was not declared in this scope
[0.826s]    50 |         message.data = "Hello, world! " + std::to_string([01;31m[Kcount_[m[K++);
[0.826s]       |                                                          [01;31m[K^~~~~~[m[K
[1.905s] make[2]: *** [CMakeFiles/publisher_cpp.dir/build.make:63: CMakeFiles/publisher_cpp.dir/src/publisher_cpp.cpp.o] Error 1
[1.905s] make[1]: *** [CMakeFiles/Makefile2:78: CMakeFiles/publisher_cpp.dir/all] Error 2
[1.905s] make: *** [Makefile:141: all] Error 2
[1.907s] Invoked command in '/home/robogait/catkin_ws/build/test' returned '2': CMAKE_PREFIX_PATH=${CMAKE_PREFIX_PATH}:/home/robogait/nav2_ws/install/nav2_gazebo_spawner:/home/robogait/ros2_serial/install/ourbotmanager:/opt/ros/foxy /usr/bin/cmake --build /home/robogait/catkin_ws/build/test -- -j8 -l8
