[0.013s] Invoking command in '/home/robogait/ros2_serial_cpp/build/ros2_serial_cpp': CMAKE_PREFIX_PATH=${CMAKE_PREFIX_PATH}:/home/robogait/nav2_ws/install/nav2_gazebo_spawner:/home/robogait/ros2_serial/install/ourbotmanager:/home/robogait/ros2_ws/install/nav2_project:/opt/ros/foxy /usr/bin/cmake --build /home/robogait/ros2_serial_cpp/build/ros2_serial_cpp -- -j8 -l8
[0.055s] [35m[1mScanning dependencies of target modelado[0m
[0.072s] [ 50%] Built target driver_controller
[0.073s] [ 75%] [32mBuilding CXX object CMakeFiles/modelado.dir/src/modelado.cpp.o[0m
[0.838s] [01m[K/home/robogait/ros2_serial_cpp/src/modelado.cpp:[m[K In constructor â€˜[01m[KMinimalSubscriber::MinimalSubscriber()[m[Kâ€™:
[0.838s] [01m[K/home/robogait/ros2_serial_cpp/src/modelado.cpp:22:7:[m[K [01;31m[Kerror: [m[Kâ€˜[01m[Kpub[m[Kâ€™ was not declared in this scope
[0.838s]    22 |       [01;31m[Kpub[m[K = thread(&MinimalSubscriber::loop, this);
[0.838s]       |       [01;31m[K^~~[m[K
[0.840s] [01m[K/home/robogait/ros2_serial_cpp/src/modelado.cpp:[m[K In member function â€˜[01m[Kvoid MinimalSubscriber::loop()[m[Kâ€™:
[0.840s] [01m[K/home/robogait/ros2_serial_cpp/src/modelado.cpp:41:47:[m[K [01;31m[Kerror: [m[Kâ€˜[01m[Kclass rclcpp::Time[m[Kâ€™ has no member named â€˜[01m[KtoSec[m[Kâ€™
[0.840s]    41 |         double time_=this->get_clock()->now().[01;31m[KtoSec[m[K()
[0.840s]       |                                               [01;31m[K^~~~~[m[K
[0.840s] [01m[K/home/robogait/ros2_serial_cpp/src/modelado.cpp:41:16:[m[K [01;35m[Kwarning: [m[Kunused variable â€˜[01m[Ktime_[m[Kâ€™ [[01;35m[K-Wunused-variable[m[K]
[0.840s]    41 |         double [01;35m[Ktime_[m[K=this->get_clock()->now().toSec()
[0.840s]       |                [01;35m[K^~~~~[m[K
[2.021s] make[2]: *** [CMakeFiles/modelado.dir/build.make:63: CMakeFiles/modelado.dir/src/modelado.cpp.o] Error 1
[2.021s] make[1]: *** [CMakeFiles/Makefile2:80: CMakeFiles/modelado.dir/all] Error 2
[2.021s] make: *** [Makefile:141: all] Error 2
[2.024s] Invoked command in '/home/robogait/ros2_serial_cpp/build/ros2_serial_cpp' returned '2': CMAKE_PREFIX_PATH=${CMAKE_PREFIX_PATH}:/home/robogait/nav2_ws/install/nav2_gazebo_spawner:/home/robogait/ros2_serial/install/ourbotmanager:/home/robogait/ros2_ws/install/nav2_project:/opt/ros/foxy /usr/bin/cmake --build /home/robogait/ros2_serial_cpp/build/ros2_serial_cpp -- -j8 -l8
