[01m[K/home/robogait/ros2_serial_cpp/src/modelado.cpp:54:2:[m[K [01;31m[Kerror: [m[Kâ€˜[01m[KTimerBase[m[Kâ€™ does not name a type
   54 |  [01;31m[KTimerBase[m[K::SharedPtr timer_;
      |  [01;31m[K^~~~~~~~~[m[K
[01m[K/home/robogait/ros2_serial_cpp/src/modelado.cpp:[m[K In constructor â€˜[01m[KMinimalSubscriber::MinimalSubscriber()[m[Kâ€™:
[01m[K/home/robogait/ros2_serial_cpp/src/modelado.cpp:21:7:[m[K [01;31m[Kerror: [m[Kâ€˜[01m[Ktimer_[m[Kâ€™ was not declared in this scope; did you mean â€˜[01m[Ktimer_t[m[Kâ€™?
   21 |       [01;31m[Ktimer_[m[K = this->create_wall_timer(5ms, std::bind(&MinimalSubscriber::loop, this));
      |       [01;31m[K^~~~~~[m[K
      |       [32m[Ktimer_t[m[K
make[2]: *** [CMakeFiles/modelado.dir/build.make:63: CMakeFiles/modelado.dir/src/modelado.cpp.o] Error 1
make[1]: *** [CMakeFiles/Makefile2:80: CMakeFiles/modelado.dir/all] Error 2
make: *** [Makefile:141: all] Error 2
