[0.014s] Invoking command in '/home/robogait/ros2_serial_cpp/build/ros2_serial_cpp': CMAKE_PREFIX_PATH=${CMAKE_PREFIX_PATH}:/home/robogait/nav2_ws/install/nav2_gazebo_spawner:/home/robogait/ros2_serial/install/ourbotmanager:/home/robogait/ros2_ws/install/nav2_project:/opt/ros/foxy /usr/bin/cmake --build /home/robogait/ros2_serial_cpp/build/ros2_serial_cpp -- -j8 -l8
[0.056s] [35m[1mScanning dependencies of target modelado[0m
[0.072s] [ 50%] Built target driver_controller
[0.074s] [ 75%] [32mBuilding CXX object CMakeFiles/modelado.dir/src/modelado.cpp.o[0m
[0.828s] [01m[K/home/robogait/ros2_serial_cpp/src/modelado.cpp:54:2:[m[K [01;31m[Kerror: [m[Kâ€˜[01m[KTimerBase[m[Kâ€™ does not name a type
[0.828s]    54 |  [01;31m[KTimerBase[m[K::SharedPtr timer_;
[0.828s]       |  [01;31m[K^~~~~~~~~[m[K
[0.840s] [01m[K/home/robogait/ros2_serial_cpp/src/modelado.cpp:[m[K In constructor â€˜[01m[KMinimalSubscriber::MinimalSubscriber()[m[Kâ€™:
[0.840s] [01m[K/home/robogait/ros2_serial_cpp/src/modelado.cpp:21:7:[m[K [01;31m[Kerror: [m[Kâ€˜[01m[Ktimer_[m[Kâ€™ was not declared in this scope; did you mean â€˜[01m[Ktimer_t[m[Kâ€™?
[0.840s]    21 |       [01;31m[Ktimer_[m[K = this->create_wall_timer(5ms, std::bind(&MinimalSubscriber::loop, this));
[0.840s]       |       [01;31m[K^~~~~~[m[K
[0.840s]       |       [32m[Ktimer_t[m[K
[2.049s] make[2]: *** [CMakeFiles/modelado.dir/build.make:63: CMakeFiles/modelado.dir/src/modelado.cpp.o] Error 1
[2.049s] make[1]: *** [CMakeFiles/Makefile2:80: CMakeFiles/modelado.dir/all] Error 2
[2.049s] make: *** [Makefile:141: all] Error 2
[2.051s] Invoked command in '/home/robogait/ros2_serial_cpp/build/ros2_serial_cpp' returned '2': CMAKE_PREFIX_PATH=${CMAKE_PREFIX_PATH}:/home/robogait/nav2_ws/install/nav2_gazebo_spawner:/home/robogait/ros2_serial/install/ourbotmanager:/home/robogait/ros2_ws/install/nav2_project:/opt/ros/foxy /usr/bin/cmake --build /home/robogait/ros2_serial_cpp/build/ros2_serial_cpp -- -j8 -l8
