[0.012s] Invoking command in '/home/robogait/catkin_ws/build/pkg_navigation': CMAKE_PREFIX_PATH=${CMAKE_PREFIX_PATH}:/home/robogait/ros2_ws/install/nav2_project:/home/robogait/nav2_ws/install/nav2_gazebo_spawner:/home/robogait/ros2_serial/install/ourbotmanager:/opt/ros/foxy /usr/bin/cmake --build /home/robogait/catkin_ws/build/pkg_navigation -- -j8 -l8
[0.059s] [35m[1mScanning dependencies of target robot_controller[0m
[0.072s] [ 20%] Built target tf2_broadcaster
[0.072s] [ 40%] Built target robot_odom_tf2_listener
[0.077s] [ 60%] Built target publisher_initial_pose
[0.077s] [ 80%] Built target publisher_subscriber
[0.081s] [ 90%] [32mBuilding CXX object CMakeFiles/robot_controller.dir/src/robot_controller.cpp.o[0m
[0.851s] [01m[K/home/robogait/catkin_ws/src/pkg_navigation/src/robot_controller.cpp:[m[K In member function â€˜[01m[Kvoid generic::callback_local_plan(nav_msgs::msg::Path_<std::allocator<void> >::SharedPtr)[m[Kâ€™:
[0.851s] [01m[K/home/robogait/catkin_ws/src/pkg_navigation/src/robot_controller.cpp:66:19:[m[K [01;31m[Kerror: [m[Kno match for â€˜[01m[Koperator=[m[Kâ€™ (operand types are â€˜[01m[Knav_msgs::msg::Path[m[Kâ€™ {aka â€˜[01m[Knav_msgs::msg::Path_<std::allocator<void> >[m[Kâ€™} and â€˜[01m[Kconst SharedPtr[m[Kâ€™ {aka â€˜[01m[Kconst std::shared_ptr<nav_msgs::msg::Path_<std::allocator<void> > >[m[Kâ€™})
[0.851s]    66 |        path_local=[01;31m[Kmsg[m[K;
[0.851s]       |                   [01;31m[K^~~[m[K
[0.851s] In file included from [01m[K/opt/ros/foxy/include/nav_msgs/msg/path.hpp:7[m[K,
[0.851s]                  from [01m[K/home/robogait/catkin_ws/src/pkg_navigation/src/robot_controller.cpp:12[m[K:
[0.851s] [01m[K/opt/ros/foxy/include/nav_msgs/msg/detail/path__struct.hpp:37:8:[m[K [01;36m[Knote: [m[Kcandidate: â€˜[01m[Knav_msgs::msg::Path_<std::allocator<void> >& nav_msgs::msg::Path_<std::allocator<void> >::operator=(const nav_msgs::msg::Path_<std::allocator<void> >&)[m[Kâ€™
[0.851s]    37 | struct [01;36m[KPath_[m[K
[0.851s]       |        [01;36m[K^~~~~[m[K
[0.851s] [01m[K/opt/ros/foxy/include/nav_msgs/msg/detail/path__struct.hpp:37:8:[m[K [01;36m[Knote: [m[K  no known conversion for argument 1 from â€˜[01m[Kconst SharedPtr[m[Kâ€™ {aka â€˜[01m[Kconst std::shared_ptr<nav_msgs::msg::Path_<std::allocator<void> > >[m[Kâ€™} to â€˜[01m[Kconst nav_msgs::msg::Path_<std::allocator<void> >&[m[Kâ€™
[0.851s] [01m[K/opt/ros/foxy/include/nav_msgs/msg/detail/path__struct.hpp:37:8:[m[K [01;36m[Knote: [m[Kcandidate: â€˜[01m[Knav_msgs::msg::Path_<std::allocator<void> >& nav_msgs::msg::Path_<std::allocator<void> >::operator=(nav_msgs::msg::Path_<std::allocator<void> >&&)[m[Kâ€™
[0.851s] [01m[K/opt/ros/foxy/include/nav_msgs/msg/detail/path__struct.hpp:37:8:[m[K [01;36m[Knote: [m[K  no known conversion for argument 1 from â€˜[01m[Kconst SharedPtr[m[Kâ€™ {aka â€˜[01m[Kconst std::shared_ptr<nav_msgs::msg::Path_<std::allocator<void> > >[m[Kâ€™} to â€˜[01m[Knav_msgs::msg::Path_<std::allocator<void> >&&[m[Kâ€™
[2.079s] make[2]: *** [CMakeFiles/robot_controller.dir/build.make:63: CMakeFiles/robot_controller.dir/src/robot_controller.cpp.o] Error 1
[2.079s] make[1]: *** [CMakeFiles/Makefile2:221: CMakeFiles/robot_controller.dir/all] Error 2
[2.079s] make: *** [Makefile:141: all] Error 2
[2.081s] Invoked command in '/home/robogait/catkin_ws/build/pkg_navigation' returned '2': CMAKE_PREFIX_PATH=${CMAKE_PREFIX_PATH}:/home/robogait/ros2_ws/install/nav2_project:/home/robogait/nav2_ws/install/nav2_gazebo_spawner:/home/robogait/ros2_serial/install/ourbotmanager:/opt/ros/foxy /usr/bin/cmake --build /home/robogait/catkin_ws/build/pkg_navigation -- -j8 -l8
