[35m[1mScanning dependencies of target kinect_azure_body_tracker_recording_node_simplified[0m
[ 16%] Built target kinect_azure_body_tracker_node_full_processing
[ 25%] [32mBuilding CXX object CMakeFiles/kinect_azure_body_tracker_recording_node_simplified.dir/src/kinectAzure_body_tracker_node_plus_recording_simplified.cpp.o[0m
[ 41%] Built target kinect_azure_body_tracker_node
[ 58%] Built target kinect_azure_body_tracker_recording_node
[ 75%] Built target kinect_azure_body_tracker_node_simplified
[ 91%] Built target kinect_azure_body_tracker_node_finite
[01m[K/home/robogait/azure_kinect_ws/src/kinect_azure_body_tracker/src/kinectAzure_body_tracker_node_plus_recording_simplified.cpp:[m[K In member function â€˜[01m[Kvoid MinimalPublisher::Run()[m[Kâ€™:
[01m[K/home/robogait/azure_kinect_ws/src/kinect_azure_body_tracker/src/kinectAzure_body_tracker_node_plus_recording_simplified.cpp:48:19:[m[K [01;31m[Kerror: [m[Kno matching function for call to â€˜[01m[KMinimalPublisher::body_tracking()[m[Kâ€™
   48 |     body_tracking([01;31m[K)[m[K;
      |                   [01;31m[K^[m[K
[01m[K/home/robogait/azure_kinect_ws/src/kinect_azure_body_tracker/src/kinectAzure_body_tracker_node_plus_recording_simplified.cpp:60:7:[m[K [01;36m[Knote: [m[Kcandidate: â€˜[01m[Kvoid MinimalPublisher::body_tracking(k4a_capture_t, k4a_wait_result_t)[m[Kâ€™
   60 |  void [01;36m[Kbody_tracking[m[K(k4a_capture_t sensor_capture, k4a_wait_result_t get_capture_result)
      |       [01;36m[K^~~~~~~~~~~~~[m[K
[01m[K/home/robogait/azure_kinect_ws/src/kinect_azure_body_tracker/src/kinectAzure_body_tracker_node_plus_recording_simplified.cpp:60:7:[m[K [01;36m[Knote: [m[K  candidate expects 2 arguments, 0 provided
At global scope:
[01m[Kcc1plus:[m[K [01;35m[Kwarning: [m[Kunrecognized command line option â€˜[01m[K-Wno-dev[m[Kâ€™
make[2]: *** [CMakeFiles/kinect_azure_body_tracker_recording_node_simplified.dir/build.make:63: CMakeFiles/kinect_azure_body_tracker_recording_node_simplified.dir/src/kinectAzure_body_tracker_node_plus_recording_simplified.cpp.o] Error 1
make[1]: *** [CMakeFiles/Makefile2:196: CMakeFiles/kinect_azure_body_tracker_recording_node_simplified.dir/all] Error 2
make: *** [Makefile:141: all] Error 2
