[0.020s] Invoking command in '/home/robogait/azure_kinect_ws/build/kinect_azure_body_tracker': CMAKE_PREFIX_PATH=${CMAKE_PREFIX_PATH}:/home/robogait/nav2_ws/install/nav2_gazebo_spawner:/home/robogait/ros2_serial/install/ourbotmanager:/home/robogait/ros2_ws/install/nav2_project:/opt/ros/foxy /usr/bin/cmake --build /home/robogait/azure_kinect_ws/build/kinect_azure_body_tracker -- -j8 -l8
[0.079s] [35m[1mScanning dependencies of target kinect_azure_body_tracker_recording_node_simplified[0m
[0.117s] [ 16%] Built target kinect_azure_body_tracker_node_full_processing
[0.119s] [ 25%] [32mBuilding CXX object CMakeFiles/kinect_azure_body_tracker_recording_node_simplified.dir/src/kinectAzure_body_tracker_node_plus_recording_simplified.cpp.o[0m
[0.121s] [ 41%] Built target kinect_azure_body_tracker_node
[0.123s] [ 58%] Built target kinect_azure_body_tracker_recording_node
[0.126s] [ 75%] Built target kinect_azure_body_tracker_node_simplified
[0.126s] [ 91%] Built target kinect_azure_body_tracker_node_finite
[0.879s] [01m[K/home/robogait/azure_kinect_ws/src/kinect_azure_body_tracker/src/kinectAzure_body_tracker_node_plus_recording_simplified.cpp:[m[K In member function â€˜[01m[Kvoid MinimalPublisher::Run()[m[Kâ€™:
[0.879s] [01m[K/home/robogait/azure_kinect_ws/src/kinect_azure_body_tracker/src/kinectAzure_body_tracker_node_plus_recording_simplified.cpp:48:19:[m[K [01;31m[Kerror: [m[Kno matching function for call to â€˜[01m[KMinimalPublisher::body_tracking()[m[Kâ€™
[0.879s]    48 |     body_tracking([01;31m[K)[m[K;
[0.879s]       |                   [01;31m[K^[m[K
[0.879s] [01m[K/home/robogait/azure_kinect_ws/src/kinect_azure_body_tracker/src/kinectAzure_body_tracker_node_plus_recording_simplified.cpp:60:7:[m[K [01;36m[Knote: [m[Kcandidate: â€˜[01m[Kvoid MinimalPublisher::body_tracking(k4a_capture_t, k4a_wait_result_t)[m[Kâ€™
[0.879s]    60 |  void [01;36m[Kbody_tracking[m[K(k4a_capture_t sensor_capture, k4a_wait_result_t get_capture_result)
[0.879s]       |       [01;36m[K^~~~~~~~~~~~~[m[K
[0.879s] [01m[K/home/robogait/azure_kinect_ws/src/kinect_azure_body_tracker/src/kinectAzure_body_tracker_node_plus_recording_simplified.cpp:60:7:[m[K [01;36m[Knote: [m[K  candidate expects 2 arguments, 0 provided
[1.394s] At global scope:
[1.394s] [01m[Kcc1plus:[m[K [01;35m[Kwarning: [m[Kunrecognized command line option â€˜[01m[K-Wno-dev[m[Kâ€™
[1.401s] make[2]: *** [CMakeFiles/kinect_azure_body_tracker_recording_node_simplified.dir/build.make:63: CMakeFiles/kinect_azure_body_tracker_recording_node_simplified.dir/src/kinectAzure_body_tracker_node_plus_recording_simplified.cpp.o] Error 1
[1.401s] make[1]: *** [CMakeFiles/Makefile2:196: CMakeFiles/kinect_azure_body_tracker_recording_node_simplified.dir/all] Error 2
[1.401s] make: *** [Makefile:141: all] Error 2
[1.404s] Invoked command in '/home/robogait/azure_kinect_ws/build/kinect_azure_body_tracker' returned '2': CMAKE_PREFIX_PATH=${CMAKE_PREFIX_PATH}:/home/robogait/nav2_ws/install/nav2_gazebo_spawner:/home/robogait/ros2_serial/install/ourbotmanager:/home/robogait/ros2_ws/install/nav2_project:/opt/ros/foxy /usr/bin/cmake --build /home/robogait/azure_kinect_ws/build/kinect_azure_body_tracker -- -j8 -l8
