[0.021s] Invoking command in '/home/robogait/azure_kinect_ws/build/kinect_azure_body_tracker': CMAKE_PREFIX_PATH=${CMAKE_PREFIX_PATH}:/home/robogait/nav2_ws/install/nav2_gazebo_spawner:/home/robogait/ros2_serial/install/ourbotmanager:/home/robogait/ros2_ws/install/nav2_project:/opt/ros/foxy /usr/bin/cmake --build /home/robogait/azure_kinect_ws/build/kinect_azure_body_tracker -- -j8 -l8
[0.045s] -- Found ament_cmake: 0.9.9 (/opt/ros/foxy/share/ament_cmake/cmake)
[0.078s] -- Using PYTHON_EXECUTABLE: /usr/bin/python3
[0.219s] -- Found rclcpp: 2.4.1 (/opt/ros/foxy/share/rclcpp/cmake)
[0.253s] -- Using all available rosidl_typesupport_c: rosidl_typesupport_fastrtps_c;rosidl_typesupport_introspection_c
[0.256s] -- Found rosidl_adapter: 1.2.1 (/opt/ros/foxy/share/rosidl_adapter/cmake)
[0.366s] -- Using all available rosidl_typesupport_cpp: rosidl_typesupport_fastrtps_cpp;rosidl_typesupport_introspection_cpp
[0.403s] -- Found rmw_implementation_cmake: 1.0.3 (/opt/ros/foxy/share/rmw_implementation_cmake/cmake)
[0.406s] -- Using RMW implementation 'rmw_fastrtps_cpp' as default
[0.498s] -- Found geometry_msgs: 2.0.5 (/opt/ros/foxy/share/geometry_msgs/cmake)
[0.519s] -- Found body_tracker_msgs: 0.0.0 (/home/robogait/azure_kinect_ws/install/body_tracker_msgs/share/body_tracker_msgs/cmake)
[0.559s] -- Found rosidl_default_generators: 1.0.1 (/opt/ros/foxy/share/rosidl_default_generators/cmake)
[0.579s] -- Found ament_lint_auto: 0.9.6 (/opt/ros/foxy/share/ament_lint_auto/cmake)
[0.627s] -- Added test 'copyright' to check source files copyright and LICENSE
[0.628s] -- Added test 'cppcheck' to perform static code analysis on C / C++ code
[0.628s] -- Configured cppcheck include dirs: 
[0.628s] -- Configured cppcheck exclude dirs and/or files: 
[0.629s] -- Added test 'cpplint' to check C / C++ code against the Google style
[0.629s] -- Configured cpplint exclude dirs and/or files: 
[0.629s] -- Added test 'lint_cmake' to check CMake code style
[0.630s] -- Added test 'uncrustify' to check C / C++ code style
[0.630s] -- Configured uncrustify additional arguments: 
[0.630s] -- Added test 'xmllint' to check XML markup files
[0.632s] -- Configuring done
[0.644s] -- Generating done
[0.645s] -- Build files have been written to: /home/robogait/azure_kinect_ws/build/kinect_azure_body_tracker
[0.670s] [35m[1mScanning dependencies of target kinect_azure_body_tracker_recording_node_simplified[0m
[0.686s] [ 50%] Built target kinect_azure_body_tracker_node
[0.686s] [ 50%] Built target kinect_azure_body_tracker_recording_node
[0.687s] [ 75%] Built target kinect_azure_body_tracker_node_simplified
[0.691s] [ 87%] [32mBuilding CXX object CMakeFiles/kinect_azure_body_tracker_recording_node_simplified.dir/src/kinectAzure_body_tracker_node_plus_recording_simplified.cpp.o[0m
[1.419s] [01m[K/home/robogait/azure_kinect_ws/src/kinect_azure_body_tracker/src/kinectAzure_body_tracker_node_plus_recording_simplified.cpp:[m[K In member function â€˜[01m[Kvoid MinimalPublisher::body_tracking()[m[Kâ€™:
[1.419s] [01m[K/home/robogait/azure_kinect_ws/src/kinect_azure_body_tracker/src/kinectAzure_body_tracker_node_plus_recording_simplified.cpp:84:69:[m[K [01;31m[Kerror: [m[Kcannot convert â€˜[01m[Kk4a_capture_t[m[Kâ€™ {aka â€˜[01m[K_k4a_capture_t*[m[Kâ€™} to â€˜[01m[Kk4abt_tracker_t[m[Kâ€™ {aka â€˜[01m[K_k4abt_tracker_t*[m[Kâ€™}
[1.419s]    84 |       k4a_wait_result_t pop_frame_result = k4abt_tracker_pop_result([01;31m[Ksensor_capture[m[K, &body_frame, K4A_WAIT_INFINITE);
[1.419s]       |                                                                     [01;31m[K^~~~~~~~~~~~~~[m[K
[1.419s]       |                                                                     [01;31m[K|[m[K
[1.419s]       |                                                                     [01;31m[Kk4a_capture_t {aka _k4a_capture_t*}[m[K
[1.419s] In file included from [01m[K/home/robogait/azure_kinect_ws/src/kinect_azure_body_tracker/src/kinectAzure_body_tracker_node_plus_recording_simplified.cpp:12[m[K:
[1.419s] [01m[K/usr/include/k4abt.h:170:74:[m[K [01;36m[Knote: [m[K  initializing argument 1 of â€˜[01m[Kk4a_wait_result_t k4abt_tracker_pop_result(k4abt_tracker_t, _k4abt_frame_t**, int32_t)[m[Kâ€™
[1.419s]   170 |  K4ABT_EXPORT k4a_wait_result_t k4abt_tracker_pop_result([01;36m[Kk4abt_tracker_t tracker_handle[m[K,
[1.419s]       |                                                          [01;36m[K~~~~~~~~~~~~~~~~^~~~~~~~~~~~~~[m[K
[1.419s] [01m[K/home/robogait/azure_kinect_ws/src/kinect_azure_body_tracker/src/kinectAzure_body_tracker_node_plus_recording_simplified.cpp:92:88:[m[K [01;31m[Kerror: [m[Kexpected â€˜[01m[K;[m[Kâ€™ before â€˜[01m[Kbody[m[Kâ€™
[1.419s]    92 |    k4abt_frame_get_body_skeleton(body_frame, 0, &body.skeleton) != K4A_RESULT_SUCCEEDED
[1.419s]       |                                                                                        [01;31m[K^[m[K
[1.419s]       |                                                                                        [32m[K;[m[K
[1.419s]    93 |    [32m[Kbody[m[K.id = k4abt_frame_get_body_id(body_frame, 0);
[1.419s]       |    [32m[K~~~~[m[K                                                                                 
[1.419s] [01m[K/home/robogait/azure_kinect_ws/src/kinect_azure_body_tracker/src/kinectAzure_body_tracker_node_plus_recording_simplified.cpp:92:65:[m[K [01;35m[Kwarning: [m[Kvalue computed is not used [[01;35m[K-Wunused-value[m[K]
[1.419s]    92 |    [01;35m[Kk4abt_frame_get_body_skeleton(body_frame, 0, &body.skeleton) != K4A_RESULT_SUCCEEDED[m[K
[1.419s]       |    [01;35m[K~~~~~~~~~~~~~~~~~~~~~~~~~~~~~~~~~~~~~~~~~~~~~~~~~~~~~~~~~~~~~^~~~~~~~~~~~~~~~~~~~~~~[m[K
[1.936s] At global scope:
[1.936s] [01m[Kcc1plus:[m[K [01;35m[Kwarning: [m[Kunrecognized command line option â€˜[01m[K-Wno-dev[m[Kâ€™
[1.943s] make[2]: *** [CMakeFiles/kinect_azure_body_tracker_recording_node_simplified.dir/build.make:63: CMakeFiles/kinect_azure_body_tracker_recording_node_simplified.dir/src/kinectAzure_body_tracker_node_plus_recording_simplified.cpp.o] Error 1
[1.943s] make[1]: *** [CMakeFiles/Makefile2:84: CMakeFiles/kinect_azure_body_tracker_recording_node_simplified.dir/all] Error 2
[1.943s] make: *** [Makefile:141: all] Error 2
[1.945s] Invoked command in '/home/robogait/azure_kinect_ws/build/kinect_azure_body_tracker' returned '2': CMAKE_PREFIX_PATH=${CMAKE_PREFIX_PATH}:/home/robogait/nav2_ws/install/nav2_gazebo_spawner:/home/robogait/ros2_serial/install/ourbotmanager:/home/robogait/ros2_ws/install/nav2_project:/opt/ros/foxy /usr/bin/cmake --build /home/robogait/azure_kinect_ws/build/kinect_azure_body_tracker -- -j8 -l8
