[35m[1mScanning dependencies of target kinect_azure_body_tracker_recording_node_simplified[0m
[ 25%] Built target kinect_azure_body_tracker_recording_node
[ 50%] Built target kinect_azure_body_tracker_node
[ 62%] [32mBuilding CXX object CMakeFiles/kinect_azure_body_tracker_recording_node_simplified.dir/src/kinectAzure_body_tracker_node_plus_recording_simplified.cpp.o[0m
[ 87%] Built target kinect_azure_body_tracker_node_simplified
[01m[K/home/robogait/azure_kinect_ws/src/kinect_azure_body_tracker/src/kinectAzure_body_tracker_node_plus_recording_simplified.cpp:[m[K In member function â€˜[01m[Kvoid MinimalPublisher::close()[m[Kâ€™:
[01m[K/home/robogait/azure_kinect_ws/src/kinect_azure_body_tracker/src/kinectAzure_body_tracker_node_plus_recording_simplified.cpp:248:7:[m[K [01;31m[Kerror: [m[Kâ€˜[01m[KCHECK[m[Kâ€™ was not declared in this scope
  248 |       [01;31m[KCHECK[m[K(k4a_record_flush(recording_handle), device);
      |       [01;31m[K^~~~~[m[K
At global scope:
[01m[Kcc1plus:[m[K [01;35m[Kwarning: [m[Kunrecognized command line option â€˜[01m[K-Wno-dev[m[Kâ€™
make[2]: *** [CMakeFiles/kinect_azure_body_tracker_recording_node_simplified.dir/build.make:63: CMakeFiles/kinect_azure_body_tracker_recording_node_simplified.dir/src/kinectAzure_body_tracker_node_plus_recording_simplified.cpp.o] Error 1
make[1]: *** [CMakeFiles/Makefile2:84: CMakeFiles/kinect_azure_body_tracker_recording_node_simplified.dir/all] Error 2
make: *** [Makefile:141: all] Error 2
