[0.012s] Invoking command in '/home/robogait/azure_kinect_ws/build/body_tracking': CMAKE_PREFIX_PATH=${CMAKE_PREFIX_PATH}:/home/robogait/ros2_serial/install/ourbotmanager:/opt/ros/foxy /usr/bin/cmake --build /home/robogait/azure_kinect_ws/build/body_tracking -- -j8 -l8
[0.040s] [35m[1mScanning dependencies of target body_tracking_recording_node[0m
[0.052s] [ 50%] Built target body_tracking_node
[0.059s] [ 75%] [32mBuilding CXX object CMakeFiles/body_tracking_recording_node.dir/src/kinectAzure_body_tracker_node_plus_recording.cpp.o[0m
[0.816s] [01m[K/home/robogait/azure_kinect_ws/src/body_tracking/src/kinectAzure_body_tracker_node_plus_recording.cpp:[m[K In member function â€˜[01m[Kvoid MinimalPublisher::body_tracking()[m[Kâ€™:
[0.816s] [01m[K/home/robogait/azure_kinect_ws/src/body_tracking/src/kinectAzure_body_tracker_node_plus_recording.cpp:83:11:[m[K [01;31m[Kerror: [m[Kâ€˜[01m[Kt_muestra[m[Kâ€™ was not declared in this scope
[0.816s]    83 |           [01;31m[Kt_muestra[m[K = clock.now();
[0.816s]       |           [01;31m[K^~~~~~~~~[m[K
[0.824s] [01m[K/home/robogait/azure_kinect_ws/src/body_tracking/src/kinectAzure_body_tracker_node_plus_recording.cpp:[m[K In member function â€˜[01m[Kvoid MinimalPublisher::Init()[m[Kâ€™:
[0.824s] [01m[K/home/robogait/azure_kinect_ws/src/body_tracking/src/kinectAzure_body_tracker_node_plus_recording.cpp:303:3:[m[K [01;31m[Kerror: [m[Kâ€˜[01m[Kt_inicial[m[Kâ€™ was not declared in this scope
[0.824s]   303 |   [01;31m[Kt_inicial[m[K = clock.now();
[0.824s]       |   [01;31m[K^~~~~~~~~[m[K
[1.339s] At global scope:
[1.339s] [01m[Kcc1plus:[m[K [01;35m[Kwarning: [m[Kunrecognized command line option â€˜[01m[K-Wno-dev[m[Kâ€™
[1.346s] make[2]: *** [CMakeFiles/body_tracking_recording_node.dir/build.make:63: CMakeFiles/body_tracking_recording_node.dir/src/kinectAzure_body_tracker_node_plus_recording.cpp.o] Error 1
[1.346s] make[1]: *** [CMakeFiles/Makefile2:80: CMakeFiles/body_tracking_recording_node.dir/all] Error 2
[1.346s] make: *** [Makefile:141: all] Error 2
[1.349s] Invoked command in '/home/robogait/azure_kinect_ws/build/body_tracking' returned '2': CMAKE_PREFIX_PATH=${CMAKE_PREFIX_PATH}:/home/robogait/ros2_serial/install/ourbotmanager:/opt/ros/foxy /usr/bin/cmake --build /home/robogait/azure_kinect_ws/build/body_tracking -- -j8 -l8
