[0.013s] Invoking command in '/home/robogait/catkin_ws/build/pkg_navigation': CMAKE_PREFIX_PATH=${CMAKE_PREFIX_PATH}:/home/robogait/ros2_ws/install/nav2_project:/home/robogait/nav2_ws/install/nav2_gazebo_spawner:/home/robogait/ros2_serial/install/ourbotmanager:/opt/ros/foxy /usr/bin/cmake --build /home/robogait/catkin_ws/build/pkg_navigation -- -j8 -l8
[0.056s] [35m[1mScanning dependencies of target robot_controller[0m
[0.073s] [ 20%] Built target publisher_initial_pose
[0.077s] [ 50%] Built target publisher_subscriber
[0.077s] [ 50%] [32mBuilding CXX object CMakeFiles/robot_controller.dir/src/robot_controller.cpp.o[0m
[0.077s] [ 70%] Built target tf2_broadcaster
[0.078s] [ 90%] Built target robot_odom_tf2_listener
[0.904s] [01m[K/home/robogait/catkin_ws/src/pkg_navigation/src/robot_controller.cpp:[m[K In member function â€˜[01m[Kvoid generic::lane_controller()[m[Kâ€™:
[0.904s] [01m[K/home/robogait/catkin_ws/src/pkg_navigation/src/robot_controller.cpp:75:58:[m[K [01;31m[Kerror: [m[Kconversion from â€˜[01m[Kgeometry_msgs::msg::Pose_<std::allocator<void> >::_orientation_type[m[Kâ€™ {aka â€˜[01m[Kgeometry_msgs::msg::Quaternion_<std::allocator<void> >[m[Kâ€™} to non-scalar type â€˜[01m[Ktf2::Quaternion[m[Kâ€™ requested
[0.904s]    75 |        tf2::Quaternion q=path_local.poses[use_pose].pose.orientation;
[2.205s] make[2]: *** [CMakeFiles/robot_controller.dir/build.make:63: CMakeFiles/robot_controller.dir/src/robot_controller.cpp.o] Error 1
[2.205s] make[1]: *** [CMakeFiles/Makefile2:221: CMakeFiles/robot_controller.dir/all] Error 2
[2.205s] make: *** [Makefile:141: all] Error 2
[2.208s] Invoked command in '/home/robogait/catkin_ws/build/pkg_navigation' returned '2': CMAKE_PREFIX_PATH=${CMAKE_PREFIX_PATH}:/home/robogait/ros2_ws/install/nav2_project:/home/robogait/nav2_ws/install/nav2_gazebo_spawner:/home/robogait/ros2_serial/install/ourbotmanager:/opt/ros/foxy /usr/bin/cmake --build /home/robogait/catkin_ws/build/pkg_navigation -- -j8 -l8
