[35m[1mScanning dependencies of target robot_controller[0m
[ 20%] Built target publisher_initial_pose
[ 40%] Built target publisher_subscriber
[ 60%] Built target robot_odom_tf2_listener
[ 80%] Built target tf2_broadcaster
[ 90%] [32mBuilding CXX object CMakeFiles/robot_controller.dir/src/robot_controller.cpp.o[0m
[01m[K/home/robogait/catkin_ws/src/pkg_navigation/src/robot_controller.cpp:[m[K In member function â€˜[01m[Kvoid generic::lane_controller()[m[Kâ€™:
[01m[K/home/robogait/catkin_ws/src/pkg_navigation/src/robot_controller.cpp:75:59:[m[K [01;31m[Kerror: [m[Kconversion from â€˜[01m[Kgeometry_msgs::msg::Pose_<std::allocator<void> >::_orientation_type[m[Kâ€™ {aka â€˜[01m[Kgeometry_msgs::msg::Quaternion_<std::allocator<void> >[m[Kâ€™} to non-scalar type â€˜[01m[Ktf2::Quaternion[m[Kâ€™ requested
   75 |        tf2::Quaternion q1=path_local.poses[use_pose].pose.orientation;
make[2]: *** [CMakeFiles/robot_controller.dir/build.make:63: CMakeFiles/robot_controller.dir/src/robot_controller.cpp.o] Error 1
make[1]: *** [CMakeFiles/Makefile2:221: CMakeFiles/robot_controller.dir/all] Error 2
make: *** [Makefile:141: all] Error 2
