[01m[K/home/robogait/catkin_ws/src/test/src/publisher_cpp.cpp:[m[K In member function â€˜[01m[Kvoid generic::loop()[m[Kâ€™:
[01m[K/home/robogait/catkin_ws/src/test/src/publisher_cpp.cpp:51:40:[m[K [01;31m[Kerror: [m[Kexpected â€˜[01m[K;[m[Kâ€™ before â€˜[01m[Kstd[m[Kâ€™
   51 |         message.data = "Hello, world! "[01;31m[K [m[K[32m[Kstd[m[K::to_string(count++);
      |                                        [01;31m[K^[m[K[32m[K~~~[m[K
      |                                        [32m[K;[m[K
make[2]: *** [CMakeFiles/publisher_cpp.dir/build.make:63: CMakeFiles/publisher_cpp.dir/src/publisher_cpp.cpp.o] Error 1
make[1]: *** [CMakeFiles/Makefile2:78: CMakeFiles/publisher_cpp.dir/all] Error 2
make: *** [Makefile:141: all] Error 2
