[35m[1mScanning dependencies of target robot_controller[0m
[ 40%] Built target tf2_broadcaster
[ 40%] Built target publisher_initial_pose
[ 60%] Built target robot_odom_tf2_listener
[ 80%] Built target publisher_subscriber
[ 90%] [32mBuilding CXX object CMakeFiles/robot_controller.dir/src/robot_controller.cpp.o[0m
[01m[K/home/robogait/catkin_ws/src/pkg_navigation/src/robot_controller.cpp:[m[K In member function â€˜[01m[Kvoid generic::loop()[m[Kâ€™:
[01m[K/home/robogait/catkin_ws/src/pkg_navigation/src/robot_controller.cpp:113:28:[m[K [01;31m[Kerror: [m[Kinvalid operands of types â€˜[01m[Kdouble[m[Kâ€™ and â€˜[01m[Kint[m[Kâ€™ to binary â€˜[01m[Koperator%[m[Kâ€™
  113 |         printf("%d",[32m[Kyaw_err[m[K[01;31m[K%[m[K[34m[K10[m[K);
      |                     [32m[K~~~~~~~[m[K[01;31m[K^[m[K[34m[K~~[m[K
      |                     [32m[K|[m[K       [34m[K|[m[K
      |                     [32m[Kdouble[m[K  [34m[Kint[m[K
make[2]: *** [CMakeFiles/robot_controller.dir/build.make:63: CMakeFiles/robot_controller.dir/src/robot_controller.cpp.o] Error 1
make[1]: *** [CMakeFiles/Makefile2:221: CMakeFiles/robot_controller.dir/all] Error 2
make: *** [Makefile:141: all] Error 2
