[0.013s] Invoking command in '/home/robogait/catkin_ws/build/pkg_navigation': CMAKE_PREFIX_PATH=${CMAKE_PREFIX_PATH}:/home/robogait/nav2_ws/install/nav2_gazebo_spawner:/home/robogait/ros2_serial/install/ourbotmanager:/home/robogait/ros2_ws/install/nav2_project:/opt/ros/foxy /bin/cmake --build /home/robogait/catkin_ws/build/pkg_navigation -- -j8 -l8
[0.062s] [35m[1mScanning dependencies of target tf2_broadcaster_camera[0m
[0.090s] [ 30%] Built target tf2_broadcaster
[0.090s] [ 30%] Built target robot_controller_position
[0.090s] [ 40%] Built target tf2_broadcaster_person
[0.091s] [ 30%] Built target robot_odom_tf2_listener
[0.091s] [ 50%] Built target publisher_subscriber
[0.093s] [ 60%] Built target robot_controller
[0.094s] [ 70%] Built target publisher_initial_pose
[0.099s] [ 75%] [32mBuilding CXX object CMakeFiles/tf2_broadcaster_camera.dir/src/tf2_broadcaster_camera.cpp.o[0m
[0.123s] [ 85%] Built target person_odom_tf2_listener
[0.123s] [ 95%] Built target robot_controller_straight
[0.989s] [01m[K/home/robogait/catkin_ws/src/pkg_navigation/src/tf2_broadcaster_camera.cpp:[m[K In member function â€˜[01m[Kvoid FramePublisher::handle_camera_pose(std::shared_ptr<std_msgs::msg::Float32_<std::allocator<void> > >)[m[Kâ€™:
[0.989s] [01m[K/home/robogait/catkin_ws/src/pkg_navigation/src/tf2_broadcaster_camera.cpp:61:39:[m[K [01;31m[Kerror: [m[Kcannot convert â€˜[01m[Ktf2::QuadWord::x[m[Kâ€™ from type â€˜[01m[Kconst tf2Scalar& (tf2::QuadWord::)() const[m[Kâ€™ {aka â€˜[01m[Kconst double& (tf2::QuadWord::)() const[m[Kâ€™} to type â€˜[01m[Kgeometry_msgs::msg::Quaternion_<std::allocator<void> >::_x_type[m[Kâ€™ {aka â€˜[01m[Kdouble[m[Kâ€™}
[0.989s]    61 |     t.transform.rotation.x = q_camera.[01;31m[Kx[m[K;
[0.989s]       |                                       [01;31m[K^[m[K
[0.989s] [01m[K/home/robogait/catkin_ws/src/pkg_navigation/src/tf2_broadcaster_camera.cpp:62:39:[m[K [01;31m[Kerror: [m[Kcannot convert â€˜[01m[Ktf2::QuadWord::y[m[Kâ€™ from type â€˜[01m[Kconst tf2Scalar& (tf2::QuadWord::)() const[m[Kâ€™ {aka â€˜[01m[Kconst double& (tf2::QuadWord::)() const[m[Kâ€™} to type â€˜[01m[Kgeometry_msgs::msg::Quaternion_<std::allocator<void> >::_y_type[m[Kâ€™ {aka â€˜[01m[Kdouble[m[Kâ€™}
[0.989s]    62 |     t.transform.rotation.y = q_camera.[01;31m[Ky[m[K;
[0.989s]       |                                       [01;31m[K^[m[K
[0.989s] [01m[K/home/robogait/catkin_ws/src/pkg_navigation/src/tf2_broadcaster_camera.cpp:63:39:[m[K [01;31m[Kerror: [m[Kcannot convert â€˜[01m[Ktf2::QuadWord::z[m[Kâ€™ from type â€˜[01m[Kconst tf2Scalar& (tf2::QuadWord::)() const[m[Kâ€™ {aka â€˜[01m[Kconst double& (tf2::QuadWord::)() const[m[Kâ€™} to type â€˜[01m[Kgeometry_msgs::msg::Quaternion_<std::allocator<void> >::_z_type[m[Kâ€™ {aka â€˜[01m[Kdouble[m[Kâ€™}
[0.989s]    63 |     t.transform.rotation.z = q_camera.[01;31m[Kz[m[K;
[0.990s]       |                                       [01;31m[K^[m[K
[0.990s] [01m[K/home/robogait/catkin_ws/src/pkg_navigation/src/tf2_broadcaster_camera.cpp:64:39:[m[K [01;31m[Kerror: [m[Kcannot convert â€˜[01m[Ktf2::QuadWord::w[m[Kâ€™ from type â€˜[01m[Kconst tf2Scalar& (tf2::QuadWord::)() const[m[Kâ€™ {aka â€˜[01m[Kconst double& (tf2::QuadWord::)() const[m[Kâ€™} to type â€˜[01m[Kgeometry_msgs::msg::Quaternion_<std::allocator<void> >::_w_type[m[Kâ€™ {aka â€˜[01m[Kdouble[m[Kâ€™}
[0.990s]    64 |     t.transform.rotation.w = q_camera.[01;31m[Kw[m[K;
[0.990s]       |                                       [01;31m[K^[m[K
[2.123s] make[2]: *** [CMakeFiles/tf2_broadcaster_camera.dir/build.make:63: CMakeFiles/tf2_broadcaster_camera.dir/src/tf2_broadcaster_camera.cpp.o] Error 1
[2.123s] make[1]: *** [CMakeFiles/Makefile2:123: CMakeFiles/tf2_broadcaster_camera.dir/all] Error 2
[2.123s] make: *** [Makefile:141: all] Error 2
[2.125s] Invoked command in '/home/robogait/catkin_ws/build/pkg_navigation' returned '2': CMAKE_PREFIX_PATH=${CMAKE_PREFIX_PATH}:/home/robogait/nav2_ws/install/nav2_gazebo_spawner:/home/robogait/ros2_serial/install/ourbotmanager:/home/robogait/ros2_ws/install/nav2_project:/opt/ros/foxy /bin/cmake --build /home/robogait/catkin_ws/build/pkg_navigation -- -j8 -l8
