[35m[1mScanning dependencies of target body_tracking_node[0m
[  9%] Built target body_tracking__cpp
[ 12%] Built target body_tracking__rosidl_generator_c
[ 14%] [32mBuilding CXX object CMakeFiles/body_tracking_node.dir/src/kinectAzure_body_tracker_node.cpp.o[0m
[ 34%] Built target body_tracking__rosidl_typesupport_introspection_c
[ 34%] Built target body_tracking__rosidl_typesupport_c
[ 53%] Built target body_tracking__rosidl_typesupport_cpp
[ 53%] Built target body_tracking__rosidl_typesupport_introspection_cpp
[ 63%] Built target body_tracking__rosidl_typesupport_fastrtps_cpp
[ 73%] Built target body_tracking__rosidl_typesupport_fastrtps_c
[ 73%] Built target body_tracking
[ 75%] Built target body_tracking__py
[ 82%] Built target body_tracking__python
[ 92%] Built target body_tracking__rosidl_typesupport_c__pyext
[ 92%] Built target body_tracking__rosidl_typesupport_introspection_c__pyext
[ 97%] Built target body_tracking__rosidl_typesupport_fastrtps_c__pyext
[01m[K/home/robogait/azure_kinect_ws/src/body_tracking/src/kinectAzure_body_tracker_node.cpp:[m[K In member function â€˜[01m[Kvoid MinimalPublisher::body_tracking()[m[Kâ€™:
[01m[K/home/robogait/azure_kinect_ws/src/body_tracking/src/kinectAzure_body_tracker_node.cpp:158:58:[m[K [01;31m[Kerror: [m[Kâ€˜[01m[Kunion k4a_float3_t[m[Kâ€™ has no member named â€˜[01m[Ky[m[Kâ€™
  158 |     position[i].v[1] = (body.skeleton.joints[4].position.[01;31m[Ky[m[K + body.skeleton.joints[11].position.y) / 2;
      |                                                          [01;31m[K^[m[K
[01m[K/home/robogait/azure_kinect_ws/src/body_tracking/src/kinectAzure_body_tracker_node.cpp:158:96:[m[K [01;31m[Kerror: [m[Kâ€˜[01m[Kunion k4a_float3_t[m[Kâ€™ has no member named â€˜[01m[Ky[m[Kâ€™
  158 |     position[i].v[1] = (body.skeleton.joints[4].position.y + body.skeleton.joints[11].position.[01;31m[Ky[m[K) / 2;
      |                                                                                                [01;31m[K^[m[K
[01m[K/home/robogait/azure_kinect_ws/src/body_tracking/src/kinectAzure_body_tracker_node.cpp:159:58:[m[K [01;31m[Kerror: [m[Kâ€˜[01m[Kunion k4a_float3_t[m[Kâ€™ has no member named â€˜[01m[Kz[m[Kâ€™
  159 |     position[i].v[2] = (body.skeleton.joints[4].position.[01;31m[Kz[m[K + body.skeleton.joints[11].position.z) / 2;
      |                                                          [01;31m[K^[m[K
[01m[K/home/robogait/azure_kinect_ws/src/body_tracking/src/kinectAzure_body_tracker_node.cpp:159:96:[m[K [01;31m[Kerror: [m[Kâ€˜[01m[Kunion k4a_float3_t[m[Kâ€™ has no member named â€˜[01m[Kz[m[Kâ€™
  159 |     position[i].v[2] = (body.skeleton.joints[4].position.z + body.skeleton.joints[11].position.[01;31m[Kz[m[K) / 2;
      |                                                                                                [01;31m[K^[m[K
At global scope:
[01m[Kcc1plus:[m[K [01;35m[Kwarning: [m[Kunrecognized command line option â€˜[01m[K-Wno-dev[m[Kâ€™
make[2]: *** [CMakeFiles/body_tracking_node.dir/build.make:63: CMakeFiles/body_tracking_node.dir/src/kinectAzure_body_tracker_node.cpp.o] Error 1
make[1]: *** [CMakeFiles/Makefile2:208: CMakeFiles/body_tracking_node.dir/all] Error 2
make: *** [Makefile:141: all] Error 2
