[0.021s] Invoking command in '/home/robogait/azure_kinect_ws/build/kinect_azure_body_tracker': CMAKE_PREFIX_PATH=${CMAKE_PREFIX_PATH}:/home/robogait/nav2_ws/install/nav2_gazebo_spawner:/home/robogait/ros2_serial/install/ourbotmanager:/home/robogait/ros2_ws/install/nav2_project:/opt/ros/foxy /usr/bin/cmake --build /home/robogait/azure_kinect_ws/build/kinect_azure_body_tracker -- -j8 -l8
[0.064s] [35m[1mScanning dependencies of target kinect_azure_body_tracker_node_full_processing[0m
[0.094s] [ 20%] Built target kinect_azure_body_tracker_recording_node
[0.094s] [ 40%] Built target kinect_azure_body_tracker_node
[0.102s] [ 50%] [32mBuilding CXX object CMakeFiles/kinect_azure_body_tracker_node_full_processing.dir/src/kinectAzure_body_tracker_node_full_processing.cpp.o[0m
[0.105s] [ 70%] Built target kinect_azure_body_tracker_node_simplified
[0.107s] [ 90%] Built target kinect_azure_body_tracker_recording_node_simplified
[0.916s] In file included from [01m[K/home/robogait/azure_kinect_ws/src/kinect_azure_body_tracker/src/kinectAzure_body_tracker_node_full_processing.cpp:23[m[K:
[0.916s] [01m[K/home/robogait/azure_kinect_ws/src/kinect_azure_body_tracker/src/csvProcessing.cpp:[m[K In function â€˜[01m[Kbool process_mkv_offline(const char*, const char*, k4abt_tracker_configuration_t)[m[Kâ€™:
[0.916s] [01m[K/home/robogait/azure_kinect_ws/src/kinect_azure_body_tracker/src/csvProcessing.cpp:131:8:[m[K [01;31m[Kerror: [m[Kâ€˜[01m[KdeleteExistingFile[m[Kâ€™ was not declared in this scope
[0.917s]   131 |     if([01;31m[KdeleteExistingFile[m[K){
[0.917s]       |        [01;31m[K^~~~~~~~~~~~~~~~~~[m[K
[0.917s] [01m[K/home/robogait/azure_kinect_ws/src/kinect_azure_body_tracker/src/csvProcessing.cpp:131:8:[m[K [01;36m[Knote: [m[Kthe macro â€˜[01m[KdeleteExistingFile[m[Kâ€™ had not yet been defined
[0.917s] [01m[K/home/robogait/azure_kinect_ws/src/kinect_azure_body_tracker/src/kinectAzure_body_tracker_node_full_processing.cpp:29:[m[K [01;36m[Knote: [m[Kit was later defined here
[0.917s]    29 | #define deleteExistingFile false
[0.917s]       | 
[0.918s] In file included from [01m[K/home/robogait/azure_kinect_ws/src/kinect_azure_body_tracker/src/kinectAzure_body_tracker_node_full_processing.cpp:23[m[K:
[0.918s] [01m[K/home/robogait/azure_kinect_ws/src/kinect_azure_body_tracker/src/csvProcessing.cpp:[m[K In function â€˜[01m[Kint processVideo(const char*, const char*, bool)[m[Kâ€™:
[0.918s] [01m[K/home/robogait/azure_kinect_ws/src/kinect_azure_body_tracker/src/csvProcessing.cpp:191:72:[m[K [01;35m[Kwarning: [m[Kunused parameter â€˜[01m[KdeleteExistingFile[m[Kâ€™ [[01;35m[K-Wunused-parameter[m[K]
[0.918s]   191 | int processVideo(const char* input_path, const char* output_path, [01;35m[Kbool deleteExistingFile[m[K)
[0.918s]       |                                                                   [01;35m[K~~~~~^~~~~~~~~~~~~~~~~~[m[K
[1.444s] At global scope:
[1.445s] [01m[Kcc1plus:[m[K [01;35m[Kwarning: [m[Kunrecognized command line option â€˜[01m[K-Wno-dev[m[Kâ€™
[1.451s] make[2]: *** [CMakeFiles/kinect_azure_body_tracker_node_full_processing.dir/build.make:63: CMakeFiles/kinect_azure_body_tracker_node_full_processing.dir/src/kinectAzure_body_tracker_node_full_processing.cpp.o] Error 1
[1.451s] make[1]: *** [CMakeFiles/Makefile2:86: CMakeFiles/kinect_azure_body_tracker_node_full_processing.dir/all] Error 2
[1.452s] make: *** [Makefile:141: all] Error 2
[1.453s] Invoked command in '/home/robogait/azure_kinect_ws/build/kinect_azure_body_tracker' returned '2': CMAKE_PREFIX_PATH=${CMAKE_PREFIX_PATH}:/home/robogait/nav2_ws/install/nav2_gazebo_spawner:/home/robogait/ros2_serial/install/ourbotmanager:/home/robogait/ros2_ws/install/nav2_project:/opt/ros/foxy /usr/bin/cmake --build /home/robogait/azure_kinect_ws/build/kinect_azure_body_tracker -- -j8 -l8
