[0.011s] Invoking command in '/home/robogait/azure_kinect_ws/build/body_tracking': CMAKE_PREFIX_PATH=${CMAKE_PREFIX_PATH}:/home/robogait/ros2_serial/install/ourbotmanager:/opt/ros/foxy /usr/bin/cmake --build /home/robogait/azure_kinect_ws/build/body_tracking -- -j8 -l8
[0.046s] [35m[1mScanning dependencies of target prueba_talker[0m
[0.052s] [  5%] Built target body_tracking_node
[0.052s] [  7%] Built target body_tracking__cpp
[0.054s] [ 15%] [32mBuilding CXX object CMakeFiles/prueba_talker.dir/src/main.cpp.o[0m
[0.054s] [ 17%] Built target body_tracking__rosidl_generator_c
[0.055s] [ 23%] Built target listener
[0.055s] [ 28%] Built target talker
[0.069s] [ 35%] Built target body_tracking__rosidl_typesupport_introspection_c
[0.069s] [ 43%] Built target body_tracking__rosidl_typesupport_cpp
[0.070s] [ 51%] Built target body_tracking__rosidl_typesupport_introspection_cpp
[0.070s] [ 58%] Built target body_tracking__rosidl_typesupport_fastrtps_cpp
[0.072s] [ 66%] Built target body_tracking__rosidl_typesupport_c
[0.085s] [01m[K/home/robogait/azure_kinect_ws/src/body_tracking/src/main.cpp:16:10:[m[K [01;31m[Kfatal error: [m[Krclcpp/rclcpp.hpp: No such file or directory
[0.085s]    16 | #include [01;31m[K"rclcpp/rclcpp.hpp"[m[K
[0.085s]       |          [01;31m[K^~~~~~~~~~~~~~~~~~~[m[K
[0.085s] compilation terminated.
[0.086s] make[2]: *** [CMakeFiles/prueba_talker.dir/build.make:63: CMakeFiles/prueba_talker.dir/src/main.cpp.o] Error 1
[0.086s] make[1]: *** [CMakeFiles/Makefile2:325: CMakeFiles/prueba_talker.dir/all] Error 2
[0.086s] make[1]: *** Waiting for unfinished jobs....
[0.087s] [ 74%] Built target body_tracking__rosidl_typesupport_fastrtps_c
[0.088s] make: *** [Makefile:141: all] Error 2
[0.089s] Invoked command in '/home/robogait/azure_kinect_ws/build/body_tracking' returned '2': CMAKE_PREFIX_PATH=${CMAKE_PREFIX_PATH}:/home/robogait/ros2_serial/install/ourbotmanager:/opt/ros/foxy /usr/bin/cmake --build /home/robogait/azure_kinect_ws/build/body_tracking -- -j8 -l8
